2022-03-14 14:01:11,235 auto_trainer.py INFO 239: train_conf_name : c_n3_r2_m4
2022-03-14 14:01:11,236 auto_trainer.py INFO 240: Device : cuda
2022-03-14 14:01:11,236 auto_trainer.py INFO 241: conf file
2022-03-14 14:01:11,236 auto_trainer.py INFO 242: {'para': {'train_batch_size': 100000, 'train_small_batch_size': 2500, 'test_size': 10000, 'full_iterations': 500, 'enc_train_iters': 5, 'dec_train_iters': 25, 'hidden_size': 32, 'lr': 1e-05, 'seed': 1, 'n': 3, 'r': 2, 'm': 4, 'code_length': 81, 'code_dimension': 33, 'enc_train_snr': 0, 'dec_train_snr': -2, 'data_file': 'data/data_3_2.pth', 'data_type': 'n3_r2_m4', 'logger_name': 'C_n3_r2_m4_train', 'CUDA_VISIBLE_DEVICES': '1', 'train_save_path_dir': './save/{}/C_{}', 'train_save_path_encoder': './save/{}/C_{}/enc_{}.pth', 'train_save_path_decoder': './save/{}/C_{}/dec_{}.pth', 'retrain': False, 'retrain_day': 'Jan-05-2022', 'retrain_epoch_num': 21}, 'test': {'snr_list': '1,2,3,4,5,6', 'Boosting_number_list': '1,2,3', 'day': 'Mar-13-2022', 'epoch_num': 491, 'logger_name': 'C_n3_r2_m4_test', 'test_model_path_encoder': './save/{}/C_{}/enc_{}.pth', 'test_model_path_decoder': './save/{}/C_{}/dec_{}.pth'}}
2022-03-14 14:01:11,236 auto_trainer.py INFO 243: We are on!!!
2022-03-14 14:01:47,443 auto_trainer.py INFO 240: train_conf_name : c_n3_r2_m4
2022-03-14 14:01:47,444 auto_trainer.py INFO 241: Device : cuda
2022-03-14 14:01:47,444 auto_trainer.py INFO 242: conf file
2022-03-14 14:01:47,444 auto_trainer.py INFO 243: {'para': {'train_batch_size': 100000, 'train_small_batch_size': 2500, 'test_size': 10000, 'full_iterations': 500, 'enc_train_iters': 5, 'dec_train_iters': 25, 'hidden_size': 32, 'lr': 1e-05, 'seed': 1, 'n': 3, 'r': 2, 'm': 4, 'code_length': 81, 'code_dimension': 33, 'enc_train_snr': 0, 'dec_train_snr': -2, 'data_file': 'data/data_3_2.pth', 'data_type': 'n3_r2_m4', 'logger_name': 'C_n3_r2_m4_train', 'CUDA_VISIBLE_DEVICES': '1', 'train_save_path_dir': './save/{}/C_{}', 'train_save_path_encoder': './save/{}/C_{}/enc_{}.pth', 'train_save_path_decoder': './save/{}/C_{}/dec_{}.pth', 'retrain': False, 'retrain_day': 'Jan-05-2022', 'retrain_epoch_num': 21}, 'test': {'snr_list': '1,2,3,4,5,6', 'Boosting_number_list': '1,2,3', 'day': 'Mar-13-2022', 'epoch_num': 491, 'logger_name': 'C_n3_r2_m4_test', 'test_model_path_encoder': './save/{}/C_{}/enc_{}.pth', 'test_model_path_decoder': './save/{}/C_{}/dec_{}.pth'}}
2022-03-14 14:01:47,444 auto_trainer.py INFO 244: We are on!!!
2022-03-14 14:04:31,246 auto_trainer.py INFO 376: [1/500] At ENC SNR 0.000000 dB DEC SNR -2.000000 dB, Loss: 0.0106463907 BER: 0.4984127402
2022-03-14 14:04:31,246 auto_trainer.py INFO 377: Time for one full iteration is 2.6909 minutes
2022-03-14 14:04:41,547 auto_trainer.py WARNING 401: Graceful Exit
2022-03-14 14:06:22,096 auto_trainer.py INFO 237: train_conf_name : c_n3_r2_m4
2022-03-14 14:06:22,096 auto_trainer.py INFO 238: Device : cuda
2022-03-14 14:06:22,096 auto_trainer.py INFO 239: conf file
2022-03-14 14:06:22,096 auto_trainer.py INFO 240: {'para': {'train_batch_size': 100000, 'train_small_batch_size': 2500, 'test_size': 10000, 'full_iterations': 500, 'enc_train_iters': 5, 'dec_train_iters': 25, 'hidden_size': 32, 'lr': 1e-05, 'seed': 1, 'n': 3, 'r': 2, 'm': 4, 'code_length': 81, 'code_dimension': 33, 'enc_train_snr': 0, 'dec_train_snr': -2, 'data_file': 'data/data_3_2.pth', 'data_type': 'n3_r2_m4', 'logger_name': 'C_n3_r2_m4_train', 'CUDA_VISIBLE_DEVICES': '1', 'train_save_path_dir': './save/{}/C_{}', 'train_save_path_encoder': './save/{}/C_{}/enc_{}.pth', 'train_save_path_decoder': './save/{}/C_{}/dec_{}.pth', 'retrain': False, 'retrain_day': 'Jan-05-2022', 'retrain_epoch_num': 21}, 'test': {'snr_list': '1,2,3,4,5,6', 'Boosting_number_list': '1,2,3', 'day': 'Mar-13-2022', 'epoch_num': 491, 'logger_name': 'C_n3_r2_m4_test', 'test_model_path_encoder': './save/{}/C_{}/enc_{}.pth', 'test_model_path_decoder': './save/{}/C_{}/dec_{}.pth'}}
2022-03-14 14:06:22,096 auto_trainer.py INFO 241: We are on!!!
2022-03-14 14:09:41,482 auto_trainer.py INFO 373: [1/500] At ENC SNR 0.000000 dB DEC SNR -2.000000 dB, Loss: 0.0211169943 BER: 0.5017654628
2022-03-14 14:09:41,483 auto_trainer.py INFO 374: Time for one full iteration is 3.2833 minutes
2022-03-14 14:12:57,707 auto_trainer.py INFO 373: [2/500] At ENC SNR 0.000000 dB DEC SNR -2.000000 dB, Loss: 0.0210560840 BER: 0.5012754656
2022-03-14 14:12:57,707 auto_trainer.py INFO 374: Time for one full iteration is 3.2674 minutes
2022-03-14 14:16:13,960 auto_trainer.py INFO 373: [3/500] At ENC SNR 0.000000 dB DEC SNR -2.000000 dB, Loss: 0.0208376013 BER: 0.5015342541
2022-03-14 14:16:13,961 auto_trainer.py INFO 374: Time for one full iteration is 3.2709 minutes
2022-03-14 14:19:29,990 auto_trainer.py INFO 373: [4/500] At ENC SNR 0.000000 dB DEC SNR -2.000000 dB, Loss: 0.0208845697 BER: 0.5013766773
2022-03-14 14:19:29,991 auto_trainer.py INFO 374: Time for one full iteration is 3.2672 minutes
2022-03-14 14:22:46,091 auto_trainer.py INFO 373: [5/500] At ENC SNR 0.000000 dB DEC SNR -2.000000 dB, Loss: 0.0209285095 BER: 0.5015691042
2022-03-14 14:22:46,092 auto_trainer.py INFO 374: Time for one full iteration is 3.2683 minutes
2022-03-14 14:26:02,136 auto_trainer.py INFO 373: [6/500] At ENC SNR 0.000000 dB DEC SNR -2.000000 dB, Loss: 0.0209812354 BER: 0.5014800139
2022-03-14 14:26:02,136 auto_trainer.py INFO 374: Time for one full iteration is 3.2674 minutes
2022-03-14 14:29:18,391 auto_trainer.py INFO 373: [7/500] At ENC SNR 0.000000 dB DEC SNR -2.000000 dB, Loss: 0.0208903272 BER: 0.5018330410
2022-03-14 14:29:18,392 auto_trainer.py INFO 374: Time for one full iteration is 3.2709 minutes
2022-03-14 14:32:34,850 auto_trainer.py INFO 373: [8/500] At ENC SNR 0.000000 dB DEC SNR -2.000000 dB, Loss: 0.0211863872 BER: 0.5016627423
2022-03-14 14:32:34,850 auto_trainer.py INFO 374: Time for one full iteration is 3.2743 minutes
2022-03-14 14:35:51,815 auto_trainer.py INFO 373: [9/500] At ENC SNR 0.000000 dB DEC SNR -2.000000 dB, Loss: 0.0209618416 BER: 0.5015972890
2022-03-14 14:35:51,816 auto_trainer.py INFO 374: Time for one full iteration is 3.2828 minutes
2022-03-14 14:39:12,014 auto_trainer.py INFO 373: [10/500] At ENC SNR 0.000000 dB DEC SNR -2.000000 dB, Loss: 0.0208782069 BER: 0.5013688013
2022-03-14 14:39:12,014 auto_trainer.py INFO 374: Time for one full iteration is 3.3366 minutes
2022-03-14 14:42:31,530 auto_trainer.py INFO 373: [11/500] At ENC SNR 0.000000 dB DEC SNR -2.000000 dB, Loss: 0.0209148731 BER: 0.5017969832
2022-03-14 14:42:31,530 auto_trainer.py INFO 374: Time for one full iteration is 3.3253 minutes
2022-03-14 14:45:45,629 auto_trainer.py INFO 373: [12/500] At ENC SNR 0.000000 dB DEC SNR -2.000000 dB, Loss: 0.0208369941 BER: 0.5016391024
2022-03-14 14:45:45,629 auto_trainer.py INFO 374: Time for one full iteration is 3.2316 minutes
2022-03-14 14:48:59,787 auto_trainer.py INFO 373: [13/500] At ENC SNR 0.000000 dB DEC SNR -2.000000 dB, Loss: 0.0210406315 BER: 0.5013260745
2022-03-14 14:48:59,787 auto_trainer.py INFO 374: Time for one full iteration is 3.2360 minutes
2022-03-14 14:49:10,586 auto_trainer.py WARNING 398: Graceful Exit
2022-03-14 15:37:00,217 auto_trainer.py INFO 237: train_conf_name : c_n3_r2_m4
2022-03-14 15:37:00,217 auto_trainer.py INFO 238: Device : cuda
2022-03-14 15:37:00,217 auto_trainer.py INFO 239: conf file
2022-03-14 15:37:00,217 auto_trainer.py INFO 240: {'para': {'train_batch_size': 100000, 'train_small_batch_size': 2500, 'test_size': 10000, 'full_iterations': 500, 'enc_train_iters': 5, 'dec_train_iters': 25, 'hidden_size': 32, 'lr': 1e-05, 'seed': 1, 'n': 3, 'r': 2, 'm': 4, 'code_length': 81, 'code_dimension': 33, 'enc_train_snr': -2, 'dec_train_snr': -4, 'data_file': 'data/data_3_2.pth', 'data_type': 'n3_r2_m4', 'logger_name': 'C_n3_r2_m4_train', 'CUDA_VISIBLE_DEVICES': '1', 'train_save_path_dir': './save/{}/C_{}', 'train_save_path_encoder': './save/{}/C_{}/enc_{}.pth', 'train_save_path_decoder': './save/{}/C_{}/dec_{}.pth', 'retrain': False, 'retrain_day': 'Jan-05-2022', 'retrain_epoch_num': 21}, 'test': {'snr_list': '1,2,3,4,5,6', 'Boosting_number_list': '1,2,3', 'day': 'Mar-13-2022', 'epoch_num': 491, 'logger_name': 'C_n3_r2_m4_test', 'test_model_path_encoder': './save/{}/C_{}/enc_{}.pth', 'test_model_path_decoder': './save/{}/C_{}/dec_{}.pth'}}
2022-03-14 15:37:00,217 auto_trainer.py INFO 241: We are on!!!
2022-03-14 15:37:17,820 auto_trainer.py WARNING 398: Graceful Exit
2022-03-14 15:37:35,213 auto_trainer.py INFO 237: train_conf_name : c_n3_r2_m4
2022-03-14 15:37:35,213 auto_trainer.py INFO 238: Device : cuda
2022-03-14 15:37:35,213 auto_trainer.py INFO 239: conf file
2022-03-14 15:37:35,213 auto_trainer.py INFO 240: {'para': {'train_batch_size': 100000, 'train_small_batch_size': 2500, 'test_size': 10000, 'full_iterations': 500, 'enc_train_iters': 5, 'dec_train_iters': 25, 'hidden_size': 32, 'lr': 0.001, 'seed': 1, 'n': 3, 'r': 2, 'm': 4, 'code_length': 81, 'code_dimension': 33, 'enc_train_snr': 0, 'dec_train_snr': -2, 'data_file': 'data/data_3_2.pth', 'data_type': 'n3_r2_m4', 'logger_name': 'C_n3_r2_m4_train', 'CUDA_VISIBLE_DEVICES': '1', 'train_save_path_dir': './save/{}/C_{}', 'train_save_path_encoder': './save/{}/C_{}/enc_{}.pth', 'train_save_path_decoder': './save/{}/C_{}/dec_{}.pth', 'retrain': False, 'retrain_day': 'Jan-05-2022', 'retrain_epoch_num': 21}, 'test': {'snr_list': '1,2,3,4,5,6', 'Boosting_number_list': '1,2,3', 'day': 'Mar-13-2022', 'epoch_num': 491, 'logger_name': 'C_n3_r2_m4_test', 'test_model_path_encoder': './save/{}/C_{}/enc_{}.pth', 'test_model_path_decoder': './save/{}/C_{}/dec_{}.pth'}}
2022-03-14 15:37:35,213 auto_trainer.py INFO 241: We are on!!!
2022-03-14 15:41:11,829 auto_trainer.py INFO 373: [1/500] At ENC SNR 0.000000 dB DEC SNR -2.000000 dB, Loss: 0.0211169943 BER: 0.5017654628
2022-03-14 15:41:11,830 auto_trainer.py INFO 374: Time for one full iteration is 3.5630 minutes
2022-03-14 15:44:45,243 auto_trainer.py INFO 373: [2/500] At ENC SNR 0.000000 dB DEC SNR -2.000000 dB, Loss: 0.0210560840 BER: 0.5012754656
2022-03-14 15:44:45,243 auto_trainer.py INFO 374: Time for one full iteration is 3.5486 minutes
2022-03-14 15:48:17,193 auto_trainer.py INFO 373: [3/500] At ENC SNR 0.000000 dB DEC SNR -2.000000 dB, Loss: 0.0208376013 BER: 0.5015342541
2022-03-14 15:48:17,193 auto_trainer.py INFO 374: Time for one full iteration is 3.5325 minutes
2022-03-14 15:50:10,471 auto_trainer.py WARNING 398: Graceful Exit
