2022-03-08 09:04:57,665 auto_trainer.py INFO 234: train_conf_name : c_n3_r2_m4
2022-03-08 09:04:57,665 auto_trainer.py INFO 235: Device : cuda
2022-03-08 09:04:57,665 auto_trainer.py INFO 236: We are on!!!
2022-03-08 09:05:31,507 auto_trainer.py INFO 234: train_conf_name : c_n3_r2_m4
2022-03-08 09:05:31,507 auto_trainer.py INFO 235: Device : cuda
2022-03-08 09:05:31,507 auto_trainer.py INFO 236: We are on!!!
2022-03-08 09:06:21,022 auto_trainer.py INFO 234: train_conf_name : c_n3_r2_m4
2022-03-08 09:06:21,022 auto_trainer.py INFO 235: Device : cuda
2022-03-08 09:06:21,022 auto_trainer.py INFO 236: We are on!!!
2022-03-08 09:07:25,103 auto_trainer.py INFO 234: train_conf_name : c_n3_r2_m4
2022-03-08 09:07:25,103 auto_trainer.py INFO 235: Device : cuda
2022-03-08 09:07:25,103 auto_trainer.py INFO 236: We are on!!!
2022-03-08 10:57:26,046 auto_trainer.py INFO 234: train_conf_name : c_n3_r2_m4
2022-03-08 10:57:26,046 auto_trainer.py INFO 235: Device : cuda
2022-03-08 10:57:26,046 auto_trainer.py INFO 236: We are on!!!
2022-03-08 10:58:55,298 auto_trainer.py WARNING 392: Graceful Exit
2022-03-08 10:59:16,127 auto_trainer.py INFO 234: train_conf_name : c_n3_r2_m4
2022-03-08 10:59:16,127 auto_trainer.py INFO 235: Device : cuda
2022-03-08 10:59:16,127 auto_trainer.py INFO 236: We are on!!!
2022-03-08 11:30:42,317 auto_trainer.py INFO 367: [1/100] At ENC SNR -4.000000 dB DEC SNR -7.000000 dB, Loss: 0.0008022808 BER: 0.4944575595
2022-03-08 11:30:42,318 auto_trainer.py INFO 368: Time for one full iteration is 31.2607 minutes
2022-03-08 12:02:21,592 auto_trainer.py INFO 367: [2/100] At ENC SNR -4.000000 dB DEC SNR -7.000000 dB, Loss: 0.0008053111 BER: 0.4944666504
2022-03-08 12:02:21,592 auto_trainer.py INFO 368: Time for one full iteration is 31.6504 minutes
2022-03-08 12:33:40,141 auto_trainer.py INFO 367: [3/100] At ENC SNR -4.000000 dB DEC SNR -7.000000 dB, Loss: 0.0008144021 BER: 0.4945181656
2022-03-08 12:33:40,142 auto_trainer.py INFO 368: Time for one full iteration is 31.3092 minutes
2022-03-08 13:05:00,739 auto_trainer.py INFO 367: [4/100] At ENC SNR -4.000000 dB DEC SNR -7.000000 dB, Loss: 0.0008265233 BER: 0.4939757411
2022-03-08 13:05:00,739 auto_trainer.py INFO 368: Time for one full iteration is 31.3433 minutes
2022-03-08 13:36:28,451 auto_trainer.py INFO 367: [5/100] At ENC SNR -4.000000 dB DEC SNR -7.000000 dB, Loss: 0.0008871293 BER: 0.4941181650
2022-03-08 13:36:28,452 auto_trainer.py INFO 368: Time for one full iteration is 31.4619 minutes
2022-03-08 14:08:02,409 auto_trainer.py INFO 367: [6/100] At ENC SNR -4.000000 dB DEC SNR -7.000000 dB, Loss: 0.0007992506 BER: 0.4954151345
2022-03-08 14:08:02,409 auto_trainer.py INFO 368: Time for one full iteration is 31.5660 minutes
2022-03-08 14:39:37,715 auto_trainer.py INFO 367: [7/100] At ENC SNR -4.000000 dB DEC SNR -7.000000 dB, Loss: 0.0007386444 BER: 0.4923030141
2022-03-08 14:39:37,715 auto_trainer.py INFO 368: Time for one full iteration is 31.5884 minutes
2022-03-08 15:11:00,283 auto_trainer.py INFO 367: [8/100] At ENC SNR -4.000000 dB DEC SNR -7.000000 dB, Loss: 0.0009295536 BER: 0.4943969536
2022-03-08 15:11:00,284 auto_trainer.py INFO 368: Time for one full iteration is 31.3761 minutes
2022-03-08 15:42:23,666 auto_trainer.py INFO 367: [9/100] At ENC SNR -4.000000 dB DEC SNR -7.000000 dB, Loss: 0.0008659172 BER: 0.4942121060
2022-03-08 15:42:23,667 auto_trainer.py INFO 368: Time for one full iteration is 31.3897 minutes
2022-03-08 16:13:49,815 auto_trainer.py INFO 367: [10/100] At ENC SNR -4.000000 dB DEC SNR -7.000000 dB, Loss: 0.0007234929 BER: 0.4923121051
2022-03-08 16:13:49,816 auto_trainer.py INFO 368: Time for one full iteration is 31.4358 minutes
2022-03-08 16:45:19,943 auto_trainer.py INFO 367: [11/100] At ENC SNR -4.000000 dB DEC SNR -7.000000 dB, Loss: 0.0006962202 BER: 0.4951181664
2022-03-08 16:45:19,943 auto_trainer.py INFO 368: Time for one full iteration is 31.5021 minutes
2022-03-08 17:16:35,296 auto_trainer.py INFO 367: [12/100] At ENC SNR -4.000000 dB DEC SNR -7.000000 dB, Loss: 0.0009265233 BER: 0.4938999844
2022-03-08 17:16:35,297 auto_trainer.py INFO 368: Time for one full iteration is 31.2520 minutes
2022-03-08 17:47:55,856 auto_trainer.py INFO 367: [13/100] At ENC SNR -4.000000 dB DEC SNR -7.000000 dB, Loss: 0.0008447052 BER: 0.4946424084
2022-03-08 17:47:55,856 auto_trainer.py INFO 368: Time for one full iteration is 31.3427 minutes
2022-03-08 18:19:07,476 auto_trainer.py INFO 367: [14/100] At ENC SNR -4.000000 dB DEC SNR -7.000000 dB, Loss: 0.0009628869 BER: 0.4941727110
2022-03-08 18:19:07,476 auto_trainer.py INFO 368: Time for one full iteration is 31.1937 minutes
2022-03-08 18:50:17,299 auto_trainer.py INFO 367: [15/100] At ENC SNR -4.000000 dB DEC SNR -7.000000 dB, Loss: 0.0008840990 BER: 0.4933878632
2022-03-08 18:50:17,300 auto_trainer.py INFO 368: Time for one full iteration is 31.1637 minutes
2022-03-08 19:21:27,041 auto_trainer.py INFO 367: [16/100] At ENC SNR -4.000000 dB DEC SNR -7.000000 dB, Loss: 0.0007840991 BER: 0.4942666505
2022-03-08 19:21:27,041 auto_trainer.py INFO 368: Time for one full iteration is 31.1624 minutes
2022-03-08 19:52:38,054 auto_trainer.py INFO 367: [17/100] At ENC SNR -4.000000 dB DEC SNR -7.000000 dB, Loss: 0.0008598567 BER: 0.4935878624
2022-03-08 19:52:38,055 auto_trainer.py INFO 368: Time for one full iteration is 31.1836 minutes
2022-03-08 20:23:49,159 auto_trainer.py INFO 367: [18/100] At ENC SNR -4.000000 dB DEC SNR -7.000000 dB, Loss: 0.0008537960 BER: 0.4935272563
2022-03-08 20:23:49,160 auto_trainer.py INFO 368: Time for one full iteration is 31.1851 minutes
2022-03-08 20:54:59,845 auto_trainer.py INFO 367: [19/100] At ENC SNR -4.000000 dB DEC SNR -7.000000 dB, Loss: 0.0009507657 BER: 0.4947272570
2022-03-08 20:54:59,846 auto_trainer.py INFO 368: Time for one full iteration is 31.1781 minutes
2022-03-08 21:26:10,824 auto_trainer.py INFO 367: [20/100] At ENC SNR -4.000000 dB DEC SNR -7.000000 dB, Loss: 0.0008083414 BER: 0.4948666503
2022-03-08 21:26:10,825 auto_trainer.py INFO 368: Time for one full iteration is 31.1830 minutes
2022-03-08 21:57:22,322 auto_trainer.py INFO 367: [21/100] At ENC SNR -4.000000 dB DEC SNR -7.000000 dB, Loss: 0.0008507657 BER: 0.4952454386
2022-03-08 21:57:22,323 auto_trainer.py INFO 368: Time for one full iteration is 31.1916 minutes
2022-03-08 22:28:38,827 auto_trainer.py INFO 367: [22/100] At ENC SNR -4.000000 dB DEC SNR -7.000000 dB, Loss: 0.0008447052 BER: 0.4940333170
2022-03-08 22:28:38,828 auto_trainer.py INFO 368: Time for one full iteration is 31.2715 minutes
2022-03-08 22:59:54,738 auto_trainer.py INFO 367: [23/100] At ENC SNR -4.000000 dB DEC SNR -7.000000 dB, Loss: 0.0008265232 BER: 0.4944878623
2022-03-08 22:59:54,738 auto_trainer.py INFO 368: Time for one full iteration is 31.2652 minutes
2022-03-08 23:31:10,790 auto_trainer.py INFO 367: [24/100] At ENC SNR -4.000000 dB DEC SNR -7.000000 dB, Loss: 0.0008901596 BER: 0.4932090748
2022-03-08 23:31:10,791 auto_trainer.py INFO 368: Time for one full iteration is 31.2675 minutes
2022-03-09 00:02:29,288 auto_trainer.py INFO 367: [25/100] At ENC SNR -4.000000 dB DEC SNR -7.000000 dB, Loss: 0.0009234929 BER: 0.4949060446
2022-03-09 00:02:29,289 auto_trainer.py INFO 368: Time for one full iteration is 31.3083 minutes
2022-03-09 00:33:47,638 auto_trainer.py INFO 367: [26/100] At ENC SNR -4.000000 dB DEC SNR -7.000000 dB, Loss: 0.0008295536 BER: 0.4943999839
2022-03-09 00:33:47,638 auto_trainer.py INFO 368: Time for one full iteration is 31.3058 minutes
2022-03-09 01:05:06,768 auto_trainer.py INFO 367: [27/100] At ENC SNR -4.000000 dB DEC SNR -7.000000 dB, Loss: 0.0009598566 BER: 0.4941363474
2022-03-09 01:05:06,769 auto_trainer.py INFO 368: Time for one full iteration is 31.3188 minutes
2022-03-09 01:36:27,544 auto_trainer.py INFO 367: [28/100] At ENC SNR -4.000000 dB DEC SNR -7.000000 dB, Loss: 0.0006447051 BER: 0.4934302865
2022-03-09 01:36:27,545 auto_trainer.py INFO 368: Time for one full iteration is 31.3463 minutes
2022-03-09 02:07:47,429 auto_trainer.py INFO 367: [29/100] At ENC SNR -4.000000 dB DEC SNR -7.000000 dB, Loss: 0.0008719778 BER: 0.4964818013
2022-03-09 02:07:47,430 auto_trainer.py INFO 368: Time for one full iteration is 31.3314 minutes
2022-03-09 02:39:12,515 auto_trainer.py INFO 367: [30/100] At ENC SNR -4.000000 dB DEC SNR -7.000000 dB, Loss: 0.0008719778 BER: 0.4951333175
2022-03-09 02:39:12,516 auto_trainer.py INFO 368: Time for one full iteration is 31.4181 minutes
2022-03-09 03:10:31,596 auto_trainer.py INFO 367: [31/100] At ENC SNR -4.000000 dB DEC SNR -7.000000 dB, Loss: 0.0009295536 BER: 0.4952272564
2022-03-09 03:10:31,596 auto_trainer.py INFO 368: Time for one full iteration is 31.3180 minutes
2022-03-09 03:41:50,961 auto_trainer.py INFO 367: [32/100] At ENC SNR -4.000000 dB DEC SNR -7.000000 dB, Loss: 0.0008113718 BER: 0.4946181654
2022-03-09 03:41:50,962 auto_trainer.py INFO 368: Time for one full iteration is 31.3187 minutes
2022-03-09 04:13:08,184 auto_trainer.py INFO 367: [33/100] At ENC SNR -4.000000 dB DEC SNR -7.000000 dB, Loss: 0.0008174324 BER: 0.4946090743
2022-03-09 04:13:08,184 auto_trainer.py INFO 368: Time for one full iteration is 31.2870 minutes
2022-03-09 04:44:27,934 auto_trainer.py INFO 367: [34/100] At ENC SNR -4.000000 dB DEC SNR -7.000000 dB, Loss: 0.0008265233 BER: 0.4951696815
2022-03-09 04:44:27,935 auto_trainer.py INFO 368: Time for one full iteration is 31.3292 minutes
2022-03-09 05:15:48,918 auto_trainer.py INFO 367: [35/100] At ENC SNR -4.000000 dB DEC SNR -7.000000 dB, Loss: 0.0008568264 BER: 0.4947211956
2022-03-09 05:15:48,919 auto_trainer.py INFO 368: Time for one full iteration is 31.3497 minutes
2022-03-09 05:47:10,380 auto_trainer.py INFO 367: [36/100] At ENC SNR -4.000000 dB DEC SNR -7.000000 dB, Loss: 0.0008568264 BER: 0.4929666506
2022-03-09 05:47:10,380 auto_trainer.py INFO 368: Time for one full iteration is 31.3577 minutes
2022-03-09 06:18:34,216 auto_trainer.py INFO 367: [37/100] At ENC SNR -4.000000 dB DEC SNR -7.000000 dB, Loss: 0.0009447051 BER: 0.4942787710
2022-03-09 06:18:34,217 auto_trainer.py INFO 368: Time for one full iteration is 31.3973 minutes
2022-03-09 06:49:56,300 auto_trainer.py INFO 367: [38/100] At ENC SNR -4.000000 dB DEC SNR -7.000000 dB, Loss: 0.0009507657 BER: 0.4945151356
2022-03-09 06:49:56,301 auto_trainer.py INFO 368: Time for one full iteration is 31.3681 minutes
2022-03-09 07:21:21,137 auto_trainer.py INFO 367: [39/100] At ENC SNR -4.000000 dB DEC SNR -7.000000 dB, Loss: 0.0009053112 BER: 0.4948393784
2022-03-09 07:21:21,138 auto_trainer.py INFO 368: Time for one full iteration is 31.4139 minutes
2022-03-09 07:52:52,129 auto_trainer.py INFO 367: [40/100] At ENC SNR -4.000000 dB DEC SNR -7.000000 dB, Loss: 0.0006689475 BER: 0.4931545297
2022-03-09 07:52:52,129 auto_trainer.py INFO 368: Time for one full iteration is 31.5165 minutes
2022-03-09 08:24:13,323 auto_trainer.py INFO 367: [41/100] At ENC SNR -4.000000 dB DEC SNR -7.000000 dB, Loss: 0.0009659172 BER: 0.4946424077
2022-03-09 08:24:13,323 auto_trainer.py INFO 368: Time for one full iteration is 31.3532 minutes
2022-03-09 08:55:33,134 auto_trainer.py INFO 367: [42/100] At ENC SNR -4.000000 dB DEC SNR -7.000000 dB, Loss: 0.0007598566 BER: 0.4953514988
2022-03-09 08:55:33,135 auto_trainer.py INFO 368: Time for one full iteration is 31.3260 minutes
2022-03-09 09:26:51,557 auto_trainer.py INFO 367: [43/100] At ENC SNR -4.000000 dB DEC SNR -7.000000 dB, Loss: 0.0009083415 BER: 0.4931424083
2022-03-09 09:26:51,558 auto_trainer.py INFO 368: Time for one full iteration is 31.3071 minutes
2022-03-09 09:58:09,286 auto_trainer.py INFO 367: [44/100] At ENC SNR -4.000000 dB DEC SNR -7.000000 dB, Loss: 0.0007750082 BER: 0.4931363478
2022-03-09 09:58:09,287 auto_trainer.py INFO 368: Time for one full iteration is 31.2955 minutes
2022-03-09 10:29:26,764 auto_trainer.py INFO 367: [45/100] At ENC SNR -4.000000 dB DEC SNR -7.000000 dB, Loss: 0.0008628870 BER: 0.4947666504
2022-03-09 10:29:26,764 auto_trainer.py INFO 368: Time for one full iteration is 31.2913 minutes
2022-03-09 11:00:41,834 auto_trainer.py INFO 367: [46/100] At ENC SNR -4.000000 dB DEC SNR -7.000000 dB, Loss: 0.0007871293 BER: 0.4938605898
2022-03-09 11:00:41,834 auto_trainer.py INFO 368: Time for one full iteration is 31.2512 minutes
2022-03-09 11:32:00,528 auto_trainer.py INFO 367: [47/100] At ENC SNR -4.000000 dB DEC SNR -7.000000 dB, Loss: 0.0008628870 BER: 0.4930242273
2022-03-09 11:32:00,529 auto_trainer.py INFO 368: Time for one full iteration is 31.3116 minutes
2022-03-09 12:03:21,961 auto_trainer.py INFO 367: [48/100] At ENC SNR -4.000000 dB DEC SNR -7.000000 dB, Loss: 0.0009356142 BER: 0.4943484683
2022-03-09 12:03:21,961 auto_trainer.py INFO 368: Time for one full iteration is 31.3572 minutes
2022-03-09 12:34:51,728 auto_trainer.py INFO 367: [49/100] At ENC SNR -4.000000 dB DEC SNR -7.000000 dB, Loss: 0.0008447050 BER: 0.4932090748
2022-03-09 12:34:51,729 auto_trainer.py INFO 368: Time for one full iteration is 31.4961 minutes
2022-03-09 13:06:16,484 auto_trainer.py INFO 367: [50/100] At ENC SNR -4.000000 dB DEC SNR -7.000000 dB, Loss: 0.0008992506 BER: 0.4945787711
2022-03-09 13:06:16,484 auto_trainer.py INFO 368: Time for one full iteration is 31.4126 minutes
2022-03-09 13:37:34,245 auto_trainer.py INFO 367: [51/100] At ENC SNR -4.000000 dB DEC SNR -7.000000 dB, Loss: 0.0009356142 BER: 0.4943484692
2022-03-09 13:37:34,246 auto_trainer.py INFO 368: Time for one full iteration is 31.2960 minutes
2022-03-09 14:08:57,717 auto_trainer.py INFO 367: [52/100] At ENC SNR -4.000000 dB DEC SNR -7.000000 dB, Loss: 0.0008659172 BER: 0.4940999840
2022-03-09 14:08:57,718 auto_trainer.py INFO 368: Time for one full iteration is 31.3875 minutes
2022-03-09 14:40:18,255 auto_trainer.py INFO 367: [53/100] At ENC SNR -4.000000 dB DEC SNR -7.000000 dB, Loss: 0.0007780385 BER: 0.4947514986
2022-03-09 14:40:18,255 auto_trainer.py INFO 368: Time for one full iteration is 31.3423 minutes
2022-03-09 15:11:39,313 auto_trainer.py INFO 367: [54/100] At ENC SNR -4.000000 dB DEC SNR -7.000000 dB, Loss: 0.0007507657 BER: 0.4948969538
2022-03-09 15:11:39,314 auto_trainer.py INFO 368: Time for one full iteration is 31.3510 minutes
2022-03-09 15:42:59,603 auto_trainer.py INFO 367: [55/100] At ENC SNR -4.000000 dB DEC SNR -7.000000 dB, Loss: 0.0007931900 BER: 0.4938545303
2022-03-09 15:42:59,603 auto_trainer.py INFO 368: Time for one full iteration is 31.3382 minutes
2022-03-09 16:14:20,901 auto_trainer.py INFO 367: [56/100] At ENC SNR -4.000000 dB DEC SNR -7.000000 dB, Loss: 0.0009568263 BER: 0.4937666507
2022-03-09 16:14:20,902 auto_trainer.py INFO 368: Time for one full iteration is 31.3550 minutes
2022-03-09 16:45:45,762 auto_trainer.py INFO 367: [57/100] At ENC SNR -4.000000 dB DEC SNR -7.000000 dB, Loss: 0.0009962203 BER: 0.4949848313
2022-03-09 16:45:45,762 auto_trainer.py INFO 368: Time for one full iteration is 31.4143 minutes
2022-03-09 17:17:25,450 auto_trainer.py INFO 367: [58/100] At ENC SNR -4.000000 dB DEC SNR -7.000000 dB, Loss: 0.0007992506 BER: 0.4941333169
2022-03-09 17:17:25,450 auto_trainer.py INFO 368: Time for one full iteration is 31.6615 minutes
2022-03-09 17:48:48,168 auto_trainer.py INFO 367: [59/100] At ENC SNR -4.000000 dB DEC SNR -7.000000 dB, Loss: 0.0008598567 BER: 0.4941818021
2022-03-09 17:48:48,169 auto_trainer.py INFO 368: Time for one full iteration is 31.3786 minutes
2022-03-09 18:20:12,420 auto_trainer.py INFO 367: [60/100] At ENC SNR -4.000000 dB DEC SNR -7.000000 dB, Loss: 0.0008477354 BER: 0.4943787723
2022-03-09 18:20:12,421 auto_trainer.py INFO 368: Time for one full iteration is 31.4042 minutes
2022-03-09 18:51:35,921 auto_trainer.py INFO 367: [61/100] At ENC SNR -4.000000 dB DEC SNR -7.000000 dB, Loss: 0.0009325839 BER: 0.4937121052
2022-03-09 18:51:35,921 auto_trainer.py INFO 368: Time for one full iteration is 31.3917 minutes
2022-03-09 19:22:59,793 auto_trainer.py INFO 367: [62/100] At ENC SNR -4.000000 dB DEC SNR -7.000000 dB, Loss: 0.0008992506 BER: 0.4939151351
2022-03-09 19:22:59,793 auto_trainer.py INFO 368: Time for one full iteration is 31.3934 minutes
2022-03-09 19:54:23,893 auto_trainer.py INFO 367: [63/100] At ENC SNR -4.000000 dB DEC SNR -7.000000 dB, Loss: 0.0008628870 BER: 0.4939696803
2022-03-09 19:54:23,894 auto_trainer.py INFO 368: Time for one full iteration is 31.4017 minutes
2022-03-09 20:25:48,507 auto_trainer.py INFO 367: [64/100] At ENC SNR -4.000000 dB DEC SNR -7.000000 dB, Loss: 0.0009416748 BER: 0.4944333173
2022-03-09 20:25:48,507 auto_trainer.py INFO 368: Time for one full iteration is 31.4102 minutes
2022-03-09 20:57:13,467 auto_trainer.py INFO 367: [65/100] At ENC SNR -4.000000 dB DEC SNR -7.000000 dB, Loss: 0.0009780385 BER: 0.4916545299
2022-03-09 20:57:13,468 auto_trainer.py INFO 368: Time for one full iteration is 31.4160 minutes
2022-03-09 21:28:37,491 auto_trainer.py INFO 367: [66/100] At ENC SNR -4.000000 dB DEC SNR -7.000000 dB, Loss: 0.0008598567 BER: 0.4946272568
2022-03-09 21:28:37,492 auto_trainer.py INFO 368: Time for one full iteration is 31.4004 minutes
2022-03-09 22:00:05,785 auto_trainer.py INFO 367: [67/100] At ENC SNR -4.000000 dB DEC SNR -7.000000 dB, Loss: 0.0007840991 BER: 0.4947090754
2022-03-09 22:00:05,786 auto_trainer.py INFO 368: Time for one full iteration is 31.4716 minutes
2022-03-09 22:31:30,834 auto_trainer.py INFO 367: [68/100] At ENC SNR -4.000000 dB DEC SNR -7.000000 dB, Loss: 0.0008840990 BER: 0.4948484685
2022-03-09 22:31:30,835 auto_trainer.py INFO 368: Time for one full iteration is 31.4175 minutes
2022-03-09 23:02:53,494 auto_trainer.py INFO 367: [69/100] At ENC SNR -4.000000 dB DEC SNR -7.000000 dB, Loss: 0.0008689474 BER: 0.4950424078
2022-03-09 23:02:53,494 auto_trainer.py INFO 368: Time for one full iteration is 31.3777 minutes
2022-03-09 23:34:17,416 auto_trainer.py INFO 367: [70/100] At ENC SNR -4.000000 dB DEC SNR -7.000000 dB, Loss: 0.0010659173 BER: 0.4932151361
2022-03-09 23:34:17,417 auto_trainer.py INFO 368: Time for one full iteration is 31.3987 minutes
2022-03-10 00:05:43,369 auto_trainer.py INFO 367: [71/100] At ENC SNR -4.000000 dB DEC SNR -7.000000 dB, Loss: 0.0008053111 BER: 0.4939181656
2022-03-10 00:05:43,369 auto_trainer.py INFO 368: Time for one full iteration is 31.4325 minutes
2022-03-10 00:37:02,232 auto_trainer.py INFO 367: [72/100] At ENC SNR -4.000000 dB DEC SNR -7.000000 dB, Loss: 0.0008477353 BER: 0.4934575589
2022-03-10 00:37:02,233 auto_trainer.py INFO 368: Time for one full iteration is 31.3107 minutes
2022-03-10 01:08:18,493 auto_trainer.py INFO 367: [73/100] At ENC SNR -4.000000 dB DEC SNR -7.000000 dB, Loss: 0.0008174324 BER: 0.4932575598
2022-03-10 01:08:18,493 auto_trainer.py INFO 368: Time for one full iteration is 31.2710 minutes
2022-03-10 01:39:34,764 auto_trainer.py INFO 367: [74/100] At ENC SNR -4.000000 dB DEC SNR -7.000000 dB, Loss: 0.0007234929 BER: 0.4934666502
2022-03-10 01:39:34,764 auto_trainer.py INFO 368: Time for one full iteration is 31.2712 minutes
2022-03-10 02:10:53,516 auto_trainer.py INFO 367: [75/100] At ENC SNR -4.000000 dB DEC SNR -7.000000 dB, Loss: 0.0009507657 BER: 0.4926030140
2022-03-10 02:10:53,516 auto_trainer.py INFO 368: Time for one full iteration is 31.3125 minutes
2022-03-10 02:42:12,330 auto_trainer.py INFO 367: [76/100] At ENC SNR -4.000000 dB DEC SNR -7.000000 dB, Loss: 0.0008780385 BER: 0.4941484684
2022-03-10 02:42:12,331 auto_trainer.py INFO 368: Time for one full iteration is 31.3136 minutes
2022-03-10 03:13:31,058 auto_trainer.py INFO 367: [77/100] At ENC SNR -4.000000 dB DEC SNR -7.000000 dB, Loss: 0.0008810688 BER: 0.4955514993
2022-03-10 03:13:31,059 auto_trainer.py INFO 368: Time for one full iteration is 31.3121 minutes
2022-03-10 03:44:49,845 auto_trainer.py INFO 367: [78/100] At ENC SNR -4.000000 dB DEC SNR -7.000000 dB, Loss: 0.0006507657 BER: 0.4931242264
2022-03-10 03:44:49,845 auto_trainer.py INFO 368: Time for one full iteration is 31.3131 minutes
2022-03-10 04:16:11,288 auto_trainer.py INFO 367: [79/100] At ENC SNR -4.000000 dB DEC SNR -7.000000 dB, Loss: 0.0008992506 BER: 0.4941514983
2022-03-10 04:16:11,289 auto_trainer.py INFO 368: Time for one full iteration is 31.3574 minutes
2022-03-10 04:47:30,600 auto_trainer.py INFO 367: [80/100] At ENC SNR -4.000000 dB DEC SNR -7.000000 dB, Loss: 0.0007931900 BER: 0.4933969533
2022-03-10 04:47:30,601 auto_trainer.py INFO 368: Time for one full iteration is 31.3219 minutes
2022-03-10 05:18:44,077 auto_trainer.py INFO 367: [81/100] At ENC SNR -4.000000 dB DEC SNR -7.000000 dB, Loss: 0.0007386444 BER: 0.4939636208
2022-03-10 05:18:44,078 auto_trainer.py INFO 368: Time for one full iteration is 31.2246 minutes
2022-03-10 05:49:54,015 auto_trainer.py INFO 367: [82/100] At ENC SNR -4.000000 dB DEC SNR -7.000000 dB, Loss: 0.0006689474 BER: 0.4935636200
2022-03-10 05:49:54,016 auto_trainer.py INFO 368: Time for one full iteration is 31.1616 minutes
2022-03-10 06:21:05,039 auto_trainer.py INFO 367: [83/100] At ENC SNR -4.000000 dB DEC SNR -7.000000 dB, Loss: 0.0007477354 BER: 0.4952666509
2022-03-10 06:21:05,040 auto_trainer.py INFO 368: Time for one full iteration is 31.1837 minutes
2022-03-10 06:52:25,125 auto_trainer.py INFO 367: [84/100] At ENC SNR -4.000000 dB DEC SNR -7.000000 dB, Loss: 0.0009750082 BER: 0.4936424088
2022-03-10 06:52:25,125 auto_trainer.py INFO 368: Time for one full iteration is 31.3347 minutes
2022-03-10 07:23:52,572 auto_trainer.py INFO 367: [85/100] At ENC SNR -4.000000 dB DEC SNR -7.000000 dB, Loss: 0.0008325839 BER: 0.4933939233
2022-03-10 07:23:52,572 auto_trainer.py INFO 368: Time for one full iteration is 31.4574 minutes
2022-03-10 07:55:32,510 auto_trainer.py INFO 367: [86/100] At ENC SNR -4.000000 dB DEC SNR -7.000000 dB, Loss: 0.0007992504 BER: 0.4947030141
2022-03-10 07:55:32,511 auto_trainer.py INFO 368: Time for one full iteration is 31.6656 minutes
2022-03-10 08:26:58,631 auto_trainer.py INFO 367: [87/100] At ENC SNR -4.000000 dB DEC SNR -7.000000 dB, Loss: 0.0008144021 BER: 0.4955121047
2022-03-10 08:26:58,632 auto_trainer.py INFO 368: Time for one full iteration is 31.4354 minutes
2022-03-10 08:58:13,926 auto_trainer.py INFO 367: [88/100] At ENC SNR -4.000000 dB DEC SNR -7.000000 dB, Loss: 0.0008568264 BER: 0.4932999838
2022-03-10 08:58:13,927 auto_trainer.py INFO 368: Time for one full iteration is 31.2549 minutes
2022-03-10 09:29:33,927 auto_trainer.py INFO 367: [89/100] At ENC SNR -4.000000 dB DEC SNR -7.000000 dB, Loss: 0.0008537960 BER: 0.4955030137
2022-03-10 09:29:33,928 auto_trainer.py INFO 368: Time for one full iteration is 31.3333 minutes
2022-03-10 10:00:55,133 auto_trainer.py INFO 367: [90/100] At ENC SNR -4.000000 dB DEC SNR -7.000000 dB, Loss: 0.0008053112 BER: 0.4942090746
2022-03-10 10:00:55,134 auto_trainer.py INFO 368: Time for one full iteration is 31.3534 minutes
2022-03-10 10:32:17,149 auto_trainer.py INFO 367: [91/100] At ENC SNR -4.000000 dB DEC SNR -7.000000 dB, Loss: 0.0008659172 BER: 0.4935727107
2022-03-10 10:32:17,149 auto_trainer.py INFO 368: Time for one full iteration is 31.3669 minutes
2022-03-10 11:03:39,370 auto_trainer.py INFO 367: [92/100] At ENC SNR -4.000000 dB DEC SNR -7.000000 dB, Loss: 0.0008386446 BER: 0.4953211963
2022-03-10 11:03:39,371 auto_trainer.py INFO 368: Time for one full iteration is 31.3665 minutes
2022-03-10 11:35:02,180 auto_trainer.py INFO 367: [93/100] At ENC SNR -4.000000 dB DEC SNR -7.000000 dB, Loss: 0.0008174324 BER: 0.4937969537
2022-03-10 11:35:02,180 auto_trainer.py INFO 368: Time for one full iteration is 31.3802 minutes
2022-03-10 12:06:23,837 auto_trainer.py INFO 367: [94/100] At ENC SNR -4.000000 dB DEC SNR -7.000000 dB, Loss: 0.0009507657 BER: 0.4925060439
2022-03-10 12:06:23,837 auto_trainer.py INFO 368: Time for one full iteration is 31.3609 minutes
2022-03-10 12:37:46,429 auto_trainer.py INFO 367: [95/100] At ENC SNR -4.000000 dB DEC SNR -7.000000 dB, Loss: 0.0007780385 BER: 0.4939151348
2022-03-10 12:37:46,430 auto_trainer.py INFO 368: Time for one full iteration is 31.3765 minutes
2022-03-10 13:09:04,765 auto_trainer.py INFO 367: [96/100] At ENC SNR -4.000000 dB DEC SNR -7.000000 dB, Loss: 0.0010174324 BER: 0.4964545294
2022-03-10 13:09:04,765 auto_trainer.py INFO 368: Time for one full iteration is 31.3056 minutes
2022-03-10 13:40:25,123 auto_trainer.py INFO 367: [97/100] At ENC SNR -4.000000 dB DEC SNR -7.000000 dB, Loss: 0.0008265233 BER: 0.4938999841
2022-03-10 13:40:25,123 auto_trainer.py INFO 368: Time for one full iteration is 31.3393 minutes
2022-03-10 14:11:44,618 auto_trainer.py INFO 367: [98/100] At ENC SNR -4.000000 dB DEC SNR -7.000000 dB, Loss: 0.0008447050 BER: 0.4942878627
2022-03-10 14:11:44,618 auto_trainer.py INFO 368: Time for one full iteration is 31.3249 minutes
2022-03-10 14:43:02,143 auto_trainer.py INFO 367: [99/100] At ENC SNR -4.000000 dB DEC SNR -7.000000 dB, Loss: 0.0008598567 BER: 0.4948393779
2022-03-10 14:43:02,144 auto_trainer.py INFO 368: Time for one full iteration is 31.2921 minutes
2022-03-10 15:14:18,477 auto_trainer.py INFO 367: [100/100] At ENC SNR -4.000000 dB DEC SNR -7.000000 dB, Loss: 0.0008356142 BER: 0.4919090750
2022-03-10 15:14:18,477 auto_trainer.py INFO 368: Time for one full iteration is 31.2722 minutes
2022-03-10 15:14:18,477 auto_trainer.py WARNING 395: Finished
