2022-03-31 10:50:02,371 auto_trainer.py INFO 94: train_conf_name : c_n2_r1_m6
2022-03-31 10:50:02,372 auto_trainer.py INFO 95: Device : cuda
2022-03-31 10:50:02,372 auto_trainer.py INFO 96: conf file
2022-03-31 10:50:02,372 auto_trainer.py INFO 97: {'para': {'train_batch_size': 100000, 'train_small_batch_size': 25000, 'test_size': 10000, 'full_iterations': 500, 'enc_train_iters': 5, 'dec_train_iters': 25, 'hidden_size': 32, 'lr': 1e-05, 'seed': 1, 'n': 2, 'r': 1, 'm': 6, 'code_length': 64, 'code_dimension': 7, 'enc_train_snr': 0, 'dec_train_snr': -2, 'data_type': 'n2_r1_m6', 'logger_name': 'C_n2_r1_m6_train', 'CUDA_VISIBLE_DEVICES': '1', 'train_save_path_dir': './save/{}/C_{}', 'train_save_path_encoder': './save/{}/C_{}/enc_{}.pth', 'train_save_path_decoder': './save/{}/C_{}/dec_{}.pth', 'retrain': False, 'retrain_day': 'Jan-05-2022', 'retrain_epoch_num': 21}, 'test': {'snr_list': '-10,-9,-8,-7,-6,-5,-4,-3,-2,-1,0', 'Boosting_number_list': '1,2,3', 'day': 'Mar-29-2022', 'epoch_num': 91, 'logger_name': 'C_n2_r1_m6_test', 'test_model_path_encoder': './save/{}/C_{}/enc_{}.pth', 'test_model_path_decoder': './save/{}/C_{}/dec_{}.pth'}}
2022-03-31 10:50:02,372 auto_trainer.py INFO 98: We are on!!!
2022-03-31 10:50:17,723 auto_trainer.py INFO 94: train_conf_name : c_n2_r1_m6
2022-03-31 10:50:17,724 auto_trainer.py INFO 95: Device : cuda
2022-03-31 10:50:17,724 auto_trainer.py INFO 96: conf file
2022-03-31 10:50:17,724 auto_trainer.py INFO 97: {'para': {'train_batch_size': 100000, 'train_small_batch_size': 25000, 'test_size': 10000, 'full_iterations': 500, 'enc_train_iters': 5, 'dec_train_iters': 25, 'hidden_size': 32, 'lr': 1e-05, 'seed': 1, 'n': 2, 'r': 1, 'm': 6, 'code_length': 64, 'code_dimension': 7, 'enc_train_snr': 0, 'dec_train_snr': -2, 'data_type': 'n2_r1_m6', 'logger_name': 'C_n2_r1_m6_train', 'CUDA_VISIBLE_DEVICES': '1', 'train_save_path_dir': './save/{}/C_{}', 'train_save_path_encoder': './save/{}/C_{}/enc_{}.pth', 'train_save_path_decoder': './save/{}/C_{}/dec_{}.pth', 'retrain': False, 'retrain_day': 'Jan-05-2022', 'retrain_epoch_num': 21}, 'test': {'snr_list': '-10,-9,-8,-7,-6,-5,-4,-3,-2,-1,0', 'Boosting_number_list': '1,2,3', 'day': 'Mar-29-2022', 'epoch_num': 91, 'logger_name': 'C_n2_r1_m6_test', 'test_model_path_encoder': './save/{}/C_{}/enc_{}.pth', 'test_model_path_decoder': './save/{}/C_{}/dec_{}.pth'}}
2022-03-31 10:50:17,724 auto_trainer.py INFO 98: We are on!!!
2022-03-31 10:50:37,464 auto_trainer.py INFO 94: train_conf_name : c_n2_r1_m6
2022-03-31 10:50:37,464 auto_trainer.py INFO 95: Device : cuda
2022-03-31 10:50:37,465 auto_trainer.py INFO 96: conf file
2022-03-31 10:50:37,465 auto_trainer.py INFO 97: {'para': {'train_batch_size': 100000, 'train_small_batch_size': 25000, 'test_size': 10000, 'full_iterations': 500, 'enc_train_iters': 5, 'dec_train_iters': 25, 'hidden_size': 32, 'lr': 1e-05, 'seed': 1, 'n': 2, 'r': 1, 'm': 6, 'code_length': 64, 'code_dimension': 7, 'enc_train_snr': 0, 'dec_train_snr': -2, 'data_type': 'n2_r1_m6', 'logger_name': 'C_n2_r1_m6_train', 'CUDA_VISIBLE_DEVICES': '1', 'train_save_path_dir': './save/{}/C_{}', 'train_save_path_encoder': './save/{}/C_{}/enc_{}.pth', 'train_save_path_decoder': './save/{}/C_{}/dec_{}.pth', 'retrain': False, 'retrain_day': 'Jan-05-2022', 'retrain_epoch_num': 21}, 'test': {'snr_list': '-10,-9,-8,-7,-6,-5,-4,-3,-2,-1,0', 'Boosting_number_list': '1,2,3', 'day': 'Mar-29-2022', 'epoch_num': 91, 'logger_name': 'C_n2_r1_m6_test', 'test_model_path_encoder': './save/{}/C_{}/enc_{}.pth', 'test_model_path_decoder': './save/{}/C_{}/dec_{}.pth'}}
2022-03-31 10:50:37,465 auto_trainer.py INFO 98: We are on!!!
2022-03-31 11:06:09,066 auto_trainer.py INFO 88: train_conf_name : c_n2_r1_m6
2022-03-31 11:06:09,066 auto_trainer.py INFO 89: Device : cuda
2022-03-31 11:06:09,066 auto_trainer.py INFO 90: conf file
2022-03-31 11:06:09,066 auto_trainer.py INFO 91: {'para': {'train_batch_size': 100000, 'train_small_batch_size': 25000, 'test_size': 10000, 'full_iterations': 500, 'enc_train_iters': 5, 'dec_train_iters': 25, 'hidden_size': 32, 'lr': 1e-05, 'seed': 1, 'n': 2, 'r': 1, 'm': 6, 'code_length': 64, 'code_dimension': 7, 'enc_train_snr': 0, 'dec_train_snr': -2, 'data_type': 'n2_r1_m6', 'logger_name': 'C_n2_r1_m6_train', 'CUDA_VISIBLE_DEVICES': '1', 'train_save_path_dir': './save/{}/C_{}', 'train_save_path_encoder': './save/{}/C_{}/enc_{}.pth', 'train_save_path_decoder': './save/{}/C_{}/dec_{}.pth', 'retrain': False, 'retrain_day': 'Jan-05-2022', 'retrain_epoch_num': 21}, 'test': {'snr_list': '-10,-9,-8,-7,-6,-5,-4,-3,-2,-1,0', 'Boosting_number_list': '1,2,3', 'day': 'Mar-29-2022', 'epoch_num': 91, 'logger_name': 'C_n2_r1_m6_test', 'test_model_path_encoder': './save/{}/C_{}/enc_{}.pth', 'test_model_path_decoder': './save/{}/C_{}/dec_{}.pth'}}
2022-03-31 11:06:09,066 auto_trainer.py INFO 92: We are on!!!
2022-03-31 11:06:23,981 auto_trainer.py INFO 88: train_conf_name : c_n2_r1_m6
2022-03-31 11:06:23,982 auto_trainer.py INFO 89: Device : cuda
2022-03-31 11:06:23,982 auto_trainer.py INFO 90: conf file
2022-03-31 11:06:23,982 auto_trainer.py INFO 91: {'para': {'train_batch_size': 100000, 'train_small_batch_size': 25000, 'test_size': 10000, 'full_iterations': 500, 'enc_train_iters': 5, 'dec_train_iters': 25, 'hidden_size': 32, 'lr': 1e-05, 'seed': 1, 'n': 2, 'r': 1, 'm': 6, 'code_length': 64, 'code_dimension': 7, 'enc_train_snr': 0, 'dec_train_snr': -2, 'data_type': 'n2_r1_m6', 'logger_name': 'C_n2_r1_m6_train', 'CUDA_VISIBLE_DEVICES': '1', 'train_save_path_dir': './save/{}/C_{}', 'train_save_path_encoder': './save/{}/C_{}/enc_{}.pth', 'train_save_path_decoder': './save/{}/C_{}/dec_{}.pth', 'retrain': False, 'retrain_day': 'Jan-05-2022', 'retrain_epoch_num': 21}, 'test': {'snr_list': '-10,-9,-8,-7,-6,-5,-4,-3,-2,-1,0', 'Boosting_number_list': '1,2,3', 'day': 'Mar-29-2022', 'epoch_num': 91, 'logger_name': 'C_n2_r1_m6_test', 'test_model_path_encoder': './save/{}/C_{}/enc_{}.pth', 'test_model_path_decoder': './save/{}/C_{}/dec_{}.pth'}}
2022-03-31 11:06:23,982 auto_trainer.py INFO 92: We are on!!!
2022-03-31 11:07:29,235 auto_trainer.py INFO 88: train_conf_name : c_n2_r1_m6
2022-03-31 11:07:29,235 auto_trainer.py INFO 89: Device : cuda
2022-03-31 11:07:29,235 auto_trainer.py INFO 90: conf file
2022-03-31 11:07:29,235 auto_trainer.py INFO 91: {'para': {'train_batch_size': 100000, 'train_small_batch_size': 25000, 'test_size': 10000, 'full_iterations': 500, 'enc_train_iters': 5, 'dec_train_iters': 25, 'hidden_size': 32, 'lr': 1e-05, 'seed': 1, 'n': 2, 'r': 1, 'm': 6, 'code_length': 64, 'code_dimension': 7, 'enc_train_snr': 0, 'dec_train_snr': -2, 'data_type': 'n2_r1_m6', 'logger_name': 'C_n2_r1_m6_train', 'CUDA_VISIBLE_DEVICES': '1', 'train_save_path_dir': './save/{}/C_{}', 'train_save_path_encoder': './save/{}/C_{}/enc_{}.pth', 'train_save_path_decoder': './save/{}/C_{}/dec_{}.pth', 'retrain': False, 'retrain_day': 'Jan-05-2022', 'retrain_epoch_num': 21}, 'test': {'snr_list': '-10,-9,-8,-7,-6,-5,-4,-3,-2,-1,0', 'Boosting_number_list': '1,2,3', 'day': 'Mar-29-2022', 'epoch_num': 91, 'logger_name': 'C_n2_r1_m6_test', 'test_model_path_encoder': './save/{}/C_{}/enc_{}.pth', 'test_model_path_decoder': './save/{}/C_{}/dec_{}.pth'}}
2022-03-31 11:07:29,236 auto_trainer.py INFO 92: We are on!!!
2022-03-31 11:07:50,189 auto_trainer.py INFO 88: train_conf_name : c_n2_r1_m6
2022-03-31 11:07:50,189 auto_trainer.py INFO 89: Device : cuda
2022-03-31 11:07:50,190 auto_trainer.py INFO 90: conf file
2022-03-31 11:07:50,190 auto_trainer.py INFO 91: {'para': {'train_batch_size': 100000, 'train_small_batch_size': 25000, 'test_size': 10000, 'full_iterations': 500, 'enc_train_iters': 5, 'dec_train_iters': 25, 'hidden_size': 32, 'lr': 1e-05, 'seed': 1, 'n': 2, 'r': 1, 'm': 6, 'code_length': 64, 'code_dimension': 7, 'enc_train_snr': 0, 'dec_train_snr': -2, 'data_type': 'n2_r1_m6', 'logger_name': 'C_n2_r1_m6_train', 'CUDA_VISIBLE_DEVICES': '1', 'train_save_path_dir': './save/{}/C_{}', 'train_save_path_encoder': './save/{}/C_{}/enc_{}.pth', 'train_save_path_decoder': './save/{}/C_{}/dec_{}.pth', 'retrain': False, 'retrain_day': 'Jan-05-2022', 'retrain_epoch_num': 21}, 'test': {'snr_list': '-10,-9,-8,-7,-6,-5,-4,-3,-2,-1,0', 'Boosting_number_list': '1,2,3', 'day': 'Mar-29-2022', 'epoch_num': 91, 'logger_name': 'C_n2_r1_m6_test', 'test_model_path_encoder': './save/{}/C_{}/enc_{}.pth', 'test_model_path_decoder': './save/{}/C_{}/dec_{}.pth'}}
2022-03-31 11:07:50,190 auto_trainer.py INFO 92: We are on!!!
2022-03-31 11:08:08,982 auto_trainer.py INFO 88: train_conf_name : c_n2_r1_m6
2022-03-31 11:08:08,982 auto_trainer.py INFO 89: Device : cuda
2022-03-31 11:08:08,983 auto_trainer.py INFO 90: conf file
2022-03-31 11:08:08,983 auto_trainer.py INFO 91: {'para': {'train_batch_size': 100000, 'train_small_batch_size': 25000, 'test_size': 10000, 'full_iterations': 500, 'enc_train_iters': 5, 'dec_train_iters': 25, 'hidden_size': 32, 'lr': 1e-05, 'seed': 1, 'n': 2, 'r': 1, 'm': 6, 'code_length': 64, 'code_dimension': 7, 'enc_train_snr': 0, 'dec_train_snr': -2, 'data_type': 'n2_r1_m6', 'logger_name': 'C_n2_r1_m6_train', 'CUDA_VISIBLE_DEVICES': '1', 'train_save_path_dir': './save/{}/C_{}', 'train_save_path_encoder': './save/{}/C_{}/enc_{}.pth', 'train_save_path_decoder': './save/{}/C_{}/dec_{}.pth', 'retrain': False, 'retrain_day': 'Jan-05-2022', 'retrain_epoch_num': 21}, 'test': {'snr_list': '-10,-9,-8,-7,-6,-5,-4,-3,-2,-1,0', 'Boosting_number_list': '1,2,3', 'day': 'Mar-29-2022', 'epoch_num': 91, 'logger_name': 'C_n2_r1_m6_test', 'test_model_path_encoder': './save/{}/C_{}/enc_{}.pth', 'test_model_path_decoder': './save/{}/C_{}/dec_{}.pth'}}
2022-03-31 11:08:08,983 auto_trainer.py INFO 92: We are on!!!
2022-03-31 11:08:23,421 auto_trainer.py INFO 88: train_conf_name : c_n2_r1_m6
2022-03-31 11:08:23,421 auto_trainer.py INFO 89: Device : cuda
2022-03-31 11:08:23,421 auto_trainer.py INFO 90: conf file
2022-03-31 11:08:23,421 auto_trainer.py INFO 91: {'para': {'train_batch_size': 100000, 'train_small_batch_size': 25000, 'test_size': 10000, 'full_iterations': 500, 'enc_train_iters': 5, 'dec_train_iters': 25, 'hidden_size': 32, 'lr': 1e-05, 'seed': 1, 'n': 2, 'r': 1, 'm': 6, 'code_length': 64, 'code_dimension': 7, 'enc_train_snr': 0, 'dec_train_snr': -2, 'data_type': 'n2_r1_m6', 'logger_name': 'C_n2_r1_m6_train', 'CUDA_VISIBLE_DEVICES': '1', 'train_save_path_dir': './save/{}/C_{}', 'train_save_path_encoder': './save/{}/C_{}/enc_{}.pth', 'train_save_path_decoder': './save/{}/C_{}/dec_{}.pth', 'retrain': False, 'retrain_day': 'Jan-05-2022', 'retrain_epoch_num': 21}, 'test': {'snr_list': '-10,-9,-8,-7,-6,-5,-4,-3,-2,-1,0', 'Boosting_number_list': '1,2,3', 'day': 'Mar-29-2022', 'epoch_num': 91, 'logger_name': 'C_n2_r1_m6_test', 'test_model_path_encoder': './save/{}/C_{}/enc_{}.pth', 'test_model_path_decoder': './save/{}/C_{}/dec_{}.pth'}}
2022-03-31 11:08:23,422 auto_trainer.py INFO 92: We are on!!!
2022-03-31 11:08:47,689 auto_trainer.py INFO 202: [1/500] At ENC SNR 0.000000 dB DEC SNR -2.000000 dB, Loss: -0.1891897917 BER: 0.0000285714
2022-03-31 11:08:47,689 auto_trainer.py INFO 203: Time for one full iteration is 0.3661 minutes
2022-03-31 11:09:41,934 auto_trainer.py INFO 88: train_conf_name : c_n2_r1_m6
2022-03-31 11:09:41,934 auto_trainer.py INFO 89: Device : cuda
2022-03-31 11:09:41,934 auto_trainer.py INFO 90: conf file
2022-03-31 11:09:41,934 auto_trainer.py INFO 91: {'para': {'train_batch_size': 100000, 'train_small_batch_size': 25000, 'test_size': 10000, 'full_iterations': 500, 'enc_train_iters': 5, 'dec_train_iters': 25, 'hidden_size': 32, 'lr': 1e-05, 'seed': 1, 'n': 2, 'r': 1, 'm': 6, 'code_length': 64, 'code_dimension': 7, 'enc_train_snr': 0, 'dec_train_snr': -2, 'data_type': 'n2_r1_m6', 'logger_name': 'C_n2_r1_m6_train', 'CUDA_VISIBLE_DEVICES': '1', 'train_save_path_dir': './save/{}/C_{}', 'train_save_path_encoder': './save/{}/C_{}/enc_{}.pth', 'train_save_path_decoder': './save/{}/C_{}/dec_{}.pth', 'retrain': False, 'retrain_day': 'Jan-05-2022', 'retrain_epoch_num': 21}, 'test': {'snr_list': '-10,-9,-8,-7,-6,-5,-4,-3,-2,-1,0', 'Boosting_number_list': '1,2,3', 'day': 'Mar-29-2022', 'epoch_num': 91, 'logger_name': 'C_n2_r1_m6_test', 'test_model_path_encoder': './save/{}/C_{}/enc_{}.pth', 'test_model_path_decoder': './save/{}/C_{}/dec_{}.pth'}}
2022-03-31 11:09:41,935 auto_trainer.py INFO 92: We are on!!!
2022-03-31 11:10:06,071 auto_trainer.py INFO 202: [1/500] At ENC SNR 0.000000 dB DEC SNR -2.000000 dB, Loss: -0.1891897917 BER: 0.0000285714
2022-03-31 11:10:06,072 auto_trainer.py INFO 203: Time for one full iteration is 0.3644 minutes
2022-03-31 11:10:21,997 auto_trainer.py INFO 88: train_conf_name : c_n2_r1_m6
2022-03-31 11:10:21,997 auto_trainer.py INFO 89: Device : cuda
2022-03-31 11:10:21,997 auto_trainer.py INFO 90: conf file
2022-03-31 11:10:21,997 auto_trainer.py INFO 91: {'para': {'train_batch_size': 100000, 'train_small_batch_size': 25000, 'test_size': 10000, 'full_iterations': 500, 'enc_train_iters': 5, 'dec_train_iters': 25, 'hidden_size': 32, 'lr': 1e-05, 'seed': 1, 'n': 2, 'r': 1, 'm': 6, 'code_length': 64, 'code_dimension': 7, 'enc_train_snr': 0, 'dec_train_snr': -2, 'data_type': 'n2_r1_m6', 'logger_name': 'C_n2_r1_m6_train', 'CUDA_VISIBLE_DEVICES': '1', 'train_save_path_dir': './save/{}/C_{}', 'train_save_path_encoder': './save/{}/C_{}/enc_{}.pth', 'train_save_path_decoder': './save/{}/C_{}/dec_{}.pth', 'retrain': False, 'retrain_day': 'Jan-05-2022', 'retrain_epoch_num': 21}, 'test': {'snr_list': '-10,-9,-8,-7,-6,-5,-4,-3,-2,-1,0', 'Boosting_number_list': '1,2,3', 'day': 'Mar-29-2022', 'epoch_num': 91, 'logger_name': 'C_n2_r1_m6_test', 'test_model_path_encoder': './save/{}/C_{}/enc_{}.pth', 'test_model_path_decoder': './save/{}/C_{}/dec_{}.pth'}}
2022-03-31 11:10:21,998 auto_trainer.py INFO 92: We are on!!!
2022-03-31 11:10:46,298 auto_trainer.py INFO 202: [1/500] At ENC SNR 0.000000 dB DEC SNR -2.000000 dB, Loss: -0.1891897917 BER: 0.0000285714
2022-03-31 11:10:46,299 auto_trainer.py INFO 203: Time for one full iteration is 0.3669 minutes
2022-03-31 11:11:08,235 auto_trainer.py INFO 202: [2/500] At ENC SNR 0.000000 dB DEC SNR -2.000000 dB, Loss: -0.1875497997 BER: 0.0000171429
2022-03-31 11:11:08,236 auto_trainer.py INFO 203: Time for one full iteration is 0.3608 minutes
2022-03-31 11:11:09,294 auto_trainer.py WARNING 227: Graceful Exit
2022-03-31 11:11:11,929 auto_trainer.py INFO 88: train_conf_name : c_n2_r1_m6
2022-03-31 11:11:11,929 auto_trainer.py INFO 89: Device : cuda
2022-03-31 11:11:11,930 auto_trainer.py INFO 90: conf file
2022-03-31 11:11:11,930 auto_trainer.py INFO 91: {'para': {'train_batch_size': 100000, 'train_small_batch_size': 25000, 'test_size': 10000, 'full_iterations': 500, 'enc_train_iters': 5, 'dec_train_iters': 25, 'hidden_size': 32, 'lr': 1e-05, 'seed': 1, 'n': 2, 'r': 1, 'm': 6, 'code_length': 64, 'code_dimension': 7, 'enc_train_snr': 0, 'dec_train_snr': -2, 'data_type': 'n2_r1_m6', 'logger_name': 'C_n2_r1_m6_train', 'CUDA_VISIBLE_DEVICES': '1', 'train_save_path_dir': './save/{}/C_{}', 'train_save_path_encoder': './save/{}/C_{}/enc_{}.pth', 'train_save_path_decoder': './save/{}/C_{}/dec_{}.pth', 'retrain': False, 'retrain_day': 'Jan-05-2022', 'retrain_epoch_num': 21}, 'test': {'snr_list': '-10,-9,-8,-7,-6,-5,-4,-3,-2,-1,0', 'Boosting_number_list': '1,2,3', 'day': 'Mar-29-2022', 'epoch_num': 91, 'logger_name': 'C_n2_r1_m6_test', 'test_model_path_encoder': './save/{}/C_{}/enc_{}.pth', 'test_model_path_decoder': './save/{}/C_{}/dec_{}.pth'}}
2022-03-31 11:11:11,930 auto_trainer.py INFO 92: We are on!!!
2022-03-31 11:11:36,445 auto_trainer.py INFO 202: [1/500] At ENC SNR 0.000000 dB DEC SNR -2.000000 dB, Loss: -0.1891897917 BER: 0.0000285714
2022-03-31 11:11:36,445 auto_trainer.py INFO 203: Time for one full iteration is 0.3698 minutes
2022-03-31 11:11:58,591 auto_trainer.py INFO 202: [2/500] At ENC SNR 0.000000 dB DEC SNR -2.000000 dB, Loss: -0.1875497997 BER: 0.0000171429
2022-03-31 11:11:58,592 auto_trainer.py INFO 203: Time for one full iteration is 0.3658 minutes
2022-03-31 11:12:20,464 auto_trainer.py INFO 202: [3/500] At ENC SNR 0.000000 dB DEC SNR -2.000000 dB, Loss: -0.1853555143 BER: 0.0000857143
2022-03-31 11:12:20,465 auto_trainer.py INFO 203: Time for one full iteration is 0.3645 minutes
2022-03-31 11:12:42,179 auto_trainer.py INFO 202: [4/500] At ENC SNR 0.000000 dB DEC SNR -2.000000 dB, Loss: -0.1860183626 BER: 0.0000400000
2022-03-31 11:12:42,179 auto_trainer.py INFO 203: Time for one full iteration is 0.3619 minutes
2022-03-31 11:12:43,572 auto_trainer.py WARNING 227: Graceful Exit
