2022-03-31 11:13:11,318 auto_trainer.py INFO 88: train_conf_name : c_n3_r1_m4
2022-03-31 11:13:11,318 auto_trainer.py INFO 89: Device : cuda
2022-03-31 11:13:11,318 auto_trainer.py INFO 90: conf file
2022-03-31 11:13:11,318 auto_trainer.py INFO 91: {'para': {'train_batch_size': 100000, 'train_small_batch_size': 2500, 'test_size': 10000, 'full_iterations': 500, 'enc_train_iters': 5, 'dec_train_iters': 25, 'hidden_size': 32, 'lr': 1e-05, 'seed': 1, 'n': 3, 'r': 1, 'm': 4, 'code_length': 81, 'code_dimension': 9, 'enc_train_snr': 0, 'dec_train_snr': -2, 'data_type': 'n3_r1_m4', 'logger_name': 'C_n3_r1_m4_train', 'CUDA_VISIBLE_DEVICES': '1', 'train_save_path_dir': './save/{}/C_{}', 'train_save_path_encoder': './save/{}/C_{}/enc_{}.pth', 'train_save_path_decoder': './save/{}/C_{}/dec_{}.pth', 'retrain': False, 'retrain_day': 'Jan-05-2022', 'retrain_epoch_num': 21}, 'test': {'snr_list': '-10,-9,-8,-7,-6,-5,-4,-3,-2,-1,0', 'Boosting_number_list': '1,2,3', 'day': 'Mar-29-2022', 'epoch_num': 500, 'logger_name': 'C_n3_r1_m4_test', 'test_model_path_encoder': './save/{}/C_{}/enc_{}.pth', 'test_model_path_decoder': './save/{}/C_{}/dec_{}.pth'}}
2022-03-31 11:13:11,318 auto_trainer.py INFO 92: We are on!!!
2022-03-31 11:15:12,497 auto_trainer.py INFO 202: [1/500] At ENC SNR 0.000000 dB DEC SNR -2.000000 dB, Loss: -0.1826494783 BER: 0.0017777778
2022-03-31 11:15:12,497 auto_trainer.py INFO 203: Time for one full iteration is 1.9801 minutes
2022-03-31 11:17:12,627 auto_trainer.py INFO 202: [2/500] At ENC SNR 0.000000 dB DEC SNR -2.000000 dB, Loss: -0.1834939271 BER: 0.0018222223
2022-03-31 11:17:12,628 auto_trainer.py INFO 203: Time for one full iteration is 1.9988 minutes
2022-03-31 11:19:08,758 auto_trainer.py INFO 202: [3/500] At ENC SNR 0.000000 dB DEC SNR -2.000000 dB, Loss: -0.1818050295 BER: 0.0015555556
2022-03-31 11:19:08,759 auto_trainer.py INFO 203: Time for one full iteration is 1.9355 minutes
2022-03-31 11:21:05,470 auto_trainer.py INFO 202: [4/500] At ENC SNR 0.000000 dB DEC SNR -2.000000 dB, Loss: -0.1849605888 BER: 0.0016000001
2022-03-31 11:21:05,470 auto_trainer.py INFO 203: Time for one full iteration is 1.9452 minutes
2022-03-31 11:23:01,646 auto_trainer.py INFO 202: [5/500] At ENC SNR 0.000000 dB DEC SNR -2.000000 dB, Loss: -0.1798939258 BER: 0.0032444445
2022-03-31 11:23:01,647 auto_trainer.py INFO 203: Time for one full iteration is 1.9363 minutes
2022-03-31 11:25:03,590 auto_trainer.py INFO 202: [6/500] At ENC SNR 0.000000 dB DEC SNR -2.000000 dB, Loss: -0.1830939204 BER: 0.0020444444
2022-03-31 11:25:03,590 auto_trainer.py INFO 203: Time for one full iteration is 2.0324 minutes
2022-03-31 11:27:06,334 auto_trainer.py INFO 202: [7/500] At ENC SNR 0.000000 dB DEC SNR -2.000000 dB, Loss: -0.1834494770 BER: 0.0013777778
2022-03-31 11:27:06,334 auto_trainer.py INFO 203: Time for one full iteration is 2.0457 minutes
2022-03-31 11:29:08,228 auto_trainer.py INFO 202: [8/500] At ENC SNR 0.000000 dB DEC SNR -2.000000 dB, Loss: -0.1850050390 BER: 0.0016888889
2022-03-31 11:29:08,229 auto_trainer.py INFO 203: Time for one full iteration is 2.0316 minutes
2022-03-31 11:31:10,693 auto_trainer.py INFO 202: [9/500] At ENC SNR 0.000000 dB DEC SNR -2.000000 dB, Loss: -0.1838050336 BER: 0.0030666667
2022-03-31 11:31:10,693 auto_trainer.py INFO 203: Time for one full iteration is 2.0411 minutes
2022-03-31 11:33:13,060 auto_trainer.py INFO 202: [10/500] At ENC SNR 0.000000 dB DEC SNR -2.000000 dB, Loss: -0.1834494770 BER: 0.0019111112
2022-03-31 11:33:13,061 auto_trainer.py INFO 203: Time for one full iteration is 2.0395 minutes
2022-03-31 11:35:14,265 auto_trainer.py INFO 202: [11/500] At ENC SNR 0.000000 dB DEC SNR -2.000000 dB, Loss: -0.1839828193 BER: 0.0017777778
2022-03-31 11:35:14,265 auto_trainer.py INFO 203: Time for one full iteration is 2.0201 minutes
2022-03-31 11:37:13,531 auto_trainer.py INFO 202: [12/500] At ENC SNR 0.000000 dB DEC SNR -2.000000 dB, Loss: -0.1832272559 BER: 0.0018222223
2022-03-31 11:37:13,532 auto_trainer.py INFO 203: Time for one full iteration is 1.9841 minutes
2022-03-31 11:39:13,690 auto_trainer.py INFO 202: [13/500] At ENC SNR 0.000000 dB DEC SNR -2.000000 dB, Loss: -0.1850494742 BER: 0.0018666667
2022-03-31 11:39:13,690 auto_trainer.py INFO 203: Time for one full iteration is 2.0026 minutes
2022-03-31 11:41:17,361 auto_trainer.py INFO 202: [14/500] At ENC SNR 0.000000 dB DEC SNR -2.000000 dB, Loss: -0.1850494742 BER: 0.0021777777
2022-03-31 11:41:17,362 auto_trainer.py INFO 203: Time for one full iteration is 2.0612 minutes
2022-03-31 11:43:20,809 auto_trainer.py INFO 202: [15/500] At ENC SNR 0.000000 dB DEC SNR -2.000000 dB, Loss: -0.1841161549 BER: 0.0016888889
2022-03-31 11:43:20,810 auto_trainer.py INFO 203: Time for one full iteration is 2.0575 minutes
2022-03-31 11:45:24,130 auto_trainer.py INFO 202: [16/500] At ENC SNR 0.000000 dB DEC SNR -2.000000 dB, Loss: -0.1806939244 BER: 0.0015111112
2022-03-31 11:45:24,130 auto_trainer.py INFO 203: Time for one full iteration is 2.0553 minutes
2022-03-31 11:47:27,536 auto_trainer.py INFO 202: [17/500] At ENC SNR 0.000000 dB DEC SNR -2.000000 dB, Loss: -0.1813605875 BER: 0.0017333333
2022-03-31 11:47:27,537 auto_trainer.py INFO 203: Time for one full iteration is 2.0568 minutes
2022-03-31 11:49:30,485 auto_trainer.py INFO 202: [18/500] At ENC SNR 0.000000 dB DEC SNR -2.000000 dB, Loss: -0.1779383719 BER: 0.0020444444
2022-03-31 11:49:30,485 auto_trainer.py INFO 203: Time for one full iteration is 2.0491 minutes
2022-03-31 11:51:33,969 auto_trainer.py INFO 202: [19/500] At ENC SNR 0.000000 dB DEC SNR -2.000000 dB, Loss: -0.1842050403 BER: 0.0013777778
2022-03-31 11:51:33,969 auto_trainer.py INFO 203: Time for one full iteration is 2.0581 minutes
2022-03-31 11:53:37,390 auto_trainer.py INFO 202: [20/500] At ENC SNR 0.000000 dB DEC SNR -2.000000 dB, Loss: -0.1818939298 BER: 0.0015111112
2022-03-31 11:53:37,390 auto_trainer.py INFO 203: Time for one full iteration is 2.0570 minutes
2022-03-31 11:55:40,194 auto_trainer.py INFO 202: [21/500] At ENC SNR 0.000000 dB DEC SNR -2.000000 dB, Loss: -0.1850939244 BER: 0.0023555555
2022-03-31 11:55:40,194 auto_trainer.py INFO 203: Time for one full iteration is 2.0467 minutes
2022-03-31 11:57:44,295 auto_trainer.py INFO 202: [22/500] At ENC SNR 0.000000 dB DEC SNR -2.000000 dB, Loss: -0.1899828166 BER: 0.0017333333
2022-03-31 11:57:44,296 auto_trainer.py INFO 203: Time for one full iteration is 2.0644 minutes
2022-03-31 11:59:47,180 auto_trainer.py INFO 202: [23/500] At ENC SNR 0.000000 dB DEC SNR -2.000000 dB, Loss: -0.1810494810 BER: 0.0016444444
2022-03-31 11:59:47,181 auto_trainer.py INFO 203: Time for one full iteration is 2.0481 minutes
2022-03-31 12:01:50,623 auto_trainer.py INFO 202: [24/500] At ENC SNR 0.000000 dB DEC SNR -2.000000 dB, Loss: -0.1828272641 BER: 0.0020444444
2022-03-31 12:01:50,623 auto_trainer.py INFO 203: Time for one full iteration is 2.0574 minutes
2022-03-31 12:03:54,039 auto_trainer.py INFO 202: [25/500] At ENC SNR 0.000000 dB DEC SNR -2.000000 dB, Loss: -0.1805161536 BER: 0.0017333333
2022-03-31 12:03:54,039 auto_trainer.py INFO 203: Time for one full iteration is 2.0569 minutes
2022-03-31 12:05:57,373 auto_trainer.py INFO 202: [26/500] At ENC SNR 0.000000 dB DEC SNR -2.000000 dB, Loss: -0.1809161454 BER: 0.0029777777
2022-03-31 12:05:57,373 auto_trainer.py INFO 203: Time for one full iteration is 2.0556 minutes
2022-03-31 12:08:00,366 auto_trainer.py INFO 202: [27/500] At ENC SNR 0.000000 dB DEC SNR -2.000000 dB, Loss: -0.1793161482 BER: 0.0026222223
2022-03-31 12:08:00,366 auto_trainer.py INFO 203: Time for one full iteration is 2.0499 minutes
2022-03-31 12:10:02,958 auto_trainer.py INFO 202: [28/500] At ENC SNR 0.000000 dB DEC SNR -2.000000 dB, Loss: -0.1824717075 BER: 0.0021777777
2022-03-31 12:10:02,958 auto_trainer.py INFO 203: Time for one full iteration is 2.0432 minutes
2022-03-31 12:12:05,404 auto_trainer.py INFO 202: [29/500] At ENC SNR 0.000000 dB DEC SNR -2.000000 dB, Loss: -0.1875828207 BER: 0.0015111112
2022-03-31 12:12:05,404 auto_trainer.py INFO 203: Time for one full iteration is 2.0408 minutes
2022-03-31 12:14:03,531 auto_trainer.py INFO 202: [30/500] At ENC SNR 0.000000 dB DEC SNR -2.000000 dB, Loss: -0.1827828139 BER: 0.0021777777
2022-03-31 12:14:03,532 auto_trainer.py INFO 203: Time for one full iteration is 1.9688 minutes
2022-03-31 12:16:01,681 auto_trainer.py INFO 202: [31/500] At ENC SNR 0.000000 dB DEC SNR -2.000000 dB, Loss: -0.1816272587 BER: 0.0020444444
2022-03-31 12:16:01,682 auto_trainer.py INFO 203: Time for one full iteration is 1.9692 minutes
2022-03-31 12:17:58,973 auto_trainer.py INFO 202: [32/500] At ENC SNR 0.000000 dB DEC SNR -2.000000 dB, Loss: -0.1836272627 BER: 0.0022222223
2022-03-31 12:17:58,974 auto_trainer.py INFO 203: Time for one full iteration is 1.9515 minutes
2022-03-31 12:18:57,736 auto_trainer.py WARNING 227: Graceful Exit
2022-03-31 20:04:05,245 auto_trainer.py INFO 88: train_conf_name : c_n3_r1_m4
2022-03-31 20:04:05,245 auto_trainer.py INFO 89: Device : cuda
2022-03-31 20:04:05,245 auto_trainer.py INFO 90: conf file
2022-03-31 20:04:05,245 auto_trainer.py INFO 91: {'para': {'train_batch_size': 100000, 'train_small_batch_size': 2500, 'test_size': 10000, 'full_iterations': 500, 'enc_train_iters': 5, 'dec_train_iters': 25, 'hidden_size': 32, 'lr': 1e-05, 'seed': 1, 'n': 3, 'r': 1, 'm': 4, 'code_length': 81, 'code_dimension': 9, 'enc_train_snr': 0, 'dec_train_snr': -2, 'data_type': 'n3_r1_m4', 'logger_name': 'C_n3_r1_m4_train', 'CUDA_VISIBLE_DEVICES': '1', 'train_save_path_dir': './save/{}/C_{}', 'train_save_path_encoder': './save/{}/C_{}/enc_{}.pth', 'train_save_path_decoder': './save/{}/C_{}/dec_{}.pth', 'retrain': False, 'retrain_day': 'Jan-05-2022', 'retrain_epoch_num': 21}, 'test': {'snr_list': '-10,-9,-8,-7,-6,-5,-4,-3,-2,-1,0', 'Boosting_number_list': '1,2,3', 'day': 'Mar-31-2022', 'epoch_num': 31, 'logger_name': 'C_n3_r1_m4_test', 'test_model_path_encoder': './save/{}/C_{}/enc_{}.pth', 'test_model_path_decoder': './save/{}/C_{}/dec_{}.pth'}}
2022-03-31 20:04:05,246 auto_trainer.py INFO 92: We are on!!!
2022-03-31 20:06:56,832 auto_trainer.py INFO 202: [1/500] At ENC SNR 0.000000 dB DEC SNR -2.000000 dB, Loss: 0.6099283099 BER: 0.3932000101
2022-03-31 20:06:56,833 auto_trainer.py INFO 203: Time for one full iteration is 2.6691 minutes
2022-03-31 20:09:36,669 auto_trainer.py INFO 202: [2/500] At ENC SNR 0.000000 dB DEC SNR -2.000000 dB, Loss: 0.6104171872 BER: 0.3938666582
2022-03-31 20:09:36,670 auto_trainer.py INFO 203: Time for one full iteration is 2.6587 minutes
2022-03-31 20:12:16,118 auto_trainer.py INFO 202: [3/500] At ENC SNR 0.000000 dB DEC SNR -2.000000 dB, Loss: 0.6061949730 BER: 0.3919555545
2022-03-31 20:12:16,119 auto_trainer.py INFO 203: Time for one full iteration is 2.6575 minutes
2022-03-31 20:14:54,811 auto_trainer.py INFO 202: [4/500] At ENC SNR 0.000000 dB DEC SNR -2.000000 dB, Loss: 0.6065061092 BER: 0.3916444480
2022-03-31 20:14:54,811 auto_trainer.py INFO 203: Time for one full iteration is 2.6449 minutes
2022-03-31 20:17:21,494 auto_trainer.py INFO 202: [5/500] At ENC SNR 0.000000 dB DEC SNR -2.000000 dB, Loss: 0.6097229719 BER: 0.3926666677
2022-03-31 20:17:21,494 auto_trainer.py INFO 203: Time for one full iteration is 2.4447 minutes
2022-03-31 20:19:47,346 auto_trainer.py INFO 202: [6/500] At ENC SNR 0.000000 dB DEC SNR -2.000000 dB, Loss: 0.6172065139 BER: 0.3949777782
2022-03-31 20:19:47,346 auto_trainer.py INFO 203: Time for one full iteration is 2.4309 minutes
2022-03-31 20:22:24,136 auto_trainer.py INFO 202: [7/500] At ENC SNR 0.000000 dB DEC SNR -2.000000 dB, Loss: 0.6202118397 BER: 0.3977333307
2022-03-31 20:22:24,137 auto_trainer.py INFO 203: Time for one full iteration is 2.6132 minutes
2022-03-31 20:25:07,736 auto_trainer.py INFO 202: [8/500] At ENC SNR 0.000000 dB DEC SNR -2.000000 dB, Loss: 0.6188172102 BER: 0.3976888955
2022-03-31 20:25:07,737 auto_trainer.py INFO 203: Time for one full iteration is 2.7267 minutes
2022-03-31 20:27:50,824 auto_trainer.py INFO 202: [9/500] At ENC SNR 0.000000 dB DEC SNR -2.000000 dB, Loss: 0.6191727519 BER: 0.3958222270
2022-03-31 20:27:50,825 auto_trainer.py INFO 203: Time for one full iteration is 2.7181 minutes
2022-03-31 20:30:33,834 auto_trainer.py INFO 202: [10/500] At ENC SNR 0.000000 dB DEC SNR -2.000000 dB, Loss: 0.6110394001 BER: 0.3945333362
2022-03-31 20:30:33,835 auto_trainer.py INFO 203: Time for one full iteration is 2.7168 minutes
2022-03-31 20:33:06,148 auto_trainer.py INFO 202: [11/500] At ENC SNR 0.000000 dB DEC SNR -2.000000 dB, Loss: 0.6107007265 BER: 0.3936444521
2022-03-31 20:33:06,148 auto_trainer.py INFO 203: Time for one full iteration is 2.5386 minutes
2022-03-31 20:35:30,767 auto_trainer.py INFO 202: [12/500] At ENC SNR 0.000000 dB DEC SNR -2.000000 dB, Loss: 0.5986562967 BER: 0.3871999979
2022-03-31 20:35:30,768 auto_trainer.py INFO 203: Time for one full iteration is 2.4070 minutes
2022-03-31 20:37:55,691 auto_trainer.py INFO 202: [13/500] At ENC SNR 0.000000 dB DEC SNR -2.000000 dB, Loss: 0.6114118695 BER: 0.3955111206
2022-03-31 20:37:55,691 auto_trainer.py INFO 203: Time for one full iteration is 2.4154 minutes
2022-03-31 20:40:20,876 auto_trainer.py INFO 202: [14/500] At ENC SNR 0.000000 dB DEC SNR -2.000000 dB, Loss: 0.6198838353 BER: 0.3984000087
2022-03-31 20:40:20,877 auto_trainer.py INFO 203: Time for one full iteration is 2.4198 minutes
2022-03-31 20:42:45,309 auto_trainer.py INFO 202: [15/500] At ENC SNR 0.000000 dB DEC SNR -2.000000 dB, Loss: 0.6214393973 BER: 0.3964000046
2022-03-31 20:42:45,310 auto_trainer.py INFO 203: Time for one full iteration is 2.4072 minutes
2022-03-31 20:45:09,724 auto_trainer.py INFO 202: [16/500] At ENC SNR 0.000000 dB DEC SNR -2.000000 dB, Loss: 0.6133061051 BER: 0.3966666758
2022-03-31 20:45:09,725 auto_trainer.py INFO 203: Time for one full iteration is 2.4069 minutes
2022-03-31 20:47:34,133 auto_trainer.py INFO 202: [17/500] At ENC SNR 0.000000 dB DEC SNR -2.000000 dB, Loss: 0.6068171859 BER: 0.3937333524
2022-03-31 20:47:34,134 auto_trainer.py INFO 203: Time for one full iteration is 2.4068 minutes
2022-03-31 20:49:58,054 auto_trainer.py INFO 202: [18/500] At ENC SNR 0.000000 dB DEC SNR -2.000000 dB, Loss: 0.6135727763 BER: 0.3956888914
2022-03-31 20:49:58,055 auto_trainer.py INFO 203: Time for one full iteration is 2.3987 minutes
2022-03-31 20:52:22,410 auto_trainer.py INFO 202: [19/500] At ENC SNR 0.000000 dB DEC SNR -2.000000 dB, Loss: 0.6040785313 BER: 0.3893777728
2022-03-31 20:52:22,410 auto_trainer.py INFO 203: Time for one full iteration is 2.4059 minutes
2022-03-31 20:54:46,634 auto_trainer.py INFO 202: [20/500] At ENC SNR 0.000000 dB DEC SNR -2.000000 dB, Loss: 0.6176785231 BER: 0.3991555572
2022-03-31 20:54:46,635 auto_trainer.py INFO 203: Time for one full iteration is 2.4037 minutes
2022-03-31 20:57:10,774 auto_trainer.py INFO 202: [21/500] At ENC SNR 0.000000 dB DEC SNR -2.000000 dB, Loss: 0.6137949824 BER: 0.3953777850
2022-03-31 20:57:10,775 auto_trainer.py INFO 203: Time for one full iteration is 2.4023 minutes
2022-03-31 20:59:35,131 auto_trainer.py INFO 202: [22/500] At ENC SNR 0.000000 dB DEC SNR -2.000000 dB, Loss: 0.6118118763 BER: 0.3955999911
2022-03-31 20:59:35,132 auto_trainer.py INFO 203: Time for one full iteration is 2.4025 minutes
2022-03-31 21:01:59,981 auto_trainer.py INFO 202: [23/500] At ENC SNR 0.000000 dB DEC SNR -2.000000 dB, Loss: 0.6214393973 BER: 0.3971111178
2022-03-31 21:01:59,982 auto_trainer.py INFO 203: Time for one full iteration is 2.4142 minutes
2022-03-31 21:04:34,218 auto_trainer.py INFO 202: [24/500] At ENC SNR 0.000000 dB DEC SNR -2.000000 dB, Loss: 0.6027283072 BER: 0.3907999992
2022-03-31 21:04:34,218 auto_trainer.py INFO 203: Time for one full iteration is 2.5706 minutes
2022-03-31 21:07:16,614 auto_trainer.py INFO 202: [25/500] At ENC SNR 0.000000 dB DEC SNR -2.000000 dB, Loss: 0.6146118641 BER: 0.3936000168
2022-03-31 21:07:16,615 auto_trainer.py INFO 203: Time for one full iteration is 2.7066 minutes
2022-03-31 21:09:54,339 auto_trainer.py INFO 202: [26/500] At ENC SNR 0.000000 dB DEC SNR -2.000000 dB, Loss: 0.6053505540 BER: 0.3919999897
2022-03-31 21:09:54,340 auto_trainer.py INFO 203: Time for one full iteration is 2.6287 minutes
2022-03-31 21:12:22,671 auto_trainer.py INFO 202: [27/500] At ENC SNR 0.000000 dB DEC SNR -2.000000 dB, Loss: 0.6086394191 BER: 0.3937777877
2022-03-31 21:12:22,672 auto_trainer.py INFO 203: Time for one full iteration is 2.4722 minutes
2022-03-31 21:14:47,442 auto_trainer.py INFO 202: [28/500] At ENC SNR 0.000000 dB DEC SNR -2.000000 dB, Loss: 0.6055007577 BER: 0.3914222121
2022-03-31 21:14:47,443 auto_trainer.py INFO 203: Time for one full iteration is 2.4129 minutes
2022-03-31 21:17:12,075 auto_trainer.py INFO 202: [29/500] At ENC SNR 0.000000 dB DEC SNR -2.000000 dB, Loss: 0.6007007360 BER: 0.3910666704
2022-03-31 21:17:12,076 auto_trainer.py INFO 203: Time for one full iteration is 2.4105 minutes
2022-03-31 21:19:36,643 auto_trainer.py INFO 202: [30/500] At ENC SNR 0.000000 dB DEC SNR -2.000000 dB, Loss: 0.6137949824 BER: 0.3958222270
2022-03-31 21:19:36,643 auto_trainer.py INFO 203: Time for one full iteration is 2.4095 minutes
2022-03-31 21:22:01,087 auto_trainer.py INFO 202: [31/500] At ENC SNR 0.000000 dB DEC SNR -2.000000 dB, Loss: 0.5932785273 BER: 0.3880000114
2022-03-31 21:22:01,087 auto_trainer.py INFO 203: Time for one full iteration is 2.4074 minutes
2022-03-31 21:24:25,225 auto_trainer.py INFO 202: [32/500] At ENC SNR 0.000000 dB DEC SNR -2.000000 dB, Loss: 0.6064341068 BER: 0.3923111260
2022-03-31 21:24:25,226 auto_trainer.py INFO 203: Time for one full iteration is 2.3990 minutes
2022-03-31 21:26:51,257 auto_trainer.py INFO 202: [33/500] At ENC SNR 0.000000 dB DEC SNR -2.000000 dB, Loss: 0.6215896606 BER: 0.4000444412
2022-03-31 21:26:51,257 auto_trainer.py INFO 203: Time for one full iteration is 2.4339 minutes
2022-03-31 21:29:15,286 auto_trainer.py INFO 202: [34/500] At ENC SNR 0.000000 dB DEC SNR -2.000000 dB, Loss: 0.6044172049 BER: 0.3931111097
2022-03-31 21:29:15,286 auto_trainer.py INFO 203: Time for one full iteration is 2.4005 minutes
2022-03-31 21:31:39,364 auto_trainer.py INFO 202: [35/500] At ENC SNR 0.000000 dB DEC SNR -2.000000 dB, Loss: 0.6194562912 BER: 0.3992444575
2022-03-31 21:31:39,365 auto_trainer.py INFO 203: Time for one full iteration is 2.4013 minutes
2022-03-31 21:34:04,099 auto_trainer.py INFO 202: [36/500] At ENC SNR 0.000000 dB DEC SNR -2.000000 dB, Loss: 0.6050394177 BER: 0.3924444616
2022-03-31 21:34:04,099 auto_trainer.py INFO 203: Time for one full iteration is 2.4122 minutes
2022-03-31 21:36:28,460 auto_trainer.py INFO 202: [37/500] At ENC SNR 0.000000 dB DEC SNR -2.000000 dB, Loss: 0.6128616333 BER: 0.3938666582
2022-03-31 21:36:28,461 auto_trainer.py INFO 203: Time for one full iteration is 2.4060 minutes
2022-03-31 21:38:53,289 auto_trainer.py INFO 202: [38/500] At ENC SNR 0.000000 dB DEC SNR -2.000000 dB, Loss: 0.6183727384 BER: 0.3974222243
2022-03-31 21:38:53,290 auto_trainer.py INFO 203: Time for one full iteration is 2.4138 minutes
2022-03-31 21:41:18,735 auto_trainer.py INFO 202: [39/500] At ENC SNR 0.000000 dB DEC SNR -2.000000 dB, Loss: 0.6080616117 BER: 0.3911555707
2022-03-31 21:41:18,735 auto_trainer.py INFO 203: Time for one full iteration is 2.4241 minutes
2022-03-31 21:43:44,588 auto_trainer.py INFO 202: [40/500] At ENC SNR 0.000000 dB DEC SNR -2.000000 dB, Loss: 0.6121949553 BER: 0.3947555721
2022-03-31 21:43:44,588 auto_trainer.py INFO 203: Time for one full iteration is 2.4309 minutes
2022-03-31 21:46:09,270 auto_trainer.py INFO 202: [41/500] At ENC SNR 0.000000 dB DEC SNR -2.000000 dB, Loss: 0.6146394014 BER: 0.3946666718
2022-03-31 21:46:09,271 auto_trainer.py INFO 203: Time for one full iteration is 2.4114 minutes
2022-03-31 21:48:34,090 auto_trainer.py INFO 202: [42/500] At ENC SNR 0.000000 dB DEC SNR -2.000000 dB, Loss: 0.5989229679 BER: 0.3885777891
2022-03-31 21:48:34,091 auto_trainer.py INFO 203: Time for one full iteration is 2.4096 minutes
2022-03-31 21:50:58,977 auto_trainer.py INFO 202: [43/500] At ENC SNR 0.000000 dB DEC SNR -2.000000 dB, Loss: 0.6149674058 BER: 0.3974666595
2022-03-31 21:50:58,978 auto_trainer.py INFO 203: Time for one full iteration is 2.4148 minutes
2022-03-31 21:53:23,826 auto_trainer.py INFO 202: [44/500] At ENC SNR 0.000000 dB DEC SNR -2.000000 dB, Loss: 0.6147896051 BER: 0.3956888914
2022-03-31 21:53:23,827 auto_trainer.py INFO 203: Time for one full iteration is 2.4141 minutes
2022-03-31 21:55:48,222 auto_trainer.py INFO 202: [45/500] At ENC SNR 0.000000 dB DEC SNR -2.000000 dB, Loss: 0.6308616400 BER: 0.4016000032
2022-03-31 21:55:48,223 auto_trainer.py INFO 203: Time for one full iteration is 2.4066 minutes
2022-03-31 21:58:13,498 auto_trainer.py INFO 202: [46/500] At ENC SNR 0.000000 dB DEC SNR -2.000000 dB, Loss: 0.6011727452 BER: 0.3882666826
2022-03-31 21:58:13,498 auto_trainer.py INFO 203: Time for one full iteration is 2.4213 minutes
2022-03-31 22:00:44,123 auto_trainer.py INFO 202: [47/500] At ENC SNR 0.000000 dB DEC SNR -2.000000 dB, Loss: 0.6194731593 BER: 0.3969333470
2022-03-31 22:00:44,124 auto_trainer.py INFO 203: Time for one full iteration is 2.5104 minutes
2022-03-31 22:03:27,472 auto_trainer.py INFO 202: [48/500] At ENC SNR 0.000000 dB DEC SNR -2.000000 dB, Loss: 0.6081229448 BER: 0.3935555518
2022-03-31 22:03:27,472 auto_trainer.py INFO 203: Time for one full iteration is 2.7225 minutes
2022-03-31 22:06:15,921 auto_trainer.py INFO 202: [49/500] At ENC SNR 0.000000 dB DEC SNR -2.000000 dB, Loss: 0.6141229868 BER: 0.3970666826
2022-03-31 22:06:15,922 auto_trainer.py INFO 203: Time for one full iteration is 2.8075 minutes
2022-03-31 22:08:59,962 auto_trainer.py INFO 202: [50/500] At ENC SNR 0.000000 dB DEC SNR -2.000000 dB, Loss: 0.6197229624 BER: 0.3974666595
2022-03-31 22:08:59,962 auto_trainer.py INFO 203: Time for one full iteration is 2.7340 minutes
2022-03-31 22:11:48,575 auto_trainer.py INFO 202: [51/500] At ENC SNR 0.000000 dB DEC SNR -2.000000 dB, Loss: 0.6025398374 BER: 0.3895111084
2022-03-31 22:11:48,576 auto_trainer.py INFO 203: Time for one full iteration is 2.8102 minutes
2022-03-31 22:14:21,597 auto_trainer.py INFO 202: [52/500] At ENC SNR 0.000000 dB DEC SNR -2.000000 dB, Loss: 0.6131451726 BER: 0.3934222162
2022-03-31 22:14:21,598 auto_trainer.py INFO 203: Time for one full iteration is 2.5464 minutes
2022-03-31 22:16:50,065 auto_trainer.py INFO 202: [53/500] At ENC SNR 0.000000 dB DEC SNR -2.000000 dB, Loss: 0.6085060835 BER: 0.3923999965
2022-03-31 22:16:50,065 auto_trainer.py INFO 203: Time for one full iteration is 2.4745 minutes
2022-03-31 22:19:13,129 auto_trainer.py INFO 202: [54/500] At ENC SNR 0.000000 dB DEC SNR -2.000000 dB, Loss: 0.5988340974 BER: 0.3919111192
2022-03-31 22:19:13,129 auto_trainer.py INFO 203: Time for one full iteration is 2.3844 minutes
2022-03-31 22:21:35,083 auto_trainer.py INFO 202: [55/500] At ENC SNR 0.000000 dB DEC SNR -2.000000 dB, Loss: 0.5979727507 BER: 0.3874222338
2022-03-31 22:21:35,083 auto_trainer.py INFO 203: Time for one full iteration is 2.3659 minutes
2022-03-31 22:23:57,955 auto_trainer.py INFO 202: [56/500] At ENC SNR 0.000000 dB DEC SNR -2.000000 dB, Loss: 0.6141060591 BER: 0.3935111165
2022-03-31 22:23:57,956 auto_trainer.py INFO 203: Time for one full iteration is 2.3812 minutes
2022-03-31 22:26:20,669 auto_trainer.py INFO 202: [57/500] At ENC SNR 0.000000 dB DEC SNR -2.000000 dB, Loss: 0.6169949770 BER: 0.3962666690
2022-03-31 22:26:20,670 auto_trainer.py INFO 203: Time for one full iteration is 2.3786 minutes
2022-03-31 22:28:42,434 auto_trainer.py INFO 202: [58/500] At ENC SNR 0.000000 dB DEC SNR -2.000000 dB, Loss: 0.6002838612 BER: 0.3905333281
2022-03-31 22:28:42,434 auto_trainer.py INFO 203: Time for one full iteration is 2.3627 minutes
2022-03-31 22:31:04,135 auto_trainer.py INFO 202: [59/500] At ENC SNR 0.000000 dB DEC SNR -2.000000 dB, Loss: 0.6183283329 BER: 0.3980889022
2022-03-31 22:31:04,135 auto_trainer.py INFO 203: Time for one full iteration is 2.3617 minutes
2022-03-31 22:33:25,810 auto_trainer.py INFO 202: [60/500] At ENC SNR 0.000000 dB DEC SNR -2.000000 dB, Loss: 0.6202731729 BER: 0.3958222270
2022-03-31 22:33:25,811 auto_trainer.py INFO 203: Time for one full iteration is 2.3613 minutes
2022-03-31 22:35:48,751 auto_trainer.py INFO 202: [61/500] At ENC SNR 0.000000 dB DEC SNR -2.000000 dB, Loss: 0.6103283167 BER: 0.3959999979
2022-03-31 22:35:48,751 auto_trainer.py INFO 203: Time for one full iteration is 2.3823 minutes
2022-03-31 22:38:11,464 auto_trainer.py INFO 202: [62/500] At ENC SNR 0.000000 dB DEC SNR -2.000000 dB, Loss: 0.6066394448 BER: 0.3918666840
2022-03-31 22:38:11,465 auto_trainer.py INFO 203: Time for one full iteration is 2.3751 minutes
2022-03-31 22:40:34,326 auto_trainer.py INFO 202: [63/500] At ENC SNR 0.000000 dB DEC SNR -2.000000 dB, Loss: 0.6027283072 BER: 0.3922222257
2022-03-31 22:40:34,327 auto_trainer.py INFO 203: Time for one full iteration is 2.3810 minutes
2022-03-31 22:42:56,780 auto_trainer.py INFO 202: [64/500] At ENC SNR 0.000000 dB DEC SNR -2.000000 dB, Loss: 0.6142118573 BER: 0.3929333389
2022-03-31 22:42:56,780 auto_trainer.py INFO 203: Time for one full iteration is 2.3742 minutes
2022-03-31 22:45:19,441 auto_trainer.py INFO 202: [65/500] At ENC SNR 0.000000 dB DEC SNR -2.000000 dB, Loss: 0.6059727669 BER: 0.3922222257
2022-03-31 22:45:19,441 auto_trainer.py INFO 203: Time for one full iteration is 2.3777 minutes
2022-03-31 22:47:41,550 auto_trainer.py INFO 202: [66/500] At ENC SNR 0.000000 dB DEC SNR -2.000000 dB, Loss: 0.6203007698 BER: 0.3975999951
2022-03-31 22:47:41,551 auto_trainer.py INFO 203: Time for one full iteration is 2.3685 minutes
2022-03-31 22:50:04,015 auto_trainer.py INFO 202: [67/500] At ENC SNR 0.000000 dB DEC SNR -2.000000 dB, Loss: 0.6109949946 BER: 0.3952000141
2022-03-31 22:50:04,016 auto_trainer.py INFO 203: Time for one full iteration is 2.3744 minutes
2022-03-31 22:52:26,024 auto_trainer.py INFO 202: [68/500] At ENC SNR 0.000000 dB DEC SNR -2.000000 dB, Loss: 0.6170118451 BER: 0.3970666826
2022-03-31 22:52:26,025 auto_trainer.py INFO 203: Time for one full iteration is 2.3668 minutes
2022-03-31 22:54:49,084 auto_trainer.py INFO 202: [69/500] At ENC SNR 0.000000 dB DEC SNR -2.000000 dB, Loss: 0.6248171926 BER: 0.3988444507
2022-03-31 22:54:49,085 auto_trainer.py INFO 203: Time for one full iteration is 2.3843 minutes
2022-03-31 22:57:11,257 auto_trainer.py INFO 202: [70/500] At ENC SNR 0.000000 dB DEC SNR -2.000000 dB, Loss: 0.6024171710 BER: 0.3880444467
2022-03-31 22:57:11,257 auto_trainer.py INFO 203: Time for one full iteration is 2.3695 minutes
2022-03-31 22:59:33,678 auto_trainer.py INFO 202: [71/500] At ENC SNR 0.000000 dB DEC SNR -2.000000 dB, Loss: 0.6068785191 BER: 0.3904444575
2022-03-31 22:59:33,679 auto_trainer.py INFO 203: Time for one full iteration is 2.3737 minutes
2022-03-31 23:01:57,048 auto_trainer.py INFO 202: [72/500] At ENC SNR 0.000000 dB DEC SNR -2.000000 dB, Loss: 0.6143283248 BER: 0.3933333457
2022-03-31 23:01:57,048 auto_trainer.py INFO 203: Time for one full iteration is 2.3860 minutes
2022-03-31 23:04:20,344 auto_trainer.py INFO 202: [73/500] At ENC SNR 0.000000 dB DEC SNR -2.000000 dB, Loss: 0.6048616171 BER: 0.3932888806
2022-03-31 23:04:20,344 auto_trainer.py INFO 203: Time for one full iteration is 2.3883 minutes
2022-03-31 23:06:43,116 auto_trainer.py INFO 202: [74/500] At ENC SNR 0.000000 dB DEC SNR -2.000000 dB, Loss: 0.6179283261 BER: 0.3980444372
2022-03-31 23:06:43,117 auto_trainer.py INFO 203: Time for one full iteration is 2.3795 minutes
2022-03-31 23:09:06,156 auto_trainer.py INFO 202: [75/500] At ENC SNR 0.000000 dB DEC SNR -2.000000 dB, Loss: 0.6060954332 BER: 0.3926666677
2022-03-31 23:09:06,156 auto_trainer.py INFO 203: Time for one full iteration is 2.3840 minutes
2022-03-31 23:11:28,712 auto_trainer.py INFO 202: [76/500] At ENC SNR 0.000000 dB DEC SNR -2.000000 dB, Loss: 0.6089060903 BER: 0.3880000114
2022-03-31 23:11:28,713 auto_trainer.py INFO 203: Time for one full iteration is 2.3759 minutes
2022-03-31 23:13:57,771 auto_trainer.py INFO 202: [77/500] At ENC SNR 0.000000 dB DEC SNR -2.000000 dB, Loss: 0.6207896471 BER: 0.3979555666
2022-03-31 23:13:57,772 auto_trainer.py INFO 203: Time for one full iteration is 2.4843 minutes
2022-03-31 23:16:32,402 auto_trainer.py INFO 202: [78/500] At ENC SNR 0.000000 dB DEC SNR -2.000000 dB, Loss: 0.6093949676 BER: 0.3940444589
2022-03-31 23:16:32,403 auto_trainer.py INFO 203: Time for one full iteration is 2.5772 minutes
2022-03-31 23:19:07,088 auto_trainer.py INFO 202: [79/500] At ENC SNR 0.000000 dB DEC SNR -2.000000 dB, Loss: 0.6215451956 BER: 0.3989777863
2022-03-31 23:19:07,089 auto_trainer.py INFO 203: Time for one full iteration is 2.5781 minutes
2022-03-31 23:21:31,279 auto_trainer.py INFO 202: [80/500] At ENC SNR 0.000000 dB DEC SNR -2.000000 dB, Loss: 0.6190838814 BER: 0.3951555490
2022-03-31 23:21:31,280 auto_trainer.py INFO 203: Time for one full iteration is 2.4032 minutes
2022-03-31 23:23:53,298 auto_trainer.py INFO 202: [81/500] At ENC SNR 0.000000 dB DEC SNR -2.000000 dB, Loss: 0.6061674356 BER: 0.3903999925
2022-03-31 23:23:53,298 auto_trainer.py INFO 203: Time for one full iteration is 2.3670 minutes
2022-03-31 23:26:15,535 auto_trainer.py INFO 202: [82/500] At ENC SNR 0.000000 dB DEC SNR -2.000000 dB, Loss: 0.6034838557 BER: 0.3910222352
2022-03-31 23:26:15,536 auto_trainer.py INFO 203: Time for one full iteration is 2.3660 minutes
2022-03-31 23:28:37,435 auto_trainer.py INFO 202: [83/500] At ENC SNR 0.000000 dB DEC SNR -2.000000 dB, Loss: 0.6157060862 BER: 0.3959111273
2022-03-31 23:28:37,436 auto_trainer.py INFO 203: Time for one full iteration is 2.3650 minutes
2022-03-31 23:30:59,314 auto_trainer.py INFO 202: [84/500] At ENC SNR 0.000000 dB DEC SNR -2.000000 dB, Loss: 0.6136616468 BER: 0.3961333334
2022-03-31 23:30:59,314 auto_trainer.py INFO 203: Time for one full iteration is 2.3646 minutes
2022-03-31 23:33:21,208 auto_trainer.py INFO 202: [85/500] At ENC SNR 0.000000 dB DEC SNR -2.000000 dB, Loss: 0.6036340594 BER: 0.3907111287
2022-03-31 23:33:21,209 auto_trainer.py INFO 203: Time for one full iteration is 2.3649 minutes
2022-03-31 23:35:43,254 auto_trainer.py INFO 202: [86/500] At ENC SNR 0.000000 dB DEC SNR -2.000000 dB, Loss: 0.6099283099 BER: 0.3924888968
2022-03-31 23:35:43,255 auto_trainer.py INFO 203: Time for one full iteration is 2.3674 minutes
2022-03-31 23:38:05,800 auto_trainer.py INFO 202: [87/500] At ENC SNR 0.000000 dB DEC SNR -2.000000 dB, Loss: 0.6081567407 BER: 0.3923999965
2022-03-31 23:38:05,801 auto_trainer.py INFO 203: Time for one full iteration is 2.3758 minutes
2022-03-31 23:40:28,114 auto_trainer.py INFO 202: [88/500] At ENC SNR 0.000000 dB DEC SNR -2.000000 dB, Loss: 0.6097061038 BER: 0.3922222257
2022-03-31 23:40:28,114 auto_trainer.py INFO 203: Time for one full iteration is 2.3719 minutes
2022-03-31 23:42:49,902 auto_trainer.py INFO 202: [89/500] At ENC SNR 0.000000 dB DEC SNR -2.000000 dB, Loss: 0.6098394394 BER: 0.3914222121
2022-03-31 23:42:49,902 auto_trainer.py INFO 203: Time for one full iteration is 2.3631 minutes
2022-03-31 23:45:11,862 auto_trainer.py INFO 202: [90/500] At ENC SNR 0.000000 dB DEC SNR -2.000000 dB, Loss: 0.6102011800 BER: 0.3949333429
2022-03-31 23:45:11,863 auto_trainer.py INFO 203: Time for one full iteration is 2.3660 minutes
2022-03-31 23:47:33,831 auto_trainer.py INFO 202: [91/500] At ENC SNR 0.000000 dB DEC SNR -2.000000 dB, Loss: 0.6073060632 BER: 0.3917777836
2022-03-31 23:47:33,832 auto_trainer.py INFO 203: Time for one full iteration is 2.3662 minutes
2022-03-31 23:49:56,940 auto_trainer.py INFO 202: [92/500] At ENC SNR 0.000000 dB DEC SNR -2.000000 dB, Loss: 0.6110118628 BER: 0.3940888941
2022-03-31 23:49:56,940 auto_trainer.py INFO 203: Time for one full iteration is 2.3818 minutes
2022-03-31 23:52:19,507 auto_trainer.py INFO 202: [93/500] At ENC SNR 0.000000 dB DEC SNR -2.000000 dB, Loss: 0.6057505012 BER: 0.3926222324
2022-03-31 23:52:19,508 auto_trainer.py INFO 203: Time for one full iteration is 2.3761 minutes
2022-03-31 23:54:41,280 auto_trainer.py INFO 202: [94/500] At ENC SNR 0.000000 dB DEC SNR -2.000000 dB, Loss: 0.6121060848 BER: 0.3939111233
2022-03-31 23:54:41,281 auto_trainer.py INFO 203: Time for one full iteration is 2.3629 minutes
2022-03-31 23:57:03,126 auto_trainer.py INFO 202: [95/500] At ENC SNR 0.000000 dB DEC SNR -2.000000 dB, Loss: 0.6114394069 BER: 0.3952000141
2022-03-31 23:57:03,126 auto_trainer.py INFO 203: Time for one full iteration is 2.3641 minutes
2022-03-31 23:59:24,931 auto_trainer.py INFO 202: [96/500] At ENC SNR 0.000000 dB DEC SNR -2.000000 dB, Loss: 0.6115176082 BER: 0.3952000141
2022-03-31 23:59:24,931 auto_trainer.py INFO 203: Time for one full iteration is 2.3634 minutes
2022-04-01 00:01:47,160 auto_trainer.py INFO 202: [97/500] At ENC SNR 0.000000 dB DEC SNR -2.000000 dB, Loss: 0.6082838774 BER: 0.3924444616
2022-04-01 00:01:47,161 auto_trainer.py INFO 203: Time for one full iteration is 2.3705 minutes
2022-04-01 00:04:08,966 auto_trainer.py INFO 202: [98/500] At ENC SNR 0.000000 dB DEC SNR -2.000000 dB, Loss: 0.6031451821 BER: 0.3909333348
2022-04-01 00:04:08,967 auto_trainer.py INFO 203: Time for one full iteration is 2.3634 minutes
2022-04-01 00:06:30,794 auto_trainer.py INFO 202: [99/500] At ENC SNR 0.000000 dB DEC SNR -2.000000 dB, Loss: 0.6114562750 BER: 0.3935555518
2022-04-01 00:06:30,795 auto_trainer.py INFO 203: Time for one full iteration is 2.3638 minutes
2022-04-01 00:08:53,883 auto_trainer.py INFO 202: [100/500] At ENC SNR 0.000000 dB DEC SNR -2.000000 dB, Loss: 0.6187282801 BER: 0.3968888819
2022-04-01 00:08:53,884 auto_trainer.py INFO 203: Time for one full iteration is 2.3848 minutes
2022-04-01 00:11:15,831 auto_trainer.py INFO 202: [101/500] At ENC SNR 0.000000 dB DEC SNR -2.000000 dB, Loss: 0.6159727573 BER: 0.3965333402
2022-04-01 00:11:15,831 auto_trainer.py INFO 203: Time for one full iteration is 2.3658 minutes
2022-04-01 00:13:44,599 auto_trainer.py INFO 202: [102/500] At ENC SNR 0.000000 dB DEC SNR -2.000000 dB, Loss: 0.6207007170 BER: 0.3980444372
2022-04-01 00:13:44,600 auto_trainer.py INFO 203: Time for one full iteration is 2.4760 minutes
2022-04-01 00:16:13,078 auto_trainer.py INFO 202: [103/500] At ENC SNR 0.000000 dB DEC SNR -2.000000 dB, Loss: 0.6174838543 BER: 0.3958666623
2022-04-01 00:16:13,078 auto_trainer.py INFO 203: Time for one full iteration is 2.4746 minutes
2022-04-01 00:18:50,359 auto_trainer.py INFO 202: [104/500] At ENC SNR 0.000000 dB DEC SNR -2.000000 dB, Loss: 0.6155727506 BER: 0.3953333497
2022-04-01 00:18:50,359 auto_trainer.py INFO 203: Time for one full iteration is 2.6213 minutes
2022-04-01 00:21:28,088 auto_trainer.py INFO 202: [105/500] At ENC SNR 0.000000 dB DEC SNR -2.000000 dB, Loss: 0.6086394191 BER: 0.3920888901
2022-04-01 00:21:28,088 auto_trainer.py INFO 203: Time for one full iteration is 2.6288 minutes
2022-04-01 00:24:02,768 auto_trainer.py INFO 202: [106/500] At ENC SNR 0.000000 dB DEC SNR -2.000000 dB, Loss: 0.6145060658 BER: 0.3957333267
2022-04-01 00:24:02,769 auto_trainer.py INFO 203: Time for one full iteration is 2.5780 minutes
2022-04-01 00:26:31,774 auto_trainer.py INFO 202: [107/500] At ENC SNR 0.000000 dB DEC SNR -2.000000 dB, Loss: 0.6128171682 BER: 0.3973333240
2022-04-01 00:26:31,775 auto_trainer.py INFO 203: Time for one full iteration is 2.4834 minutes
2022-04-01 00:29:01,253 auto_trainer.py INFO 202: [108/500] At ENC SNR 0.000000 dB DEC SNR -2.000000 dB, Loss: 0.6126118302 BER: 0.3944444358
2022-04-01 00:29:01,254 auto_trainer.py INFO 203: Time for one full iteration is 2.4913 minutes
2022-04-01 00:31:31,240 auto_trainer.py INFO 202: [109/500] At ENC SNR 0.000000 dB DEC SNR -2.000000 dB, Loss: 0.6099283099 BER: 0.3923111260
2022-04-01 00:31:31,240 auto_trainer.py INFO 203: Time for one full iteration is 2.4998 minutes
2022-04-01 00:34:01,597 auto_trainer.py INFO 202: [110/500] At ENC SNR 0.000000 dB DEC SNR -2.000000 dB, Loss: 0.6129674315 BER: 0.3951555490
2022-04-01 00:34:01,597 auto_trainer.py INFO 203: Time for one full iteration is 2.5059 minutes
2022-04-01 00:36:31,232 auto_trainer.py INFO 202: [111/500] At ENC SNR 0.000000 dB DEC SNR -2.000000 dB, Loss: 0.6073229909 BER: 0.3926222324
2022-04-01 00:36:31,233 auto_trainer.py INFO 203: Time for one full iteration is 2.4939 minutes
2022-04-01 00:39:02,823 auto_trainer.py INFO 202: [112/500] At ENC SNR 0.000000 dB DEC SNR -2.000000 dB, Loss: 0.6056784987 BER: 0.3927111030
2022-04-01 00:39:02,824 auto_trainer.py INFO 203: Time for one full iteration is 2.5229 minutes
2022-04-01 00:41:34,821 auto_trainer.py INFO 202: [113/500] At ENC SNR 0.000000 dB DEC SNR -2.000000 dB, Loss: 0.6069060564 BER: 0.3928444386
2022-04-01 00:41:34,822 auto_trainer.py INFO 203: Time for one full iteration is 2.5333 minutes
2022-04-01 00:44:05,448 auto_trainer.py INFO 202: [114/500] At ENC SNR 0.000000 dB DEC SNR -2.000000 dB, Loss: 0.6151007414 BER: 0.3975999951
2022-04-01 00:44:05,449 auto_trainer.py INFO 203: Time for one full iteration is 2.5105 minutes
2022-04-01 00:46:36,132 auto_trainer.py INFO 202: [115/500] At ENC SNR 0.000000 dB DEC SNR -2.000000 dB, Loss: 0.6012172103 BER: 0.3899555504
2022-04-01 00:46:36,133 auto_trainer.py INFO 203: Time for one full iteration is 2.5114 minutes
2022-04-01 00:49:06,075 auto_trainer.py INFO 202: [116/500] At ENC SNR 0.000000 dB DEC SNR -2.000000 dB, Loss: 0.6015896201 BER: 0.3898222148
2022-04-01 00:49:06,076 auto_trainer.py INFO 203: Time for one full iteration is 2.4990 minutes
2022-04-01 00:51:35,729 auto_trainer.py INFO 202: [117/500] At ENC SNR 0.000000 dB DEC SNR -2.000000 dB, Loss: 0.6167789698 BER: 0.3980889022
2022-04-01 00:51:35,730 auto_trainer.py INFO 203: Time for one full iteration is 2.4942 minutes
2022-04-01 00:54:05,740 auto_trainer.py INFO 202: [118/500] At ENC SNR 0.000000 dB DEC SNR -2.000000 dB, Loss: 0.5977949500 BER: 0.3894666731
2022-04-01 00:54:05,741 auto_trainer.py INFO 203: Time for one full iteration is 2.5002 minutes
2022-04-01 00:56:36,417 auto_trainer.py INFO 202: [119/500] At ENC SNR 0.000000 dB DEC SNR -2.000000 dB, Loss: 0.6086838841 BER: 0.3908888996
2022-04-01 00:56:36,417 auto_trainer.py INFO 203: Time for one full iteration is 2.5113 minutes
2022-04-01 00:59:07,058 auto_trainer.py INFO 202: [120/500] At ENC SNR 0.000000 dB DEC SNR -2.000000 dB, Loss: 0.6135451794 BER: 0.3948889077
2022-04-01 00:59:07,059 auto_trainer.py INFO 203: Time for one full iteration is 2.5107 minutes
2022-04-01 01:01:50,611 auto_trainer.py INFO 202: [121/500] At ENC SNR 0.000000 dB DEC SNR -2.000000 dB, Loss: 0.5992785096 BER: 0.3910666704
2022-04-01 01:01:50,611 auto_trainer.py INFO 203: Time for one full iteration is 2.7259 minutes
2022-04-01 01:04:23,939 auto_trainer.py INFO 202: [122/500] At ENC SNR 0.000000 dB DEC SNR -2.000000 dB, Loss: 0.6038563251 BER: 0.3903999925
2022-04-01 01:04:23,939 auto_trainer.py INFO 203: Time for one full iteration is 2.5513 minutes
2022-04-01 01:06:54,908 auto_trainer.py INFO 202: [123/500] At ENC SNR 0.000000 dB DEC SNR -2.000000 dB, Loss: 0.6055007577 BER: 0.3942666650
2022-04-01 01:06:54,909 auto_trainer.py INFO 203: Time for one full iteration is 2.5162 minutes
2022-04-01 01:09:25,706 auto_trainer.py INFO 202: [124/500] At ENC SNR 0.000000 dB DEC SNR -2.000000 dB, Loss: 0.6160172224 BER: 0.3952888846
2022-04-01 01:09:25,707 auto_trainer.py INFO 203: Time for one full iteration is 2.5133 minutes
2022-04-01 01:11:56,710 auto_trainer.py INFO 202: [125/500] At ENC SNR 0.000000 dB DEC SNR -2.000000 dB, Loss: 0.5997505188 BER: 0.3883111179
2022-04-01 01:11:56,711 auto_trainer.py INFO 203: Time for one full iteration is 2.5167 minutes
2022-04-01 01:14:27,462 auto_trainer.py INFO 202: [126/500] At ENC SNR 0.000000 dB DEC SNR -2.000000 dB, Loss: 0.6068171859 BER: 0.3919111192
2022-04-01 01:14:27,462 auto_trainer.py INFO 203: Time for one full iteration is 2.5125 minutes
2022-04-01 01:16:57,906 auto_trainer.py INFO 202: [127/500] At ENC SNR 0.000000 dB DEC SNR -2.000000 dB, Loss: 0.6137229800 BER: 0.3934222162
2022-04-01 01:16:57,906 auto_trainer.py INFO 203: Time for one full iteration is 2.5074 minutes
2022-04-01 01:19:28,423 auto_trainer.py INFO 202: [128/500] At ENC SNR 0.000000 dB DEC SNR -2.000000 dB, Loss: 0.5987282991 BER: 0.3890666664
2022-04-01 01:19:28,423 auto_trainer.py INFO 203: Time for one full iteration is 2.5086 minutes
2022-04-01 01:22:04,491 auto_trainer.py INFO 202: [129/500] At ENC SNR 0.000000 dB DEC SNR -2.000000 dB, Loss: 0.6127727628 BER: 0.3971111178
2022-04-01 01:22:04,492 auto_trainer.py INFO 203: Time for one full iteration is 2.6011 minutes
2022-04-01 01:24:43,742 auto_trainer.py INFO 202: [130/500] At ENC SNR 0.000000 dB DEC SNR -2.000000 dB, Loss: 0.6166118383 BER: 0.3966666758
2022-04-01 01:24:43,742 auto_trainer.py INFO 203: Time for one full iteration is 2.6542 minutes
2022-04-01 01:27:23,435 auto_trainer.py INFO 202: [131/500] At ENC SNR 0.000000 dB DEC SNR -2.000000 dB, Loss: 0.5988678336 BER: 0.3893333375
2022-04-01 01:27:23,435 auto_trainer.py INFO 203: Time for one full iteration is 2.6615 minutes
2022-04-01 01:29:54,350 auto_trainer.py INFO 202: [132/500] At ENC SNR 0.000000 dB DEC SNR -2.000000 dB, Loss: 0.6140616536 BER: 0.3949777782
2022-04-01 01:29:54,350 auto_trainer.py INFO 203: Time for one full iteration is 2.5067 minutes
2022-04-01 01:32:24,742 auto_trainer.py INFO 202: [133/500] At ENC SNR 0.000000 dB DEC SNR -2.000000 dB, Loss: 0.6065061092 BER: 0.3939999938
2022-04-01 01:32:24,742 auto_trainer.py INFO 203: Time for one full iteration is 2.5065 minutes
2022-04-01 01:34:57,048 auto_trainer.py INFO 202: [134/500] At ENC SNR 0.000000 dB DEC SNR -2.000000 dB, Loss: 0.6243620515 BER: 0.3972444534
2022-04-01 01:34:57,049 auto_trainer.py INFO 203: Time for one full iteration is 2.5384 minutes
2022-04-01 01:37:38,927 auto_trainer.py INFO 202: [135/500] At ENC SNR 0.000000 dB DEC SNR -2.000000 dB, Loss: 0.6026287675 BER: 0.3899111152
2022-04-01 01:37:38,928 auto_trainer.py INFO 203: Time for one full iteration is 2.6980 minutes
2022-04-01 01:40:08,030 auto_trainer.py INFO 202: [136/500] At ENC SNR 0.000000 dB DEC SNR -2.000000 dB, Loss: 0.6136171818 BER: 0.3967111111
2022-04-01 01:40:08,031 auto_trainer.py INFO 203: Time for one full iteration is 2.4850 minutes
2022-04-01 01:42:38,195 auto_trainer.py INFO 202: [137/500] At ENC SNR 0.000000 dB DEC SNR -2.000000 dB, Loss: 0.6129060984 BER: 0.3942666650
2022-04-01 01:42:38,196 auto_trainer.py INFO 203: Time for one full iteration is 2.5028 minutes
2022-04-01 01:45:09,149 auto_trainer.py INFO 202: [138/500] At ENC SNR 0.000000 dB DEC SNR -2.000000 dB, Loss: 0.6333674788 BER: 0.4026222229
2022-04-01 01:45:09,150 auto_trainer.py INFO 203: Time for one full iteration is 2.5159 minutes
2022-04-01 01:47:38,538 auto_trainer.py INFO 202: [139/500] At ENC SNR 0.000000 dB DEC SNR -2.000000 dB, Loss: 0.6113505363 BER: 0.3937333524
2022-04-01 01:47:38,539 auto_trainer.py INFO 203: Time for one full iteration is 2.4898 minutes
2022-04-01 01:50:09,314 auto_trainer.py INFO 202: [140/500] At ENC SNR 0.000000 dB DEC SNR -2.000000 dB, Loss: 0.6157949567 BER: 0.3984888792
2022-04-01 01:50:09,315 auto_trainer.py INFO 203: Time for one full iteration is 2.5129 minutes
2022-04-01 01:52:39,909 auto_trainer.py INFO 202: [141/500] At ENC SNR 0.000000 dB DEC SNR -2.000000 dB, Loss: 0.6051007509 BER: 0.3908888996
2022-04-01 01:52:39,909 auto_trainer.py INFO 203: Time for one full iteration is 2.5099 minutes
2022-04-01 01:55:11,438 auto_trainer.py INFO 202: [142/500] At ENC SNR 0.000000 dB DEC SNR -2.000000 dB, Loss: 0.6109060645 BER: 0.3936888874
2022-04-01 01:55:11,439 auto_trainer.py INFO 203: Time for one full iteration is 2.5214 minutes
2022-04-01 01:57:42,349 auto_trainer.py INFO 202: [143/500] At ENC SNR 0.000000 dB DEC SNR -2.000000 dB, Loss: 0.6193567514 BER: 0.3972444534
2022-04-01 01:57:42,349 auto_trainer.py INFO 203: Time for one full iteration is 2.5152 minutes
2022-04-01 02:00:13,601 auto_trainer.py INFO 202: [144/500] At ENC SNR 0.000000 dB DEC SNR -2.000000 dB, Loss: 0.6133949757 BER: 0.3957777917
2022-04-01 02:00:13,601 auto_trainer.py INFO 203: Time for one full iteration is 2.5209 minutes
2022-04-01 02:02:45,019 auto_trainer.py INFO 202: [145/500] At ENC SNR 0.000000 dB DEC SNR -2.000000 dB, Loss: 0.6107451916 BER: 0.3925777674
2022-04-01 02:02:45,019 auto_trainer.py INFO 203: Time for one full iteration is 2.5236 minutes
2022-04-01 02:05:15,483 auto_trainer.py INFO 202: [146/500] At ENC SNR 0.000000 dB DEC SNR -2.000000 dB, Loss: 0.6136340499 BER: 0.3914222121
2022-04-01 02:05:15,483 auto_trainer.py INFO 203: Time for one full iteration is 2.5077 minutes
2022-04-01 02:07:45,536 auto_trainer.py INFO 202: [147/500] At ENC SNR 0.000000 dB DEC SNR -2.000000 dB, Loss: 0.6172171831 BER: 0.3967555463
2022-04-01 02:07:45,536 auto_trainer.py INFO 203: Time for one full iteration is 2.5009 minutes
2022-04-01 02:10:22,611 auto_trainer.py INFO 202: [148/500] At ENC SNR 0.000000 dB DEC SNR -2.000000 dB, Loss: 0.6226394176 BER: 0.3972000182
2022-04-01 02:10:22,611 auto_trainer.py INFO 203: Time for one full iteration is 2.6179 minutes
2022-04-01 02:13:02,462 auto_trainer.py INFO 202: [149/500] At ENC SNR 0.000000 dB DEC SNR -2.000000 dB, Loss: 0.6093398333 BER: 0.3952000141
2022-04-01 02:13:02,463 auto_trainer.py INFO 203: Time for one full iteration is 2.6642 minutes
2022-04-01 02:15:32,287 auto_trainer.py INFO 202: [150/500] At ENC SNR 0.000000 dB DEC SNR -2.000000 dB, Loss: 0.6136171818 BER: 0.3948000073
2022-04-01 02:15:32,288 auto_trainer.py INFO 203: Time for one full iteration is 2.4971 minutes
2022-04-01 02:18:02,413 auto_trainer.py INFO 202: [151/500] At ENC SNR 0.000000 dB DEC SNR -2.000000 dB, Loss: 0.6212616563 BER: 0.3991555572
2022-04-01 02:18:02,414 auto_trainer.py INFO 203: Time for one full iteration is 2.5021 minutes
2022-04-01 02:20:33,152 auto_trainer.py INFO 202: [152/500] At ENC SNR 0.000000 dB DEC SNR -2.000000 dB, Loss: 0.6160616279 BER: 0.3973333240
2022-04-01 02:20:33,153 auto_trainer.py INFO 203: Time for one full iteration is 2.5082 minutes
2022-04-01 02:23:03,697 auto_trainer.py INFO 202: [153/500] At ENC SNR 0.000000 dB DEC SNR -2.000000 dB, Loss: 0.6107283235 BER: 0.3945777714
2022-04-01 02:23:03,698 auto_trainer.py INFO 203: Time for one full iteration is 2.5091 minutes
2022-04-01 02:25:34,611 auto_trainer.py INFO 202: [154/500] At ENC SNR 0.000000 dB DEC SNR -2.000000 dB, Loss: 0.5968785286 BER: 0.3908444345
2022-04-01 02:25:34,612 auto_trainer.py INFO 203: Time for one full iteration is 2.5152 minutes
2022-04-01 02:28:05,954 auto_trainer.py INFO 202: [155/500] At ENC SNR 0.000000 dB DEC SNR -2.000000 dB, Loss: 0.6025505066 BER: 0.3922666609
2022-04-01 02:28:05,954 auto_trainer.py INFO 203: Time for one full iteration is 2.5224 minutes
2022-04-01 02:30:37,418 auto_trainer.py INFO 202: [156/500] At ENC SNR 0.000000 dB DEC SNR -2.000000 dB, Loss: 0.6155727506 BER: 0.3952000141
2022-04-01 02:30:37,419 auto_trainer.py INFO 203: Time for one full iteration is 2.5244 minutes
2022-04-01 02:33:08,866 auto_trainer.py INFO 202: [157/500] At ENC SNR 0.000000 dB DEC SNR -2.000000 dB, Loss: 0.6138287187 BER: 0.3958666623
2022-04-01 02:33:08,866 auto_trainer.py INFO 203: Time for one full iteration is 2.5241 minutes
2022-04-01 02:35:43,981 auto_trainer.py INFO 202: [158/500] At ENC SNR 0.000000 dB DEC SNR -2.000000 dB, Loss: 0.5952171683 BER: 0.3880000114
2022-04-01 02:35:43,982 auto_trainer.py INFO 203: Time for one full iteration is 2.5853 minutes
2022-04-01 02:38:22,291 auto_trainer.py INFO 202: [159/500] At ENC SNR 0.000000 dB DEC SNR -2.000000 dB, Loss: 0.6222838759 BER: 0.3987555504
2022-04-01 02:38:22,291 auto_trainer.py INFO 203: Time for one full iteration is 2.6385 minutes
2022-04-01 02:40:56,878 auto_trainer.py INFO 202: [160/500] At ENC SNR 0.000000 dB DEC SNR -2.000000 dB, Loss: 0.6096341014 BER: 0.3933333457
2022-04-01 02:40:56,879 auto_trainer.py INFO 203: Time for one full iteration is 2.5765 minutes
2022-04-01 02:43:27,643 auto_trainer.py INFO 202: [161/500] At ENC SNR 0.000000 dB DEC SNR -2.000000 dB, Loss: 0.6006287336 BER: 0.3890222311
2022-04-01 02:43:27,643 auto_trainer.py INFO 203: Time for one full iteration is 2.5127 minutes
2022-04-01 02:46:11,262 auto_trainer.py INFO 202: [162/500] At ENC SNR 0.000000 dB DEC SNR -2.000000 dB, Loss: 0.6144171953 BER: 0.3958222270
2022-04-01 02:46:11,263 auto_trainer.py INFO 203: Time for one full iteration is 2.7221 minutes
2022-04-01 02:48:45,514 auto_trainer.py INFO 202: [163/500] At ENC SNR 0.000000 dB DEC SNR -2.000000 dB, Loss: 0.6191727519 BER: 0.3983111084
2022-04-01 02:48:45,514 auto_trainer.py INFO 203: Time for one full iteration is 2.5709 minutes
2022-04-01 02:51:14,508 auto_trainer.py INFO 202: [164/500] At ENC SNR 0.000000 dB DEC SNR -2.000000 dB, Loss: 0.6159451604 BER: 0.3955111206
2022-04-01 02:51:14,508 auto_trainer.py INFO 203: Time for one full iteration is 2.4832 minutes
2022-04-01 02:53:43,886 auto_trainer.py INFO 202: [165/500] At ENC SNR 0.000000 dB DEC SNR -2.000000 dB, Loss: 0.6054838896 BER: 0.3910666704
2022-04-01 02:53:43,887 auto_trainer.py INFO 203: Time for one full iteration is 2.4896 minutes
2022-04-01 02:56:12,805 auto_trainer.py INFO 202: [166/500] At ENC SNR 0.000000 dB DEC SNR -2.000000 dB, Loss: 0.6095896363 BER: 0.3924444616
2022-04-01 02:56:12,806 auto_trainer.py INFO 203: Time for one full iteration is 2.4820 minutes
2022-04-01 02:58:42,444 auto_trainer.py INFO 202: [167/500] At ENC SNR 0.000000 dB DEC SNR -2.000000 dB, Loss: 0.6027451754 BER: 0.3894222379
2022-04-01 02:58:42,445 auto_trainer.py INFO 203: Time for one full iteration is 2.4940 minutes
2022-04-01 03:01:12,754 auto_trainer.py INFO 202: [168/500] At ENC SNR 0.000000 dB DEC SNR -2.000000 dB, Loss: 0.6033949852 BER: 0.3932000101
2022-04-01 03:01:12,755 auto_trainer.py INFO 203: Time for one full iteration is 2.5052 minutes
2022-04-01 03:03:42,921 auto_trainer.py INFO 202: [169/500] At ENC SNR 0.000000 dB DEC SNR -2.000000 dB, Loss: 0.6049842834 BER: 0.3925333321
2022-04-01 03:03:42,921 auto_trainer.py INFO 203: Time for one full iteration is 2.5028 minutes
2022-04-01 03:06:13,491 auto_trainer.py INFO 202: [170/500] At ENC SNR 0.000000 dB DEC SNR -2.000000 dB, Loss: 0.6008172035 BER: 0.3888444602
2022-04-01 03:06:13,492 auto_trainer.py INFO 203: Time for one full iteration is 2.5095 minutes
2022-04-01 03:08:43,403 auto_trainer.py INFO 202: [171/500] At ENC SNR 0.000000 dB DEC SNR -2.000000 dB, Loss: 0.6052785516 BER: 0.3908444345
2022-04-01 03:08:43,404 auto_trainer.py INFO 203: Time for one full iteration is 2.4985 minutes
2022-04-01 03:11:14,431 auto_trainer.py INFO 202: [172/500] At ENC SNR 0.000000 dB DEC SNR -2.000000 dB, Loss: 0.6115176082 BER: 0.3966666758
2022-04-01 03:11:14,432 auto_trainer.py INFO 203: Time for one full iteration is 2.5128 minutes
2022-04-01 03:13:45,290 auto_trainer.py INFO 202: [173/500] At ENC SNR 0.000000 dB DEC SNR -2.000000 dB, Loss: 0.6205505133 BER: 0.4000000060
2022-04-01 03:13:45,290 auto_trainer.py INFO 203: Time for one full iteration is 2.5143 minutes
2022-04-01 03:16:16,258 auto_trainer.py INFO 202: [174/500] At ENC SNR 0.000000 dB DEC SNR -2.000000 dB, Loss: 0.6232616305 BER: 0.3976444602
2022-04-01 03:16:16,258 auto_trainer.py INFO 203: Time for one full iteration is 2.5161 minutes
2022-04-01 03:18:46,978 auto_trainer.py INFO 202: [175/500] At ENC SNR 0.000000 dB DEC SNR -2.000000 dB, Loss: 0.6127176285 BER: 0.3928000033
2022-04-01 03:18:46,978 auto_trainer.py INFO 203: Time for one full iteration is 2.5120 minutes
2022-04-01 03:21:35,879 auto_trainer.py INFO 202: [176/500] At ENC SNR 0.000000 dB DEC SNR -2.000000 dB, Loss: 0.6012785435 BER: 0.3897333443
2022-04-01 03:21:35,879 auto_trainer.py INFO 203: Time for one full iteration is 2.8150 minutes
2022-04-01 03:24:02,836 auto_trainer.py INFO 202: [177/500] At ENC SNR 0.000000 dB DEC SNR -2.000000 dB, Loss: 0.6178838611 BER: 0.3987555504
2022-04-01 03:24:02,837 auto_trainer.py INFO 203: Time for one full iteration is 2.4493 minutes
2022-04-01 03:26:35,918 auto_trainer.py INFO 202: [178/500] At ENC SNR 0.000000 dB DEC SNR -2.000000 dB, Loss: 0.6097061038 BER: 0.3955111206
2022-04-01 03:26:35,919 auto_trainer.py INFO 203: Time for one full iteration is 2.5514 minutes
2022-04-01 03:29:06,802 auto_trainer.py INFO 202: [179/500] At ENC SNR 0.000000 dB DEC SNR -2.000000 dB, Loss: 0.6111007333 BER: 0.3953777850
2022-04-01 03:29:06,803 auto_trainer.py INFO 203: Time for one full iteration is 2.5147 minutes
2022-04-01 03:31:29,867 auto_trainer.py INFO 202: [180/500] At ENC SNR 0.000000 dB DEC SNR -2.000000 dB, Loss: 0.6077950001 BER: 0.3945777714
2022-04-01 03:31:29,867 auto_trainer.py INFO 203: Time for one full iteration is 2.3844 minutes
2022-04-01 03:33:52,540 auto_trainer.py INFO 202: [181/500] At ENC SNR 0.000000 dB DEC SNR -2.000000 dB, Loss: 0.6117505431 BER: 0.3940888941
2022-04-01 03:33:52,541 auto_trainer.py INFO 203: Time for one full iteration is 2.3779 minutes
2022-04-01 03:36:15,013 auto_trainer.py INFO 202: [182/500] At ENC SNR 0.000000 dB DEC SNR -2.000000 dB, Loss: 0.6190118790 BER: 0.3961777687
2022-04-01 03:36:15,014 auto_trainer.py INFO 203: Time for one full iteration is 2.3707 minutes
2022-04-01 03:38:38,585 auto_trainer.py INFO 202: [183/500] At ENC SNR 0.000000 dB DEC SNR -2.000000 dB, Loss: 0.6092616320 BER: 0.3946222365
2022-04-01 03:38:38,585 auto_trainer.py INFO 203: Time for one full iteration is 2.3929 minutes
2022-04-01 03:41:00,508 auto_trainer.py INFO 202: [184/500] At ENC SNR 0.000000 dB DEC SNR -2.000000 dB, Loss: 0.6233505011 BER: 0.3958222270
2022-04-01 03:41:00,508 auto_trainer.py INFO 203: Time for one full iteration is 2.3654 minutes
2022-04-01 03:43:22,335 auto_trainer.py INFO 202: [185/500] At ENC SNR 0.000000 dB DEC SNR -2.000000 dB, Loss: 0.6122838855 BER: 0.3929777741
2022-04-01 03:43:22,336 auto_trainer.py INFO 203: Time for one full iteration is 2.3638 minutes
2022-04-01 03:45:45,285 auto_trainer.py INFO 202: [186/500] At ENC SNR 0.000000 dB DEC SNR -2.000000 dB, Loss: 0.6119896173 BER: 0.3967555463
2022-04-01 03:45:45,286 auto_trainer.py INFO 203: Time for one full iteration is 2.3825 minutes
2022-04-01 03:48:07,133 auto_trainer.py INFO 202: [187/500] At ENC SNR 0.000000 dB DEC SNR -2.000000 dB, Loss: 0.6114287376 BER: 0.3933333457
2022-04-01 03:48:07,134 auto_trainer.py INFO 203: Time for one full iteration is 2.3641 minutes
2022-04-01 03:50:29,178 auto_trainer.py INFO 202: [188/500] At ENC SNR 0.000000 dB DEC SNR -2.000000 dB, Loss: 0.6118394136 BER: 0.3954222202
2022-04-01 03:50:29,179 auto_trainer.py INFO 203: Time for one full iteration is 2.3674 minutes
2022-04-01 03:52:51,606 auto_trainer.py INFO 202: [189/500] At ENC SNR 0.000000 dB DEC SNR -2.000000 dB, Loss: 0.6144785285 BER: 0.3928444386
2022-04-01 03:52:51,607 auto_trainer.py INFO 203: Time for one full iteration is 2.3738 minutes
2022-04-01 03:55:14,896 auto_trainer.py INFO 202: [190/500] At ENC SNR 0.000000 dB DEC SNR -2.000000 dB, Loss: 0.6168785095 BER: 0.3978222311
2022-04-01 03:55:14,897 auto_trainer.py INFO 203: Time for one full iteration is 2.3882 minutes
2022-04-01 03:57:37,274 auto_trainer.py INFO 202: [191/500] At ENC SNR 0.000000 dB DEC SNR -2.000000 dB, Loss: 0.6109505296 BER: 0.3922222257
2022-04-01 03:57:37,275 auto_trainer.py INFO 203: Time for one full iteration is 2.3730 minutes
2022-04-01 04:00:00,413 auto_trainer.py INFO 202: [192/500] At ENC SNR 0.000000 dB DEC SNR -2.000000 dB, Loss: 0.6051176190 BER: 0.3940888941
2022-04-01 04:00:00,414 auto_trainer.py INFO 203: Time for one full iteration is 2.3818 minutes
2022-04-01 04:02:23,000 auto_trainer.py INFO 202: [193/500] At ENC SNR 0.000000 dB DEC SNR -2.000000 dB, Loss: 0.6015896201 BER: 0.3882666826
2022-04-01 04:02:23,001 auto_trainer.py INFO 203: Time for one full iteration is 2.3764 minutes
2022-04-01 04:04:46,379 auto_trainer.py INFO 202: [194/500] At ENC SNR 0.000000 dB DEC SNR -2.000000 dB, Loss: 0.6027896404 BER: 0.3900888860
2022-04-01 04:04:46,380 auto_trainer.py INFO 203: Time for one full iteration is 2.3896 minutes
2022-04-01 04:07:10,067 auto_trainer.py INFO 202: [195/500] At ENC SNR 0.000000 dB DEC SNR -2.000000 dB, Loss: 0.6203283072 BER: 0.3966666758
2022-04-01 04:07:10,068 auto_trainer.py INFO 203: Time for one full iteration is 2.3948 minutes
2022-04-01 04:09:32,893 auto_trainer.py INFO 202: [196/500] At ENC SNR 0.000000 dB DEC SNR -2.000000 dB, Loss: 0.6191452146 BER: 0.3966666758
2022-04-01 04:09:32,893 auto_trainer.py INFO 203: Time for one full iteration is 2.3804 minutes
2022-04-01 04:12:03,381 auto_trainer.py INFO 202: [197/500] At ENC SNR 0.000000 dB DEC SNR -2.000000 dB, Loss: 0.6278118491 BER: 0.4008888900
2022-04-01 04:12:03,381 auto_trainer.py INFO 203: Time for one full iteration is 2.5081 minutes
2022-04-01 04:14:40,682 auto_trainer.py INFO 202: [198/500] At ENC SNR 0.000000 dB DEC SNR -2.000000 dB, Loss: 0.6079282761 BER: 0.3940888941
2022-04-01 04:14:40,683 auto_trainer.py INFO 203: Time for one full iteration is 2.6217 minutes
2022-04-01 04:17:16,928 auto_trainer.py INFO 202: [199/500] At ENC SNR 0.000000 dB DEC SNR -2.000000 dB, Loss: 0.6099283099 BER: 0.3938666582
2022-04-01 04:17:16,929 auto_trainer.py INFO 203: Time for one full iteration is 2.6041 minutes
2022-04-01 04:19:45,692 auto_trainer.py INFO 202: [200/500] At ENC SNR 0.000000 dB DEC SNR -2.000000 dB, Loss: 0.6144340634 BER: 0.3972888887
2022-04-01 04:19:45,693 auto_trainer.py INFO 203: Time for one full iteration is 2.4794 minutes
2022-04-01 04:22:16,308 auto_trainer.py INFO 202: [201/500] At ENC SNR 0.000000 dB DEC SNR -2.000000 dB, Loss: 0.6184616685 BER: 0.3980000019
2022-04-01 04:22:16,308 auto_trainer.py INFO 203: Time for one full iteration is 2.5103 minutes
2022-04-01 04:24:47,145 auto_trainer.py INFO 202: [202/500] At ENC SNR 0.000000 dB DEC SNR -2.000000 dB, Loss: 0.6078456044 BER: 0.3928000033
2022-04-01 04:24:47,146 auto_trainer.py INFO 203: Time for one full iteration is 2.5092 minutes
2022-04-01 04:27:17,338 auto_trainer.py INFO 202: [203/500] At ENC SNR 0.000000 dB DEC SNR -2.000000 dB, Loss: 0.6124172211 BER: 0.3949333429
2022-04-01 04:27:17,339 auto_trainer.py INFO 203: Time for one full iteration is 2.5032 minutes
2022-04-01 04:29:47,057 auto_trainer.py INFO 202: [204/500] At ENC SNR 0.000000 dB DEC SNR -2.000000 dB, Loss: 0.6079282761 BER: 0.3928444386
2022-04-01 04:29:47,057 auto_trainer.py INFO 203: Time for one full iteration is 2.4953 minutes
2022-04-01 04:32:17,001 auto_trainer.py INFO 202: [205/500] At ENC SNR 0.000000 dB DEC SNR -2.000000 dB, Loss: 0.6159282923 BER: 0.3955555558
2022-04-01 04:32:17,002 auto_trainer.py INFO 203: Time for one full iteration is 2.4991 minutes
2022-04-01 04:34:47,012 auto_trainer.py INFO 202: [206/500] At ENC SNR 0.000000 dB DEC SNR -2.000000 dB, Loss: 0.6073949933 BER: 0.3922666609
2022-04-01 04:34:47,013 auto_trainer.py INFO 203: Time for one full iteration is 2.5002 minutes
2022-04-01 04:37:17,520 auto_trainer.py INFO 202: [207/500] At ENC SNR 0.000000 dB DEC SNR -2.000000 dB, Loss: 0.6125674248 BER: 0.3962666690
2022-04-01 04:37:17,520 auto_trainer.py INFO 203: Time for one full iteration is 2.5085 minutes
2022-04-01 04:39:50,205 auto_trainer.py INFO 202: [208/500] At ENC SNR 0.000000 dB DEC SNR -2.000000 dB, Loss: 0.6007283330 BER: 0.3888888955
2022-04-01 04:39:50,206 auto_trainer.py INFO 203: Time for one full iteration is 2.5448 minutes
2022-04-01 04:42:23,926 auto_trainer.py INFO 202: [209/500] At ENC SNR 0.000000 dB DEC SNR -2.000000 dB, Loss: 0.6026394367 BER: 0.3906666636
2022-04-01 04:42:23,927 auto_trainer.py INFO 203: Time for one full iteration is 2.5620 minutes
2022-04-01 04:44:54,520 auto_trainer.py INFO 202: [210/500] At ENC SNR 0.000000 dB DEC SNR -2.000000 dB, Loss: 0.6107727289 BER: 0.3948889077
2022-04-01 04:44:54,521 auto_trainer.py INFO 203: Time for one full iteration is 2.5099 minutes
2022-04-01 04:47:25,856 auto_trainer.py INFO 202: [211/500] At ENC SNR 0.000000 dB DEC SNR -2.000000 dB, Loss: 0.6157674193 BER: 0.3942222297
2022-04-01 04:47:25,857 auto_trainer.py INFO 203: Time for one full iteration is 2.5223 minutes
2022-04-01 04:49:56,902 auto_trainer.py INFO 202: [212/500] At ENC SNR 0.000000 dB DEC SNR -2.000000 dB, Loss: 0.6129060984 BER: 0.3962222338
2022-04-01 04:49:56,902 auto_trainer.py INFO 203: Time for one full iteration is 2.5120 minutes
2022-04-01 04:52:27,800 auto_trainer.py INFO 202: [213/500] At ENC SNR 0.000000 dB DEC SNR -2.000000 dB, Loss: 0.6203283072 BER: 0.3977777958
2022-04-01 04:52:27,801 auto_trainer.py INFO 203: Time for one full iteration is 2.5150 minutes
2022-04-01 04:54:59,249 auto_trainer.py INFO 202: [214/500] At ENC SNR 0.000000 dB DEC SNR -2.000000 dB, Loss: 0.6118838787 BER: 0.3939999938
2022-04-01 04:54:59,250 auto_trainer.py INFO 203: Time for one full iteration is 2.5242 minutes
2022-04-01 04:57:30,476 auto_trainer.py INFO 202: [215/500] At ENC SNR 0.000000 dB DEC SNR -2.000000 dB, Loss: 0.5987451673 BER: 0.3894222379
2022-04-01 04:57:30,477 auto_trainer.py INFO 203: Time for one full iteration is 2.5205 minutes
2022-04-01 05:00:00,446 auto_trainer.py INFO 202: [216/500] At ENC SNR 0.000000 dB DEC SNR -2.000000 dB, Loss: 0.6046118736 BER: 0.3944444358
2022-04-01 05:00:00,447 auto_trainer.py INFO 203: Time for one full iteration is 2.4995 minutes
2022-04-01 05:02:40,940 auto_trainer.py INFO 202: [217/500] At ENC SNR 0.000000 dB DEC SNR -2.000000 dB, Loss: 0.6039727330 BER: 0.3908888996
2022-04-01 05:02:40,940 auto_trainer.py INFO 203: Time for one full iteration is 2.6749 minutes
2022-04-01 05:05:35,173 auto_trainer.py INFO 202: [218/500] At ENC SNR 0.000000 dB DEC SNR -2.000000 dB, Loss: 0.6105949879 BER: 0.3932888806
2022-04-01 05:05:35,173 auto_trainer.py INFO 203: Time for one full iteration is 2.9039 minutes
2022-04-01 05:08:19,607 auto_trainer.py INFO 202: [219/500] At ENC SNR 0.000000 dB DEC SNR -2.000000 dB, Loss: 0.6135620475 BER: 0.3958666623
2022-04-01 05:08:19,608 auto_trainer.py INFO 203: Time for one full iteration is 2.7406 minutes
2022-04-01 05:10:49,675 auto_trainer.py INFO 202: [220/500] At ENC SNR 0.000000 dB DEC SNR -2.000000 dB, Loss: 0.6068616509 BER: 0.3917333484
2022-04-01 05:10:49,675 auto_trainer.py INFO 203: Time for one full iteration is 2.5011 minutes
2022-04-01 05:13:19,823 auto_trainer.py INFO 202: [221/500] At ENC SNR 0.000000 dB DEC SNR -2.000000 dB, Loss: 0.6167727709 BER: 0.3957333267
2022-04-01 05:13:19,824 auto_trainer.py INFO 203: Time for one full iteration is 2.5025 minutes
2022-04-01 05:15:50,299 auto_trainer.py INFO 202: [222/500] At ENC SNR 0.000000 dB DEC SNR -2.000000 dB, Loss: 0.6111283302 BER: 0.3955555558
2022-04-01 05:15:50,300 auto_trainer.py INFO 203: Time for one full iteration is 2.5041 minutes
2022-04-01 05:18:20,798 auto_trainer.py INFO 202: [223/500] At ENC SNR 0.000000 dB DEC SNR -2.000000 dB, Loss: 0.6229229569 BER: 0.3993333280
2022-04-01 05:18:20,799 auto_trainer.py INFO 203: Time for one full iteration is 2.5083 minutes
2022-04-01 05:20:51,892 auto_trainer.py INFO 202: [224/500] At ENC SNR 0.000000 dB DEC SNR -2.000000 dB, Loss: 0.6191896200 BER: 0.3961777687
2022-04-01 05:20:51,893 auto_trainer.py INFO 203: Time for one full iteration is 2.5182 minutes
2022-04-01 05:23:23,107 auto_trainer.py INFO 202: [225/500] At ENC SNR 0.000000 dB DEC SNR -2.000000 dB, Loss: 0.6132171750 BER: 0.3964000046
2022-04-01 05:23:23,107 auto_trainer.py INFO 203: Time for one full iteration is 2.5202 minutes
2022-04-01 05:25:55,349 auto_trainer.py INFO 202: [226/500] At ENC SNR 0.000000 dB DEC SNR -2.000000 dB, Loss: 0.6042394042 BER: 0.3934222162
2022-04-01 05:25:55,350 auto_trainer.py INFO 203: Time for one full iteration is 2.5374 minutes
2022-04-01 05:28:27,272 auto_trainer.py INFO 202: [227/500] At ENC SNR 0.000000 dB DEC SNR -2.000000 dB, Loss: 0.6194118261 BER: 0.3981777728
2022-04-01 05:28:27,272 auto_trainer.py INFO 203: Time for one full iteration is 2.5320 minutes
2022-04-01 05:31:02,101 auto_trainer.py INFO 202: [228/500] At ENC SNR 0.000000 dB DEC SNR -2.000000 dB, Loss: 0.6120172143 BER: 0.3944000006
2022-04-01 05:31:02,102 auto_trainer.py INFO 203: Time for one full iteration is 2.5805 minutes
2022-04-01 05:33:36,928 auto_trainer.py INFO 202: [229/500] At ENC SNR 0.000000 dB DEC SNR -2.000000 dB, Loss: 0.6093674302 BER: 0.3915555477
2022-04-01 05:33:36,928 auto_trainer.py INFO 203: Time for one full iteration is 2.5804 minutes
2022-04-01 05:36:10,794 auto_trainer.py INFO 202: [230/500] At ENC SNR 0.000000 dB DEC SNR -2.000000 dB, Loss: 0.6082287431 BER: 0.3927555680
2022-04-01 05:36:10,795 auto_trainer.py INFO 203: Time for one full iteration is 2.5644 minutes
2022-04-01 05:38:42,432 auto_trainer.py INFO 202: [231/500] At ENC SNR 0.000000 dB DEC SNR -2.000000 dB, Loss: 0.6164171696 BER: 0.3960444629
2022-04-01 05:38:42,433 auto_trainer.py INFO 203: Time for one full iteration is 2.5273 minutes
2022-04-01 05:41:12,623 auto_trainer.py INFO 202: [232/500] At ENC SNR 0.000000 dB DEC SNR -2.000000 dB, Loss: 0.5930900574 BER: 0.3864888847
2022-04-01 05:41:12,623 auto_trainer.py INFO 203: Time for one full iteration is 2.4993 minutes
2022-04-01 05:43:42,642 auto_trainer.py INFO 202: [233/500] At ENC SNR 0.000000 dB DEC SNR -2.000000 dB, Loss: 0.6200171709 BER: 0.3972000182
2022-04-01 05:43:42,643 auto_trainer.py INFO 203: Time for one full iteration is 2.5003 minutes
2022-04-01 05:46:26,771 auto_trainer.py INFO 202: [234/500] At ENC SNR 0.000000 dB DEC SNR -2.000000 dB, Loss: 0.6009060740 BER: 0.3889333308
2022-04-01 05:46:26,772 auto_trainer.py INFO 203: Time for one full iteration is 2.7355 minutes
2022-04-01 05:49:11,771 auto_trainer.py INFO 202: [235/500] At ENC SNR 0.000000 dB DEC SNR -2.000000 dB, Loss: 0.6052340865 BER: 0.3902666569
2022-04-01 05:49:11,771 auto_trainer.py INFO 203: Time for one full iteration is 2.7500 minutes
2022-04-01 05:51:45,214 auto_trainer.py INFO 202: [236/500] At ENC SNR 0.000000 dB DEC SNR -2.000000 dB, Loss: 0.6278838515 BER: 0.3999555707
2022-04-01 05:51:45,215 auto_trainer.py INFO 203: Time for one full iteration is 2.5574 minutes
2022-04-01 05:54:22,693 auto_trainer.py INFO 202: [237/500] At ENC SNR 0.000000 dB DEC SNR -2.000000 dB, Loss: 0.6201505065 BER: 0.3968000114
2022-04-01 05:54:22,694 auto_trainer.py INFO 203: Time for one full iteration is 2.6246 minutes
2022-04-01 05:56:54,684 auto_trainer.py INFO 202: [238/500] At ENC SNR 0.000000 dB DEC SNR -2.000000 dB, Loss: 0.6036785245 BER: 0.3872888982
2022-04-01 05:56:54,685 auto_trainer.py INFO 203: Time for one full iteration is 2.5332 minutes
2022-04-01 05:59:25,760 auto_trainer.py INFO 202: [239/500] At ENC SNR 0.000000 dB DEC SNR -2.000000 dB, Loss: 0.6130394340 BER: 0.3943111300
2022-04-01 05:59:25,760 auto_trainer.py INFO 203: Time for one full iteration is 2.5179 minutes
2022-04-01 06:01:55,826 auto_trainer.py INFO 202: [240/500] At ENC SNR 0.000000 dB DEC SNR -2.000000 dB, Loss: 0.6146838665 BER: 0.3946222365
2022-04-01 06:01:55,827 auto_trainer.py INFO 203: Time for one full iteration is 2.5011 minutes
2022-04-01 06:04:25,675 auto_trainer.py INFO 202: [241/500] At ENC SNR 0.000000 dB DEC SNR -2.000000 dB, Loss: 0.6143727303 BER: 0.3944444358
2022-04-01 06:04:25,676 auto_trainer.py INFO 203: Time for one full iteration is 2.4975 minutes
2022-04-01 06:06:56,548 auto_trainer.py INFO 202: [242/500] At ENC SNR 0.000000 dB DEC SNR -2.000000 dB, Loss: 0.6043896079 BER: 0.3931555748
2022-04-01 06:06:56,549 auto_trainer.py INFO 203: Time for one full iteration is 2.5104 minutes
2022-04-01 06:09:26,798 auto_trainer.py INFO 202: [243/500] At ENC SNR 0.000000 dB DEC SNR -2.000000 dB, Loss: 0.6153398752 BER: 0.3990222216
2022-04-01 06:09:26,798 auto_trainer.py INFO 203: Time for one full iteration is 2.5042 minutes
2022-04-01 06:11:57,602 auto_trainer.py INFO 202: [244/500] At ENC SNR 0.000000 dB DEC SNR -2.000000 dB, Loss: 0.6142838597 BER: 0.3960444629
2022-04-01 06:11:57,603 auto_trainer.py INFO 203: Time for one full iteration is 2.5134 minutes
2022-04-01 06:14:28,367 auto_trainer.py INFO 202: [245/500] At ENC SNR 0.000000 dB DEC SNR -2.000000 dB, Loss: 0.6077060699 BER: 0.3910666704
2022-04-01 06:14:28,368 auto_trainer.py INFO 203: Time for one full iteration is 2.5127 minutes
2022-04-01 06:16:58,425 auto_trainer.py INFO 202: [246/500] At ENC SNR 0.000000 dB DEC SNR -2.000000 dB, Loss: 0.6091896296 BER: 0.3945777714
2022-04-01 06:16:58,426 auto_trainer.py INFO 203: Time for one full iteration is 2.5010 minutes
2022-04-01 06:19:27,684 auto_trainer.py INFO 202: [247/500] At ENC SNR 0.000000 dB DEC SNR -2.000000 dB, Loss: 0.5940616131 BER: 0.3897333443
2022-04-01 06:19:27,684 auto_trainer.py INFO 203: Time for one full iteration is 2.4876 minutes
2022-04-01 06:21:57,220 auto_trainer.py INFO 202: [248/500] At ENC SNR 0.000000 dB DEC SNR -2.000000 dB, Loss: 0.6141229868 BER: 0.3947111070
2022-04-01 06:21:57,221 auto_trainer.py INFO 203: Time for one full iteration is 2.4923 minutes
2022-04-01 06:24:27,332 auto_trainer.py INFO 202: [249/500] At ENC SNR 0.000000 dB DEC SNR -2.000000 dB, Loss: 0.6076616645 BER: 0.3929333389
2022-04-01 06:24:27,333 auto_trainer.py INFO 203: Time for one full iteration is 2.5019 minutes
2022-04-01 06:27:04,434 auto_trainer.py INFO 202: [250/500] At ENC SNR 0.000000 dB DEC SNR -2.000000 dB, Loss: 0.6231451631 BER: 0.3991111219
2022-04-01 06:27:04,434 auto_trainer.py INFO 203: Time for one full iteration is 2.6184 minutes
2022-04-01 06:29:48,416 auto_trainer.py INFO 202: [251/500] At ENC SNR 0.000000 dB DEC SNR -2.000000 dB, Loss: 0.6081674099 BER: 0.3924444616
2022-04-01 06:29:48,416 auto_trainer.py INFO 203: Time for one full iteration is 2.7330 minutes
2022-04-01 06:32:25,544 auto_trainer.py INFO 202: [252/500] At ENC SNR 0.000000 dB DEC SNR -2.000000 dB, Loss: 0.6222394109 BER: 0.3980000019
2022-04-01 06:32:25,545 auto_trainer.py INFO 203: Time for one full iteration is 2.6144 minutes
2022-04-01 06:34:55,412 auto_trainer.py INFO 202: [253/500] At ENC SNR 0.000000 dB DEC SNR -2.000000 dB, Loss: 0.6108616590 BER: 0.3921333253
2022-04-01 06:34:55,413 auto_trainer.py INFO 203: Time for one full iteration is 2.4978 minutes
2022-04-01 06:37:25,226 auto_trainer.py INFO 202: [254/500] At ENC SNR 0.000000 dB DEC SNR -2.000000 dB, Loss: 0.6188616157 BER: 0.3969777822
2022-04-01 06:37:25,226 auto_trainer.py INFO 203: Time for one full iteration is 2.4969 minutes
2022-04-01 06:39:55,151 auto_trainer.py INFO 202: [255/500] At ENC SNR 0.000000 dB DEC SNR -2.000000 dB, Loss: 0.6147283316 BER: 0.3932888806
2022-04-01 06:39:55,152 auto_trainer.py INFO 203: Time for one full iteration is 2.4988 minutes
2022-04-01 06:42:24,914 auto_trainer.py INFO 202: [256/500] At ENC SNR 0.000000 dB DEC SNR -2.000000 dB, Loss: 0.6054394245 BER: 0.3931555748
2022-04-01 06:42:24,914 auto_trainer.py INFO 203: Time for one full iteration is 2.4960 minutes
2022-04-01 06:44:55,825 auto_trainer.py INFO 202: [257/500] At ENC SNR 0.000000 dB DEC SNR -2.000000 dB, Loss: 0.6160340905 BER: 0.3958222270
2022-04-01 06:44:55,825 auto_trainer.py INFO 203: Time for one full iteration is 2.5152 minutes
2022-04-01 06:47:26,000 auto_trainer.py INFO 202: [258/500] At ENC SNR 0.000000 dB DEC SNR -2.000000 dB, Loss: 0.6239007711 BER: 0.3969333470
2022-04-01 06:47:26,000 auto_trainer.py INFO 203: Time for one full iteration is 2.5029 minutes
2022-04-01 06:49:55,970 auto_trainer.py INFO 202: [259/500] At ENC SNR 0.000000 dB DEC SNR -2.000000 dB, Loss: 0.6128785014 BER: 0.3917777836
2022-04-01 06:49:55,971 auto_trainer.py INFO 203: Time for one full iteration is 2.4995 minutes
2022-04-01 06:52:25,920 auto_trainer.py INFO 202: [260/500] At ENC SNR 0.000000 dB DEC SNR -2.000000 dB, Loss: 0.6140616536 BER: 0.3932000101
2022-04-01 06:52:25,920 auto_trainer.py INFO 203: Time for one full iteration is 2.4992 minutes
2022-04-01 06:54:55,884 auto_trainer.py INFO 202: [261/500] At ENC SNR 0.000000 dB DEC SNR -2.000000 dB, Loss: 0.6031727791 BER: 0.3877333403
2022-04-01 06:54:55,884 auto_trainer.py INFO 203: Time for one full iteration is 2.4994 minutes
2022-04-01 06:57:25,930 auto_trainer.py INFO 202: [262/500] At ENC SNR 0.000000 dB DEC SNR -2.000000 dB, Loss: 0.6109060645 BER: 0.3921333253
2022-04-01 06:57:25,930 auto_trainer.py INFO 203: Time for one full iteration is 2.4967 minutes
2022-04-01 06:59:55,632 auto_trainer.py INFO 202: [263/500] At ENC SNR 0.000000 dB DEC SNR -2.000000 dB, Loss: 0.6075727344 BER: 0.3943111300
2022-04-01 06:59:55,633 auto_trainer.py INFO 203: Time for one full iteration is 2.4950 minutes
2022-04-01 07:02:25,670 auto_trainer.py INFO 202: [264/500] At ENC SNR 0.000000 dB DEC SNR -2.000000 dB, Loss: 0.6027007699 BER: 0.3916000128
2022-04-01 07:02:25,670 auto_trainer.py INFO 203: Time for one full iteration is 2.5006 minutes
2022-04-01 07:04:55,300 auto_trainer.py INFO 202: [265/500] At ENC SNR 0.000000 dB DEC SNR -2.000000 dB, Loss: 0.6089229584 BER: 0.3926222324
2022-04-01 07:04:55,301 auto_trainer.py INFO 203: Time for one full iteration is 2.4938 minutes
2022-04-01 07:07:24,790 auto_trainer.py INFO 202: [266/500] At ENC SNR 0.000000 dB DEC SNR -2.000000 dB, Loss: 0.6177673936 BER: 0.3946666718
2022-04-01 07:07:24,791 auto_trainer.py INFO 203: Time for one full iteration is 2.4915 minutes
2022-04-01 07:10:04,590 auto_trainer.py INFO 202: [267/500] At ENC SNR 0.000000 dB DEC SNR -2.000000 dB, Loss: 0.6081949472 BER: 0.3938666582
2022-04-01 07:10:04,591 auto_trainer.py INFO 203: Time for one full iteration is 2.6633 minutes
2022-04-01 07:12:49,541 auto_trainer.py INFO 202: [268/500] At ENC SNR 0.000000 dB DEC SNR -2.000000 dB, Loss: 0.6057949662 BER: 0.3912889063
2022-04-01 07:12:49,542 auto_trainer.py INFO 203: Time for one full iteration is 2.7492 minutes
2022-04-01 07:15:22,893 auto_trainer.py INFO 202: [269/500] At ENC SNR 0.000000 dB DEC SNR -2.000000 dB, Loss: 0.6134394407 BER: 0.3975999951
2022-04-01 07:15:22,893 auto_trainer.py INFO 203: Time for one full iteration is 2.5559 minutes
2022-04-01 07:17:55,413 auto_trainer.py INFO 202: [270/500] At ENC SNR 0.000000 dB DEC SNR -2.000000 dB, Loss: 0.6121060848 BER: 0.3893333375
2022-04-01 07:17:55,413 auto_trainer.py INFO 203: Time for one full iteration is 2.5420 minutes
2022-04-01 07:20:27,524 auto_trainer.py INFO 202: [271/500] At ENC SNR 0.000000 dB DEC SNR -2.000000 dB, Loss: 0.6166731715 BER: 0.3934222162
2022-04-01 07:20:27,525 auto_trainer.py INFO 203: Time for one full iteration is 2.5352 minutes
2022-04-01 07:22:59,074 auto_trainer.py INFO 202: [272/500] At ENC SNR 0.000000 dB DEC SNR -2.000000 dB, Loss: 0.6067007184 BER: 0.3922222257
2022-04-01 07:22:59,074 auto_trainer.py INFO 203: Time for one full iteration is 2.5217 minutes
2022-04-01 07:25:30,534 auto_trainer.py INFO 202: [273/500] At ENC SNR 0.000000 dB DEC SNR -2.000000 dB, Loss: 0.6034838557 BER: 0.3922222257
2022-04-01 07:25:30,534 auto_trainer.py INFO 203: Time for one full iteration is 2.5243 minutes
2022-04-01 07:28:01,721 auto_trainer.py INFO 202: [274/500] At ENC SNR 0.000000 dB DEC SNR -2.000000 dB, Loss: 0.6163282990 BER: 0.3962666690
2022-04-01 07:28:01,722 auto_trainer.py INFO 203: Time for one full iteration is 2.5198 minutes
2022-04-01 07:30:33,032 auto_trainer.py INFO 202: [275/500] At ENC SNR 0.000000 dB DEC SNR -2.000000 dB, Loss: 0.6100171804 BER: 0.3926666677
2022-04-01 07:30:33,033 auto_trainer.py INFO 203: Time for one full iteration is 2.5219 minutes
2022-04-01 07:33:04,298 auto_trainer.py INFO 202: [276/500] At ENC SNR 0.000000 dB DEC SNR -2.000000 dB, Loss: 0.6259282827 BER: 0.4000889063
2022-04-01 07:33:04,299 auto_trainer.py INFO 203: Time for one full iteration is 2.5211 minutes
2022-04-01 07:35:35,803 auto_trainer.py INFO 202: [277/500] At ENC SNR 0.000000 dB DEC SNR -2.000000 dB, Loss: 0.6120340824 BER: 0.3949333429
2022-04-01 07:35:35,804 auto_trainer.py INFO 203: Time for one full iteration is 2.5251 minutes
2022-04-01 07:38:09,173 auto_trainer.py INFO 202: [278/500] At ENC SNR 0.000000 dB DEC SNR -2.000000 dB, Loss: 0.6237229705 BER: 0.3978222311
2022-04-01 07:38:09,174 auto_trainer.py INFO 203: Time for one full iteration is 2.5562 minutes
2022-04-01 07:40:41,958 auto_trainer.py INFO 202: [279/500] At ENC SNR 0.000000 dB DEC SNR -2.000000 dB, Loss: 0.6039007306 BER: 0.3909777701
2022-04-01 07:40:41,958 auto_trainer.py INFO 203: Time for one full iteration is 2.5464 minutes
2022-04-01 07:43:12,310 auto_trainer.py INFO 202: [280/500] At ENC SNR 0.000000 dB DEC SNR -2.000000 dB, Loss: 0.6041949987 BER: 0.3918222189
2022-04-01 07:43:12,311 auto_trainer.py INFO 203: Time for one full iteration is 2.5059 minutes
2022-04-01 07:45:43,370 auto_trainer.py INFO 202: [281/500] At ENC SNR 0.000000 dB DEC SNR -2.000000 dB, Loss: 0.6163896322 BER: 0.3952888846
2022-04-01 07:45:43,371 auto_trainer.py INFO 203: Time for one full iteration is 2.5177 minutes
2022-04-01 07:48:14,330 auto_trainer.py INFO 202: [282/500] At ENC SNR 0.000000 dB DEC SNR -2.000000 dB, Loss: 0.6152172089 BER: 0.3968444467
2022-04-01 07:48:14,330 auto_trainer.py INFO 203: Time for one full iteration is 2.5118 minutes
2022-04-01 07:50:45,238 auto_trainer.py INFO 202: [283/500] At ENC SNR 0.000000 dB DEC SNR -2.000000 dB, Loss: 0.6184785366 BER: 0.3981333375
2022-04-01 07:50:45,239 auto_trainer.py INFO 203: Time for one full iteration is 2.5151 minutes
2022-04-01 07:53:26,435 auto_trainer.py INFO 202: [284/500] At ENC SNR 0.000000 dB DEC SNR -2.000000 dB, Loss: 0.6205061078 BER: 0.3980444372
2022-04-01 07:53:26,435 auto_trainer.py INFO 203: Time for one full iteration is 2.6866 minutes
2022-04-01 07:56:09,904 auto_trainer.py INFO 202: [285/500] At ENC SNR 0.000000 dB DEC SNR -2.000000 dB, Loss: 0.6173505187 BER: 0.3975555599
2022-04-01 07:56:09,905 auto_trainer.py INFO 203: Time for one full iteration is 2.7245 minutes
2022-04-01 07:58:42,600 auto_trainer.py INFO 202: [286/500] At ENC SNR 0.000000 dB DEC SNR -2.000000 dB, Loss: 0.6113674641 BER: 0.3953333497
2022-04-01 07:58:42,600 auto_trainer.py INFO 203: Time for one full iteration is 2.5449 minutes
2022-04-01 08:01:11,001 auto_trainer.py INFO 202: [287/500] At ENC SNR 0.000000 dB DEC SNR -2.000000 dB, Loss: 0.6136340499 BER: 0.3953777850
2022-04-01 08:01:11,002 auto_trainer.py INFO 203: Time for one full iteration is 2.4734 minutes
2022-04-01 08:03:39,353 auto_trainer.py INFO 202: [288/500] At ENC SNR 0.000000 dB DEC SNR -2.000000 dB, Loss: 0.6133398414 BER: 0.3930666745
2022-04-01 08:03:39,353 auto_trainer.py INFO 203: Time for one full iteration is 2.4725 minutes
2022-04-01 08:06:07,678 auto_trainer.py INFO 202: [289/500] At ENC SNR 0.000000 dB DEC SNR -2.000000 dB, Loss: 0.6098838449 BER: 0.3932888806
2022-04-01 08:06:07,679 auto_trainer.py INFO 203: Time for one full iteration is 2.4721 minutes
2022-04-01 08:08:36,008 auto_trainer.py INFO 202: [290/500] At ENC SNR 0.000000 dB DEC SNR -2.000000 dB, Loss: 0.5972616673 BER: 0.3866222203
2022-04-01 08:08:36,009 auto_trainer.py INFO 203: Time for one full iteration is 2.4722 minutes
2022-04-01 08:11:04,210 auto_trainer.py INFO 202: [291/500] At ENC SNR 0.000000 dB DEC SNR -2.000000 dB, Loss: 0.6182394028 BER: 0.3984444439
2022-04-01 08:11:04,211 auto_trainer.py INFO 203: Time for one full iteration is 2.4700 minutes
2022-04-01 08:13:32,540 auto_trainer.py INFO 202: [292/500] At ENC SNR 0.000000 dB DEC SNR -2.000000 dB, Loss: 0.6184616685 BER: 0.3947111070
2022-04-01 08:13:32,540 auto_trainer.py INFO 203: Time for one full iteration is 2.4680 minutes
2022-04-01 08:16:00,565 auto_trainer.py INFO 202: [293/500] At ENC SNR 0.000000 dB DEC SNR -2.000000 dB, Loss: 0.6106118560 BER: 0.3921333253
2022-04-01 08:16:00,566 auto_trainer.py INFO 203: Time for one full iteration is 2.4671 minutes
2022-04-01 08:18:28,596 auto_trainer.py INFO 202: [294/500] At ENC SNR 0.000000 dB DEC SNR -2.000000 dB, Loss: 0.6129505038 BER: 0.3915111125
2022-04-01 08:18:28,597 auto_trainer.py INFO 203: Time for one full iteration is 2.4672 minutes
2022-04-01 08:21:02,300 auto_trainer.py INFO 202: [295/500] At ENC SNR 0.000000 dB DEC SNR -2.000000 dB, Loss: 0.6117229462 BER: 0.3932888806
2022-04-01 08:21:02,300 auto_trainer.py INFO 203: Time for one full iteration is 2.5617 minutes
2022-04-01 08:23:40,767 auto_trainer.py INFO 202: [296/500] At ENC SNR 0.000000 dB DEC SNR -2.000000 dB, Loss: 0.6087007523 BER: 0.3950222135
2022-04-01 08:23:40,767 auto_trainer.py INFO 203: Time for one full iteration is 2.6411 minutes
2022-04-01 08:26:19,903 auto_trainer.py INFO 202: [297/500] At ENC SNR 0.000000 dB DEC SNR -2.000000 dB, Loss: 0.6043283343 BER: 0.3923999965
2022-04-01 08:26:19,904 auto_trainer.py INFO 203: Time for one full iteration is 2.6523 minutes
2022-04-01 08:28:59,805 auto_trainer.py INFO 202: [298/500] At ENC SNR 0.000000 dB DEC SNR -2.000000 dB, Loss: 0.6077060699 BER: 0.3952000141
2022-04-01 08:28:59,805 auto_trainer.py INFO 203: Time for one full iteration is 2.6650 minutes
2022-04-01 08:31:31,601 auto_trainer.py INFO 202: [299/500] At ENC SNR 0.000000 dB DEC SNR -2.000000 dB, Loss: 0.6145060658 BER: 0.3948889077
2022-04-01 08:31:31,602 auto_trainer.py INFO 203: Time for one full iteration is 2.5299 minutes
2022-04-01 08:34:00,278 auto_trainer.py INFO 202: [300/500] At ENC SNR 0.000000 dB DEC SNR -2.000000 dB, Loss: 0.6157505512 BER: 0.3949333429
2022-04-01 08:34:00,279 auto_trainer.py INFO 203: Time for one full iteration is 2.4779 minutes
2022-04-01 08:36:29,059 auto_trainer.py INFO 202: [301/500] At ENC SNR 0.000000 dB DEC SNR -2.000000 dB, Loss: 0.6182394028 BER: 0.3965777755
2022-04-01 08:36:29,060 auto_trainer.py INFO 203: Time for one full iteration is 2.4797 minutes
2022-04-01 08:38:57,991 auto_trainer.py INFO 202: [302/500] At ENC SNR 0.000000 dB DEC SNR -2.000000 dB, Loss: 0.6057674289 BER: 0.3946222365
2022-04-01 08:38:57,991 auto_trainer.py INFO 203: Time for one full iteration is 2.4781 minutes
2022-04-01 08:41:26,637 auto_trainer.py INFO 202: [303/500] At ENC SNR 0.000000 dB DEC SNR -2.000000 dB, Loss: 0.6114394069 BER: 0.3939999938
2022-04-01 08:41:26,638 auto_trainer.py INFO 203: Time for one full iteration is 2.4774 minutes
2022-04-01 08:43:55,274 auto_trainer.py INFO 202: [304/500] At ENC SNR 0.000000 dB DEC SNR -2.000000 dB, Loss: 0.6207727790 BER: 0.3976444602
2022-04-01 08:43:55,275 auto_trainer.py INFO 203: Time for one full iteration is 2.4773 minutes
2022-04-01 08:46:23,640 auto_trainer.py INFO 202: [305/500] At ENC SNR 0.000000 dB DEC SNR -2.000000 dB, Loss: 0.6163896322 BER: 0.3955555558
2022-04-01 08:46:23,641 auto_trainer.py INFO 203: Time for one full iteration is 2.4728 minutes
2022-04-01 08:48:51,617 auto_trainer.py INFO 202: [306/500] At ENC SNR 0.000000 dB DEC SNR -2.000000 dB, Loss: 0.6018118262 BER: 0.3885777891
2022-04-01 08:48:51,617 auto_trainer.py INFO 203: Time for one full iteration is 2.4663 minutes
2022-04-01 08:51:19,649 auto_trainer.py INFO 202: [307/500] At ENC SNR 0.000000 dB DEC SNR -2.000000 dB, Loss: 0.6083282828 BER: 0.3939555585
2022-04-01 08:51:19,649 auto_trainer.py INFO 203: Time for one full iteration is 2.4672 minutes
2022-04-01 08:53:47,704 auto_trainer.py INFO 202: [308/500] At ENC SNR 0.000000 dB DEC SNR -2.000000 dB, Loss: 0.6247283220 BER: 0.3992888927
2022-04-01 08:53:47,705 auto_trainer.py INFO 203: Time for one full iteration is 2.4676 minutes
2022-04-01 08:56:15,816 auto_trainer.py INFO 202: [309/500] At ENC SNR 0.000000 dB DEC SNR -2.000000 dB, Loss: 0.6039283276 BER: 0.3904444575
2022-04-01 08:56:15,816 auto_trainer.py INFO 203: Time for one full iteration is 2.4685 minutes
2022-04-01 08:58:44,238 auto_trainer.py INFO 202: [310/500] At ENC SNR 0.000000 dB DEC SNR -2.000000 dB, Loss: 0.6098900437 BER: 0.3924888968
2022-04-01 08:58:44,238 auto_trainer.py INFO 203: Time for one full iteration is 2.4737 minutes
2022-04-01 09:01:14,268 auto_trainer.py INFO 202: [311/500] At ENC SNR 0.000000 dB DEC SNR -2.000000 dB, Loss: 0.6130838394 BER: 0.3937777877
2022-04-01 09:01:14,269 auto_trainer.py INFO 203: Time for one full iteration is 2.5005 minutes
2022-04-01 09:03:45,003 auto_trainer.py INFO 202: [312/500] At ENC SNR 0.000000 dB DEC SNR -2.000000 dB, Loss: 0.6093229651 BER: 0.3900000155
2022-04-01 09:03:45,004 auto_trainer.py INFO 203: Time for one full iteration is 2.5081 minutes
2022-04-01 09:06:15,189 auto_trainer.py INFO 202: [313/500] At ENC SNR 0.000000 dB DEC SNR -2.000000 dB, Loss: 0.6082394123 BER: 0.3921333253
2022-04-01 09:06:15,190 auto_trainer.py INFO 203: Time for one full iteration is 2.5031 minutes
2022-04-01 09:08:44,968 auto_trainer.py INFO 202: [314/500] At ENC SNR 0.000000 dB DEC SNR -2.000000 dB, Loss: 0.6244616508 BER: 0.4007111192
2022-04-01 09:08:44,968 auto_trainer.py INFO 203: Time for one full iteration is 2.4963 minutes
2022-04-01 09:11:14,117 auto_trainer.py INFO 202: [315/500] At ENC SNR 0.000000 dB DEC SNR -2.000000 dB, Loss: 0.5993398428 BER: 0.3912889063
2022-04-01 09:11:14,118 auto_trainer.py INFO 203: Time for one full iteration is 2.4858 minutes
2022-04-01 09:13:44,212 auto_trainer.py INFO 202: [316/500] At ENC SNR 0.000000 dB DEC SNR -2.000000 dB, Loss: 0.6121060848 BER: 0.3947555721
2022-04-01 09:13:44,213 auto_trainer.py INFO 203: Time for one full iteration is 2.5016 minutes
2022-04-01 09:16:14,555 auto_trainer.py INFO 202: [317/500] At ENC SNR 0.000000 dB DEC SNR -2.000000 dB, Loss: 0.6152340770 BER: 0.3960444629
2022-04-01 09:16:14,556 auto_trainer.py INFO 203: Time for one full iteration is 2.5057 minutes
2022-04-01 09:18:43,965 auto_trainer.py INFO 202: [318/500] At ENC SNR 0.000000 dB DEC SNR -2.000000 dB, Loss: 0.5945229530 BER: 0.3889333308
2022-04-01 09:18:43,966 auto_trainer.py INFO 203: Time for one full iteration is 2.4902 minutes
2022-04-01 09:21:13,895 auto_trainer.py INFO 202: [319/500] At ENC SNR 0.000000 dB DEC SNR -2.000000 dB, Loss: 0.6051282883 BER: 0.3890222311
2022-04-01 09:21:13,895 auto_trainer.py INFO 203: Time for one full iteration is 2.4988 minutes
2022-04-01 09:23:45,712 auto_trainer.py INFO 202: [320/500] At ENC SNR 0.000000 dB DEC SNR -2.000000 dB, Loss: 0.6073843241 BER: 0.3906666636
2022-04-01 09:23:45,712 auto_trainer.py INFO 203: Time for one full iteration is 2.5303 minutes
2022-04-01 09:26:15,631 auto_trainer.py INFO 202: [321/500] At ENC SNR 0.000000 dB DEC SNR -2.000000 dB, Loss: 0.6086838841 BER: 0.3952888846
2022-04-01 09:26:15,632 auto_trainer.py INFO 203: Time for one full iteration is 2.4987 minutes
2022-04-01 09:28:45,436 auto_trainer.py INFO 202: [322/500] At ENC SNR 0.000000 dB DEC SNR -2.000000 dB, Loss: 0.6201061010 BER: 0.3972888887
2022-04-01 09:28:45,436 auto_trainer.py INFO 203: Time for one full iteration is 2.4926 minutes
2022-04-01 09:31:15,361 auto_trainer.py INFO 202: [323/500] At ENC SNR 0.000000 dB DEC SNR -2.000000 dB, Loss: 0.6166838408 BER: 0.3964889050
2022-04-01 09:31:15,362 auto_trainer.py INFO 203: Time for one full iteration is 2.4988 minutes
2022-04-01 09:33:45,773 auto_trainer.py INFO 202: [324/500] At ENC SNR 0.000000 dB DEC SNR -2.000000 dB, Loss: 0.6174563169 BER: 0.3989777863
2022-04-01 09:33:45,773 auto_trainer.py INFO 203: Time for one full iteration is 2.5069 minutes
2022-04-01 09:36:15,738 auto_trainer.py INFO 202: [325/500] At ENC SNR 0.000000 dB DEC SNR -2.000000 dB, Loss: 0.6266838908 BER: 0.4005333483
2022-04-01 09:36:15,738 auto_trainer.py INFO 203: Time for one full iteration is 2.4994 minutes
2022-04-01 09:38:46,014 auto_trainer.py INFO 202: [326/500] At ENC SNR 0.000000 dB DEC SNR -2.000000 dB, Loss: 0.6213060617 BER: 0.3949777782
2022-04-01 09:38:46,014 auto_trainer.py INFO 203: Time for one full iteration is 2.5046 minutes
2022-04-01 09:41:15,721 auto_trainer.py INFO 202: [327/500] At ENC SNR 0.000000 dB DEC SNR -2.000000 dB, Loss: 0.6277673841 BER: 0.3996444345
2022-04-01 09:41:15,722 auto_trainer.py INFO 203: Time for one full iteration is 2.4951 minutes
2022-04-01 09:43:45,916 auto_trainer.py INFO 202: [328/500] At ENC SNR 0.000000 dB DEC SNR -2.000000 dB, Loss: 0.6257505417 BER: 0.3983111084
2022-04-01 09:43:45,917 auto_trainer.py INFO 203: Time for one full iteration is 2.5032 minutes
2022-04-01 09:46:15,789 auto_trainer.py INFO 202: [329/500] At ENC SNR 0.000000 dB DEC SNR -2.000000 dB, Loss: 0.6144340634 BER: 0.3967555463
2022-04-01 09:46:15,789 auto_trainer.py INFO 203: Time for one full iteration is 2.4979 minutes
2022-04-01 09:48:55,434 auto_trainer.py INFO 202: [330/500] At ENC SNR 0.000000 dB DEC SNR -2.000000 dB, Loss: 0.6133061051 BER: 0.3952888846
2022-04-01 09:48:55,435 auto_trainer.py INFO 203: Time for one full iteration is 2.6608 minutes
2022-04-01 09:51:40,573 auto_trainer.py INFO 202: [331/500] At ENC SNR 0.000000 dB DEC SNR -2.000000 dB, Loss: 0.6109229922 BER: 0.3949777782
2022-04-01 09:51:40,574 auto_trainer.py INFO 203: Time for one full iteration is 2.7523 minutes
2022-04-01 09:54:26,145 auto_trainer.py INFO 202: [332/500] At ENC SNR 0.000000 dB DEC SNR -2.000000 dB, Loss: 0.6108785272 BER: 0.3923111260
2022-04-01 09:54:26,146 auto_trainer.py INFO 203: Time for one full iteration is 2.7549 minutes
2022-04-01 09:57:10,799 auto_trainer.py INFO 202: [333/500] At ENC SNR 0.000000 dB DEC SNR -2.000000 dB, Loss: 0.5980340838 BER: 0.3895111084
2022-04-01 09:57:10,800 auto_trainer.py INFO 203: Time for one full iteration is 2.7442 minutes
2022-04-01 09:59:58,974 auto_trainer.py INFO 202: [334/500] At ENC SNR 0.000000 dB DEC SNR -2.000000 dB, Loss: 0.6227282882 BER: 0.3996888995
2022-04-01 09:59:58,975 auto_trainer.py INFO 203: Time for one full iteration is 2.8029 minutes
2022-04-01 10:02:38,859 auto_trainer.py INFO 202: [335/500] At ENC SNR 0.000000 dB DEC SNR -2.000000 dB, Loss: 0.6043283343 BER: 0.3906666636
2022-04-01 10:02:38,860 auto_trainer.py INFO 203: Time for one full iteration is 2.6647 minutes
2022-04-01 10:05:18,746 auto_trainer.py INFO 202: [336/500] At ENC SNR 0.000000 dB DEC SNR -2.000000 dB, Loss: 0.6098731756 BER: 0.3937333524
2022-04-01 10:05:18,747 auto_trainer.py INFO 203: Time for one full iteration is 2.6648 minutes
2022-04-01 10:07:56,637 auto_trainer.py INFO 202: [337/500] At ENC SNR 0.000000 dB DEC SNR -2.000000 dB, Loss: 0.6176340580 BER: 0.3970222175
2022-04-01 10:07:56,638 auto_trainer.py INFO 203: Time for one full iteration is 2.6315 minutes
2022-04-01 10:10:27,116 auto_trainer.py INFO 202: [338/500] At ENC SNR 0.000000 dB DEC SNR -2.000000 dB, Loss: 0.6055282950 BER: 0.3914222121
2022-04-01 10:10:27,116 auto_trainer.py INFO 203: Time for one full iteration is 2.5080 minutes
2022-04-01 10:12:57,010 auto_trainer.py INFO 202: [339/500] At ENC SNR 0.000000 dB DEC SNR -2.000000 dB, Loss: 0.6184785366 BER: 0.3931555748
2022-04-01 10:12:57,011 auto_trainer.py INFO 203: Time for one full iteration is 2.4982 minutes
