2022-04-24 19:50:06,402 auto_trainer.py INFO 87: train_conf_name : c_n2_r1_m6
2022-04-24 19:50:06,402 auto_trainer.py INFO 88: Device : cuda
2022-04-24 19:50:06,402 auto_trainer.py INFO 89: conf file
2022-04-24 19:50:06,402 auto_trainer.py INFO 90: {'para': {'train_batch_size': 100000, 'train_small_batch_size': 25000, 'test_size': 50000, 'full_iterations': 100, 'enc_train_iters': 5, 'dec_train_iters': 25, 'hidden_size': 64, 'lr': 1e-05, 'seed': 1, 'n': 2, 'r': 1, 'm': 6, 'code_length': 64, 'code_dimension': 7, 'enc_train_snr': 4, 'dec_train_snr': 2, 'data_type': 'n2_r1_m6', 'logger_name': 'C_n2_r1_m6_train', 'CUDA_VISIBLE_DEVICES': '1', 'train_save_path_dir': './save/{}/C_{}', 'train_save_path_encoder': './save/{}/C_{}/enc_{}.pth', 'train_save_path_decoder': './save/{}/C_{}/dec_{}.pth', 'retrain': False, 'retrain_day': 'Jan-05-2022', 'retrain_epoch_num': 21}, 'test': {'snr_list': '-3,-2,-1,0,1,2,3,4,5,6,7', 'Boosting_number_list': '1,2,3', 'day': 'Apr-24-2022', 'epoch_num': 100, 'logger_name': 'C_n2_r1_m6_test', 'test_model_path_encoder': './save/{}/C_{}/enc_{}.pth', 'test_model_path_decoder': './save/{}/C_{}/dec_{}.pth'}}
2022-04-24 19:50:06,402 auto_trainer.py INFO 91: We are on!!!
2022-04-24 19:50:35,166 auto_trainer.py INFO 203: [1/100] At ENC SNR 4.000000 dB DEC SNR 2.000000 dB, Loss: 0.0783158839 BER: 0.0000000000
2022-04-24 19:50:35,167 auto_trainer.py INFO 205: Time for one full iteration is 0.4326 minutes
2022-04-24 19:51:00,937 auto_trainer.py INFO 203: [2/100] At ENC SNR 4.000000 dB DEC SNR 2.000000 dB, Loss: 0.0783158839 BER: 0.0000000000
2022-04-24 19:51:00,937 auto_trainer.py INFO 205: Time for one full iteration is 0.4265 minutes
2022-04-24 19:51:26,436 auto_trainer.py INFO 203: [3/100] At ENC SNR 4.000000 dB DEC SNR 2.000000 dB, Loss: 0.0783159286 BER: 0.0000000000
2022-04-24 19:51:26,436 auto_trainer.py INFO 205: Time for one full iteration is 0.4250 minutes
2022-04-24 19:51:52,043 auto_trainer.py INFO 203: [4/100] At ENC SNR 4.000000 dB DEC SNR 2.000000 dB, Loss: 0.0783159062 BER: 0.0000000000
2022-04-24 19:51:52,044 auto_trainer.py INFO 205: Time for one full iteration is 0.4268 minutes
2022-04-24 19:52:17,596 auto_trainer.py INFO 203: [5/100] At ENC SNR 4.000000 dB DEC SNR 2.000000 dB, Loss: 0.0783159137 BER: 0.0000000000
2022-04-24 19:52:17,597 auto_trainer.py INFO 205: Time for one full iteration is 0.4259 minutes
2022-04-24 19:52:43,155 auto_trainer.py INFO 203: [6/100] At ENC SNR 4.000000 dB DEC SNR 2.000000 dB, Loss: 0.0783158988 BER: 0.0000000000
2022-04-24 19:52:43,155 auto_trainer.py INFO 205: Time for one full iteration is 0.4260 minutes
2022-04-24 19:53:08,708 auto_trainer.py INFO 203: [7/100] At ENC SNR 4.000000 dB DEC SNR 2.000000 dB, Loss: 0.0783158839 BER: 0.0000000000
2022-04-24 19:53:08,708 auto_trainer.py INFO 205: Time for one full iteration is 0.4259 minutes
2022-04-24 19:53:34,215 auto_trainer.py INFO 203: [8/100] At ENC SNR 4.000000 dB DEC SNR 2.000000 dB, Loss: 0.0783158839 BER: 0.0000000000
2022-04-24 19:53:34,215 auto_trainer.py INFO 205: Time for one full iteration is 0.4251 minutes
2022-04-24 19:53:59,742 auto_trainer.py INFO 203: [9/100] At ENC SNR 4.000000 dB DEC SNR 2.000000 dB, Loss: 0.0783158839 BER: 0.0000000000
2022-04-24 19:53:59,743 auto_trainer.py INFO 205: Time for one full iteration is 0.4255 minutes
2022-04-24 19:54:25,290 auto_trainer.py INFO 203: [10/100] At ENC SNR 4.000000 dB DEC SNR 2.000000 dB, Loss: 0.0783159062 BER: 0.0000000000
2022-04-24 19:54:25,291 auto_trainer.py INFO 205: Time for one full iteration is 0.4258 minutes
2022-04-24 19:54:50,825 auto_trainer.py INFO 203: [11/100] At ENC SNR 4.000000 dB DEC SNR 2.000000 dB, Loss: 0.0783159062 BER: 0.0000000000
2022-04-24 19:54:50,826 auto_trainer.py INFO 205: Time for one full iteration is 0.4256 minutes
2022-04-24 19:55:16,519 auto_trainer.py INFO 203: [12/100] At ENC SNR 4.000000 dB DEC SNR 2.000000 dB, Loss: 0.0783159062 BER: 0.0000000000
2022-04-24 19:55:16,519 auto_trainer.py INFO 205: Time for one full iteration is 0.4255 minutes
2022-04-24 19:55:42,059 auto_trainer.py INFO 203: [13/100] At ENC SNR 4.000000 dB DEC SNR 2.000000 dB, Loss: 0.0783158913 BER: 0.0000000000
2022-04-24 19:55:42,059 auto_trainer.py INFO 205: Time for one full iteration is 0.4257 minutes
2022-04-24 19:56:07,625 auto_trainer.py INFO 203: [14/100] At ENC SNR 4.000000 dB DEC SNR 2.000000 dB, Loss: 0.0783159062 BER: 0.0000000000
2022-04-24 19:56:07,626 auto_trainer.py INFO 205: Time for one full iteration is 0.4261 minutes
2022-04-24 19:56:33,153 auto_trainer.py INFO 203: [15/100] At ENC SNR 4.000000 dB DEC SNR 2.000000 dB, Loss: 0.0783158839 BER: 0.0000000000
2022-04-24 19:56:33,154 auto_trainer.py INFO 205: Time for one full iteration is 0.4255 minutes
2022-04-24 19:56:58,669 auto_trainer.py INFO 203: [16/100] At ENC SNR 4.000000 dB DEC SNR 2.000000 dB, Loss: 0.0783159062 BER: 0.0000000000
2022-04-24 19:56:58,669 auto_trainer.py INFO 205: Time for one full iteration is 0.4253 minutes
2022-04-24 19:57:24,204 auto_trainer.py INFO 203: [17/100] At ENC SNR 4.000000 dB DEC SNR 2.000000 dB, Loss: 0.0783158988 BER: 0.0000000000
2022-04-24 19:57:24,204 auto_trainer.py INFO 205: Time for one full iteration is 0.4256 minutes
2022-04-24 19:57:49,710 auto_trainer.py INFO 203: [18/100] At ENC SNR 4.000000 dB DEC SNR 2.000000 dB, Loss: 0.0783158615 BER: 0.0000000000
2022-04-24 19:57:49,710 auto_trainer.py INFO 205: Time for one full iteration is 0.4251 minutes
2022-04-24 19:58:15,216 auto_trainer.py INFO 203: [19/100] At ENC SNR 4.000000 dB DEC SNR 2.000000 dB, Loss: 0.0783159137 BER: 0.0000000000
2022-04-24 19:58:15,217 auto_trainer.py INFO 205: Time for one full iteration is 0.4251 minutes
2022-04-24 19:58:40,752 auto_trainer.py INFO 203: [20/100] At ENC SNR 4.000000 dB DEC SNR 2.000000 dB, Loss: 0.0783158690 BER: 0.0000000000
2022-04-24 19:58:40,753 auto_trainer.py INFO 205: Time for one full iteration is 0.4256 minutes
2022-04-24 19:59:06,255 auto_trainer.py INFO 203: [21/100] At ENC SNR 4.000000 dB DEC SNR 2.000000 dB, Loss: 0.0783158988 BER: 0.0000000000
2022-04-24 19:59:06,256 auto_trainer.py INFO 205: Time for one full iteration is 0.4250 minutes
2022-04-24 19:59:31,982 auto_trainer.py INFO 203: [22/100] At ENC SNR 4.000000 dB DEC SNR 2.000000 dB, Loss: 0.0783159062 BER: 0.0000000000
2022-04-24 19:59:31,983 auto_trainer.py INFO 205: Time for one full iteration is 0.4256 minutes
2022-04-24 19:59:57,483 auto_trainer.py INFO 203: [23/100] At ENC SNR 4.000000 dB DEC SNR 2.000000 dB, Loss: 0.0783159062 BER: 0.0000000000
2022-04-24 19:59:57,484 auto_trainer.py INFO 205: Time for one full iteration is 0.4250 minutes
2022-04-24 20:00:23,029 auto_trainer.py INFO 203: [24/100] At ENC SNR 4.000000 dB DEC SNR 2.000000 dB, Loss: 0.0783159137 BER: 0.0000000000
2022-04-24 20:00:23,030 auto_trainer.py INFO 205: Time for one full iteration is 0.4258 minutes
2022-04-24 20:00:48,568 auto_trainer.py INFO 203: [25/100] At ENC SNR 4.000000 dB DEC SNR 2.000000 dB, Loss: 0.0783158988 BER: 0.0000000000
2022-04-24 20:00:48,568 auto_trainer.py INFO 205: Time for one full iteration is 0.4256 minutes
2022-04-24 20:01:14,083 auto_trainer.py INFO 203: [26/100] At ENC SNR 4.000000 dB DEC SNR 2.000000 dB, Loss: 0.0783159137 BER: 0.0000000000
2022-04-24 20:01:14,084 auto_trainer.py INFO 205: Time for one full iteration is 0.4253 minutes
2022-04-24 20:01:39,592 auto_trainer.py INFO 203: [27/100] At ENC SNR 4.000000 dB DEC SNR 2.000000 dB, Loss: 0.0783158913 BER: 0.0000000000
2022-04-24 20:01:39,593 auto_trainer.py INFO 205: Time for one full iteration is 0.4251 minutes
2022-04-24 20:02:05,131 auto_trainer.py INFO 203: [28/100] At ENC SNR 4.000000 dB DEC SNR 2.000000 dB, Loss: 0.0783158988 BER: 0.0000000000
2022-04-24 20:02:05,132 auto_trainer.py INFO 205: Time for one full iteration is 0.4257 minutes
2022-04-24 20:02:30,642 auto_trainer.py INFO 203: [29/100] At ENC SNR 4.000000 dB DEC SNR 2.000000 dB, Loss: 0.0783158839 BER: 0.0000000000
2022-04-24 20:02:30,643 auto_trainer.py INFO 205: Time for one full iteration is 0.4252 minutes
2022-04-24 20:02:56,152 auto_trainer.py INFO 203: [30/100] At ENC SNR 4.000000 dB DEC SNR 2.000000 dB, Loss: 0.0783158913 BER: 0.0000000000
2022-04-24 20:02:56,152 auto_trainer.py INFO 205: Time for one full iteration is 0.4252 minutes
2022-04-24 20:03:21,681 auto_trainer.py INFO 203: [31/100] At ENC SNR 4.000000 dB DEC SNR 2.000000 dB, Loss: 0.0783158839 BER: 0.0000000000
2022-04-24 20:03:21,681 auto_trainer.py INFO 205: Time for one full iteration is 0.4255 minutes
2022-04-24 20:03:47,393 auto_trainer.py INFO 203: [32/100] At ENC SNR 4.000000 dB DEC SNR 2.000000 dB, Loss: 0.0783158615 BER: 0.0000000000
2022-04-24 20:03:47,393 auto_trainer.py INFO 205: Time for one full iteration is 0.4253 minutes
2022-04-24 20:04:12,898 auto_trainer.py INFO 203: [33/100] At ENC SNR 4.000000 dB DEC SNR 2.000000 dB, Loss: 0.0783158839 BER: 0.0000000000
2022-04-24 20:04:12,899 auto_trainer.py INFO 205: Time for one full iteration is 0.4251 minutes
2022-04-24 20:04:38,467 auto_trainer.py INFO 203: [34/100] At ENC SNR 4.000000 dB DEC SNR 2.000000 dB, Loss: 0.0783158615 BER: 0.0000000000
2022-04-24 20:04:38,468 auto_trainer.py INFO 205: Time for one full iteration is 0.4261 minutes
2022-04-24 20:05:03,960 auto_trainer.py INFO 203: [35/100] At ENC SNR 4.000000 dB DEC SNR 2.000000 dB, Loss: 0.0783158615 BER: 0.0000000000
2022-04-24 20:05:03,961 auto_trainer.py INFO 205: Time for one full iteration is 0.4249 minutes
2022-04-24 20:05:29,478 auto_trainer.py INFO 203: [36/100] At ENC SNR 4.000000 dB DEC SNR 2.000000 dB, Loss: 0.0783158839 BER: 0.0000000000
2022-04-24 20:05:29,479 auto_trainer.py INFO 205: Time for one full iteration is 0.4253 minutes
2022-04-24 20:05:54,978 auto_trainer.py INFO 203: [37/100] At ENC SNR 4.000000 dB DEC SNR 2.000000 dB, Loss: 0.0783158541 BER: 0.0000000000
2022-04-24 20:05:54,978 auto_trainer.py INFO 205: Time for one full iteration is 0.4250 minutes
2022-04-24 20:06:20,475 auto_trainer.py INFO 203: [38/100] At ENC SNR 4.000000 dB DEC SNR 2.000000 dB, Loss: 0.0783158466 BER: 0.0000000000
2022-04-24 20:06:20,475 auto_trainer.py INFO 205: Time for one full iteration is 0.4249 minutes
2022-04-24 20:06:45,999 auto_trainer.py INFO 203: [39/100] At ENC SNR 4.000000 dB DEC SNR 2.000000 dB, Loss: 0.0783158615 BER: 0.0000000000
2022-04-24 20:06:45,999 auto_trainer.py INFO 205: Time for one full iteration is 0.4254 minutes
2022-04-24 20:07:11,499 auto_trainer.py INFO 203: [40/100] At ENC SNR 4.000000 dB DEC SNR 2.000000 dB, Loss: 0.0783158615 BER: 0.0000000000
2022-04-24 20:07:11,499 auto_trainer.py INFO 205: Time for one full iteration is 0.4250 minutes
2022-04-24 20:07:36,999 auto_trainer.py INFO 203: [41/100] At ENC SNR 4.000000 dB DEC SNR 2.000000 dB, Loss: 0.0783158466 BER: 0.0000000000
2022-04-24 20:07:36,999 auto_trainer.py INFO 205: Time for one full iteration is 0.4250 minutes
2022-04-24 20:08:02,718 auto_trainer.py INFO 203: [42/100] At ENC SNR 4.000000 dB DEC SNR 2.000000 dB, Loss: 0.0783158466 BER: 0.0000000000
2022-04-24 20:08:02,719 auto_trainer.py INFO 205: Time for one full iteration is 0.4258 minutes
2022-04-24 20:08:28,212 auto_trainer.py INFO 203: [43/100] At ENC SNR 4.000000 dB DEC SNR 2.000000 dB, Loss: 0.0783158839 BER: 0.0000000000
2022-04-24 20:08:28,213 auto_trainer.py INFO 205: Time for one full iteration is 0.4249 minutes
2022-04-24 20:08:53,762 auto_trainer.py INFO 203: [44/100] At ENC SNR 4.000000 dB DEC SNR 2.000000 dB, Loss: 0.0783158317 BER: 0.0000000000
2022-04-24 20:08:53,763 auto_trainer.py INFO 205: Time for one full iteration is 0.4258 minutes
2022-04-24 20:09:19,290 auto_trainer.py INFO 203: [45/100] At ENC SNR 4.000000 dB DEC SNR 2.000000 dB, Loss: 0.0783158392 BER: 0.0000000000
2022-04-24 20:09:19,291 auto_trainer.py INFO 205: Time for one full iteration is 0.4255 minutes
2022-04-24 20:09:44,796 auto_trainer.py INFO 203: [46/100] At ENC SNR 4.000000 dB DEC SNR 2.000000 dB, Loss: 0.0783158392 BER: 0.0000000000
2022-04-24 20:09:44,797 auto_trainer.py INFO 205: Time for one full iteration is 0.4251 minutes
2022-04-24 20:10:10,319 auto_trainer.py INFO 203: [47/100] At ENC SNR 4.000000 dB DEC SNR 2.000000 dB, Loss: 0.0783158392 BER: 0.0000000000
2022-04-24 20:10:10,319 auto_trainer.py INFO 205: Time for one full iteration is 0.4254 minutes
2022-04-24 20:10:35,858 auto_trainer.py INFO 203: [48/100] At ENC SNR 4.000000 dB DEC SNR 2.000000 dB, Loss: 0.0783158392 BER: 0.0000000000
2022-04-24 20:10:35,858 auto_trainer.py INFO 205: Time for one full iteration is 0.4256 minutes
2022-04-24 20:11:01,364 auto_trainer.py INFO 203: [49/100] At ENC SNR 4.000000 dB DEC SNR 2.000000 dB, Loss: 0.0783158392 BER: 0.0000000000
2022-04-24 20:11:01,364 auto_trainer.py INFO 205: Time for one full iteration is 0.4251 minutes
2022-04-24 20:11:26,910 auto_trainer.py INFO 203: [50/100] At ENC SNR 4.000000 dB DEC SNR 2.000000 dB, Loss: 0.0783158392 BER: 0.0000000000
2022-04-24 20:11:26,911 auto_trainer.py INFO 205: Time for one full iteration is 0.4258 minutes
2022-04-24 20:11:52,416 auto_trainer.py INFO 203: [51/100] At ENC SNR 4.000000 dB DEC SNR 2.000000 dB, Loss: 0.0783158168 BER: 0.0000000000
2022-04-24 20:11:52,416 auto_trainer.py INFO 205: Time for one full iteration is 0.4251 minutes
2022-04-24 20:12:18,119 auto_trainer.py INFO 203: [52/100] At ENC SNR 4.000000 dB DEC SNR 2.000000 dB, Loss: 0.0783158094 BER: 0.0000000000
2022-04-24 20:12:18,120 auto_trainer.py INFO 205: Time for one full iteration is 0.4256 minutes
2022-04-24 20:12:43,651 auto_trainer.py INFO 203: [53/100] At ENC SNR 4.000000 dB DEC SNR 2.000000 dB, Loss: 0.0783157945 BER: 0.0000000000
2022-04-24 20:12:43,652 auto_trainer.py INFO 205: Time for one full iteration is 0.4255 minutes
2022-04-24 20:13:09,215 auto_trainer.py INFO 203: [54/100] At ENC SNR 4.000000 dB DEC SNR 2.000000 dB, Loss: 0.0783158168 BER: 0.0000000000
2022-04-24 20:13:09,216 auto_trainer.py INFO 205: Time for one full iteration is 0.4261 minutes
2022-04-24 20:13:34,727 auto_trainer.py INFO 203: [55/100] At ENC SNR 4.000000 dB DEC SNR 2.000000 dB, Loss: 0.0783158094 BER: 0.0000000000
2022-04-24 20:13:34,728 auto_trainer.py INFO 205: Time for one full iteration is 0.4252 minutes
2022-04-24 20:14:00,268 auto_trainer.py INFO 203: [56/100] At ENC SNR 4.000000 dB DEC SNR 2.000000 dB, Loss: 0.0783157945 BER: 0.0000000000
2022-04-24 20:14:00,268 auto_trainer.py INFO 205: Time for one full iteration is 0.4257 minutes
2022-04-24 20:14:25,784 auto_trainer.py INFO 203: [57/100] At ENC SNR 4.000000 dB DEC SNR 2.000000 dB, Loss: 0.0783157572 BER: 0.0000000000
2022-04-24 20:14:25,785 auto_trainer.py INFO 205: Time for one full iteration is 0.4253 minutes
2022-04-24 20:14:51,296 auto_trainer.py INFO 203: [58/100] At ENC SNR 4.000000 dB DEC SNR 2.000000 dB, Loss: 0.0783157572 BER: 0.0000000000
2022-04-24 20:14:51,296 auto_trainer.py INFO 205: Time for one full iteration is 0.4252 minutes
2022-04-24 20:15:16,838 auto_trainer.py INFO 203: [59/100] At ENC SNR 4.000000 dB DEC SNR 2.000000 dB, Loss: 0.0783157721 BER: 0.0000000000
2022-04-24 20:15:16,838 auto_trainer.py INFO 205: Time for one full iteration is 0.4257 minutes
2022-04-24 20:15:42,352 auto_trainer.py INFO 203: [60/100] At ENC SNR 4.000000 dB DEC SNR 2.000000 dB, Loss: 0.0783157572 BER: 0.0000000000
2022-04-24 20:15:42,352 auto_trainer.py INFO 205: Time for one full iteration is 0.4252 minutes
2022-04-24 20:16:07,862 auto_trainer.py INFO 203: [61/100] At ENC SNR 4.000000 dB DEC SNR 2.000000 dB, Loss: 0.0783157498 BER: 0.0000000000
2022-04-24 20:16:07,862 auto_trainer.py INFO 205: Time for one full iteration is 0.4252 minutes
2022-04-24 20:16:33,593 auto_trainer.py INFO 203: [62/100] At ENC SNR 4.000000 dB DEC SNR 2.000000 dB, Loss: 0.0783157498 BER: 0.0000000000
2022-04-24 20:16:33,593 auto_trainer.py INFO 205: Time for one full iteration is 0.4260 minutes
2022-04-24 20:16:59,105 auto_trainer.py INFO 203: [63/100] At ENC SNR 4.000000 dB DEC SNR 2.000000 dB, Loss: 0.0783157274 BER: 0.0000000000
2022-04-24 20:16:59,106 auto_trainer.py INFO 205: Time for one full iteration is 0.4252 minutes
2022-04-24 20:17:24,679 auto_trainer.py INFO 203: [64/100] At ENC SNR 4.000000 dB DEC SNR 2.000000 dB, Loss: 0.0783157125 BER: 0.0000000000
2022-04-24 20:17:24,679 auto_trainer.py INFO 205: Time for one full iteration is 0.4262 minutes
2022-04-24 20:17:50,176 auto_trainer.py INFO 203: [65/100] At ENC SNR 4.000000 dB DEC SNR 2.000000 dB, Loss: 0.0783157349 BER: 0.0000000000
2022-04-24 20:17:50,177 auto_trainer.py INFO 205: Time for one full iteration is 0.4250 minutes
2022-04-24 20:18:15,686 auto_trainer.py INFO 203: [66/100] At ENC SNR 4.000000 dB DEC SNR 2.000000 dB, Loss: 0.0783157125 BER: 0.0000000000
2022-04-24 20:18:15,686 auto_trainer.py INFO 205: Time for one full iteration is 0.4251 minutes
2022-04-24 20:18:41,212 auto_trainer.py INFO 203: [67/100] At ENC SNR 4.000000 dB DEC SNR 2.000000 dB, Loss: 0.0783157125 BER: 0.0000000000
2022-04-24 20:18:41,213 auto_trainer.py INFO 205: Time for one full iteration is 0.4255 minutes
2022-04-24 20:19:06,722 auto_trainer.py INFO 203: [68/100] At ENC SNR 4.000000 dB DEC SNR 2.000000 dB, Loss: 0.0783157051 BER: 0.0000000000
2022-04-24 20:19:06,722 auto_trainer.py INFO 205: Time for one full iteration is 0.4252 minutes
2022-04-24 20:19:32,230 auto_trainer.py INFO 203: [69/100] At ENC SNR 4.000000 dB DEC SNR 2.000000 dB, Loss: 0.0783156902 BER: 0.0000000000
2022-04-24 20:19:32,231 auto_trainer.py INFO 205: Time for one full iteration is 0.4251 minutes
2022-04-24 20:19:57,758 auto_trainer.py INFO 203: [70/100] At ENC SNR 4.000000 dB DEC SNR 2.000000 dB, Loss: 0.0783156902 BER: 0.0000000000
2022-04-24 20:19:57,758 auto_trainer.py INFO 205: Time for one full iteration is 0.4255 minutes
2022-04-24 20:20:23,284 auto_trainer.py INFO 203: [71/100] At ENC SNR 4.000000 dB DEC SNR 2.000000 dB, Loss: 0.0783156827 BER: 0.0000000000
2022-04-24 20:20:23,284 auto_trainer.py INFO 205: Time for one full iteration is 0.4254 minutes
2022-04-24 20:20:49,018 auto_trainer.py INFO 203: [72/100] At ENC SNR 4.000000 dB DEC SNR 2.000000 dB, Loss: 0.0783156827 BER: 0.0000000000
2022-04-24 20:20:49,018 auto_trainer.py INFO 205: Time for one full iteration is 0.4256 minutes
2022-04-24 20:21:14,565 auto_trainer.py INFO 203: [73/100] At ENC SNR 4.000000 dB DEC SNR 2.000000 dB, Loss: 0.0783156678 BER: 0.0000000000
2022-04-24 20:21:14,566 auto_trainer.py INFO 205: Time for one full iteration is 0.4258 minutes
2022-04-24 20:21:40,123 auto_trainer.py INFO 203: [74/100] At ENC SNR 4.000000 dB DEC SNR 2.000000 dB, Loss: 0.0783156604 BER: 0.0000000000
2022-04-24 20:21:40,124 auto_trainer.py INFO 205: Time for one full iteration is 0.4260 minutes
2022-04-24 20:22:05,642 auto_trainer.py INFO 203: [75/100] At ENC SNR 4.000000 dB DEC SNR 2.000000 dB, Loss: 0.0783156604 BER: 0.0000000000
2022-04-24 20:22:05,643 auto_trainer.py INFO 205: Time for one full iteration is 0.4253 minutes
2022-04-24 20:22:31,175 auto_trainer.py INFO 203: [76/100] At ENC SNR 4.000000 dB DEC SNR 2.000000 dB, Loss: 0.0783156455 BER: 0.0000000000
2022-04-24 20:22:31,175 auto_trainer.py INFO 205: Time for one full iteration is 0.4255 minutes
2022-04-24 20:22:56,679 auto_trainer.py INFO 203: [77/100] At ENC SNR 4.000000 dB DEC SNR 2.000000 dB, Loss: 0.0783156455 BER: 0.0000000000
2022-04-24 20:22:56,680 auto_trainer.py INFO 205: Time for one full iteration is 0.4251 minutes
2022-04-24 20:23:22,237 auto_trainer.py INFO 203: [78/100] At ENC SNR 4.000000 dB DEC SNR 2.000000 dB, Loss: 0.0783156604 BER: 0.0000000000
2022-04-24 20:23:22,238 auto_trainer.py INFO 205: Time for one full iteration is 0.4260 minutes
2022-04-24 20:23:47,747 auto_trainer.py INFO 203: [79/100] At ENC SNR 4.000000 dB DEC SNR 2.000000 dB, Loss: 0.0783156380 BER: 0.0000000000
2022-04-24 20:23:47,748 auto_trainer.py INFO 205: Time for one full iteration is 0.4252 minutes
2022-04-24 20:24:13,270 auto_trainer.py INFO 203: [80/100] At ENC SNR 4.000000 dB DEC SNR 2.000000 dB, Loss: 0.0783156306 BER: 0.0000000000
2022-04-24 20:24:13,270 auto_trainer.py INFO 205: Time for one full iteration is 0.4254 minutes
2022-04-24 20:24:38,805 auto_trainer.py INFO 203: [81/100] At ENC SNR 4.000000 dB DEC SNR 2.000000 dB, Loss: 0.0783156157 BER: 0.0000000000
2022-04-24 20:24:38,806 auto_trainer.py INFO 205: Time for one full iteration is 0.4256 minutes
2022-04-24 20:25:04,526 auto_trainer.py INFO 203: [82/100] At ENC SNR 4.000000 dB DEC SNR 2.000000 dB, Loss: 0.0783156008 BER: 0.0000000000
2022-04-24 20:25:04,526 auto_trainer.py INFO 205: Time for one full iteration is 0.4257 minutes
2022-04-24 20:25:30,041 auto_trainer.py INFO 203: [83/100] At ENC SNR 4.000000 dB DEC SNR 2.000000 dB, Loss: 0.0783156008 BER: 0.0000000000
2022-04-24 20:25:30,041 auto_trainer.py INFO 205: Time for one full iteration is 0.4252 minutes
2022-04-24 20:25:55,626 auto_trainer.py INFO 203: [84/100] At ENC SNR 4.000000 dB DEC SNR 2.000000 dB, Loss: 0.0783155859 BER: 0.0000000000
2022-04-24 20:25:55,626 auto_trainer.py INFO 205: Time for one full iteration is 0.4264 minutes
2022-04-24 20:26:21,147 auto_trainer.py INFO 203: [85/100] At ENC SNR 4.000000 dB DEC SNR 2.000000 dB, Loss: 0.0783155859 BER: 0.0000000000
2022-04-24 20:26:21,148 auto_trainer.py INFO 205: Time for one full iteration is 0.4254 minutes
2022-04-24 20:26:46,665 auto_trainer.py INFO 203: [86/100] At ENC SNR 4.000000 dB DEC SNR 2.000000 dB, Loss: 0.0783155710 BER: 0.0000000000
2022-04-24 20:26:46,666 auto_trainer.py INFO 205: Time for one full iteration is 0.4253 minutes
2022-04-24 20:27:12,211 auto_trainer.py INFO 203: [87/100] At ENC SNR 4.000000 dB DEC SNR 2.000000 dB, Loss: 0.0783155635 BER: 0.0000000000
2022-04-24 20:27:12,212 auto_trainer.py INFO 205: Time for one full iteration is 0.4258 minutes
2022-04-24 20:27:37,716 auto_trainer.py INFO 203: [88/100] At ENC SNR 4.000000 dB DEC SNR 2.000000 dB, Loss: 0.0783155710 BER: 0.0000000000
2022-04-24 20:27:37,716 auto_trainer.py INFO 205: Time for one full iteration is 0.4251 minutes
2022-04-24 20:28:03,237 auto_trainer.py INFO 203: [89/100] At ENC SNR 4.000000 dB DEC SNR 2.000000 dB, Loss: 0.0783155560 BER: 0.0000000000
2022-04-24 20:28:03,238 auto_trainer.py INFO 205: Time for one full iteration is 0.4254 minutes
2022-04-24 20:28:28,769 auto_trainer.py INFO 203: [90/100] At ENC SNR 4.000000 dB DEC SNR 2.000000 dB, Loss: 0.0783155560 BER: 0.0000000000
2022-04-24 20:28:28,769 auto_trainer.py INFO 205: Time for one full iteration is 0.4255 minutes
2022-04-24 20:28:54,280 auto_trainer.py INFO 203: [91/100] At ENC SNR 4.000000 dB DEC SNR 2.000000 dB, Loss: 0.0783155486 BER: 0.0000000000
2022-04-24 20:28:54,281 auto_trainer.py INFO 205: Time for one full iteration is 0.4252 minutes
2022-04-24 20:29:19,984 auto_trainer.py INFO 203: [92/100] At ENC SNR 4.000000 dB DEC SNR 2.000000 dB, Loss: 0.0783155560 BER: 0.0000000000
2022-04-24 20:29:19,985 auto_trainer.py INFO 205: Time for one full iteration is 0.4257 minutes
2022-04-24 20:29:45,521 auto_trainer.py INFO 203: [93/100] At ENC SNR 4.000000 dB DEC SNR 2.000000 dB, Loss: 0.0783155411 BER: 0.0000000000
2022-04-24 20:29:45,521 auto_trainer.py INFO 205: Time for one full iteration is 0.4256 minutes
2022-04-24 20:30:11,088 auto_trainer.py INFO 203: [94/100] At ENC SNR 4.000000 dB DEC SNR 2.000000 dB, Loss: 0.0783155262 BER: 0.0000000000
2022-04-24 20:30:11,088 auto_trainer.py INFO 205: Time for one full iteration is 0.4261 minutes
2022-04-24 20:30:36,619 auto_trainer.py INFO 203: [95/100] At ENC SNR 4.000000 dB DEC SNR 2.000000 dB, Loss: 0.0783155337 BER: 0.0000000000
2022-04-24 20:30:36,620 auto_trainer.py INFO 205: Time for one full iteration is 0.4255 minutes
2022-04-24 20:31:02,145 auto_trainer.py INFO 203: [96/100] At ENC SNR 4.000000 dB DEC SNR 2.000000 dB, Loss: 0.0783155262 BER: 0.0000000000
2022-04-24 20:31:02,145 auto_trainer.py INFO 205: Time for one full iteration is 0.4254 minutes
2022-04-24 20:31:27,663 auto_trainer.py INFO 203: [97/100] At ENC SNR 4.000000 dB DEC SNR 2.000000 dB, Loss: 0.0783155262 BER: 0.0000000000
2022-04-24 20:31:27,663 auto_trainer.py INFO 205: Time for one full iteration is 0.4253 minutes
2022-04-24 20:31:53,202 auto_trainer.py INFO 203: [98/100] At ENC SNR 4.000000 dB DEC SNR 2.000000 dB, Loss: 0.0783155113 BER: 0.0000000000
2022-04-24 20:31:53,202 auto_trainer.py INFO 205: Time for one full iteration is 0.4256 minutes
2022-04-24 20:32:18,731 auto_trainer.py INFO 203: [99/100] At ENC SNR 4.000000 dB DEC SNR 2.000000 dB, Loss: 0.0783155262 BER: 0.0000000000
2022-04-24 20:32:18,731 auto_trainer.py INFO 205: Time for one full iteration is 0.4255 minutes
2022-04-24 20:32:44,245 auto_trainer.py INFO 203: [100/100] At ENC SNR 4.000000 dB DEC SNR 2.000000 dB, Loss: 0.0783155039 BER: 0.0000000000
2022-04-24 20:32:44,246 auto_trainer.py INFO 205: Time for one full iteration is 0.4252 minutes
2022-04-24 20:32:44,246 auto_trainer.py WARNING 232: Finished
