2022-04-24 15:41:52,601 auto_trainer.py INFO 87: train_conf_name : c_n3_r1_m4
2022-04-24 15:41:52,601 auto_trainer.py INFO 88: Device : cuda
2022-04-24 15:41:52,601 auto_trainer.py INFO 89: conf file
2022-04-24 15:41:52,601 auto_trainer.py INFO 90: {'para': {'train_batch_size': 100000, 'train_small_batch_size': 2500, 'test_size': 50000, 'full_iterations': 100, 'enc_train_iters': 5, 'dec_train_iters': 25, 'hidden_size': 32, 'lr': 1e-05, 'seed': 1, 'n': 3, 'r': 1, 'm': 4, 'code_length': 81, 'code_dimension': 9, 'enc_train_snr': 4, 'dec_train_snr': 2, 'data_type': 'n3_r1_m4', 'logger_name': 'C_n3_r1_m4_train', 'CUDA_VISIBLE_DEVICES': '1', 'train_save_path_dir': './save/{}/C_{}', 'train_save_path_encoder': './save/{}/C_{}/enc_{}.pth', 'train_save_path_decoder': './save/{}/C_{}/dec_{}.pth', 'retrain': False, 'retrain_day': 'Jan-05-2022', 'retrain_epoch_num': 21}, 'test': {'snr_list': '-3,-2,-1,0,1,2,3,4,5,6,7', 'Boosting_number_list': '1,2,3', 'day': 'Apr-24-2022', 'epoch_num': 100, 'logger_name': 'C_n3_r1_m4_test', 'test_model_path_encoder': './save/{}/C_{}/enc_{}.pth', 'test_model_path_decoder': './save/{}/C_{}/dec_{}.pth'}}
2022-04-24 15:41:52,601 auto_trainer.py INFO 91: We are on!!!
2022-04-24 15:44:06,774 auto_trainer.py INFO 203: [1/100] At ENC SNR 4.000000 dB DEC SNR 2.000000 dB, Loss: 0.0078319274 BER: 0.0000000000
2022-04-24 15:44:06,775 auto_trainer.py INFO 205: Time for one full iteration is 2.0190 minutes
2022-04-24 15:46:06,314 auto_trainer.py INFO 203: [2/100] At ENC SNR 4.000000 dB DEC SNR 2.000000 dB, Loss: 0.0078319451 BER: 0.0000000000
2022-04-24 15:46:06,315 auto_trainer.py INFO 205: Time for one full iteration is 1.9885 minutes
2022-04-24 15:48:05,480 auto_trainer.py INFO 203: [3/100] At ENC SNR 4.000000 dB DEC SNR 2.000000 dB, Loss: 0.0078319404 BER: 0.0000000000
2022-04-24 15:48:05,481 auto_trainer.py INFO 205: Time for one full iteration is 1.9861 minutes
2022-04-24 15:50:04,646 auto_trainer.py INFO 203: [4/100] At ENC SNR 4.000000 dB DEC SNR 2.000000 dB, Loss: 0.0078319637 BER: 0.0000000000
2022-04-24 15:50:04,647 auto_trainer.py INFO 205: Time for one full iteration is 1.9861 minutes
2022-04-24 15:52:03,704 auto_trainer.py INFO 203: [5/100] At ENC SNR 4.000000 dB DEC SNR 2.000000 dB, Loss: 0.0078319227 BER: 0.0000000000
2022-04-24 15:52:03,705 auto_trainer.py INFO 205: Time for one full iteration is 1.9843 minutes
2022-04-24 15:54:02,841 auto_trainer.py INFO 203: [6/100] At ENC SNR 4.000000 dB DEC SNR 2.000000 dB, Loss: 0.0078319395 BER: 0.0000000000
2022-04-24 15:54:02,842 auto_trainer.py INFO 205: Time for one full iteration is 1.9856 minutes
2022-04-24 15:56:02,007 auto_trainer.py INFO 203: [7/100] At ENC SNR 4.000000 dB DEC SNR 2.000000 dB, Loss: 0.0078319674 BER: 0.0000000000
2022-04-24 15:56:02,008 auto_trainer.py INFO 205: Time for one full iteration is 1.9861 minutes
2022-04-24 15:58:01,220 auto_trainer.py INFO 203: [8/100] At ENC SNR 4.000000 dB DEC SNR 2.000000 dB, Loss: 0.0078319376 BER: 0.0000000000
2022-04-24 15:58:01,221 auto_trainer.py INFO 205: Time for one full iteration is 1.9869 minutes
2022-04-24 16:00:00,298 auto_trainer.py INFO 203: [9/100] At ENC SNR 4.000000 dB DEC SNR 2.000000 dB, Loss: 0.0078319646 BER: 0.0000000000
2022-04-24 16:00:00,299 auto_trainer.py INFO 205: Time for one full iteration is 1.9846 minutes
2022-04-24 16:01:59,551 auto_trainer.py INFO 203: [10/100] At ENC SNR 4.000000 dB DEC SNR 2.000000 dB, Loss: 0.0078319665 BER: 0.0000000000
2022-04-24 16:01:59,552 auto_trainer.py INFO 205: Time for one full iteration is 1.9876 minutes
2022-04-24 16:03:58,789 auto_trainer.py INFO 203: [11/100] At ENC SNR 4.000000 dB DEC SNR 2.000000 dB, Loss: 0.0078319153 BER: 0.0000000000
2022-04-24 16:03:58,790 auto_trainer.py INFO 205: Time for one full iteration is 1.9873 minutes
2022-04-24 16:05:58,264 auto_trainer.py INFO 203: [12/100] At ENC SNR 4.000000 dB DEC SNR 2.000000 dB, Loss: 0.0078319451 BER: 0.0000000000
2022-04-24 16:05:58,264 auto_trainer.py INFO 205: Time for one full iteration is 1.9886 minutes
2022-04-24 16:07:57,658 auto_trainer.py INFO 203: [13/100] At ENC SNR 4.000000 dB DEC SNR 2.000000 dB, Loss: 0.0078319088 BER: 0.0000000000
2022-04-24 16:07:57,658 auto_trainer.py INFO 205: Time for one full iteration is 1.9899 minutes
2022-04-24 16:09:56,964 auto_trainer.py INFO 203: [14/100] At ENC SNR 4.000000 dB DEC SNR 2.000000 dB, Loss: 0.0078319516 BER: 0.0000000000
2022-04-24 16:09:56,964 auto_trainer.py INFO 205: Time for one full iteration is 1.9884 minutes
2022-04-24 16:11:56,223 auto_trainer.py INFO 203: [15/100] At ENC SNR 4.000000 dB DEC SNR 2.000000 dB, Loss: 0.0078319330 BER: 0.0000000000
2022-04-24 16:11:56,224 auto_trainer.py INFO 205: Time for one full iteration is 1.9877 minutes
2022-04-24 16:13:55,497 auto_trainer.py INFO 203: [16/100] At ENC SNR 4.000000 dB DEC SNR 2.000000 dB, Loss: 0.0078320056 BER: 0.0000000000
2022-04-24 16:13:55,498 auto_trainer.py INFO 205: Time for one full iteration is 1.9879 minutes
2022-04-24 16:15:54,865 auto_trainer.py INFO 203: [17/100] At ENC SNR 4.000000 dB DEC SNR 2.000000 dB, Loss: 0.0078319414 BER: 0.0000000000
2022-04-24 16:15:54,866 auto_trainer.py INFO 205: Time for one full iteration is 1.9895 minutes
2022-04-24 16:17:54,138 auto_trainer.py INFO 203: [18/100] At ENC SNR 4.000000 dB DEC SNR 2.000000 dB, Loss: 0.0078319358 BER: 0.0000000000
2022-04-24 16:17:54,139 auto_trainer.py INFO 205: Time for one full iteration is 1.9879 minutes
2022-04-24 16:19:53,513 auto_trainer.py INFO 203: [19/100] At ENC SNR 4.000000 dB DEC SNR 2.000000 dB, Loss: 0.0078319339 BER: 0.0000000000
2022-04-24 16:19:53,514 auto_trainer.py INFO 205: Time for one full iteration is 1.9896 minutes
2022-04-24 16:21:52,764 auto_trainer.py INFO 203: [20/100] At ENC SNR 4.000000 dB DEC SNR 2.000000 dB, Loss: 0.0078319162 BER: 0.0000000000
2022-04-24 16:21:52,764 auto_trainer.py INFO 205: Time for one full iteration is 1.9875 minutes
2022-04-24 16:23:52,037 auto_trainer.py INFO 203: [21/100] At ENC SNR 4.000000 dB DEC SNR 2.000000 dB, Loss: 0.0078319358 BER: 0.0000000000
2022-04-24 16:23:52,038 auto_trainer.py INFO 205: Time for one full iteration is 1.9879 minutes
2022-04-24 16:25:51,425 auto_trainer.py INFO 203: [22/100] At ENC SNR 4.000000 dB DEC SNR 2.000000 dB, Loss: 0.0078319712 BER: 0.0000000000
2022-04-24 16:25:51,426 auto_trainer.py INFO 205: Time for one full iteration is 1.9870 minutes
2022-04-24 16:27:50,580 auto_trainer.py INFO 203: [23/100] At ENC SNR 4.000000 dB DEC SNR 2.000000 dB, Loss: 0.0078319637 BER: 0.0000000000
2022-04-24 16:27:50,581 auto_trainer.py INFO 205: Time for one full iteration is 1.9859 minutes
2022-04-24 16:29:49,704 auto_trainer.py INFO 203: [24/100] At ENC SNR 4.000000 dB DEC SNR 2.000000 dB, Loss: 0.0078319097 BER: 0.0000000000
2022-04-24 16:29:49,705 auto_trainer.py INFO 205: Time for one full iteration is 1.9854 minutes
2022-04-24 16:31:49,051 auto_trainer.py INFO 203: [25/100] At ENC SNR 4.000000 dB DEC SNR 2.000000 dB, Loss: 0.0078319125 BER: 0.0000000000
2022-04-24 16:31:49,052 auto_trainer.py INFO 205: Time for one full iteration is 1.9891 minutes
2022-04-24 16:33:48,271 auto_trainer.py INFO 203: [26/100] At ENC SNR 4.000000 dB DEC SNR 2.000000 dB, Loss: 0.0078319330 BER: 0.0000000000
2022-04-24 16:33:48,272 auto_trainer.py INFO 205: Time for one full iteration is 1.9870 minutes
2022-04-24 16:35:47,482 auto_trainer.py INFO 203: [27/100] At ENC SNR 4.000000 dB DEC SNR 2.000000 dB, Loss: 0.0078319414 BER: 0.0000000000
2022-04-24 16:35:47,483 auto_trainer.py INFO 205: Time for one full iteration is 1.9868 minutes
2022-04-24 16:37:46,759 auto_trainer.py INFO 203: [28/100] At ENC SNR 4.000000 dB DEC SNR 2.000000 dB, Loss: 0.0078319004 BER: 0.0000000000
2022-04-24 16:37:46,760 auto_trainer.py INFO 205: Time for one full iteration is 1.9879 minutes
2022-04-24 16:39:46,010 auto_trainer.py INFO 203: [29/100] At ENC SNR 4.000000 dB DEC SNR 2.000000 dB, Loss: 0.0078319302 BER: 0.0000000000
2022-04-24 16:39:46,011 auto_trainer.py INFO 205: Time for one full iteration is 1.9875 minutes
2022-04-24 16:41:45,227 auto_trainer.py INFO 203: [30/100] At ENC SNR 4.000000 dB DEC SNR 2.000000 dB, Loss: 0.0078319684 BER: 0.0000000000
2022-04-24 16:41:45,228 auto_trainer.py INFO 205: Time for one full iteration is 1.9869 minutes
2022-04-24 16:43:44,409 auto_trainer.py INFO 203: [31/100] At ENC SNR 4.000000 dB DEC SNR 2.000000 dB, Loss: 0.0078319153 BER: 0.0000000000
2022-04-24 16:43:44,409 auto_trainer.py INFO 205: Time for one full iteration is 1.9863 minutes
2022-04-24 16:45:43,870 auto_trainer.py INFO 203: [32/100] At ENC SNR 4.000000 dB DEC SNR 2.000000 dB, Loss: 0.0078319525 BER: 0.0000000000
2022-04-24 16:45:43,870 auto_trainer.py INFO 205: Time for one full iteration is 1.9883 minutes
2022-04-24 16:47:43,061 auto_trainer.py INFO 203: [33/100] At ENC SNR 4.000000 dB DEC SNR 2.000000 dB, Loss: 0.0078319153 BER: 0.0000000000
2022-04-24 16:47:43,062 auto_trainer.py INFO 205: Time for one full iteration is 1.9865 minutes
2022-04-24 16:49:42,295 auto_trainer.py INFO 203: [34/100] At ENC SNR 4.000000 dB DEC SNR 2.000000 dB, Loss: 0.0078319237 BER: 0.0000000000
2022-04-24 16:49:42,296 auto_trainer.py INFO 205: Time for one full iteration is 1.9872 minutes
2022-04-24 16:51:41,440 auto_trainer.py INFO 203: [35/100] At ENC SNR 4.000000 dB DEC SNR 2.000000 dB, Loss: 0.0078319469 BER: 0.0000000000
2022-04-24 16:51:41,441 auto_trainer.py INFO 205: Time for one full iteration is 1.9857 minutes
2022-04-24 16:53:40,673 auto_trainer.py INFO 203: [36/100] At ENC SNR 4.000000 dB DEC SNR 2.000000 dB, Loss: 0.0078319591 BER: 0.0000000000
2022-04-24 16:53:40,674 auto_trainer.py INFO 205: Time for one full iteration is 1.9872 minutes
2022-04-24 16:55:39,887 auto_trainer.py INFO 203: [37/100] At ENC SNR 4.000000 dB DEC SNR 2.000000 dB, Loss: 0.0078319153 BER: 0.0000000000
2022-04-24 16:55:39,888 auto_trainer.py INFO 205: Time for one full iteration is 1.9869 minutes
2022-04-24 16:57:39,039 auto_trainer.py INFO 203: [38/100] At ENC SNR 4.000000 dB DEC SNR 2.000000 dB, Loss: 0.0078318808 BER: 0.0000000000
2022-04-24 16:57:39,039 auto_trainer.py INFO 205: Time for one full iteration is 1.9859 minutes
2022-04-24 16:59:38,234 auto_trainer.py INFO 203: [39/100] At ENC SNR 4.000000 dB DEC SNR 2.000000 dB, Loss: 0.0078318855 BER: 0.0000000000
2022-04-24 16:59:38,234 auto_trainer.py INFO 205: Time for one full iteration is 1.9866 minutes
2022-04-24 17:01:37,574 auto_trainer.py INFO 203: [40/100] At ENC SNR 4.000000 dB DEC SNR 2.000000 dB, Loss: 0.0078318715 BER: 0.0000000000
2022-04-24 17:01:37,575 auto_trainer.py INFO 205: Time for one full iteration is 1.9890 minutes
2022-04-24 17:03:36,881 auto_trainer.py INFO 203: [41/100] At ENC SNR 4.000000 dB DEC SNR 2.000000 dB, Loss: 0.0078319265 BER: 0.0000000000
2022-04-24 17:03:36,881 auto_trainer.py INFO 205: Time for one full iteration is 1.9884 minutes
2022-04-24 17:05:36,296 auto_trainer.py INFO 203: [42/100] At ENC SNR 4.000000 dB DEC SNR 2.000000 dB, Loss: 0.0078319255 BER: 0.0000000000
2022-04-24 17:05:36,297 auto_trainer.py INFO 205: Time for one full iteration is 1.9874 minutes
2022-04-24 17:07:35,474 auto_trainer.py INFO 203: [43/100] At ENC SNR 4.000000 dB DEC SNR 2.000000 dB, Loss: 0.0078319125 BER: 0.0000000000
2022-04-24 17:07:35,475 auto_trainer.py INFO 205: Time for one full iteration is 1.9863 minutes
2022-04-24 17:09:34,643 auto_trainer.py INFO 203: [44/100] At ENC SNR 4.000000 dB DEC SNR 2.000000 dB, Loss: 0.0078319218 BER: 0.0000000000
2022-04-24 17:09:34,643 auto_trainer.py INFO 205: Time for one full iteration is 1.9861 minutes
2022-04-24 17:11:33,908 auto_trainer.py INFO 203: [45/100] At ENC SNR 4.000000 dB DEC SNR 2.000000 dB, Loss: 0.0078319265 BER: 0.0000000000
2022-04-24 17:11:33,909 auto_trainer.py INFO 205: Time for one full iteration is 1.9878 minutes
2022-04-24 17:13:33,055 auto_trainer.py INFO 203: [46/100] At ENC SNR 4.000000 dB DEC SNR 2.000000 dB, Loss: 0.0078319311 BER: 0.0000000000
2022-04-24 17:13:33,056 auto_trainer.py INFO 205: Time for one full iteration is 1.9858 minutes
2022-04-24 17:15:33,360 auto_trainer.py INFO 203: [47/100] At ENC SNR 4.000000 dB DEC SNR 2.000000 dB, Loss: 0.0078318799 BER: 0.0000000000
2022-04-24 17:15:33,360 auto_trainer.py INFO 205: Time for one full iteration is 2.0051 minutes
2022-04-24 17:17:33,804 auto_trainer.py INFO 203: [48/100] At ENC SNR 4.000000 dB DEC SNR 2.000000 dB, Loss: 0.0078319190 BER: 0.0000000000
2022-04-24 17:17:33,804 auto_trainer.py INFO 205: Time for one full iteration is 2.0074 minutes
2022-04-24 17:19:34,234 auto_trainer.py INFO 203: [49/100] At ENC SNR 4.000000 dB DEC SNR 2.000000 dB, Loss: 0.0078318734 BER: 0.0000000000
2022-04-24 17:19:34,235 auto_trainer.py INFO 205: Time for one full iteration is 2.0072 minutes
2022-04-24 17:21:34,621 auto_trainer.py INFO 203: [50/100] At ENC SNR 4.000000 dB DEC SNR 2.000000 dB, Loss: 0.0078319199 BER: 0.0000000000
2022-04-24 17:21:34,622 auto_trainer.py INFO 205: Time for one full iteration is 2.0065 minutes
2022-04-24 17:23:35,011 auto_trainer.py INFO 203: [51/100] At ENC SNR 4.000000 dB DEC SNR 2.000000 dB, Loss: 0.0078318957 BER: 0.0000000000
2022-04-24 17:23:35,012 auto_trainer.py INFO 205: Time for one full iteration is 2.0065 minutes
2022-04-24 17:25:35,643 auto_trainer.py INFO 203: [52/100] At ENC SNR 4.000000 dB DEC SNR 2.000000 dB, Loss: 0.0078319423 BER: 0.0000000000
2022-04-24 17:25:35,644 auto_trainer.py INFO 205: Time for one full iteration is 2.0078 minutes
2022-04-24 17:27:36,174 auto_trainer.py INFO 203: [53/100] At ENC SNR 4.000000 dB DEC SNR 2.000000 dB, Loss: 0.0078319069 BER: 0.0000000000
2022-04-24 17:27:36,175 auto_trainer.py INFO 205: Time for one full iteration is 2.0088 minutes
2022-04-24 17:29:36,692 auto_trainer.py INFO 203: [54/100] At ENC SNR 4.000000 dB DEC SNR 2.000000 dB, Loss: 0.0078319404 BER: 0.0000000000
2022-04-24 17:29:36,693 auto_trainer.py INFO 205: Time for one full iteration is 2.0086 minutes
2022-04-24 17:31:37,308 auto_trainer.py INFO 203: [55/100] At ENC SNR 4.000000 dB DEC SNR 2.000000 dB, Loss: 0.0078318669 BER: 0.0000000000
2022-04-24 17:31:37,309 auto_trainer.py INFO 205: Time for one full iteration is 2.0103 minutes
2022-04-24 17:33:37,793 auto_trainer.py INFO 203: [56/100] At ENC SNR 4.000000 dB DEC SNR 2.000000 dB, Loss: 0.0078318669 BER: 0.0000000000
2022-04-24 17:33:37,794 auto_trainer.py INFO 205: Time for one full iteration is 2.0081 minutes
2022-04-24 17:35:38,339 auto_trainer.py INFO 203: [57/100] At ENC SNR 4.000000 dB DEC SNR 2.000000 dB, Loss: 0.0078319116 BER: 0.0000000000
2022-04-24 17:35:38,340 auto_trainer.py INFO 205: Time for one full iteration is 2.0091 minutes
2022-04-24 17:37:38,828 auto_trainer.py INFO 203: [58/100] At ENC SNR 4.000000 dB DEC SNR 2.000000 dB, Loss: 0.0078318818 BER: 0.0000000000
2022-04-24 17:37:38,829 auto_trainer.py INFO 205: Time for one full iteration is 2.0081 minutes
2022-04-24 17:39:39,325 auto_trainer.py INFO 203: [59/100] At ENC SNR 4.000000 dB DEC SNR 2.000000 dB, Loss: 0.0078318501 BER: 0.0000000000
2022-04-24 17:39:39,325 auto_trainer.py INFO 205: Time for one full iteration is 2.0083 minutes
2022-04-24 17:41:39,874 auto_trainer.py INFO 203: [60/100] At ENC SNR 4.000000 dB DEC SNR 2.000000 dB, Loss: 0.0078318939 BER: 0.0000000000
2022-04-24 17:41:39,875 auto_trainer.py INFO 205: Time for one full iteration is 2.0092 minutes
2022-04-24 17:43:40,436 auto_trainer.py INFO 203: [61/100] At ENC SNR 4.000000 dB DEC SNR 2.000000 dB, Loss: 0.0078318408 BER: 0.0000000000
2022-04-24 17:43:40,437 auto_trainer.py INFO 205: Time for one full iteration is 2.0094 minutes
2022-04-24 17:45:41,018 auto_trainer.py INFO 203: [62/100] At ENC SNR 4.000000 dB DEC SNR 2.000000 dB, Loss: 0.0078318780 BER: 0.0000000000
2022-04-24 17:45:41,019 auto_trainer.py INFO 205: Time for one full iteration is 2.0070 minutes
2022-04-24 17:47:41,490 auto_trainer.py INFO 203: [63/100] At ENC SNR 4.000000 dB DEC SNR 2.000000 dB, Loss: 0.0078318445 BER: 0.0000000000
2022-04-24 17:47:41,491 auto_trainer.py INFO 205: Time for one full iteration is 2.0079 minutes
2022-04-24 17:49:41,942 auto_trainer.py INFO 203: [64/100] At ENC SNR 4.000000 dB DEC SNR 2.000000 dB, Loss: 0.0078318939 BER: 0.0000000000
2022-04-24 17:49:41,943 auto_trainer.py INFO 205: Time for one full iteration is 2.0075 minutes
2022-04-24 17:51:42,428 auto_trainer.py INFO 203: [65/100] At ENC SNR 4.000000 dB DEC SNR 2.000000 dB, Loss: 0.0078318371 BER: 0.0000000000
2022-04-24 17:51:42,429 auto_trainer.py INFO 205: Time for one full iteration is 2.0081 minutes
2022-04-24 17:53:42,909 auto_trainer.py INFO 203: [66/100] At ENC SNR 4.000000 dB DEC SNR 2.000000 dB, Loss: 0.0078318631 BER: 0.0000000000
2022-04-24 17:53:42,910 auto_trainer.py INFO 205: Time for one full iteration is 2.0080 minutes
2022-04-24 17:55:43,338 auto_trainer.py INFO 203: [67/100] At ENC SNR 4.000000 dB DEC SNR 2.000000 dB, Loss: 0.0078318492 BER: 0.0000000000
2022-04-24 17:55:43,339 auto_trainer.py INFO 205: Time for one full iteration is 2.0071 minutes
2022-04-24 17:57:43,849 auto_trainer.py INFO 203: [68/100] At ENC SNR 4.000000 dB DEC SNR 2.000000 dB, Loss: 0.0078318594 BER: 0.0000000000
2022-04-24 17:57:43,850 auto_trainer.py INFO 205: Time for one full iteration is 2.0085 minutes
2022-04-24 17:59:44,346 auto_trainer.py INFO 203: [69/100] At ENC SNR 4.000000 dB DEC SNR 2.000000 dB, Loss: 0.0078318408 BER: 0.0000000000
2022-04-24 17:59:44,346 auto_trainer.py INFO 205: Time for one full iteration is 2.0083 minutes
2022-04-24 18:01:44,833 auto_trainer.py INFO 203: [70/100] At ENC SNR 4.000000 dB DEC SNR 2.000000 dB, Loss: 0.0078318371 BER: 0.0000000000
2022-04-24 18:01:44,834 auto_trainer.py INFO 205: Time for one full iteration is 2.0081 minutes
2022-04-24 18:03:45,327 auto_trainer.py INFO 203: [71/100] At ENC SNR 4.000000 dB DEC SNR 2.000000 dB, Loss: 0.0078318315 BER: 0.0000000000
2022-04-24 18:03:45,327 auto_trainer.py INFO 205: Time for one full iteration is 2.0082 minutes
2022-04-24 18:05:46,032 auto_trainer.py INFO 203: [72/100] At ENC SNR 4.000000 dB DEC SNR 2.000000 dB, Loss: 0.0078318175 BER: 0.0000000000
2022-04-24 18:05:46,032 auto_trainer.py INFO 205: Time for one full iteration is 2.0089 minutes
2022-04-24 18:07:46,707 auto_trainer.py INFO 203: [73/100] At ENC SNR 4.000000 dB DEC SNR 2.000000 dB, Loss: 0.0078318696 BER: 0.0000000000
2022-04-24 18:07:46,708 auto_trainer.py INFO 205: Time for one full iteration is 2.0113 minutes
2022-04-24 18:09:47,227 auto_trainer.py INFO 203: [74/100] At ENC SNR 4.000000 dB DEC SNR 2.000000 dB, Loss: 0.0078318082 BER: 0.0000000000
2022-04-24 18:09:47,227 auto_trainer.py INFO 205: Time for one full iteration is 2.0087 minutes
2022-04-24 18:11:47,729 auto_trainer.py INFO 203: [75/100] At ENC SNR 4.000000 dB DEC SNR 2.000000 dB, Loss: 0.0078318147 BER: 0.0000000000
2022-04-24 18:11:47,730 auto_trainer.py INFO 205: Time for one full iteration is 2.0084 minutes
2022-04-24 18:13:48,267 auto_trainer.py INFO 203: [76/100] At ENC SNR 4.000000 dB DEC SNR 2.000000 dB, Loss: 0.0078318184 BER: 0.0000000000
2022-04-24 18:13:48,267 auto_trainer.py INFO 205: Time for one full iteration is 2.0090 minutes
2022-04-24 18:15:48,810 auto_trainer.py INFO 203: [77/100] At ENC SNR 4.000000 dB DEC SNR 2.000000 dB, Loss: 0.0078317951 BER: 0.0000000000
2022-04-24 18:15:48,810 auto_trainer.py INFO 205: Time for one full iteration is 2.0090 minutes
2022-04-24 18:17:49,246 auto_trainer.py INFO 203: [78/100] At ENC SNR 4.000000 dB DEC SNR 2.000000 dB, Loss: 0.0078318017 BER: 0.0000000000
2022-04-24 18:17:49,247 auto_trainer.py INFO 205: Time for one full iteration is 2.0073 minutes
2022-04-24 18:19:49,821 auto_trainer.py INFO 203: [79/100] At ENC SNR 4.000000 dB DEC SNR 2.000000 dB, Loss: 0.0078317849 BER: 0.0000000000
2022-04-24 18:19:49,822 auto_trainer.py INFO 205: Time for one full iteration is 2.0096 minutes
2022-04-24 18:21:50,342 auto_trainer.py INFO 203: [80/100] At ENC SNR 4.000000 dB DEC SNR 2.000000 dB, Loss: 0.0078318100 BER: 0.0000000000
2022-04-24 18:21:50,343 auto_trainer.py INFO 205: Time for one full iteration is 2.0087 minutes
2022-04-24 18:23:50,900 auto_trainer.py INFO 203: [81/100] At ENC SNR 4.000000 dB DEC SNR 2.000000 dB, Loss: 0.0078317663 BER: 0.0000000000
2022-04-24 18:23:50,900 auto_trainer.py INFO 205: Time for one full iteration is 2.0093 minutes
2022-04-24 18:25:51,585 auto_trainer.py INFO 203: [82/100] At ENC SNR 4.000000 dB DEC SNR 2.000000 dB, Loss: 0.0078317504 BER: 0.0000000000
2022-04-24 18:25:51,586 auto_trainer.py INFO 205: Time for one full iteration is 2.0086 minutes
2022-04-24 18:27:52,049 auto_trainer.py INFO 203: [83/100] At ENC SNR 4.000000 dB DEC SNR 2.000000 dB, Loss: 0.0078317598 BER: 0.0000000000
2022-04-24 18:27:52,050 auto_trainer.py INFO 205: Time for one full iteration is 2.0077 minutes
2022-04-24 18:29:52,525 auto_trainer.py INFO 203: [84/100] At ENC SNR 4.000000 dB DEC SNR 2.000000 dB, Loss: 0.0078317598 BER: 0.0000000000
2022-04-24 18:29:52,525 auto_trainer.py INFO 205: Time for one full iteration is 2.0079 minutes
2022-04-24 18:31:53,015 auto_trainer.py INFO 203: [85/100] At ENC SNR 4.000000 dB DEC SNR 2.000000 dB, Loss: 0.0078317467 BER: 0.0000000000
2022-04-24 18:31:53,015 auto_trainer.py INFO 205: Time for one full iteration is 2.0082 minutes
2022-04-24 18:33:53,490 auto_trainer.py INFO 203: [86/100] At ENC SNR 4.000000 dB DEC SNR 2.000000 dB, Loss: 0.0078317560 BER: 0.0000000000
2022-04-24 18:33:53,490 auto_trainer.py INFO 205: Time for one full iteration is 2.0079 minutes
2022-04-24 18:35:54,008 auto_trainer.py INFO 203: [87/100] At ENC SNR 4.000000 dB DEC SNR 2.000000 dB, Loss: 0.0078317672 BER: 0.0000000000
2022-04-24 18:35:54,009 auto_trainer.py INFO 205: Time for one full iteration is 2.0086 minutes
2022-04-24 18:37:54,463 auto_trainer.py INFO 203: [88/100] At ENC SNR 4.000000 dB DEC SNR 2.000000 dB, Loss: 0.0078317625 BER: 0.0000000000
2022-04-24 18:37:54,463 auto_trainer.py INFO 205: Time for one full iteration is 2.0076 minutes
2022-04-24 18:39:55,003 auto_trainer.py INFO 203: [89/100] At ENC SNR 4.000000 dB DEC SNR 2.000000 dB, Loss: 0.0078317616 BER: 0.0000000000
2022-04-24 18:39:55,004 auto_trainer.py INFO 205: Time for one full iteration is 2.0090 minutes
2022-04-24 18:41:55,458 auto_trainer.py INFO 203: [90/100] At ENC SNR 4.000000 dB DEC SNR 2.000000 dB, Loss: 0.0078317178 BER: 0.0000000000
2022-04-24 18:41:55,459 auto_trainer.py INFO 205: Time for one full iteration is 2.0076 minutes
2022-04-24 18:43:55,936 auto_trainer.py INFO 203: [91/100] At ENC SNR 4.000000 dB DEC SNR 2.000000 dB, Loss: 0.0078317206 BER: 0.0000000000
2022-04-24 18:43:55,937 auto_trainer.py INFO 205: Time for one full iteration is 2.0080 minutes
2022-04-24 18:45:56,537 auto_trainer.py INFO 203: [92/100] At ENC SNR 4.000000 dB DEC SNR 2.000000 dB, Loss: 0.0078317327 BER: 0.0000000000
2022-04-24 18:45:56,538 auto_trainer.py INFO 205: Time for one full iteration is 2.0074 minutes
2022-04-24 18:47:56,956 auto_trainer.py INFO 203: [93/100] At ENC SNR 4.000000 dB DEC SNR 2.000000 dB, Loss: 0.0078317327 BER: 0.0000000000
2022-04-24 18:47:56,956 auto_trainer.py INFO 205: Time for one full iteration is 2.0070 minutes
2022-04-24 18:49:57,364 auto_trainer.py INFO 203: [94/100] At ENC SNR 4.000000 dB DEC SNR 2.000000 dB, Loss: 0.0078317178 BER: 0.0000000000
2022-04-24 18:49:57,365 auto_trainer.py INFO 205: Time for one full iteration is 2.0068 minutes
2022-04-24 18:51:57,811 auto_trainer.py INFO 203: [95/100] At ENC SNR 4.000000 dB DEC SNR 2.000000 dB, Loss: 0.0078317085 BER: 0.0000000000
2022-04-24 18:51:57,811 auto_trainer.py INFO 205: Time for one full iteration is 2.0074 minutes
2022-04-24 18:53:58,182 auto_trainer.py INFO 203: [96/100] At ENC SNR 4.000000 dB DEC SNR 2.000000 dB, Loss: 0.0078316880 BER: 0.0000000000
2022-04-24 18:53:58,183 auto_trainer.py INFO 205: Time for one full iteration is 2.0062 minutes
2022-04-24 18:55:58,582 auto_trainer.py INFO 203: [97/100] At ENC SNR 4.000000 dB DEC SNR 2.000000 dB, Loss: 0.0078317169 BER: 0.0000000000
2022-04-24 18:55:58,583 auto_trainer.py INFO 205: Time for one full iteration is 2.0067 minutes
2022-04-24 18:57:58,979 auto_trainer.py INFO 203: [98/100] At ENC SNR 4.000000 dB DEC SNR 2.000000 dB, Loss: 0.0078316918 BER: 0.0000000000
2022-04-24 18:57:58,979 auto_trainer.py INFO 205: Time for one full iteration is 2.0066 minutes
2022-04-24 18:59:59,432 auto_trainer.py INFO 203: [99/100] At ENC SNR 4.000000 dB DEC SNR 2.000000 dB, Loss: 0.0078316806 BER: 0.0000000000
2022-04-24 18:59:59,433 auto_trainer.py INFO 205: Time for one full iteration is 2.0076 minutes
2022-04-24 19:01:59,794 auto_trainer.py INFO 203: [100/100] At ENC SNR 4.000000 dB DEC SNR 2.000000 dB, Loss: 0.0078316918 BER: 0.0000000000
2022-04-24 19:01:59,794 auto_trainer.py INFO 205: Time for one full iteration is 2.0060 minutes
2022-04-24 19:01:59,795 auto_trainer.py WARNING 232: Finished
