2022-04-04 19:30:37,285 auto_trainer.py INFO 87: train_conf_name : c_n2_r1_m6
2022-04-04 19:30:37,285 auto_trainer.py INFO 88: Device : cuda
2022-04-04 19:30:37,286 auto_trainer.py INFO 89: conf file
2022-04-04 19:30:37,286 auto_trainer.py INFO 90: {'para': {'train_batch_size': 100000, 'train_small_batch_size': 25000, 'test_size': 10000, 'full_iterations': 500, 'enc_train_iters': 5, 'dec_train_iters': 25, 'hidden_size': 32, 'lr': 1e-05, 'seed': 1, 'n': 2, 'r': 1, 'm': 6, 'code_length': 64, 'code_dimension': 7, 'enc_train_snr': 0, 'dec_train_snr': -2, 'data_type': 'n2_r1_m6', 'logger_name': 'C_n2_r1_m6_train', 'CUDA_VISIBLE_DEVICES': '1', 'train_save_path_dir': './save/{}/C_{}', 'train_save_path_encoder': './save/{}/C_{}/enc_{}.pth', 'train_save_path_decoder': './save/{}/C_{}/dec_{}.pth', 'retrain': False, 'retrain_day': 'Jan-05-2022', 'retrain_epoch_num': 21}, 'test': {'snr_list': '-10,-9,-8,-7,-6,-5,-4,-3,-2,-1,0', 'Boosting_number_list': '1,2,3', 'day': 'Mar-29-2022', 'epoch_num': 101, 'logger_name': 'C_n2_r1_m6_test', 'test_model_path_encoder': './save/{}/C_{}/enc_{}.pth', 'test_model_path_decoder': './save/{}/C_{}/dec_{}.pth'}}
2022-04-04 19:30:37,286 auto_trainer.py INFO 91: We are on!!!
2022-04-04 19:31:14,369 auto_trainer.py INFO 201: [1/500] At ENC SNR 0.000000 dB DEC SNR -2.000000 dB, Loss: 0.0973530710 BER: 0.1434628516
2022-04-04 19:31:14,370 auto_trainer.py INFO 202: Time for one full iteration is 0.4291 minutes
2022-04-04 19:31:39,898 auto_trainer.py INFO 201: [2/500] At ENC SNR 0.000000 dB DEC SNR -2.000000 dB, Loss: 0.0947530791 BER: 0.1413485706
2022-04-04 19:31:39,898 auto_trainer.py INFO 202: Time for one full iteration is 0.4196 minutes
2022-04-04 19:32:03,967 auto_trainer.py INFO 201: [3/500] At ENC SNR 0.000000 dB DEC SNR -2.000000 dB, Loss: 0.1022502184 BER: 0.1434628516
2022-04-04 19:32:03,968 auto_trainer.py INFO 202: Time for one full iteration is 0.4012 minutes
2022-04-04 19:32:27,919 auto_trainer.py INFO 201: [4/500] At ENC SNR 0.000000 dB DEC SNR -2.000000 dB, Loss: 0.0996216387 BER: 0.1429942846
2022-04-04 19:32:27,920 auto_trainer.py INFO 202: Time for one full iteration is 0.3992 minutes
2022-04-04 19:32:50,738 auto_trainer.py INFO 201: [5/500] At ENC SNR 0.000000 dB DEC SNR -2.000000 dB, Loss: 0.0997987837 BER: 0.1426171362
2022-04-04 19:32:50,739 auto_trainer.py INFO 202: Time for one full iteration is 0.3803 minutes
2022-04-04 19:33:13,535 auto_trainer.py INFO 201: [6/500] At ENC SNR 0.000000 dB DEC SNR -2.000000 dB, Loss: 0.0984502137 BER: 0.1427942812
2022-04-04 19:33:13,535 auto_trainer.py INFO 202: Time for one full iteration is 0.3799 minutes
2022-04-04 19:33:36,462 auto_trainer.py INFO 201: [7/500] At ENC SNR 0.000000 dB DEC SNR -2.000000 dB, Loss: 0.0972330794 BER: 0.1423600018
2022-04-04 19:33:36,462 auto_trainer.py INFO 202: Time for one full iteration is 0.3821 minutes
2022-04-04 19:33:59,249 auto_trainer.py INFO 201: [8/500] At ENC SNR 0.000000 dB DEC SNR -2.000000 dB, Loss: 0.0991359353 BER: 0.1432514340
2022-04-04 19:33:59,250 auto_trainer.py INFO 202: Time for one full iteration is 0.3798 minutes
2022-04-04 19:34:22,195 auto_trainer.py INFO 201: [9/500] At ENC SNR 0.000000 dB DEC SNR -2.000000 dB, Loss: 0.0990216509 BER: 0.1431885660
2022-04-04 19:34:22,195 auto_trainer.py INFO 202: Time for one full iteration is 0.3824 minutes
2022-04-04 19:34:45,099 auto_trainer.py INFO 201: [10/500] At ENC SNR 0.000000 dB DEC SNR -2.000000 dB, Loss: 0.0961473510 BER: 0.1417257190
2022-04-04 19:34:45,100 auto_trainer.py INFO 202: Time for one full iteration is 0.3817 minutes
2022-04-04 19:35:08,117 auto_trainer.py INFO 201: [11/500] At ENC SNR 0.000000 dB DEC SNR -2.000000 dB, Loss: 0.0969816521 BER: 0.1428514272
2022-04-04 19:35:08,117 auto_trainer.py INFO 202: Time for one full iteration is 0.3836 minutes
2022-04-04 19:35:31,419 auto_trainer.py INFO 201: [12/500] At ENC SNR 0.000000 dB DEC SNR -2.000000 dB, Loss: 0.0992159247 BER: 0.1421142817
2022-04-04 19:35:31,419 auto_trainer.py INFO 202: Time for one full iteration is 0.3848 minutes
2022-04-04 19:35:54,474 auto_trainer.py INFO 201: [13/500] At ENC SNR 0.000000 dB DEC SNR -2.000000 dB, Loss: 0.1009073630 BER: 0.1437657177
2022-04-04 19:35:54,475 auto_trainer.py INFO 202: Time for one full iteration is 0.3843 minutes
2022-04-04 19:36:09,274 auto_trainer.py WARNING 226: Graceful Exit
2022-04-04 19:38:17,657 auto_trainer.py INFO 87: train_conf_name : c_n2_r1_m6
2022-04-04 19:38:17,658 auto_trainer.py INFO 88: Device : cuda
2022-04-04 19:38:17,658 auto_trainer.py INFO 89: conf file
2022-04-04 19:38:17,658 auto_trainer.py INFO 90: {'para': {'train_batch_size': 100000, 'train_small_batch_size': 25000, 'test_size': 10000, 'full_iterations': 500, 'enc_train_iters': 5, 'dec_train_iters': 25, 'hidden_size': 32, 'lr': 1e-05, 'seed': 1, 'n': 2, 'r': 1, 'm': 6, 'code_length': 64, 'code_dimension': 7, 'enc_train_snr': 0, 'dec_train_snr': -2, 'data_type': 'n2_r1_m6', 'logger_name': 'C_n2_r1_m6_train', 'CUDA_VISIBLE_DEVICES': '1', 'train_save_path_dir': './save/{}/C_{}', 'train_save_path_encoder': './save/{}/C_{}/enc_{}.pth', 'train_save_path_decoder': './save/{}/C_{}/dec_{}.pth', 'retrain': False, 'retrain_day': 'Jan-05-2022', 'retrain_epoch_num': 21}, 'test': {'snr_list': '-10,-9,-8,-7,-6,-5,-4,-3,-2,-1,0', 'Boosting_number_list': '1,2,3', 'day': 'Mar-29-2022', 'epoch_num': 101, 'logger_name': 'C_n2_r1_m6_test', 'test_model_path_encoder': './save/{}/C_{}/enc_{}.pth', 'test_model_path_decoder': './save/{}/C_{}/dec_{}.pth'}}
2022-04-04 19:38:17,658 auto_trainer.py INFO 91: We are on!!!
2022-04-04 19:38:44,302 auto_trainer.py INFO 201: [1/500] At ENC SNR 0.000000 dB DEC SNR -2.000000 dB, Loss: -0.1891897917 BER: 0.0000285714
2022-04-04 19:38:44,303 auto_trainer.py INFO 202: Time for one full iteration is 0.3978 minutes
2022-04-04 19:39:07,977 auto_trainer.py INFO 201: [2/500] At ENC SNR 0.000000 dB DEC SNR -2.000000 dB, Loss: -0.1875497997 BER: 0.0000171429
2022-04-04 19:39:07,977 auto_trainer.py INFO 202: Time for one full iteration is 0.3912 minutes
2022-04-04 19:39:31,164 auto_trainer.py INFO 201: [3/500] At ENC SNR 0.000000 dB DEC SNR -2.000000 dB, Loss: -0.1853555143 BER: 0.0000857143
2022-04-04 19:39:31,165 auto_trainer.py INFO 202: Time for one full iteration is 0.3864 minutes
2022-04-04 19:39:54,739 auto_trainer.py INFO 201: [4/500] At ENC SNR 0.000000 dB DEC SNR -2.000000 dB, Loss: -0.1860183626 BER: 0.0000400000
2022-04-04 19:39:54,740 auto_trainer.py INFO 202: Time for one full iteration is 0.3929 minutes
2022-04-04 19:40:18,044 auto_trainer.py INFO 201: [5/500] At ENC SNR 0.000000 dB DEC SNR -2.000000 dB, Loss: -0.1854812205 BER: 0.0000228571
2022-04-04 19:40:18,045 auto_trainer.py INFO 202: Time for one full iteration is 0.3884 minutes
2022-04-04 19:40:41,321 auto_trainer.py INFO 201: [6/500] At ENC SNR 0.000000 dB DEC SNR -2.000000 dB, Loss: -0.1866298020 BER: 0.0000914286
2022-04-04 19:40:41,322 auto_trainer.py INFO 202: Time for one full iteration is 0.3879 minutes
2022-04-04 19:41:04,648 auto_trainer.py INFO 201: [7/500] At ENC SNR 0.000000 dB DEC SNR -2.000000 dB, Loss: -0.1871669441 BER: 0.0000285714
2022-04-04 19:41:04,649 auto_trainer.py INFO 202: Time for one full iteration is 0.3888 minutes
2022-04-04 19:41:27,958 auto_trainer.py INFO 201: [8/500] At ENC SNR 0.000000 dB DEC SNR -2.000000 dB, Loss: -0.1869097948 BER: 0.0000514286
2022-04-04 19:41:27,958 auto_trainer.py INFO 202: Time for one full iteration is 0.3885 minutes
2022-04-04 19:41:51,172 auto_trainer.py INFO 201: [9/500] At ENC SNR 0.000000 dB DEC SNR -2.000000 dB, Loss: -0.1859555095 BER: 0.0000857143
2022-04-04 19:41:51,173 auto_trainer.py INFO 202: Time for one full iteration is 0.3869 minutes
2022-04-04 19:42:14,444 auto_trainer.py INFO 201: [10/500] At ENC SNR 0.000000 dB DEC SNR -2.000000 dB, Loss: -0.1848069429 BER: 0.0000514286
2022-04-04 19:42:14,445 auto_trainer.py INFO 202: Time for one full iteration is 0.3879 minutes
2022-04-04 19:42:37,596 auto_trainer.py INFO 201: [11/500] At ENC SNR 0.000000 dB DEC SNR -2.000000 dB, Loss: -0.1876755059 BER: 0.0000571429
2022-04-04 19:42:37,596 auto_trainer.py INFO 202: Time for one full iteration is 0.3859 minutes
2022-04-04 19:43:00,923 auto_trainer.py INFO 201: [12/500] At ENC SNR 0.000000 dB DEC SNR -2.000000 dB, Loss: -0.1849269420 BER: 0.0000057143
2022-04-04 19:43:00,924 auto_trainer.py INFO 202: Time for one full iteration is 0.3854 minutes
2022-04-04 19:43:24,187 auto_trainer.py INFO 201: [13/500] At ENC SNR 0.000000 dB DEC SNR -2.000000 dB, Loss: -0.1862297952 BER: 0.0000457143
2022-04-04 19:43:24,188 auto_trainer.py INFO 202: Time for one full iteration is 0.3877 minutes
2022-04-04 19:43:47,407 auto_trainer.py INFO 201: [14/500] At ENC SNR 0.000000 dB DEC SNR -2.000000 dB, Loss: -0.1860583723 BER: 0.0000285714
2022-04-04 19:43:47,408 auto_trainer.py INFO 202: Time for one full iteration is 0.3870 minutes
2022-04-04 19:44:10,570 auto_trainer.py INFO 201: [15/500] At ENC SNR 0.000000 dB DEC SNR -2.000000 dB, Loss: -0.1847955137 BER: 0.0000057143
2022-04-04 19:44:10,571 auto_trainer.py INFO 202: Time for one full iteration is 0.3860 minutes
2022-04-04 19:44:33,640 auto_trainer.py INFO 201: [16/500] At ENC SNR 0.000000 dB DEC SNR -2.000000 dB, Loss: -0.1887897998 BER: 0.0000514286
2022-04-04 19:44:33,641 auto_trainer.py INFO 202: Time for one full iteration is 0.3845 minutes
2022-04-04 19:44:56,940 auto_trainer.py INFO 201: [17/500] At ENC SNR 0.000000 dB DEC SNR -2.000000 dB, Loss: -0.1869440824 BER: 0.0001200000
2022-04-04 19:44:56,940 auto_trainer.py INFO 202: Time for one full iteration is 0.3883 minutes
2022-04-04 19:45:19,812 auto_trainer.py INFO 201: [18/500] At ENC SNR 0.000000 dB DEC SNR -2.000000 dB, Loss: -0.1868355125 BER: 0.0000285714
2022-04-04 19:45:19,813 auto_trainer.py INFO 202: Time for one full iteration is 0.3812 minutes
2022-04-04 19:45:42,848 auto_trainer.py INFO 201: [19/500] At ENC SNR 0.000000 dB DEC SNR -2.000000 dB, Loss: -0.1866583675 BER: 0.0000400000
2022-04-04 19:45:42,849 auto_trainer.py INFO 202: Time for one full iteration is 0.3839 minutes
2022-04-04 19:46:06,066 auto_trainer.py INFO 201: [20/500] At ENC SNR 0.000000 dB DEC SNR -2.000000 dB, Loss: -0.1868297905 BER: 0.0000285714
2022-04-04 19:46:06,067 auto_trainer.py INFO 202: Time for one full iteration is 0.3870 minutes
2022-04-04 19:46:29,252 auto_trainer.py INFO 201: [21/500] At ENC SNR 0.000000 dB DEC SNR -2.000000 dB, Loss: -0.1875840873 BER: 0.0001371429
2022-04-04 19:46:29,253 auto_trainer.py INFO 202: Time for one full iteration is 0.3864 minutes
2022-04-04 19:46:52,681 auto_trainer.py INFO 201: [22/500] At ENC SNR 0.000000 dB DEC SNR -2.000000 dB, Loss: -0.1874126494 BER: 0.0000057143
2022-04-04 19:46:52,681 auto_trainer.py INFO 202: Time for one full iteration is 0.3867 minutes
2022-04-04 19:47:15,846 auto_trainer.py INFO 201: [23/500] At ENC SNR 0.000000 dB DEC SNR -2.000000 dB, Loss: -0.1850126535 BER: 0.0001371429
2022-04-04 19:47:15,847 auto_trainer.py INFO 202: Time for one full iteration is 0.3861 minutes
2022-04-04 19:47:39,018 auto_trainer.py INFO 201: [24/500] At ENC SNR 0.000000 dB DEC SNR -2.000000 dB, Loss: -0.1869040877 BER: 0.0000742857
2022-04-04 19:47:39,018 auto_trainer.py INFO 202: Time for one full iteration is 0.3862 minutes
2022-04-04 19:48:02,236 auto_trainer.py INFO 201: [25/500] At ENC SNR 0.000000 dB DEC SNR -2.000000 dB, Loss: -0.1856183708 BER: 0.0000571429
2022-04-04 19:48:02,236 auto_trainer.py INFO 202: Time for one full iteration is 0.3870 minutes
2022-04-04 19:48:25,411 auto_trainer.py INFO 201: [26/500] At ENC SNR 0.000000 dB DEC SNR -2.000000 dB, Loss: -0.1853383631 BER: 0.0000628571
2022-04-04 19:48:25,412 auto_trainer.py INFO 202: Time for one full iteration is 0.3863 minutes
2022-04-04 19:48:48,527 auto_trainer.py INFO 201: [27/500] At ENC SNR 0.000000 dB DEC SNR -2.000000 dB, Loss: -0.1883440763 BER: 0.0000171429
2022-04-04 19:48:48,528 auto_trainer.py INFO 202: Time for one full iteration is 0.3853 minutes
2022-04-04 19:49:11,555 auto_trainer.py INFO 201: [28/500] At ENC SNR 0.000000 dB DEC SNR -2.000000 dB, Loss: -0.1843497902 BER: 0.0000514286
2022-04-04 19:49:11,555 auto_trainer.py INFO 202: Time for one full iteration is 0.3838 minutes
2022-04-04 19:49:34,682 auto_trainer.py INFO 201: [29/500] At ENC SNR 0.000000 dB DEC SNR -2.000000 dB, Loss: -0.1862355173 BER: 0.0000971429
2022-04-04 19:49:34,682 auto_trainer.py INFO 202: Time for one full iteration is 0.3854 minutes
2022-04-04 19:49:57,647 auto_trainer.py INFO 201: [30/500] At ENC SNR 0.000000 dB DEC SNR -2.000000 dB, Loss: -0.1874069422 BER: 0.0001142857
2022-04-04 19:49:57,648 auto_trainer.py INFO 202: Time for one full iteration is 0.3827 minutes
2022-04-04 19:50:20,687 auto_trainer.py INFO 201: [31/500] At ENC SNR 0.000000 dB DEC SNR -2.000000 dB, Loss: -0.1873783618 BER: 0.0000228571
2022-04-04 19:50:20,688 auto_trainer.py INFO 202: Time for one full iteration is 0.3840 minutes
2022-04-04 19:50:43,957 auto_trainer.py INFO 201: [32/500] At ENC SNR 0.000000 dB DEC SNR -2.000000 dB, Loss: -0.1866926551 BER: 0.0000228571
2022-04-04 19:50:43,957 auto_trainer.py INFO 202: Time for one full iteration is 0.3843 minutes
2022-04-04 19:51:06,925 auto_trainer.py INFO 201: [33/500] At ENC SNR 0.000000 dB DEC SNR -2.000000 dB, Loss: -0.1856526583 BER: 0.0001828571
2022-04-04 19:51:06,925 auto_trainer.py INFO 202: Time for one full iteration is 0.3828 minutes
2022-04-04 19:51:29,820 auto_trainer.py INFO 201: [34/500] At ENC SNR 0.000000 dB DEC SNR -2.000000 dB, Loss: -0.1878012270 BER: 0.0001428571
2022-04-04 19:51:29,820 auto_trainer.py INFO 202: Time for one full iteration is 0.3816 minutes
2022-04-04 19:51:52,946 auto_trainer.py INFO 201: [35/500] At ENC SNR 0.000000 dB DEC SNR -2.000000 dB, Loss: -0.1889097989 BER: 0.0000285714
2022-04-04 19:51:52,947 auto_trainer.py INFO 202: Time for one full iteration is 0.3854 minutes
2022-04-04 19:52:15,974 auto_trainer.py INFO 201: [36/500] At ENC SNR 0.000000 dB DEC SNR -2.000000 dB, Loss: -0.1861440837 BER: 0.0000457143
2022-04-04 19:52:15,975 auto_trainer.py INFO 202: Time for one full iteration is 0.3838 minutes
2022-04-04 19:52:38,982 auto_trainer.py INFO 201: [37/500] At ENC SNR 0.000000 dB DEC SNR -2.000000 dB, Loss: -0.1884412318 BER: 0.0000114286
2022-04-04 19:52:38,983 auto_trainer.py INFO 202: Time for one full iteration is 0.3835 minutes
2022-04-04 19:53:02,122 auto_trainer.py INFO 201: [38/500] At ENC SNR 0.000000 dB DEC SNR -2.000000 dB, Loss: -0.1868812293 BER: 0.0000742857
2022-04-04 19:53:02,123 auto_trainer.py INFO 202: Time for one full iteration is 0.3857 minutes
2022-04-04 19:53:25,328 auto_trainer.py INFO 201: [39/500] At ENC SNR 0.000000 dB DEC SNR -2.000000 dB, Loss: -0.1851040870 BER: 0.0000857143
2022-04-04 19:53:25,328 auto_trainer.py INFO 202: Time for one full iteration is 0.3868 minutes
2022-04-04 19:53:49,277 auto_trainer.py INFO 201: [40/500] At ENC SNR 0.000000 dB DEC SNR -2.000000 dB, Loss: -0.1879555136 BER: 0.0000800000
2022-04-04 19:53:49,278 auto_trainer.py INFO 202: Time for one full iteration is 0.3992 minutes
2022-04-04 19:54:13,056 auto_trainer.py INFO 201: [41/500] At ENC SNR 0.000000 dB DEC SNR -2.000000 dB, Loss: -0.1862069368 BER: 0.0000914286
2022-04-04 19:54:13,056 auto_trainer.py INFO 202: Time for one full iteration is 0.3963 minutes
2022-04-04 19:54:37,091 auto_trainer.py INFO 201: [42/500] At ENC SNR 0.000000 dB DEC SNR -2.000000 dB, Loss: -0.1851097941 BER: 0.0001142857
2022-04-04 19:54:37,091 auto_trainer.py INFO 202: Time for one full iteration is 0.3968 minutes
2022-04-04 19:55:00,922 auto_trainer.py INFO 201: [43/500] At ENC SNR 0.000000 dB DEC SNR -2.000000 dB, Loss: -0.1863612235 BER: 0.0000342857
2022-04-04 19:55:00,922 auto_trainer.py INFO 202: Time for one full iteration is 0.3972 minutes
2022-04-04 19:55:24,626 auto_trainer.py INFO 201: [44/500] At ENC SNR 0.000000 dB DEC SNR -2.000000 dB, Loss: -0.1864526570 BER: 0.0000057143
2022-04-04 19:55:24,626 auto_trainer.py INFO 202: Time for one full iteration is 0.3951 minutes
2022-04-04 19:55:48,074 auto_trainer.py INFO 201: [45/500] At ENC SNR 0.000000 dB DEC SNR -2.000000 dB, Loss: -0.1876126528 BER: 0.0000285714
2022-04-04 19:55:48,075 auto_trainer.py INFO 202: Time for one full iteration is 0.3908 minutes
2022-04-04 19:56:11,697 auto_trainer.py INFO 201: [46/500] At ENC SNR 0.000000 dB DEC SNR -2.000000 dB, Loss: -0.1869612187 BER: 0.0000685714
2022-04-04 19:56:11,697 auto_trainer.py INFO 202: Time for one full iteration is 0.3937 minutes
2022-04-04 19:56:35,326 auto_trainer.py INFO 201: [47/500] At ENC SNR 0.000000 dB DEC SNR -2.000000 dB, Loss: -0.1890583634 BER: 0.0001314286
2022-04-04 19:56:35,327 auto_trainer.py INFO 202: Time for one full iteration is 0.3938 minutes
2022-04-04 19:56:58,511 auto_trainer.py INFO 201: [48/500] At ENC SNR 0.000000 dB DEC SNR -2.000000 dB, Loss: -0.1864869446 BER: 0.0000971429
2022-04-04 19:56:58,512 auto_trainer.py INFO 202: Time for one full iteration is 0.3864 minutes
2022-04-04 19:57:21,500 auto_trainer.py INFO 201: [49/500] At ENC SNR 0.000000 dB DEC SNR -2.000000 dB, Loss: -0.1880412251 BER: 0.0000400000
2022-04-04 19:57:21,501 auto_trainer.py INFO 202: Time for one full iteration is 0.3831 minutes
2022-04-04 19:57:44,719 auto_trainer.py INFO 201: [50/500] At ENC SNR 0.000000 dB DEC SNR -2.000000 dB, Loss: -0.1839840859 BER: 0.0000742857
2022-04-04 19:57:44,720 auto_trainer.py INFO 202: Time for one full iteration is 0.3870 minutes
2022-04-04 19:58:07,935 auto_trainer.py INFO 201: [51/500] At ENC SNR 0.000000 dB DEC SNR -2.000000 dB, Loss: -0.1864069402 BER: 0.0000628571
2022-04-04 19:58:07,935 auto_trainer.py INFO 202: Time for one full iteration is 0.3869 minutes
2022-04-04 19:58:31,340 auto_trainer.py INFO 201: [52/500] At ENC SNR 0.000000 dB DEC SNR -2.000000 dB, Loss: -0.1878412217 BER: 0.0001085714
2022-04-04 19:58:31,340 auto_trainer.py INFO 202: Time for one full iteration is 0.3866 minutes
2022-04-04 19:58:54,496 auto_trainer.py INFO 201: [53/500] At ENC SNR 0.000000 dB DEC SNR -2.000000 dB, Loss: -0.1846126467 BER: 0.0000571429
2022-04-04 19:58:54,496 auto_trainer.py INFO 202: Time for one full iteration is 0.3859 minutes
2022-04-04 19:59:17,472 auto_trainer.py INFO 201: [54/500] At ENC SNR 0.000000 dB DEC SNR -2.000000 dB, Loss: -0.1871726513 BER: 0.0000342857
2022-04-04 19:59:17,472 auto_trainer.py INFO 202: Time for one full iteration is 0.3829 minutes
2022-04-04 19:59:40,587 auto_trainer.py INFO 201: [55/500] At ENC SNR 0.000000 dB DEC SNR -2.000000 dB, Loss: -0.1830640882 BER: 0.0001142857
2022-04-04 19:59:40,588 auto_trainer.py INFO 202: Time for one full iteration is 0.3853 minutes
2022-04-04 20:00:03,821 auto_trainer.py INFO 201: [56/500] At ENC SNR 0.000000 dB DEC SNR -2.000000 dB, Loss: -0.1875669360 BER: 0.0001485714
2022-04-04 20:00:03,821 auto_trainer.py INFO 202: Time for one full iteration is 0.3872 minutes
2022-04-04 20:00:26,938 auto_trainer.py INFO 201: [57/500] At ENC SNR 0.000000 dB DEC SNR -2.000000 dB, Loss: -0.1862583607 BER: 0.0000285714
2022-04-04 20:00:26,939 auto_trainer.py INFO 202: Time for one full iteration is 0.3853 minutes
2022-04-04 20:00:49,986 auto_trainer.py INFO 201: [58/500] At ENC SNR 0.000000 dB DEC SNR -2.000000 dB, Loss: -0.1847497970 BER: 0.0001028571
2022-04-04 20:00:49,987 auto_trainer.py INFO 202: Time for one full iteration is 0.3841 minutes
2022-04-04 20:01:12,944 auto_trainer.py INFO 201: [59/500] At ENC SNR 0.000000 dB DEC SNR -2.000000 dB, Loss: -0.1859040856 BER: 0.0001600000
2022-04-04 20:01:12,945 auto_trainer.py INFO 202: Time for one full iteration is 0.3826 minutes
2022-04-04 20:01:35,964 auto_trainer.py INFO 201: [60/500] At ENC SNR 0.000000 dB DEC SNR -2.000000 dB, Loss: -0.1850983649 BER: 0.0000857143
2022-04-04 20:01:35,965 auto_trainer.py INFO 202: Time for one full iteration is 0.3837 minutes
2022-04-04 20:01:59,079 auto_trainer.py INFO 201: [61/500] At ENC SNR 0.000000 dB DEC SNR -2.000000 dB, Loss: -0.1853726506 BER: 0.0000228571
2022-04-04 20:01:59,080 auto_trainer.py INFO 202: Time for one full iteration is 0.3852 minutes
2022-04-04 20:02:22,415 auto_trainer.py INFO 201: [62/500] At ENC SNR 0.000000 dB DEC SNR -2.000000 dB, Loss: -0.1879155040 BER: 0.0000057143
2022-04-04 20:02:22,416 auto_trainer.py INFO 202: Time for one full iteration is 0.3854 minutes
2022-04-04 20:02:45,567 auto_trainer.py INFO 201: [63/500] At ENC SNR 0.000000 dB DEC SNR -2.000000 dB, Loss: -0.1882469356 BER: 0.0000857143
2022-04-04 20:02:45,567 auto_trainer.py INFO 202: Time for one full iteration is 0.3859 minutes
2022-04-04 20:03:08,626 auto_trainer.py INFO 201: [64/500] At ENC SNR 0.000000 dB DEC SNR -2.000000 dB, Loss: -0.1873155087 BER: 0.0000800000
2022-04-04 20:03:08,626 auto_trainer.py INFO 202: Time for one full iteration is 0.3843 minutes
2022-04-04 20:03:31,737 auto_trainer.py INFO 201: [65/500] At ENC SNR 0.000000 dB DEC SNR -2.000000 dB, Loss: -0.1849726588 BER: 0.0001028571
2022-04-04 20:03:31,738 auto_trainer.py INFO 202: Time for one full iteration is 0.3852 minutes
2022-04-04 20:03:54,483 auto_trainer.py INFO 201: [66/500] At ENC SNR 0.000000 dB DEC SNR -2.000000 dB, Loss: -0.1866526604 BER: 0.0000514286
2022-04-04 20:03:54,483 auto_trainer.py INFO 202: Time for one full iteration is 0.3791 minutes
2022-04-04 20:04:17,304 auto_trainer.py INFO 201: [67/500] At ENC SNR 0.000000 dB DEC SNR -2.000000 dB, Loss: -0.1872755140 BER: 0.0001142857
2022-04-04 20:04:17,304 auto_trainer.py INFO 202: Time for one full iteration is 0.3803 minutes
2022-04-04 20:04:40,337 auto_trainer.py INFO 201: [68/500] At ENC SNR 0.000000 dB DEC SNR -2.000000 dB, Loss: -0.1857897937 BER: 0.0001028571
2022-04-04 20:04:40,337 auto_trainer.py INFO 202: Time for one full iteration is 0.3839 minutes
2022-04-04 20:05:03,661 auto_trainer.py INFO 201: [69/500] At ENC SNR 0.000000 dB DEC SNR -2.000000 dB, Loss: -0.1840469390 BER: 0.0001714286
2022-04-04 20:05:03,661 auto_trainer.py INFO 202: Time for one full iteration is 0.3887 minutes
2022-04-04 20:05:26,844 auto_trainer.py INFO 201: [70/500] At ENC SNR 0.000000 dB DEC SNR -2.000000 dB, Loss: -0.1875555068 BER: 0.0000285714
2022-04-04 20:05:26,845 auto_trainer.py INFO 202: Time for one full iteration is 0.3864 minutes
2022-04-04 20:05:49,925 auto_trainer.py INFO 201: [71/500] At ENC SNR 0.000000 dB DEC SNR -2.000000 dB, Loss: -0.1863326579 BER: 0.0000685714
2022-04-04 20:05:49,925 auto_trainer.py INFO 202: Time for one full iteration is 0.3847 minutes
2022-04-04 20:06:13,250 auto_trainer.py INFO 201: [72/500] At ENC SNR 0.000000 dB DEC SNR -2.000000 dB, Loss: -0.1840755045 BER: 0.0001657143
2022-04-04 20:06:13,250 auto_trainer.py INFO 202: Time for one full iteration is 0.3848 minutes
2022-04-04 20:06:36,422 auto_trainer.py INFO 201: [73/500] At ENC SNR 0.000000 dB DEC SNR -2.000000 dB, Loss: -0.1864240766 BER: 0.0000400000
2022-04-04 20:06:36,422 auto_trainer.py INFO 202: Time for one full iteration is 0.3862 minutes
2022-04-04 20:06:59,619 auto_trainer.py INFO 201: [74/500] At ENC SNR 0.000000 dB DEC SNR -2.000000 dB, Loss: -0.1856412292 BER: 0.0001428571
2022-04-04 20:06:59,620 auto_trainer.py INFO 202: Time for one full iteration is 0.3866 minutes
2022-04-04 20:07:22,733 auto_trainer.py INFO 201: [75/500] At ENC SNR 0.000000 dB DEC SNR -2.000000 dB, Loss: -0.1854355037 BER: 0.0000857143
2022-04-04 20:07:22,734 auto_trainer.py INFO 202: Time for one full iteration is 0.3852 minutes
2022-04-04 20:07:45,835 auto_trainer.py INFO 201: [76/500] At ENC SNR 0.000000 dB DEC SNR -2.000000 dB, Loss: -0.1864526570 BER: 0.0001142857
2022-04-04 20:07:45,835 auto_trainer.py INFO 202: Time for one full iteration is 0.3850 minutes
2022-04-04 20:08:09,030 auto_trainer.py INFO 201: [77/500] At ENC SNR 0.000000 dB DEC SNR -2.000000 dB, Loss: -0.1855669320 BER: 0.0000800000
2022-04-04 20:08:09,031 auto_trainer.py INFO 202: Time for one full iteration is 0.3866 minutes
2022-04-04 20:08:32,032 auto_trainer.py INFO 201: [78/500] At ENC SNR 0.000000 dB DEC SNR -2.000000 dB, Loss: -0.1884926558 BER: 0.0000571429
2022-04-04 20:08:32,032 auto_trainer.py INFO 202: Time for one full iteration is 0.3834 minutes
2022-04-04 20:08:55,084 auto_trainer.py INFO 201: [79/500] At ENC SNR 0.000000 dB DEC SNR -2.000000 dB, Loss: -0.1849097908 BER: 0.0000000000
2022-04-04 20:08:55,084 auto_trainer.py INFO 202: Time for one full iteration is 0.3842 minutes
2022-04-04 20:09:18,269 auto_trainer.py INFO 201: [80/500] At ENC SNR 0.000000 dB DEC SNR -2.000000 dB, Loss: -0.1874869466 BER: 0.0000628571
2022-04-04 20:09:18,270 auto_trainer.py INFO 202: Time for one full iteration is 0.3864 minutes
2022-04-04 20:09:41,469 auto_trainer.py INFO 201: [81/500] At ENC SNR 0.000000 dB DEC SNR -2.000000 dB, Loss: -0.1876526475 BER: 0.0000285714
2022-04-04 20:09:41,469 auto_trainer.py INFO 202: Time for one full iteration is 0.3866 minutes
2022-04-04 20:10:04,935 auto_trainer.py INFO 201: [82/500] At ENC SNR 0.000000 dB DEC SNR -2.000000 dB, Loss: -0.1872126609 BER: 0.0000000000
2022-04-04 20:10:04,936 auto_trainer.py INFO 202: Time for one full iteration is 0.3871 minutes
2022-04-04 20:10:28,081 auto_trainer.py INFO 201: [83/500] At ENC SNR 0.000000 dB DEC SNR -2.000000 dB, Loss: -0.1852869391 BER: 0.0000171429
2022-04-04 20:10:28,082 auto_trainer.py INFO 202: Time for one full iteration is 0.3858 minutes
2022-04-04 20:10:51,200 auto_trainer.py INFO 201: [84/500] At ENC SNR 0.000000 dB DEC SNR -2.000000 dB, Loss: -0.1877726465 BER: 0.0001028571
2022-04-04 20:10:51,200 auto_trainer.py INFO 202: Time for one full iteration is 0.3853 minutes
2022-04-04 20:11:14,611 auto_trainer.py INFO 201: [85/500] At ENC SNR 0.000000 dB DEC SNR -2.000000 dB, Loss: -0.1861840785 BER: 0.0000000000
2022-04-04 20:11:14,611 auto_trainer.py INFO 202: Time for one full iteration is 0.3902 minutes
2022-04-04 20:11:37,840 auto_trainer.py INFO 201: [86/500] At ENC SNR 0.000000 dB DEC SNR -2.000000 dB, Loss: -0.1859269440 BER: 0.0000228571
2022-04-04 20:11:37,840 auto_trainer.py INFO 202: Time for one full iteration is 0.3871 minutes
2022-04-04 20:12:00,858 auto_trainer.py INFO 201: [87/500] At ENC SNR 0.000000 dB DEC SNR -2.000000 dB, Loss: -0.1866697967 BER: 0.0001142857
2022-04-04 20:12:00,859 auto_trainer.py INFO 202: Time for one full iteration is 0.3836 minutes
2022-04-04 20:12:24,074 auto_trainer.py INFO 201: [88/500] At ENC SNR 0.000000 dB DEC SNR -2.000000 dB, Loss: -0.1851555109 BER: 0.0001200000
2022-04-04 20:12:24,075 auto_trainer.py INFO 202: Time for one full iteration is 0.3869 minutes
2022-04-04 20:12:47,496 auto_trainer.py INFO 201: [89/500] At ENC SNR 0.000000 dB DEC SNR -2.000000 dB, Loss: -0.1871555150 BER: 0.0000800000
2022-04-04 20:12:47,497 auto_trainer.py INFO 202: Time for one full iteration is 0.3904 minutes
2022-04-04 20:13:10,483 auto_trainer.py INFO 201: [90/500] At ENC SNR 0.000000 dB DEC SNR -2.000000 dB, Loss: -0.1844869405 BER: 0.0000800000
2022-04-04 20:13:10,483 auto_trainer.py INFO 202: Time for one full iteration is 0.3831 minutes
2022-04-04 20:13:33,583 auto_trainer.py INFO 201: [91/500] At ENC SNR 0.000000 dB DEC SNR -2.000000 dB, Loss: -0.1864012182 BER: 0.0000400000
2022-04-04 20:13:33,584 auto_trainer.py INFO 202: Time for one full iteration is 0.3850 minutes
2022-04-04 20:13:57,037 auto_trainer.py INFO 201: [92/500] At ENC SNR 0.000000 dB DEC SNR -2.000000 dB, Loss: -0.1860755086 BER: 0.0000514286
2022-04-04 20:13:57,037 auto_trainer.py INFO 202: Time for one full iteration is 0.3872 minutes
2022-04-04 20:14:20,064 auto_trainer.py INFO 201: [93/500] At ENC SNR 0.000000 dB DEC SNR -2.000000 dB, Loss: -0.1873440892 BER: 0.0001714286
2022-04-04 20:14:20,064 auto_trainer.py INFO 202: Time for one full iteration is 0.3838 minutes
2022-04-04 20:14:43,215 auto_trainer.py INFO 201: [94/500] At ENC SNR 0.000000 dB DEC SNR -2.000000 dB, Loss: -0.1853497922 BER: 0.0000457143
2022-04-04 20:14:43,215 auto_trainer.py INFO 202: Time for one full iteration is 0.3858 minutes
2022-04-04 20:15:06,327 auto_trainer.py INFO 201: [95/500] At ENC SNR 0.000000 dB DEC SNR -2.000000 dB, Loss: -0.1887726486 BER: 0.0000285714
2022-04-04 20:15:06,328 auto_trainer.py INFO 202: Time for one full iteration is 0.3852 minutes
2022-04-04 20:15:29,469 auto_trainer.py INFO 201: [96/500] At ENC SNR 0.000000 dB DEC SNR -2.000000 dB, Loss: -0.1877897978 BER: 0.0001257143
2022-04-04 20:15:29,469 auto_trainer.py INFO 202: Time for one full iteration is 0.3857 minutes
2022-04-04 20:15:52,621 auto_trainer.py INFO 201: [97/500] At ENC SNR 0.000000 dB DEC SNR -2.000000 dB, Loss: -0.1873440892 BER: 0.0000457143
2022-04-04 20:15:52,622 auto_trainer.py INFO 202: Time for one full iteration is 0.3859 minutes
2022-04-04 20:16:15,827 auto_trainer.py INFO 201: [98/500] At ENC SNR 0.000000 dB DEC SNR -2.000000 dB, Loss: -0.1857669353 BER: 0.0000800000
2022-04-04 20:16:15,828 auto_trainer.py INFO 202: Time for one full iteration is 0.3868 minutes
2022-04-04 20:16:38,960 auto_trainer.py INFO 201: [99/500] At ENC SNR 0.000000 dB DEC SNR -2.000000 dB, Loss: -0.1866069436 BER: 0.0000457143
2022-04-04 20:16:38,960 auto_trainer.py INFO 202: Time for one full iteration is 0.3855 minutes
2022-04-04 20:17:02,045 auto_trainer.py INFO 201: [100/500] At ENC SNR 0.000000 dB DEC SNR -2.000000 dB, Loss: -0.1858412325 BER: 0.0000628571
2022-04-04 20:17:02,045 auto_trainer.py INFO 202: Time for one full iteration is 0.3847 minutes
2022-04-04 20:17:25,116 auto_trainer.py INFO 201: [101/500] At ENC SNR 0.000000 dB DEC SNR -2.000000 dB, Loss: -0.1858640760 BER: 0.0000400000
2022-04-04 20:17:25,116 auto_trainer.py INFO 202: Time for one full iteration is 0.3845 minutes
2022-04-04 20:17:29,089 auto_trainer.py WARNING 226: Graceful Exit
2022-04-04 20:28:28,905 auto_trainer.py INFO 87: train_conf_name : c_n2_r1_m6
2022-04-04 20:28:28,906 auto_trainer.py INFO 88: Device : cuda
2022-04-04 20:28:28,906 auto_trainer.py INFO 89: conf file
2022-04-04 20:28:28,906 auto_trainer.py INFO 90: {'para': {'train_batch_size': 100000, 'train_small_batch_size': 25000, 'test_size': 10000, 'full_iterations': 100, 'enc_train_iters': 5, 'dec_train_iters': 25, 'hidden_size': 32, 'lr': 1e-05, 'seed': 1, 'n': 2, 'r': 1, 'm': 6, 'code_length': 64, 'code_dimension': 7, 'enc_train_snr': 0, 'dec_train_snr': -2, 'data_type': 'n2_r1_m6', 'logger_name': 'C_n2_r1_m6_train', 'CUDA_VISIBLE_DEVICES': '1', 'train_save_path_dir': './save/{}/C_{}', 'train_save_path_encoder': './save/{}/C_{}/enc_{}.pth', 'train_save_path_decoder': './save/{}/C_{}/dec_{}.pth', 'retrain': False, 'retrain_day': 'Jan-05-2022', 'retrain_epoch_num': 21}, 'test': {'snr_list': '-10,-8,-6,-4,-2,0', 'Boosting_number_list': '1,2,3', 'day': 'Apr-04-2022', 'epoch_num': 31, 'logger_name': 'C_n2_r1_m6_test', 'test_model_path_encoder': './save/{}/C_{}/enc_{}.pth', 'test_model_path_decoder': './save/{}/C_{}/dec_{}.pth'}}
2022-04-04 20:28:28,907 auto_trainer.py INFO 91: We are on!!!
2022-04-04 20:28:56,003 auto_trainer.py INFO 203: [1/100] At ENC SNR 0.000000 dB DEC SNR -2.000000 dB, Loss: -0.1890983731 BER: 0.0000742857
2022-04-04 20:28:56,003 auto_trainer.py INFO 204: Time for one full iteration is 0.4051 minutes
2022-04-04 20:29:19,794 auto_trainer.py INFO 203: [2/100] At ENC SNR 0.000000 dB DEC SNR -2.000000 dB, Loss: -0.1875497997 BER: 0.0000171429
2022-04-04 20:29:19,794 auto_trainer.py INFO 204: Time for one full iteration is 0.3932 minutes
2022-04-04 20:29:43,414 auto_trainer.py INFO 203: [3/100] At ENC SNR 0.000000 dB DEC SNR -2.000000 dB, Loss: -0.1853726506 BER: 0.0000800000
2022-04-04 20:29:43,415 auto_trainer.py INFO 204: Time for one full iteration is 0.3937 minutes
2022-04-04 20:30:07,074 auto_trainer.py INFO 203: [4/100] At ENC SNR 0.000000 dB DEC SNR -2.000000 dB, Loss: -0.1859840751 BER: 0.0000742857
2022-04-04 20:30:07,074 auto_trainer.py INFO 204: Time for one full iteration is 0.3943 minutes
2022-04-04 20:30:30,640 auto_trainer.py INFO 203: [5/100] At ENC SNR 0.000000 dB DEC SNR -2.000000 dB, Loss: -0.1854812205 BER: 0.0000228571
2022-04-04 20:30:30,641 auto_trainer.py INFO 204: Time for one full iteration is 0.3928 minutes
2022-04-04 20:30:54,394 auto_trainer.py INFO 203: [6/100] At ENC SNR 0.000000 dB DEC SNR -2.000000 dB, Loss: -0.1866355091 BER: 0.0000857143
2022-04-04 20:30:54,395 auto_trainer.py INFO 204: Time for one full iteration is 0.3959 minutes
2022-04-04 20:31:17,999 auto_trainer.py INFO 203: [7/100] At ENC SNR 0.000000 dB DEC SNR -2.000000 dB, Loss: -0.1871669441 BER: 0.0000285714
2022-04-04 20:31:17,999 auto_trainer.py INFO 204: Time for one full iteration is 0.3934 minutes
2022-04-04 20:31:41,616 auto_trainer.py INFO 203: [8/100] At ENC SNR 0.000000 dB DEC SNR -2.000000 dB, Loss: -0.1868812293 BER: 0.0000571429
2022-04-04 20:31:41,617 auto_trainer.py INFO 204: Time for one full iteration is 0.3936 minutes
2022-04-04 20:32:05,713 auto_trainer.py INFO 203: [9/100] At ENC SNR 0.000000 dB DEC SNR -2.000000 dB, Loss: -0.1859498024 BER: 0.0000800000
2022-04-04 20:32:05,714 auto_trainer.py INFO 204: Time for one full iteration is 0.4016 minutes
2022-04-04 20:32:29,662 auto_trainer.py INFO 203: [10/100] At ENC SNR 0.000000 dB DEC SNR -2.000000 dB, Loss: -0.1848069429 BER: 0.0000514286
2022-04-04 20:32:29,663 auto_trainer.py INFO 204: Time for one full iteration is 0.3991 minutes
2022-04-04 20:32:54,236 auto_trainer.py INFO 203: [11/100] At ENC SNR 0.000000 dB DEC SNR -2.000000 dB, Loss: -0.1876983643 BER: 0.0000457143
2022-04-04 20:32:54,237 auto_trainer.py INFO 204: Time for one full iteration is 0.4096 minutes
2022-04-04 20:33:19,112 auto_trainer.py INFO 203: [12/100] At ENC SNR 0.000000 dB DEC SNR -2.000000 dB, Loss: -0.1849440783 BER: 0.0000000000
2022-04-04 20:33:19,112 auto_trainer.py INFO 204: Time for one full iteration is 0.4112 minutes
2022-04-04 20:33:44,695 auto_trainer.py INFO 203: [13/100] At ENC SNR 0.000000 dB DEC SNR -2.000000 dB, Loss: -0.1862183660 BER: 0.0000571429
2022-04-04 20:33:44,695 auto_trainer.py INFO 204: Time for one full iteration is 0.4264 minutes
2022-04-04 20:34:09,228 auto_trainer.py INFO 203: [14/100] At ENC SNR 0.000000 dB DEC SNR -2.000000 dB, Loss: -0.1860812306 BER: 0.0000171429
2022-04-04 20:34:09,228 auto_trainer.py INFO 204: Time for one full iteration is 0.4089 minutes
2022-04-04 20:34:33,362 auto_trainer.py INFO 203: [15/100] At ENC SNR 0.000000 dB DEC SNR -2.000000 dB, Loss: -0.1847840846 BER: 0.0000057143
2022-04-04 20:34:33,363 auto_trainer.py INFO 204: Time for one full iteration is 0.4022 minutes
2022-04-04 20:34:57,764 auto_trainer.py INFO 203: [16/100] At ENC SNR 0.000000 dB DEC SNR -2.000000 dB, Loss: -0.1887440830 BER: 0.0000628571
2022-04-04 20:34:57,764 auto_trainer.py INFO 204: Time for one full iteration is 0.4067 minutes
2022-04-04 20:35:21,861 auto_trainer.py INFO 203: [17/100] At ENC SNR 0.000000 dB DEC SNR -2.000000 dB, Loss: -0.1870412230 BER: 0.0000800000
2022-04-04 20:35:21,861 auto_trainer.py INFO 204: Time for one full iteration is 0.4016 minutes
2022-04-04 20:35:45,887 auto_trainer.py INFO 203: [18/100] At ENC SNR 0.000000 dB DEC SNR -2.000000 dB, Loss: -0.1868069321 BER: 0.0000342857
2022-04-04 20:35:45,887 auto_trainer.py INFO 204: Time for one full iteration is 0.4004 minutes
2022-04-04 20:36:10,155 auto_trainer.py INFO 203: [19/100] At ENC SNR 0.000000 dB DEC SNR -2.000000 dB, Loss: -0.1866069436 BER: 0.0000571429
2022-04-04 20:36:10,155 auto_trainer.py INFO 204: Time for one full iteration is 0.4045 minutes
2022-04-04 20:36:34,286 auto_trainer.py INFO 203: [20/100] At ENC SNR 0.000000 dB DEC SNR -2.000000 dB, Loss: -0.1867155135 BER: 0.0000857143
2022-04-04 20:36:34,286 auto_trainer.py INFO 204: Time for one full iteration is 0.4022 minutes
2022-04-04 20:36:58,437 auto_trainer.py INFO 203: [21/100] At ENC SNR 0.000000 dB DEC SNR -2.000000 dB, Loss: -0.1876183748 BER: 0.0001257143
2022-04-04 20:36:58,438 auto_trainer.py INFO 204: Time for one full iteration is 0.4025 minutes
2022-04-04 20:37:23,006 auto_trainer.py INFO 203: [22/100] At ENC SNR 0.000000 dB DEC SNR -2.000000 dB, Loss: -0.1874012202 BER: 0.0000171429
2022-04-04 20:37:23,006 auto_trainer.py INFO 204: Time for one full iteration is 0.4058 minutes
2022-04-04 20:37:47,013 auto_trainer.py INFO 203: [23/100] At ENC SNR 0.000000 dB DEC SNR -2.000000 dB, Loss: -0.1850240827 BER: 0.0001371429
2022-04-04 20:37:47,013 auto_trainer.py INFO 204: Time for one full iteration is 0.4001 minutes
2022-04-04 20:38:11,361 auto_trainer.py INFO 203: [24/100] At ENC SNR 0.000000 dB DEC SNR -2.000000 dB, Loss: -0.1869040877 BER: 0.0000742857
2022-04-04 20:38:11,362 auto_trainer.py INFO 204: Time for one full iteration is 0.4058 minutes
2022-04-04 20:38:35,777 auto_trainer.py INFO 203: [25/100] At ENC SNR 0.000000 dB DEC SNR -2.000000 dB, Loss: -0.1855897903 BER: 0.0000742857
2022-04-04 20:38:35,778 auto_trainer.py INFO 204: Time for one full iteration is 0.4069 minutes
2022-04-04 20:38:59,905 auto_trainer.py INFO 203: [26/100] At ENC SNR 0.000000 dB DEC SNR -2.000000 dB, Loss: -0.1853840798 BER: 0.0000400000
2022-04-04 20:38:59,906 auto_trainer.py INFO 204: Time for one full iteration is 0.4021 minutes
2022-04-04 20:39:24,272 auto_trainer.py INFO 203: [27/100] At ENC SNR 0.000000 dB DEC SNR -2.000000 dB, Loss: -0.1883383691 BER: 0.0000228571
2022-04-04 20:39:24,272 auto_trainer.py INFO 204: Time for one full iteration is 0.4061 minutes
2022-04-04 20:39:48,677 auto_trainer.py INFO 203: [28/100] At ENC SNR 0.000000 dB DEC SNR -2.000000 dB, Loss: -0.1843097955 BER: 0.0000685714
2022-04-04 20:39:48,677 auto_trainer.py INFO 204: Time for one full iteration is 0.4067 minutes
2022-04-04 20:40:13,009 auto_trainer.py INFO 203: [29/100] At ENC SNR 0.000000 dB DEC SNR -2.000000 dB, Loss: -0.1862297952 BER: 0.0001028571
2022-04-04 20:40:13,010 auto_trainer.py INFO 204: Time for one full iteration is 0.4055 minutes
2022-04-04 20:40:37,401 auto_trainer.py INFO 203: [30/100] At ENC SNR 0.000000 dB DEC SNR -2.000000 dB, Loss: -0.1874583662 BER: 0.0000971429
2022-04-04 20:40:37,402 auto_trainer.py INFO 204: Time for one full iteration is 0.4065 minutes
2022-04-04 20:41:01,404 auto_trainer.py INFO 203: [31/100] At ENC SNR 0.000000 dB DEC SNR -2.000000 dB, Loss: -0.1873783618 BER: 0.0000228571
2022-04-04 20:41:01,405 auto_trainer.py INFO 204: Time for one full iteration is 0.4000 minutes
2022-04-04 20:41:25,701 auto_trainer.py INFO 203: [32/100] At ENC SNR 0.000000 dB DEC SNR -2.000000 dB, Loss: -0.1866640896 BER: 0.0000514286
2022-04-04 20:41:25,702 auto_trainer.py INFO 204: Time for one full iteration is 0.4013 minutes
2022-04-04 20:41:49,753 auto_trainer.py INFO 203: [33/100] At ENC SNR 0.000000 dB DEC SNR -2.000000 dB, Loss: -0.1857497990 BER: 0.0001428571
2022-04-04 20:41:49,754 auto_trainer.py INFO 204: Time for one full iteration is 0.4009 minutes
2022-04-04 20:42:13,889 auto_trainer.py INFO 203: [34/100] At ENC SNR 0.000000 dB DEC SNR -2.000000 dB, Loss: -0.1878583729 BER: 0.0001200000
2022-04-04 20:42:13,889 auto_trainer.py INFO 204: Time for one full iteration is 0.4023 minutes
2022-04-04 20:42:38,118 auto_trainer.py INFO 203: [35/100] At ENC SNR 0.000000 dB DEC SNR -2.000000 dB, Loss: -0.1889326572 BER: 0.0000171429
2022-04-04 20:42:38,118 auto_trainer.py INFO 204: Time for one full iteration is 0.4038 minutes
2022-04-04 20:43:02,692 auto_trainer.py INFO 203: [36/100] At ENC SNR 0.000000 dB DEC SNR -2.000000 dB, Loss: -0.1860812306 BER: 0.0000628571
2022-04-04 20:43:02,693 auto_trainer.py INFO 204: Time for one full iteration is 0.4096 minutes
2022-04-04 20:43:26,686 auto_trainer.py INFO 203: [37/100] At ENC SNR 0.000000 dB DEC SNR -2.000000 dB, Loss: -0.1883669347 BER: 0.0000514286
2022-04-04 20:43:26,687 auto_trainer.py INFO 204: Time for one full iteration is 0.3999 minutes
2022-04-04 20:43:50,594 auto_trainer.py INFO 203: [38/100] At ENC SNR 0.000000 dB DEC SNR -2.000000 dB, Loss: -0.1868583709 BER: 0.0000857143
2022-04-04 20:43:50,594 auto_trainer.py INFO 204: Time for one full iteration is 0.3984 minutes
2022-04-04 20:44:14,912 auto_trainer.py INFO 203: [39/100] At ENC SNR 0.000000 dB DEC SNR -2.000000 dB, Loss: -0.1851040870 BER: 0.0000857143
2022-04-04 20:44:14,912 auto_trainer.py INFO 204: Time for one full iteration is 0.4053 minutes
2022-04-04 20:44:38,937 auto_trainer.py INFO 203: [40/100] At ENC SNR 0.000000 dB DEC SNR -2.000000 dB, Loss: -0.1880240887 BER: 0.0000342857
2022-04-04 20:44:38,937 auto_trainer.py INFO 204: Time for one full iteration is 0.4004 minutes
2022-04-04 20:45:02,847 auto_trainer.py INFO 203: [41/100] At ENC SNR 0.000000 dB DEC SNR -2.000000 dB, Loss: -0.1862755120 BER: 0.0000685714
2022-04-04 20:45:02,847 auto_trainer.py INFO 204: Time for one full iteration is 0.3985 minutes
2022-04-04 20:45:27,429 auto_trainer.py INFO 203: [42/100] At ENC SNR 0.000000 dB DEC SNR -2.000000 dB, Loss: -0.1851840764 BER: 0.0000857143
2022-04-04 20:45:27,429 auto_trainer.py INFO 204: Time for one full iteration is 0.4057 minutes
2022-04-04 20:45:51,571 auto_trainer.py INFO 203: [43/100] At ENC SNR 0.000000 dB DEC SNR -2.000000 dB, Loss: -0.1863555163 BER: 0.0000400000
2022-04-04 20:45:51,571 auto_trainer.py INFO 204: Time for one full iteration is 0.4024 minutes
2022-04-04 20:46:20,100 auto_trainer.py INFO 203: [44/100] At ENC SNR 0.000000 dB DEC SNR -2.000000 dB, Loss: -0.1864526570 BER: 0.0000057143
2022-04-04 20:46:20,101 auto_trainer.py INFO 204: Time for one full iteration is 0.4755 minutes
2022-04-04 20:46:44,392 auto_trainer.py INFO 203: [45/100] At ENC SNR 0.000000 dB DEC SNR -2.000000 dB, Loss: -0.1876069456 BER: 0.0000342857
2022-04-04 20:46:44,392 auto_trainer.py INFO 204: Time for one full iteration is 0.4048 minutes
2022-04-04 20:47:08,514 auto_trainer.py INFO 203: [46/100] At ENC SNR 0.000000 dB DEC SNR -2.000000 dB, Loss: -0.1869440824 BER: 0.0000857143
2022-04-04 20:47:08,514 auto_trainer.py INFO 204: Time for one full iteration is 0.4020 minutes
2022-04-04 20:47:17,735 auto_trainer.py WARNING 228: Graceful Exit
2022-04-04 20:47:56,087 auto_trainer.py INFO 87: train_conf_name : c_n2_r1_m6
2022-04-04 20:47:56,087 auto_trainer.py INFO 88: Device : cuda
2022-04-04 20:47:56,087 auto_trainer.py INFO 89: conf file
2022-04-04 20:47:56,087 auto_trainer.py INFO 90: {'para': {'train_batch_size': 100000, 'train_small_batch_size': 25000, 'test_size': 10000, 'full_iterations': 100, 'enc_train_iters': 5, 'dec_train_iters': 25, 'hidden_size': 64, 'lr': 1e-05, 'seed': 1, 'n': 2, 'r': 1, 'm': 6, 'code_length': 64, 'code_dimension': 7, 'enc_train_snr': 0, 'dec_train_snr': -2, 'data_type': 'n2_r1_m6', 'logger_name': 'C_n2_r1_m6_train', 'CUDA_VISIBLE_DEVICES': '1', 'train_save_path_dir': './save/{}/C_{}', 'train_save_path_encoder': './save/{}/C_{}/enc_{}.pth', 'train_save_path_decoder': './save/{}/C_{}/dec_{}.pth', 'retrain': False, 'retrain_day': 'Jan-05-2022', 'retrain_epoch_num': 21}, 'test': {'snr_list': '-10,-9,-8,-7,-6,-5,-4,-3,-2,-1,0', 'Boosting_number_list': '1,2,3', 'day': 'Apr-04-2022', 'epoch_num': 41, 'logger_name': 'C_n2_r1_m6_test', 'test_model_path_encoder': './save/{}/C_{}/enc_{}.pth', 'test_model_path_decoder': './save/{}/C_{}/dec_{}.pth'}}
2022-04-04 20:47:56,087 auto_trainer.py INFO 91: We are on!!!
2022-04-04 20:48:30,173 auto_trainer.py INFO 203: [1/100] At ENC SNR 0.000000 dB DEC SNR -2.000000 dB, Loss: -0.1882755160 BER: 0.0001428571
2022-04-04 20:48:30,173 auto_trainer.py INFO 204: Time for one full iteration is 0.5192 minutes
2022-04-04 20:49:01,087 auto_trainer.py INFO 203: [2/100] At ENC SNR 0.000000 dB DEC SNR -2.000000 dB, Loss: -0.1873955131 BER: 0.0000457143
2022-04-04 20:49:01,087 auto_trainer.py INFO 204: Time for one full iteration is 0.5113 minutes
2022-04-04 20:49:31,692 auto_trainer.py INFO 203: [3/100] At ENC SNR 0.000000 dB DEC SNR -2.000000 dB, Loss: -0.1862755120 BER: 0.0000742857
2022-04-04 20:49:31,692 auto_trainer.py INFO 204: Time for one full iteration is 0.5101 minutes
2022-04-04 20:50:02,302 auto_trainer.py INFO 203: [4/100] At ENC SNR 0.000000 dB DEC SNR -2.000000 dB, Loss: -0.1839726567 BER: 0.0000400000
2022-04-04 20:50:02,303 auto_trainer.py INFO 204: Time for one full iteration is 0.5102 minutes
2022-04-04 20:50:31,610 auto_trainer.py INFO 203: [5/100] At ENC SNR 0.000000 dB DEC SNR -2.000000 dB, Loss: -0.1860926598 BER: 0.0001257143
2022-04-04 20:50:31,611 auto_trainer.py INFO 204: Time for one full iteration is 0.4885 minutes
2022-04-04 20:51:00,573 auto_trainer.py INFO 203: [6/100] At ENC SNR 0.000000 dB DEC SNR -2.000000 dB, Loss: -0.1867040843 BER: 0.0000971429
2022-04-04 20:51:00,574 auto_trainer.py INFO 204: Time for one full iteration is 0.4827 minutes
2022-04-04 20:51:29,612 auto_trainer.py INFO 203: [7/100] At ENC SNR 0.000000 dB DEC SNR -2.000000 dB, Loss: -0.1865840852 BER: 0.0000400000
2022-04-04 20:51:29,613 auto_trainer.py INFO 204: Time for one full iteration is 0.4840 minutes
2022-04-04 20:51:58,588 auto_trainer.py INFO 203: [8/100] At ENC SNR 0.000000 dB DEC SNR -2.000000 dB, Loss: -0.1874298006 BER: 0.0000571429
2022-04-04 20:51:58,588 auto_trainer.py INFO 204: Time for one full iteration is 0.4829 minutes
2022-04-04 20:52:27,526 auto_trainer.py INFO 203: [9/100] At ENC SNR 0.000000 dB DEC SNR -2.000000 dB, Loss: -0.1849555075 BER: 0.0000571429
2022-04-04 20:52:27,526 auto_trainer.py INFO 204: Time for one full iteration is 0.4823 minutes
2022-04-04 20:52:56,448 auto_trainer.py INFO 203: [10/100] At ENC SNR 0.000000 dB DEC SNR -2.000000 dB, Loss: -0.1867840886 BER: 0.0001028571
2022-04-04 20:52:56,448 auto_trainer.py INFO 204: Time for one full iteration is 0.4820 minutes
2022-04-04 20:53:25,470 auto_trainer.py INFO 203: [11/100] At ENC SNR 0.000000 dB DEC SNR -2.000000 dB, Loss: -0.1873269379 BER: 0.0002171428
2022-04-04 20:53:25,471 auto_trainer.py INFO 204: Time for one full iteration is 0.4837 minutes
2022-04-04 20:53:54,556 auto_trainer.py INFO 203: [12/100] At ENC SNR 0.000000 dB DEC SNR -2.000000 dB, Loss: -0.1864240766 BER: 0.0000685714
2022-04-04 20:53:54,556 auto_trainer.py INFO 204: Time for one full iteration is 0.4815 minutes
2022-04-04 20:54:23,495 auto_trainer.py INFO 203: [13/100] At ENC SNR 0.000000 dB DEC SNR -2.000000 dB, Loss: -0.1864583641 BER: 0.0000685714
2022-04-04 20:54:23,495 auto_trainer.py INFO 204: Time for one full iteration is 0.4823 minutes
2022-04-04 20:54:53,383 auto_trainer.py INFO 203: [14/100] At ENC SNR 0.000000 dB DEC SNR -2.000000 dB, Loss: -0.1871097982 BER: 0.0000685714
2022-04-04 20:54:53,384 auto_trainer.py INFO 204: Time for one full iteration is 0.4981 minutes
2022-04-04 20:55:22,446 auto_trainer.py INFO 203: [15/100] At ENC SNR 0.000000 dB DEC SNR -2.000000 dB, Loss: -0.1868012249 BER: 0.0000342857
2022-04-04 20:55:22,447 auto_trainer.py INFO 204: Time for one full iteration is 0.4844 minutes
2022-04-04 20:55:51,414 auto_trainer.py INFO 203: [16/100] At ENC SNR 0.000000 dB DEC SNR -2.000000 dB, Loss: -0.1866069436 BER: 0.0000400000
2022-04-04 20:55:51,415 auto_trainer.py INFO 204: Time for one full iteration is 0.4828 minutes
2022-04-04 20:56:20,477 auto_trainer.py INFO 203: [17/100] At ENC SNR 0.000000 dB DEC SNR -2.000000 dB, Loss: -0.1880755126 BER: 0.0000171429
2022-04-04 20:56:20,478 auto_trainer.py INFO 204: Time for one full iteration is 0.4844 minutes
2022-04-04 20:56:49,395 auto_trainer.py INFO 203: [18/100] At ENC SNR 0.000000 dB DEC SNR -2.000000 dB, Loss: -0.1852183640 BER: 0.0000800000
2022-04-04 20:56:49,395 auto_trainer.py INFO 204: Time for one full iteration is 0.4820 minutes
2022-04-04 20:57:18,431 auto_trainer.py INFO 203: [19/100] At ENC SNR 0.000000 dB DEC SNR -2.000000 dB, Loss: -0.1842526495 BER: 0.0000514286
2022-04-04 20:57:18,431 auto_trainer.py INFO 204: Time for one full iteration is 0.4839 minutes
2022-04-04 20:57:52,260 auto_trainer.py INFO 203: [20/100] At ENC SNR 0.000000 dB DEC SNR -2.000000 dB, Loss: -0.1871955097 BER: 0.0001428571
2022-04-04 20:57:52,261 auto_trainer.py INFO 204: Time for one full iteration is 0.5638 minutes
2022-04-04 20:58:21,224 auto_trainer.py INFO 203: [21/100] At ENC SNR 0.000000 dB DEC SNR -2.000000 dB, Loss: -0.1866697967 BER: 0.0000171429
2022-04-04 20:58:21,225 auto_trainer.py INFO 204: Time for one full iteration is 0.4827 minutes
2022-04-04 20:58:50,439 auto_trainer.py INFO 203: [22/100] At ENC SNR 0.000000 dB DEC SNR -2.000000 dB, Loss: -0.1864412278 BER: 0.0001028571
2022-04-04 20:58:50,439 auto_trainer.py INFO 204: Time for one full iteration is 0.4833 minutes
2022-04-04 20:59:19,426 auto_trainer.py INFO 203: [23/100] At ENC SNR 0.000000 dB DEC SNR -2.000000 dB, Loss: -0.1853383631 BER: 0.0000400000
2022-04-04 20:59:19,426 auto_trainer.py INFO 204: Time for one full iteration is 0.4831 minutes
2022-04-04 20:59:48,427 auto_trainer.py INFO 203: [24/100] At ENC SNR 0.000000 dB DEC SNR -2.000000 dB, Loss: -0.1884240806 BER: 0.0000857143
2022-04-04 20:59:48,427 auto_trainer.py INFO 204: Time for one full iteration is 0.4834 minutes
2022-04-04 21:00:17,369 auto_trainer.py INFO 203: [25/100] At ENC SNR 0.000000 dB DEC SNR -2.000000 dB, Loss: -0.1871212274 BER: 0.0000514286
2022-04-04 21:00:17,369 auto_trainer.py INFO 204: Time for one full iteration is 0.4824 minutes
2022-04-04 21:00:46,324 auto_trainer.py INFO 203: [26/100] At ENC SNR 0.000000 dB DEC SNR -2.000000 dB, Loss: -0.1856412292 BER: 0.0000800000
2022-04-04 21:00:46,325 auto_trainer.py INFO 204: Time for one full iteration is 0.4826 minutes
2022-04-04 21:00:56,170 auto_trainer.py WARNING 228: Graceful Exit
