2022-03-27 15:33:37,367 auto_trainer.py INFO 202: train_conf_name : c_n2_r1_m6
2022-03-27 15:33:37,367 auto_trainer.py INFO 203: Device : cuda
2022-03-27 15:33:37,368 auto_trainer.py INFO 204: conf file
2022-03-27 15:33:37,368 auto_trainer.py INFO 205: {'para': {'train_batch_size': 100000, 'train_small_batch_size': 25000, 'test_size': 10000, 'full_iterations': 500, 'enc_train_iters': 5, 'dec_train_iters': 25, 'hidden_size': 32, 'lr': 1e-05, 'seed': 1, 'n': 2, 'r': 1, 'm': 6, 'code_length': 64, 'code_dimension': 7, 'enc_train_snr': 0, 'dec_train_snr': -2, 'data_file': 'data/data_3_2.pth', 'data_type': 'n2_r1_m6', 'logger_name': 'C_n2_r1_m6_train', 'CUDA_VISIBLE_DEVICES': '1', 'train_save_path_dir': './save/{}/C_{}', 'train_save_path_encoder': './save/{}/C_{}/enc_{}.pth', 'train_save_path_decoder': './save/{}/C_{}/dec_{}.pth', 'retrain': False, 'retrain_day': 'Jan-05-2022', 'retrain_epoch_num': 21}, 'test': {'snr_list': '1,2,3,4,5,6', 'Boosting_number_list': '1,2,3', 'day': 'Mar-25-2022', 'epoch_num': 461, 'logger_name': 'C_n2_r1_m6_test', 'test_model_path_encoder': './save/{}/C_{}/enc_{}.pth', 'test_model_path_decoder': './save/{}/C_{}/dec_{}.pth'}}
2022-03-27 15:33:37,368 auto_trainer.py INFO 206: We are on!!!
2022-03-27 15:35:03,593 auto_trainer.py INFO 204: train_conf_name : c_n2_r1_m6
2022-03-27 15:35:03,593 auto_trainer.py INFO 205: Device : cuda
2022-03-27 15:35:03,593 auto_trainer.py INFO 206: conf file
2022-03-27 15:35:03,593 auto_trainer.py INFO 207: {'para': {'train_batch_size': 100000, 'train_small_batch_size': 25000, 'test_size': 10000, 'full_iterations': 500, 'enc_train_iters': 5, 'dec_train_iters': 25, 'hidden_size': 32, 'lr': 1e-05, 'seed': 1, 'n': 2, 'r': 1, 'm': 6, 'code_length': 64, 'code_dimension': 7, 'enc_train_snr': 0, 'dec_train_snr': -2, 'data_file': 'data/data_3_2.pth', 'data_type': 'n2_r1_m6', 'logger_name': 'C_n2_r1_m6_train', 'CUDA_VISIBLE_DEVICES': '1', 'train_save_path_dir': './save/{}/C_{}', 'train_save_path_encoder': './save/{}/C_{}/enc_{}.pth', 'train_save_path_decoder': './save/{}/C_{}/dec_{}.pth', 'retrain': False, 'retrain_day': 'Jan-05-2022', 'retrain_epoch_num': 21}, 'test': {'snr_list': '1,2,3,4,5,6', 'Boosting_number_list': '1,2,3', 'day': 'Mar-25-2022', 'epoch_num': 461, 'logger_name': 'C_n2_r1_m6_test', 'test_model_path_encoder': './save/{}/C_{}/enc_{}.pth', 'test_model_path_decoder': './save/{}/C_{}/dec_{}.pth'}}
2022-03-27 15:35:03,594 auto_trainer.py INFO 208: We are on!!!
2022-03-27 15:35:20,702 auto_trainer.py WARNING 343: Graceful Exit
2022-03-27 15:35:53,431 auto_trainer.py INFO 203: train_conf_name : c_n2_r1_m6
2022-03-27 15:35:53,431 auto_trainer.py INFO 204: Device : cuda
2022-03-27 15:35:53,432 auto_trainer.py INFO 205: conf file
2022-03-27 15:35:53,432 auto_trainer.py INFO 206: {'para': {'train_batch_size': 100000, 'train_small_batch_size': 25000, 'test_size': 10000, 'full_iterations': 500, 'enc_train_iters': 5, 'dec_train_iters': 25, 'hidden_size': 32, 'lr': 1e-05, 'seed': 1, 'n': 2, 'r': 1, 'm': 6, 'code_length': 64, 'code_dimension': 7, 'enc_train_snr': 0, 'dec_train_snr': -2, 'data_file': 'data/data_3_2.pth', 'data_type': 'n2_r1_m6', 'logger_name': 'C_n2_r1_m6_train', 'CUDA_VISIBLE_DEVICES': '1', 'train_save_path_dir': './save/{}/C_{}', 'train_save_path_encoder': './save/{}/C_{}/enc_{}.pth', 'train_save_path_decoder': './save/{}/C_{}/dec_{}.pth', 'retrain': False, 'retrain_day': 'Jan-05-2022', 'retrain_epoch_num': 21}, 'test': {'snr_list': '1,2,3,4,5,6', 'Boosting_number_list': '1,2,3', 'day': 'Mar-25-2022', 'epoch_num': 461, 'logger_name': 'C_n2_r1_m6_test', 'test_model_path_encoder': './save/{}/C_{}/enc_{}.pth', 'test_model_path_decoder': './save/{}/C_{}/dec_{}.pth'}}
2022-03-27 15:35:53,432 auto_trainer.py INFO 207: We are on!!!
2022-03-27 15:36:34,717 auto_trainer.py INFO 204: train_conf_name : c_n2_r1_m6
2022-03-27 15:36:34,718 auto_trainer.py INFO 205: Device : cuda
2022-03-27 15:36:34,718 auto_trainer.py INFO 206: conf file
2022-03-27 15:36:34,718 auto_trainer.py INFO 207: {'para': {'train_batch_size': 100000, 'train_small_batch_size': 25000, 'test_size': 10000, 'full_iterations': 500, 'enc_train_iters': 5, 'dec_train_iters': 25, 'hidden_size': 32, 'lr': 1e-05, 'seed': 1, 'n': 2, 'r': 1, 'm': 6, 'code_length': 64, 'code_dimension': 7, 'enc_train_snr': 0, 'dec_train_snr': -2, 'data_file': 'data/data_3_2.pth', 'data_type': 'n2_r1_m6', 'logger_name': 'C_n2_r1_m6_train', 'CUDA_VISIBLE_DEVICES': '1', 'train_save_path_dir': './save/{}/C_{}', 'train_save_path_encoder': './save/{}/C_{}/enc_{}.pth', 'train_save_path_decoder': './save/{}/C_{}/dec_{}.pth', 'retrain': False, 'retrain_day': 'Jan-05-2022', 'retrain_epoch_num': 21}, 'test': {'snr_list': '1,2,3,4,5,6', 'Boosting_number_list': '1,2,3', 'day': 'Mar-25-2022', 'epoch_num': 461, 'logger_name': 'C_n2_r1_m6_test', 'test_model_path_encoder': './save/{}/C_{}/enc_{}.pth', 'test_model_path_decoder': './save/{}/C_{}/dec_{}.pth'}}
2022-03-27 15:36:34,718 auto_trainer.py INFO 208: We are on!!!
2022-03-27 15:37:23,943 auto_trainer.py INFO 204: train_conf_name : c_n2_r1_m6
2022-03-27 15:37:23,943 auto_trainer.py INFO 205: Device : cuda
2022-03-27 15:37:23,943 auto_trainer.py INFO 206: conf file
2022-03-27 15:37:23,943 auto_trainer.py INFO 207: {'para': {'train_batch_size': 100000, 'train_small_batch_size': 25000, 'test_size': 10000, 'full_iterations': 500, 'enc_train_iters': 5, 'dec_train_iters': 25, 'hidden_size': 32, 'lr': 1e-05, 'seed': 1, 'n': 2, 'r': 1, 'm': 6, 'code_length': 64, 'code_dimension': 7, 'enc_train_snr': 0, 'dec_train_snr': -2, 'data_file': 'data/data_3_2.pth', 'data_type': 'n2_r1_m6', 'logger_name': 'C_n2_r1_m6_train', 'CUDA_VISIBLE_DEVICES': '1', 'train_save_path_dir': './save/{}/C_{}', 'train_save_path_encoder': './save/{}/C_{}/enc_{}.pth', 'train_save_path_decoder': './save/{}/C_{}/dec_{}.pth', 'retrain': False, 'retrain_day': 'Jan-05-2022', 'retrain_epoch_num': 21}, 'test': {'snr_list': '1,2,3,4,5,6', 'Boosting_number_list': '1,2,3', 'day': 'Mar-25-2022', 'epoch_num': 461, 'logger_name': 'C_n2_r1_m6_test', 'test_model_path_encoder': './save/{}/C_{}/enc_{}.pth', 'test_model_path_decoder': './save/{}/C_{}/dec_{}.pth'}}
2022-03-27 15:37:23,944 auto_trainer.py INFO 208: We are on!!!
2022-03-27 15:37:59,828 auto_trainer.py INFO 206: train_conf_name : c_n2_r1_m6
2022-03-27 15:37:59,828 auto_trainer.py INFO 207: Device : cuda
2022-03-27 15:37:59,829 auto_trainer.py INFO 208: conf file
2022-03-27 15:37:59,829 auto_trainer.py INFO 209: {'para': {'train_batch_size': 100000, 'train_small_batch_size': 25000, 'test_size': 10000, 'full_iterations': 500, 'enc_train_iters': 5, 'dec_train_iters': 25, 'hidden_size': 32, 'lr': 1e-05, 'seed': 1, 'n': 2, 'r': 1, 'm': 6, 'code_length': 64, 'code_dimension': 7, 'enc_train_snr': 0, 'dec_train_snr': -2, 'data_file': 'data/data_3_2.pth', 'data_type': 'n2_r1_m6', 'logger_name': 'C_n2_r1_m6_train', 'CUDA_VISIBLE_DEVICES': '1', 'train_save_path_dir': './save/{}/C_{}', 'train_save_path_encoder': './save/{}/C_{}/enc_{}.pth', 'train_save_path_decoder': './save/{}/C_{}/dec_{}.pth', 'retrain': False, 'retrain_day': 'Jan-05-2022', 'retrain_epoch_num': 21}, 'test': {'snr_list': '1,2,3,4,5,6', 'Boosting_number_list': '1,2,3', 'day': 'Mar-25-2022', 'epoch_num': 461, 'logger_name': 'C_n2_r1_m6_test', 'test_model_path_encoder': './save/{}/C_{}/enc_{}.pth', 'test_model_path_decoder': './save/{}/C_{}/dec_{}.pth'}}
2022-03-27 15:37:59,829 auto_trainer.py INFO 210: We are on!!!
2022-03-27 15:38:03,980 auto_trainer.py WARNING 345: Graceful Exit
2022-03-27 15:38:57,600 auto_trainer.py INFO 206: train_conf_name : c_n2_r1_m6
2022-03-27 15:38:57,600 auto_trainer.py INFO 207: Device : cuda
2022-03-27 15:38:57,601 auto_trainer.py INFO 208: conf file
2022-03-27 15:38:57,601 auto_trainer.py INFO 209: {'para': {'train_batch_size': 100000, 'train_small_batch_size': 25000, 'test_size': 10000, 'full_iterations': 500, 'enc_train_iters': 5, 'dec_train_iters': 25, 'hidden_size': 32, 'lr': 1e-05, 'seed': 1, 'n': 2, 'r': 1, 'm': 6, 'code_length': 64, 'code_dimension': 7, 'enc_train_snr': 0, 'dec_train_snr': -2, 'data_file': 'data/data_3_2.pth', 'data_type': 'n2_r1_m6', 'logger_name': 'C_n2_r1_m6_train', 'CUDA_VISIBLE_DEVICES': '1', 'train_save_path_dir': './save/{}/C_{}', 'train_save_path_encoder': './save/{}/C_{}/enc_{}.pth', 'train_save_path_decoder': './save/{}/C_{}/dec_{}.pth', 'retrain': False, 'retrain_day': 'Jan-05-2022', 'retrain_epoch_num': 21}, 'test': {'snr_list': '1,2,3,4,5,6', 'Boosting_number_list': '1,2,3', 'day': 'Mar-25-2022', 'epoch_num': 461, 'logger_name': 'C_n2_r1_m6_test', 'test_model_path_encoder': './save/{}/C_{}/enc_{}.pth', 'test_model_path_decoder': './save/{}/C_{}/dec_{}.pth'}}
2022-03-27 15:38:57,601 auto_trainer.py INFO 210: We are on!!!
2022-03-27 15:39:03,210 auto_trainer.py WARNING 345: Graceful Exit
2022-03-27 15:39:09,961 auto_trainer.py INFO 206: train_conf_name : c_n2_r1_m6
2022-03-27 15:39:09,962 auto_trainer.py INFO 207: Device : cuda
2022-03-27 15:39:09,962 auto_trainer.py INFO 208: conf file
2022-03-27 15:39:09,962 auto_trainer.py INFO 209: {'para': {'train_batch_size': 100000, 'train_small_batch_size': 25000, 'test_size': 10000, 'full_iterations': 500, 'enc_train_iters': 5, 'dec_train_iters': 25, 'hidden_size': 32, 'lr': 1e-05, 'seed': 1, 'n': 2, 'r': 1, 'm': 6, 'code_length': 64, 'code_dimension': 7, 'enc_train_snr': 0, 'dec_train_snr': -2, 'data_file': 'data/data_3_2.pth', 'data_type': 'n2_r1_m6', 'logger_name': 'C_n2_r1_m6_train', 'CUDA_VISIBLE_DEVICES': '1', 'train_save_path_dir': './save/{}/C_{}', 'train_save_path_encoder': './save/{}/C_{}/enc_{}.pth', 'train_save_path_decoder': './save/{}/C_{}/dec_{}.pth', 'retrain': False, 'retrain_day': 'Jan-05-2022', 'retrain_epoch_num': 21}, 'test': {'snr_list': '1,2,3,4,5,6', 'Boosting_number_list': '1,2,3', 'day': 'Mar-25-2022', 'epoch_num': 461, 'logger_name': 'C_n2_r1_m6_test', 'test_model_path_encoder': './save/{}/C_{}/enc_{}.pth', 'test_model_path_decoder': './save/{}/C_{}/dec_{}.pth'}}
2022-03-27 15:39:09,962 auto_trainer.py INFO 210: We are on!!!
2022-03-27 15:39:27,945 auto_trainer.py INFO 320: [1/500] At ENC SNR 0.000000 dB DEC SNR -2.000000 dB, Loss: 1.5289818048 BER: 0.8564457297
2022-03-27 15:39:27,946 auto_trainer.py INFO 321: Time for one full iteration is 0.2647 minutes
2022-03-27 15:39:43,715 auto_trainer.py INFO 320: [2/500] At ENC SNR 0.000000 dB DEC SNR -2.000000 dB, Loss: 1.5316503048 BER: 0.8585885763
2022-03-27 15:39:43,716 auto_trainer.py INFO 321: Time for one full iteration is 0.2594 minutes
2022-03-27 15:39:59,303 auto_trainer.py INFO 320: [3/500] At ENC SNR 0.000000 dB DEC SNR -2.000000 dB, Loss: 1.5243703127 BER: 0.8565714359
2022-03-27 15:39:59,304 auto_trainer.py INFO 321: Time for one full iteration is 0.2598 minutes
2022-03-27 15:40:14,896 auto_trainer.py INFO 320: [4/500] At ENC SNR 0.000000 dB DEC SNR -2.000000 dB, Loss: 1.5269417763 BER: 0.8570399880
2022-03-27 15:40:14,897 auto_trainer.py INFO 321: Time for one full iteration is 0.2599 minutes
2022-03-27 15:40:30,487 auto_trainer.py INFO 320: [5/500] At ENC SNR 0.000000 dB DEC SNR -2.000000 dB, Loss: 1.5266445875 BER: 0.8573600054
2022-03-27 15:40:30,488 auto_trainer.py INFO 321: Time for one full iteration is 0.2598 minutes
2022-03-27 15:40:46,030 auto_trainer.py INFO 320: [6/500] At ENC SNR 0.000000 dB DEC SNR -2.000000 dB, Loss: 1.5281360149 BER: 0.8572628498
2022-03-27 15:40:46,031 auto_trainer.py INFO 321: Time for one full iteration is 0.2590 minutes
2022-03-27 15:41:01,646 auto_trainer.py INFO 320: [7/500] At ENC SNR 0.000000 dB DEC SNR -2.000000 dB, Loss: 1.5290389061 BER: 0.8575428724
2022-03-27 15:41:01,646 auto_trainer.py INFO 321: Time for one full iteration is 0.2603 minutes
2022-03-27 15:41:17,242 auto_trainer.py INFO 320: [8/500] At ENC SNR 0.000000 dB DEC SNR -2.000000 dB, Loss: 1.5274732113 BER: 0.8567543030
2022-03-27 15:41:17,243 auto_trainer.py INFO 321: Time for one full iteration is 0.2599 minutes
2022-03-27 15:41:33,002 auto_trainer.py INFO 320: [9/500] At ENC SNR 0.000000 dB DEC SNR -2.000000 dB, Loss: 1.5274846554 BER: 0.8567714095
2022-03-27 15:41:33,103 auto_trainer.py INFO 321: Time for one full iteration is 0.2643 minutes
2022-03-27 15:41:48,977 auto_trainer.py INFO 320: [10/500] At ENC SNR 0.000000 dB DEC SNR -2.000000 dB, Loss: 1.5301588774 BER: 0.8581656814
2022-03-27 15:41:48,977 auto_trainer.py INFO 321: Time for one full iteration is 0.2645 minutes
2022-03-27 15:42:03,917 auto_trainer.py INFO 320: [11/500] At ENC SNR 0.000000 dB DEC SNR -2.000000 dB, Loss: 1.5297245979 BER: 0.8572456837
2022-03-27 15:42:03,918 auto_trainer.py INFO 321: Time for one full iteration is 0.2490 minutes
2022-03-27 15:42:19,066 auto_trainer.py INFO 320: [12/500] At ENC SNR 0.000000 dB DEC SNR -2.000000 dB, Loss: 1.5271418095 BER: 0.8578057289
2022-03-27 15:42:19,067 auto_trainer.py INFO 321: Time for one full iteration is 0.2494 minutes
2022-03-27 15:42:26,846 auto_trainer.py WARNING 345: Graceful Exit
2022-03-27 15:42:30,933 auto_trainer.py INFO 208: train_conf_name : c_n2_r1_m6
2022-03-27 15:42:30,933 auto_trainer.py INFO 209: Device : cuda
2022-03-27 15:42:30,934 auto_trainer.py INFO 210: conf file
2022-03-27 15:42:30,934 auto_trainer.py INFO 211: {'para': {'train_batch_size': 100000, 'train_small_batch_size': 25000, 'test_size': 10000, 'full_iterations': 500, 'enc_train_iters': 5, 'dec_train_iters': 25, 'hidden_size': 32, 'lr': 1e-05, 'seed': 1, 'n': 2, 'r': 1, 'm': 6, 'code_length': 64, 'code_dimension': 7, 'enc_train_snr': 0, 'dec_train_snr': -2, 'data_file': 'data/data_3_2.pth', 'data_type': 'n2_r1_m6', 'logger_name': 'C_n2_r1_m6_train', 'CUDA_VISIBLE_DEVICES': '1', 'train_save_path_dir': './save/{}/C_{}', 'train_save_path_encoder': './save/{}/C_{}/enc_{}.pth', 'train_save_path_decoder': './save/{}/C_{}/dec_{}.pth', 'retrain': False, 'retrain_day': 'Jan-05-2022', 'retrain_epoch_num': 21}, 'test': {'snr_list': '1,2,3,4,5,6', 'Boosting_number_list': '1,2,3', 'day': 'Mar-25-2022', 'epoch_num': 461, 'logger_name': 'C_n2_r1_m6_test', 'test_model_path_encoder': './save/{}/C_{}/enc_{}.pth', 'test_model_path_decoder': './save/{}/C_{}/dec_{}.pth'}}
2022-03-27 15:42:30,934 auto_trainer.py INFO 212: We are on!!!
2022-03-27 15:42:48,768 auto_trainer.py INFO 322: [1/500] At ENC SNR 0.000000 dB DEC SNR -2.000000 dB, Loss: 1.5315303802 BER: 0.8574971557
2022-03-27 15:42:48,772 auto_trainer.py INFO 323: Time for one full iteration is 0.2636 minutes
2022-03-27 15:43:04,671 auto_trainer.py INFO 322: [2/500] At ENC SNR 0.000000 dB DEC SNR -2.000000 dB, Loss: 1.5306960344 BER: 0.8579142690
2022-03-27 15:43:04,671 auto_trainer.py INFO 323: Time for one full iteration is 0.2593 minutes
2022-03-27 15:43:20,210 auto_trainer.py INFO 322: [3/500] At ENC SNR 0.000000 dB DEC SNR -2.000000 dB, Loss: 1.5255074501 BER: 0.8566514254
2022-03-27 15:43:20,242 auto_trainer.py INFO 323: Time for one full iteration is 0.2595 minutes
2022-03-27 15:43:35,679 auto_trainer.py INFO 322: [4/500] At ENC SNR 0.000000 dB DEC SNR -2.000000 dB, Loss: 1.5254331827 BER: 0.8560742736
2022-03-27 15:43:35,679 auto_trainer.py INFO 323: Time for one full iteration is 0.2573 minutes
2022-03-27 15:43:45,804 auto_trainer.py WARNING 347: Graceful Exit
2022-03-27 17:56:50,009 auto_trainer.py INFO 210: train_conf_name : c_n2_r1_m6
2022-03-27 17:56:50,009 auto_trainer.py INFO 211: Device : cuda
2022-03-27 17:56:50,016 auto_trainer.py INFO 212: conf file
2022-03-27 17:56:50,016 auto_trainer.py INFO 213: {'para': {'train_batch_size': 100000, 'train_small_batch_size': 25000, 'test_size': 10000, 'full_iterations': 500, 'enc_train_iters': 5, 'dec_train_iters': 25, 'hidden_size': 32, 'lr': 1e-05, 'seed': 1, 'n': 2, 'r': 1, 'm': 6, 'code_length': 64, 'code_dimension': 7, 'enc_train_snr': 0, 'dec_train_snr': -2, 'data_file': 'data/data_3_2.pth', 'data_type': 'n2_r1_m6', 'logger_name': 'C_n2_r1_m6_train', 'CUDA_VISIBLE_DEVICES': '1', 'train_save_path_dir': './save/{}/C_{}', 'train_save_path_encoder': './save/{}/C_{}/enc_{}.pth', 'train_save_path_decoder': './save/{}/C_{}/dec_{}.pth', 'retrain': False, 'retrain_day': 'Jan-05-2022', 'retrain_epoch_num': 21}, 'test': {'snr_list': '1,2,3,4,5,6', 'Boosting_number_list': '1,2,3', 'day': 'Mar-25-2022', 'epoch_num': 461, 'logger_name': 'C_n2_r1_m6_test', 'test_model_path_encoder': './save/{}/C_{}/enc_{}.pth', 'test_model_path_decoder': './save/{}/C_{}/dec_{}.pth'}}
2022-03-27 17:56:50,016 auto_trainer.py INFO 214: We are on!!!
2022-03-27 17:57:36,468 auto_trainer.py INFO 211: train_conf_name : c_n2_r1_m6
2022-03-27 17:57:36,468 auto_trainer.py INFO 212: Device : cuda
2022-03-27 17:57:36,468 auto_trainer.py INFO 213: conf file
2022-03-27 17:57:36,468 auto_trainer.py INFO 214: {'para': {'train_batch_size': 100000, 'train_small_batch_size': 25000, 'test_size': 10000, 'full_iterations': 500, 'enc_train_iters': 5, 'dec_train_iters': 25, 'hidden_size': 32, 'lr': 1e-05, 'seed': 1, 'n': 2, 'r': 1, 'm': 6, 'code_length': 64, 'code_dimension': 7, 'enc_train_snr': 0, 'dec_train_snr': -2, 'data_file': 'data/data_3_2.pth', 'data_type': 'n2_r1_m6', 'logger_name': 'C_n2_r1_m6_train', 'CUDA_VISIBLE_DEVICES': '1', 'train_save_path_dir': './save/{}/C_{}', 'train_save_path_encoder': './save/{}/C_{}/enc_{}.pth', 'train_save_path_decoder': './save/{}/C_{}/dec_{}.pth', 'retrain': False, 'retrain_day': 'Jan-05-2022', 'retrain_epoch_num': 21}, 'test': {'snr_list': '1,2,3,4,5,6', 'Boosting_number_list': '1,2,3', 'day': 'Mar-25-2022', 'epoch_num': 461, 'logger_name': 'C_n2_r1_m6_test', 'test_model_path_encoder': './save/{}/C_{}/enc_{}.pth', 'test_model_path_decoder': './save/{}/C_{}/dec_{}.pth'}}
2022-03-27 17:57:36,469 auto_trainer.py INFO 215: We are on!!!
2022-03-27 17:58:34,455 auto_trainer.py INFO 213: train_conf_name : c_n2_r1_m6
2022-03-27 17:58:34,455 auto_trainer.py INFO 214: Device : cuda
2022-03-27 17:58:34,455 auto_trainer.py INFO 215: conf file
2022-03-27 17:58:34,455 auto_trainer.py INFO 216: {'para': {'train_batch_size': 100000, 'train_small_batch_size': 25000, 'test_size': 10000, 'full_iterations': 500, 'enc_train_iters': 5, 'dec_train_iters': 25, 'hidden_size': 32, 'lr': 1e-05, 'seed': 1, 'n': 2, 'r': 1, 'm': 6, 'code_length': 64, 'code_dimension': 7, 'enc_train_snr': 0, 'dec_train_snr': -2, 'data_file': 'data/data_3_2.pth', 'data_type': 'n2_r1_m6', 'logger_name': 'C_n2_r1_m6_train', 'CUDA_VISIBLE_DEVICES': '1', 'train_save_path_dir': './save/{}/C_{}', 'train_save_path_encoder': './save/{}/C_{}/enc_{}.pth', 'train_save_path_decoder': './save/{}/C_{}/dec_{}.pth', 'retrain': False, 'retrain_day': 'Jan-05-2022', 'retrain_epoch_num': 21}, 'test': {'snr_list': '1,2,3,4,5,6', 'Boosting_number_list': '1,2,3', 'day': 'Mar-25-2022', 'epoch_num': 461, 'logger_name': 'C_n2_r1_m6_test', 'test_model_path_encoder': './save/{}/C_{}/enc_{}.pth', 'test_model_path_decoder': './save/{}/C_{}/dec_{}.pth'}}
2022-03-27 17:58:34,455 auto_trainer.py INFO 217: We are on!!!
2022-03-27 17:59:15,141 auto_trainer.py INFO 213: train_conf_name : c_n2_r1_m6
2022-03-27 17:59:15,142 auto_trainer.py INFO 214: Device : cuda
2022-03-27 17:59:15,142 auto_trainer.py INFO 215: conf file
2022-03-27 17:59:15,142 auto_trainer.py INFO 216: {'para': {'train_batch_size': 100000, 'train_small_batch_size': 25000, 'test_size': 10000, 'full_iterations': 500, 'enc_train_iters': 5, 'dec_train_iters': 25, 'hidden_size': 32, 'lr': 1e-05, 'seed': 1, 'n': 2, 'r': 1, 'm': 6, 'code_length': 64, 'code_dimension': 7, 'enc_train_snr': 0, 'dec_train_snr': -2, 'data_file': 'data/data_3_2.pth', 'data_type': 'n2_r1_m6', 'logger_name': 'C_n2_r1_m6_train', 'CUDA_VISIBLE_DEVICES': '1', 'train_save_path_dir': './save/{}/C_{}', 'train_save_path_encoder': './save/{}/C_{}/enc_{}.pth', 'train_save_path_decoder': './save/{}/C_{}/dec_{}.pth', 'retrain': False, 'retrain_day': 'Jan-05-2022', 'retrain_epoch_num': 21}, 'test': {'snr_list': '1,2,3,4,5,6', 'Boosting_number_list': '1,2,3', 'day': 'Mar-25-2022', 'epoch_num': 461, 'logger_name': 'C_n2_r1_m6_test', 'test_model_path_encoder': './save/{}/C_{}/enc_{}.pth', 'test_model_path_decoder': './save/{}/C_{}/dec_{}.pth'}}
2022-03-27 17:59:15,142 auto_trainer.py INFO 217: We are on!!!
2022-03-27 18:00:07,080 auto_trainer.py INFO 213: train_conf_name : c_n2_r1_m6
2022-03-27 18:00:07,080 auto_trainer.py INFO 214: Device : cuda
2022-03-27 18:00:07,081 auto_trainer.py INFO 215: conf file
2022-03-27 18:00:07,081 auto_trainer.py INFO 216: {'para': {'train_batch_size': 100000, 'train_small_batch_size': 25000, 'test_size': 10000, 'full_iterations': 500, 'enc_train_iters': 5, 'dec_train_iters': 25, 'hidden_size': 32, 'lr': 1e-05, 'seed': 1, 'n': 2, 'r': 1, 'm': 6, 'code_length': 64, 'code_dimension': 7, 'enc_train_snr': 0, 'dec_train_snr': -2, 'data_file': 'data/data_3_2.pth', 'data_type': 'n2_r1_m6', 'logger_name': 'C_n2_r1_m6_train', 'CUDA_VISIBLE_DEVICES': '1', 'train_save_path_dir': './save/{}/C_{}', 'train_save_path_encoder': './save/{}/C_{}/enc_{}.pth', 'train_save_path_decoder': './save/{}/C_{}/dec_{}.pth', 'retrain': False, 'retrain_day': 'Jan-05-2022', 'retrain_epoch_num': 21}, 'test': {'snr_list': '1,2,3,4,5,6', 'Boosting_number_list': '1,2,3', 'day': 'Mar-25-2022', 'epoch_num': 461, 'logger_name': 'C_n2_r1_m6_test', 'test_model_path_encoder': './save/{}/C_{}/enc_{}.pth', 'test_model_path_decoder': './save/{}/C_{}/dec_{}.pth'}}
2022-03-27 18:00:07,081 auto_trainer.py INFO 217: We are on!!!
2022-03-27 18:02:31,345 auto_trainer.py INFO 214: train_conf_name : c_n2_r1_m6
2022-03-27 18:02:31,346 auto_trainer.py INFO 215: Device : cuda
2022-03-27 18:02:31,346 auto_trainer.py INFO 216: conf file
2022-03-27 18:02:31,346 auto_trainer.py INFO 217: {'para': {'train_batch_size': 100000, 'train_small_batch_size': 25000, 'test_size': 10000, 'full_iterations': 500, 'enc_train_iters': 5, 'dec_train_iters': 25, 'hidden_size': 32, 'lr': 1e-05, 'seed': 1, 'n': 2, 'r': 1, 'm': 6, 'code_length': 64, 'code_dimension': 7, 'enc_train_snr': 0, 'dec_train_snr': -2, 'data_file': 'data/data_3_2.pth', 'data_type': 'n2_r1_m6', 'logger_name': 'C_n2_r1_m6_train', 'CUDA_VISIBLE_DEVICES': '1', 'train_save_path_dir': './save/{}/C_{}', 'train_save_path_encoder': './save/{}/C_{}/enc_{}.pth', 'train_save_path_decoder': './save/{}/C_{}/dec_{}.pth', 'retrain': False, 'retrain_day': 'Jan-05-2022', 'retrain_epoch_num': 21}, 'test': {'snr_list': '1,2,3,4,5,6', 'Boosting_number_list': '1,2,3', 'day': 'Mar-25-2022', 'epoch_num': 461, 'logger_name': 'C_n2_r1_m6_test', 'test_model_path_encoder': './save/{}/C_{}/enc_{}.pth', 'test_model_path_decoder': './save/{}/C_{}/dec_{}.pth'}}
2022-03-27 18:02:31,346 auto_trainer.py INFO 218: We are on!!!
2022-03-27 18:03:25,774 auto_trainer.py INFO 216: train_conf_name : c_n2_r1_m6
2022-03-27 18:03:25,774 auto_trainer.py INFO 217: Device : cuda
2022-03-27 18:03:25,774 auto_trainer.py INFO 218: conf file
2022-03-27 18:03:25,774 auto_trainer.py INFO 219: {'para': {'train_batch_size': 100000, 'train_small_batch_size': 25000, 'test_size': 10000, 'full_iterations': 500, 'enc_train_iters': 5, 'dec_train_iters': 25, 'hidden_size': 32, 'lr': 1e-05, 'seed': 1, 'n': 2, 'r': 1, 'm': 6, 'code_length': 64, 'code_dimension': 7, 'enc_train_snr': 0, 'dec_train_snr': -2, 'data_file': 'data/data_3_2.pth', 'data_type': 'n2_r1_m6', 'logger_name': 'C_n2_r1_m6_train', 'CUDA_VISIBLE_DEVICES': '1', 'train_save_path_dir': './save/{}/C_{}', 'train_save_path_encoder': './save/{}/C_{}/enc_{}.pth', 'train_save_path_decoder': './save/{}/C_{}/dec_{}.pth', 'retrain': False, 'retrain_day': 'Jan-05-2022', 'retrain_epoch_num': 21}, 'test': {'snr_list': '1,2,3,4,5,6', 'Boosting_number_list': '1,2,3', 'day': 'Mar-25-2022', 'epoch_num': 461, 'logger_name': 'C_n2_r1_m6_test', 'test_model_path_encoder': './save/{}/C_{}/enc_{}.pth', 'test_model_path_decoder': './save/{}/C_{}/dec_{}.pth'}}
2022-03-27 18:03:25,775 auto_trainer.py INFO 220: We are on!!!
2022-03-27 18:03:53,785 auto_trainer.py INFO 217: train_conf_name : c_n2_r1_m6
2022-03-27 18:03:53,786 auto_trainer.py INFO 218: Device : cuda
2022-03-27 18:03:53,786 auto_trainer.py INFO 219: conf file
2022-03-27 18:03:53,786 auto_trainer.py INFO 220: {'para': {'train_batch_size': 100000, 'train_small_batch_size': 25000, 'test_size': 10000, 'full_iterations': 500, 'enc_train_iters': 5, 'dec_train_iters': 25, 'hidden_size': 32, 'lr': 1e-05, 'seed': 1, 'n': 2, 'r': 1, 'm': 6, 'code_length': 64, 'code_dimension': 7, 'enc_train_snr': 0, 'dec_train_snr': -2, 'data_file': 'data/data_3_2.pth', 'data_type': 'n2_r1_m6', 'logger_name': 'C_n2_r1_m6_train', 'CUDA_VISIBLE_DEVICES': '1', 'train_save_path_dir': './save/{}/C_{}', 'train_save_path_encoder': './save/{}/C_{}/enc_{}.pth', 'train_save_path_decoder': './save/{}/C_{}/dec_{}.pth', 'retrain': False, 'retrain_day': 'Jan-05-2022', 'retrain_epoch_num': 21}, 'test': {'snr_list': '1,2,3,4,5,6', 'Boosting_number_list': '1,2,3', 'day': 'Mar-25-2022', 'epoch_num': 461, 'logger_name': 'C_n2_r1_m6_test', 'test_model_path_encoder': './save/{}/C_{}/enc_{}.pth', 'test_model_path_decoder': './save/{}/C_{}/dec_{}.pth'}}
2022-03-27 18:03:53,786 auto_trainer.py INFO 221: We are on!!!
2022-03-27 18:05:08,551 auto_trainer.py INFO 217: train_conf_name : c_n2_r1_m6
2022-03-27 18:05:08,551 auto_trainer.py INFO 218: Device : cuda
2022-03-27 18:05:08,552 auto_trainer.py INFO 219: conf file
2022-03-27 18:05:08,552 auto_trainer.py INFO 220: {'para': {'train_batch_size': 100000, 'train_small_batch_size': 25000, 'test_size': 10000, 'full_iterations': 500, 'enc_train_iters': 5, 'dec_train_iters': 25, 'hidden_size': 32, 'lr': 1e-05, 'seed': 1, 'n': 2, 'r': 1, 'm': 6, 'code_length': 64, 'code_dimension': 7, 'enc_train_snr': 0, 'dec_train_snr': -2, 'data_file': 'data/data_3_2.pth', 'data_type': 'n2_r1_m6', 'logger_name': 'C_n2_r1_m6_train', 'CUDA_VISIBLE_DEVICES': '1', 'train_save_path_dir': './save/{}/C_{}', 'train_save_path_encoder': './save/{}/C_{}/enc_{}.pth', 'train_save_path_decoder': './save/{}/C_{}/dec_{}.pth', 'retrain': False, 'retrain_day': 'Jan-05-2022', 'retrain_epoch_num': 21}, 'test': {'snr_list': '1,2,3,4,5,6', 'Boosting_number_list': '1,2,3', 'day': 'Mar-25-2022', 'epoch_num': 461, 'logger_name': 'C_n2_r1_m6_test', 'test_model_path_encoder': './save/{}/C_{}/enc_{}.pth', 'test_model_path_decoder': './save/{}/C_{}/dec_{}.pth'}}
2022-03-27 18:05:08,552 auto_trainer.py INFO 221: We are on!!!
2022-03-27 18:06:38,270 auto_trainer.py INFO 217: train_conf_name : c_n2_r1_m6
2022-03-27 18:06:38,271 auto_trainer.py INFO 218: Device : cuda
2022-03-27 18:06:38,271 auto_trainer.py INFO 219: conf file
2022-03-27 18:06:38,271 auto_trainer.py INFO 220: {'para': {'train_batch_size': 100000, 'train_small_batch_size': 25000, 'test_size': 10000, 'full_iterations': 500, 'enc_train_iters': 5, 'dec_train_iters': 25, 'hidden_size': 32, 'lr': 1e-05, 'seed': 1, 'n': 2, 'r': 1, 'm': 6, 'code_length': 64, 'code_dimension': 7, 'enc_train_snr': 0, 'dec_train_snr': -2, 'data_file': 'data/data_3_2.pth', 'data_type': 'n2_r1_m6', 'logger_name': 'C_n2_r1_m6_train', 'CUDA_VISIBLE_DEVICES': '1', 'train_save_path_dir': './save/{}/C_{}', 'train_save_path_encoder': './save/{}/C_{}/enc_{}.pth', 'train_save_path_decoder': './save/{}/C_{}/dec_{}.pth', 'retrain': False, 'retrain_day': 'Jan-05-2022', 'retrain_epoch_num': 21}, 'test': {'snr_list': '1,2,3,4,5,6', 'Boosting_number_list': '1,2,3', 'day': 'Mar-25-2022', 'epoch_num': 461, 'logger_name': 'C_n2_r1_m6_test', 'test_model_path_encoder': './save/{}/C_{}/enc_{}.pth', 'test_model_path_decoder': './save/{}/C_{}/dec_{}.pth'}}
2022-03-27 18:06:38,271 auto_trainer.py INFO 221: We are on!!!
2022-03-27 18:06:59,040 auto_trainer.py INFO 217: train_conf_name : c_n2_r1_m6
2022-03-27 18:06:59,040 auto_trainer.py INFO 218: Device : cuda
2022-03-27 18:06:59,041 auto_trainer.py INFO 219: conf file
2022-03-27 18:06:59,041 auto_trainer.py INFO 220: {'para': {'train_batch_size': 100000, 'train_small_batch_size': 25000, 'test_size': 10000, 'full_iterations': 500, 'enc_train_iters': 5, 'dec_train_iters': 25, 'hidden_size': 32, 'lr': 1e-05, 'seed': 1, 'n': 2, 'r': 1, 'm': 6, 'code_length': 64, 'code_dimension': 7, 'enc_train_snr': 0, 'dec_train_snr': -2, 'data_file': 'data/data_3_2.pth', 'data_type': 'n2_r1_m6', 'logger_name': 'C_n2_r1_m6_train', 'CUDA_VISIBLE_DEVICES': '1', 'train_save_path_dir': './save/{}/C_{}', 'train_save_path_encoder': './save/{}/C_{}/enc_{}.pth', 'train_save_path_decoder': './save/{}/C_{}/dec_{}.pth', 'retrain': False, 'retrain_day': 'Jan-05-2022', 'retrain_epoch_num': 21}, 'test': {'snr_list': '1,2,3,4,5,6', 'Boosting_number_list': '1,2,3', 'day': 'Mar-25-2022', 'epoch_num': 461, 'logger_name': 'C_n2_r1_m6_test', 'test_model_path_encoder': './save/{}/C_{}/enc_{}.pth', 'test_model_path_decoder': './save/{}/C_{}/dec_{}.pth'}}
2022-03-27 18:06:59,041 auto_trainer.py INFO 221: We are on!!!
2022-03-27 18:07:58,215 auto_trainer.py WARNING 356: Graceful Exit
2022-03-27 18:08:33,719 auto_trainer.py INFO 214: train_conf_name : c_n2_r1_m6
2022-03-27 18:08:33,719 auto_trainer.py INFO 215: Device : cuda
2022-03-27 18:08:33,719 auto_trainer.py INFO 216: conf file
2022-03-27 18:08:33,719 auto_trainer.py INFO 217: {'para': {'train_batch_size': 100000, 'train_small_batch_size': 25000, 'test_size': 10000, 'full_iterations': 500, 'enc_train_iters': 5, 'dec_train_iters': 25, 'hidden_size': 32, 'lr': 1e-05, 'seed': 1, 'n': 2, 'r': 1, 'm': 6, 'code_length': 64, 'code_dimension': 7, 'enc_train_snr': 0, 'dec_train_snr': -2, 'data_file': 'data/data_3_2.pth', 'data_type': 'n2_r1_m6', 'logger_name': 'C_n2_r1_m6_train', 'CUDA_VISIBLE_DEVICES': '1', 'train_save_path_dir': './save/{}/C_{}', 'train_save_path_encoder': './save/{}/C_{}/enc_{}.pth', 'train_save_path_decoder': './save/{}/C_{}/dec_{}.pth', 'retrain': False, 'retrain_day': 'Jan-05-2022', 'retrain_epoch_num': 21}, 'test': {'snr_list': '1,2,3,4,5,6', 'Boosting_number_list': '1,2,3', 'day': 'Mar-25-2022', 'epoch_num': 461, 'logger_name': 'C_n2_r1_m6_test', 'test_model_path_encoder': './save/{}/C_{}/enc_{}.pth', 'test_model_path_decoder': './save/{}/C_{}/dec_{}.pth'}}
2022-03-27 18:08:33,720 auto_trainer.py INFO 218: We are on!!!
2022-03-27 18:08:53,225 auto_trainer.py WARNING 353: Graceful Exit
2022-03-27 18:08:55,884 auto_trainer.py INFO 214: train_conf_name : c_n2_r1_m6
2022-03-27 18:08:55,884 auto_trainer.py INFO 215: Device : cuda
2022-03-27 18:08:55,885 auto_trainer.py INFO 216: conf file
2022-03-27 18:08:55,885 auto_trainer.py INFO 217: {'para': {'train_batch_size': 100000, 'train_small_batch_size': 25000, 'test_size': 10000, 'full_iterations': 500, 'enc_train_iters': 5, 'dec_train_iters': 25, 'hidden_size': 32, 'lr': 1e-05, 'seed': 1, 'n': 2, 'r': 1, 'm': 6, 'code_length': 64, 'code_dimension': 7, 'enc_train_snr': 0, 'dec_train_snr': -2, 'data_file': 'data/data_3_2.pth', 'data_type': 'n2_r1_m6', 'logger_name': 'C_n2_r1_m6_train', 'CUDA_VISIBLE_DEVICES': '1', 'train_save_path_dir': './save/{}/C_{}', 'train_save_path_encoder': './save/{}/C_{}/enc_{}.pth', 'train_save_path_decoder': './save/{}/C_{}/dec_{}.pth', 'retrain': False, 'retrain_day': 'Jan-05-2022', 'retrain_epoch_num': 21}, 'test': {'snr_list': '1,2,3,4,5,6', 'Boosting_number_list': '1,2,3', 'day': 'Mar-25-2022', 'epoch_num': 461, 'logger_name': 'C_n2_r1_m6_test', 'test_model_path_encoder': './save/{}/C_{}/enc_{}.pth', 'test_model_path_decoder': './save/{}/C_{}/dec_{}.pth'}}
2022-03-27 18:08:55,885 auto_trainer.py INFO 218: We are on!!!
2022-03-27 18:09:32,572 auto_trainer.py INFO 328: [1/500] At ENC SNR 0.000000 dB DEC SNR -2.000000 dB, Loss: 1.5315361023 BER: 0.8575028181
2022-03-27 18:09:32,573 auto_trainer.py INFO 329: Time for one full iteration is 0.5746 minutes
2022-03-27 18:10:07,098 auto_trainer.py INFO 328: [2/500] At ENC SNR 0.000000 dB DEC SNR -2.000000 dB, Loss: 1.5307074785 BER: 0.8579142690
2022-03-27 18:10:07,099 auto_trainer.py INFO 329: Time for one full iteration is 0.5696 minutes
2022-03-27 18:10:41,322 auto_trainer.py INFO 328: [3/500] At ENC SNR 0.000000 dB DEC SNR -2.000000 dB, Loss: 1.5255074501 BER: 0.8566514254
2022-03-27 18:10:41,322 auto_trainer.py INFO 329: Time for one full iteration is 0.5704 minutes
2022-03-27 18:11:06,186 auto_trainer.py WARNING 353: Graceful Exit
2022-03-27 18:11:10,060 auto_trainer.py INFO 213: train_conf_name : c_n2_r1_m6
2022-03-27 18:11:10,060 auto_trainer.py INFO 214: Device : cuda
2022-03-27 18:11:10,060 auto_trainer.py INFO 215: conf file
2022-03-27 18:11:10,060 auto_trainer.py INFO 216: {'para': {'train_batch_size': 100000, 'train_small_batch_size': 25000, 'test_size': 10000, 'full_iterations': 500, 'enc_train_iters': 5, 'dec_train_iters': 25, 'hidden_size': 32, 'lr': 1e-05, 'seed': 1, 'n': 2, 'r': 1, 'm': 6, 'code_length': 64, 'code_dimension': 7, 'enc_train_snr': 0, 'dec_train_snr': -2, 'data_file': 'data/data_3_2.pth', 'data_type': 'n2_r1_m6', 'logger_name': 'C_n2_r1_m6_train', 'CUDA_VISIBLE_DEVICES': '1', 'train_save_path_dir': './save/{}/C_{}', 'train_save_path_encoder': './save/{}/C_{}/enc_{}.pth', 'train_save_path_decoder': './save/{}/C_{}/dec_{}.pth', 'retrain': False, 'retrain_day': 'Jan-05-2022', 'retrain_epoch_num': 21}, 'test': {'snr_list': '1,2,3,4,5,6', 'Boosting_number_list': '1,2,3', 'day': 'Mar-25-2022', 'epoch_num': 461, 'logger_name': 'C_n2_r1_m6_test', 'test_model_path_encoder': './save/{}/C_{}/enc_{}.pth', 'test_model_path_decoder': './save/{}/C_{}/dec_{}.pth'}}
2022-03-27 18:11:10,061 auto_trainer.py INFO 217: We are on!!!
2022-03-27 18:11:47,124 auto_trainer.py INFO 327: [1/500] At ENC SNR 0.000000 dB DEC SNR -2.000000 dB, Loss: 1.5291074514 BER: 0.8565028310
2022-03-27 18:11:47,124 auto_trainer.py INFO 328: Time for one full iteration is 0.5795 minutes
2022-03-27 18:11:49,399 auto_trainer.py WARNING 352: Graceful Exit
2022-03-27 18:11:52,204 auto_trainer.py INFO 213: train_conf_name : c_n2_r1_m6
2022-03-27 18:11:52,204 auto_trainer.py INFO 214: Device : cuda
2022-03-27 18:11:52,204 auto_trainer.py INFO 215: conf file
2022-03-27 18:11:52,204 auto_trainer.py INFO 216: {'para': {'train_batch_size': 100000, 'train_small_batch_size': 25000, 'test_size': 10000, 'full_iterations': 500, 'enc_train_iters': 5, 'dec_train_iters': 25, 'hidden_size': 32, 'lr': 1e-05, 'seed': 1, 'n': 2, 'r': 1, 'm': 6, 'code_length': 64, 'code_dimension': 7, 'enc_train_snr': 0, 'dec_train_snr': -2, 'data_file': 'data/data_3_2.pth', 'data_type': 'n2_r1_m6', 'logger_name': 'C_n2_r1_m6_train', 'CUDA_VISIBLE_DEVICES': '1', 'train_save_path_dir': './save/{}/C_{}', 'train_save_path_encoder': './save/{}/C_{}/enc_{}.pth', 'train_save_path_decoder': './save/{}/C_{}/dec_{}.pth', 'retrain': False, 'retrain_day': 'Jan-05-2022', 'retrain_epoch_num': 21}, 'test': {'snr_list': '1,2,3,4,5,6', 'Boosting_number_list': '1,2,3', 'day': 'Mar-25-2022', 'epoch_num': 461, 'logger_name': 'C_n2_r1_m6_test', 'test_model_path_encoder': './save/{}/C_{}/enc_{}.pth', 'test_model_path_decoder': './save/{}/C_{}/dec_{}.pth'}}
2022-03-27 18:11:52,204 auto_trainer.py INFO 217: We are on!!!
2022-03-27 18:12:03,803 auto_trainer.py WARNING 352: Graceful Exit
2022-03-27 18:13:13,177 auto_trainer.py INFO 202: train_conf_name : c_n2_r1_m6
2022-03-27 18:13:13,177 auto_trainer.py INFO 203: Device : cuda
2022-03-27 18:13:13,177 auto_trainer.py INFO 204: conf file
2022-03-27 18:13:13,177 auto_trainer.py INFO 205: {'para': {'train_batch_size': 100000, 'train_small_batch_size': 25000, 'test_size': 10000, 'full_iterations': 500, 'enc_train_iters': 5, 'dec_train_iters': 25, 'hidden_size': 32, 'lr': 1e-05, 'seed': 1, 'n': 2, 'r': 1, 'm': 6, 'code_length': 64, 'code_dimension': 7, 'enc_train_snr': 0, 'dec_train_snr': -2, 'data_file': 'data/data_3_2.pth', 'data_type': 'n2_r1_m6', 'logger_name': 'C_n2_r1_m6_train', 'CUDA_VISIBLE_DEVICES': '1', 'train_save_path_dir': './save/{}/C_{}', 'train_save_path_encoder': './save/{}/C_{}/enc_{}.pth', 'train_save_path_decoder': './save/{}/C_{}/dec_{}.pth', 'retrain': False, 'retrain_day': 'Jan-05-2022', 'retrain_epoch_num': 21}, 'test': {'snr_list': '1,2,3,4,5,6', 'Boosting_number_list': '1,2,3', 'day': 'Mar-25-2022', 'epoch_num': 461, 'logger_name': 'C_n2_r1_m6_test', 'test_model_path_encoder': './save/{}/C_{}/enc_{}.pth', 'test_model_path_decoder': './save/{}/C_{}/dec_{}.pth'}}
2022-03-27 18:13:13,177 auto_trainer.py INFO 206: We are on!!!
2022-03-27 18:13:50,134 auto_trainer.py INFO 316: [1/500] At ENC SNR 0.000000 dB DEC SNR -2.000000 dB, Loss: 1.5291074514 BER: 0.8565028310
2022-03-27 18:13:50,135 auto_trainer.py INFO 317: Time for one full iteration is 0.5772 minutes
2022-03-27 18:14:24,846 auto_trainer.py INFO 316: [2/500] At ENC SNR 0.000000 dB DEC SNR -2.000000 dB, Loss: 1.5317132473 BER: 0.8586285710
2022-03-27 18:14:24,847 auto_trainer.py INFO 317: Time for one full iteration is 0.5751 minutes
2022-03-27 18:14:59,257 auto_trainer.py INFO 316: [3/500] At ENC SNR 0.000000 dB DEC SNR -2.000000 dB, Loss: 1.5243531466 BER: 0.8565657139
2022-03-27 18:14:59,257 auto_trainer.py INFO 317: Time for one full iteration is 0.5735 minutes
2022-03-27 18:15:33,718 auto_trainer.py INFO 316: [4/500] At ENC SNR 0.000000 dB DEC SNR -2.000000 dB, Loss: 1.5269360542 BER: 0.8570342660
2022-03-27 18:15:33,719 auto_trainer.py INFO 317: Time for one full iteration is 0.5744 minutes
2022-03-27 18:16:08,353 auto_trainer.py INFO 316: [5/500] At ENC SNR 0.000000 dB DEC SNR -2.000000 dB, Loss: 1.5266674757 BER: 0.8573713899
2022-03-27 18:16:08,353 auto_trainer.py INFO 317: Time for one full iteration is 0.5772 minutes
2022-03-27 18:16:42,826 auto_trainer.py INFO 316: [6/500] At ENC SNR 0.000000 dB DEC SNR -2.000000 dB, Loss: 1.5281360149 BER: 0.8572628498
2022-03-27 18:16:42,826 auto_trainer.py INFO 317: Time for one full iteration is 0.5745 minutes
2022-03-27 18:16:53,708 auto_trainer.py WARNING 341: Graceful Exit
2022-03-27 18:22:20,309 auto_trainer.py INFO 204: train_conf_name : c_n2_r1_m6
2022-03-27 18:22:20,309 auto_trainer.py INFO 205: Device : cuda
2022-03-27 18:22:20,310 auto_trainer.py INFO 206: conf file
2022-03-27 18:22:20,310 auto_trainer.py INFO 207: {'para': {'train_batch_size': 100000, 'train_small_batch_size': 25000, 'test_size': 10000, 'full_iterations': 500, 'enc_train_iters': 5, 'dec_train_iters': 25, 'hidden_size': 32, 'lr': 1e-05, 'seed': 1, 'n': 2, 'r': 1, 'm': 6, 'code_length': 64, 'code_dimension': 7, 'enc_train_snr': 0, 'dec_train_snr': -2, 'data_file': 'data/data_3_2.pth', 'data_type': 'n2_r1_m6', 'logger_name': 'C_n2_r1_m6_train', 'CUDA_VISIBLE_DEVICES': '1', 'train_save_path_dir': './save/{}/C_{}', 'train_save_path_encoder': './save/{}/C_{}/enc_{}.pth', 'train_save_path_decoder': './save/{}/C_{}/dec_{}.pth', 'retrain': False, 'retrain_day': 'Jan-05-2022', 'retrain_epoch_num': 21}, 'test': {'snr_list': '1,2,3,4,5,6', 'Boosting_number_list': '1,2,3', 'day': 'Mar-25-2022', 'epoch_num': 461, 'logger_name': 'C_n2_r1_m6_test', 'test_model_path_encoder': './save/{}/C_{}/enc_{}.pth', 'test_model_path_decoder': './save/{}/C_{}/dec_{}.pth'}}
2022-03-27 18:22:20,310 auto_trainer.py INFO 208: We are on!!!
2022-03-27 18:22:42,349 auto_trainer.py INFO 204: train_conf_name : c_n2_r1_m6
2022-03-27 18:22:42,350 auto_trainer.py INFO 205: Device : cuda
2022-03-27 18:22:42,350 auto_trainer.py INFO 206: conf file
2022-03-27 18:22:42,350 auto_trainer.py INFO 207: {'para': {'train_batch_size': 100000, 'train_small_batch_size': 25000, 'test_size': 10000, 'full_iterations': 500, 'enc_train_iters': 5, 'dec_train_iters': 25, 'hidden_size': 32, 'lr': 1e-05, 'seed': 1, 'n': 2, 'r': 1, 'm': 6, 'code_length': 64, 'code_dimension': 7, 'enc_train_snr': 0, 'dec_train_snr': -2, 'data_file': 'data/data_3_2.pth', 'data_type': 'n2_r1_m6', 'logger_name': 'C_n2_r1_m6_train', 'CUDA_VISIBLE_DEVICES': '1', 'train_save_path_dir': './save/{}/C_{}', 'train_save_path_encoder': './save/{}/C_{}/enc_{}.pth', 'train_save_path_decoder': './save/{}/C_{}/dec_{}.pth', 'retrain': False, 'retrain_day': 'Jan-05-2022', 'retrain_epoch_num': 21}, 'test': {'snr_list': '1,2,3,4,5,6', 'Boosting_number_list': '1,2,3', 'day': 'Mar-25-2022', 'epoch_num': 461, 'logger_name': 'C_n2_r1_m6_test', 'test_model_path_encoder': './save/{}/C_{}/enc_{}.pth', 'test_model_path_decoder': './save/{}/C_{}/dec_{}.pth'}}
2022-03-27 18:22:42,351 auto_trainer.py INFO 208: We are on!!!
2022-03-27 18:35:21,779 auto_trainer.py INFO 209: train_conf_name : c_n2_r1_m6
2022-03-27 18:35:21,779 auto_trainer.py INFO 210: Device : cuda
2022-03-27 18:35:21,779 auto_trainer.py INFO 211: conf file
2022-03-27 18:35:21,780 auto_trainer.py INFO 212: {'para': {'train_batch_size': 100000, 'train_small_batch_size': 25000, 'test_size': 10000, 'full_iterations': 500, 'enc_train_iters': 5, 'dec_train_iters': 25, 'hidden_size': 32, 'lr': 1e-05, 'seed': 1, 'n': 2, 'r': 1, 'm': 6, 'code_length': 64, 'code_dimension': 7, 'enc_train_snr': 0, 'dec_train_snr': -2, 'data_file': 'data/data_3_2.pth', 'data_type': 'n2_r1_m6', 'logger_name': 'C_n2_r1_m6_train', 'CUDA_VISIBLE_DEVICES': '1', 'train_save_path_dir': './save/{}/C_{}', 'train_save_path_encoder': './save/{}/C_{}/enc_{}.pth', 'train_save_path_decoder': './save/{}/C_{}/dec_{}.pth', 'retrain': False, 'retrain_day': 'Jan-05-2022', 'retrain_epoch_num': 21}, 'test': {'snr_list': '1,2,3,4,5,6', 'Boosting_number_list': '1,2,3', 'day': 'Mar-25-2022', 'epoch_num': 461, 'logger_name': 'C_n2_r1_m6_test', 'test_model_path_encoder': './save/{}/C_{}/enc_{}.pth', 'test_model_path_decoder': './save/{}/C_{}/dec_{}.pth'}}
2022-03-27 18:35:21,780 auto_trainer.py INFO 213: We are on!!!
2022-03-27 18:38:48,986 auto_trainer.py INFO 212: train_conf_name : c_n2_r1_m6
2022-03-27 18:38:48,987 auto_trainer.py INFO 213: Device : cuda
2022-03-27 18:38:48,998 auto_trainer.py INFO 214: conf file
2022-03-27 18:38:48,998 auto_trainer.py INFO 215: {'para': {'train_batch_size': 100000, 'train_small_batch_size': 25000, 'test_size': 10000, 'full_iterations': 500, 'enc_train_iters': 5, 'dec_train_iters': 25, 'hidden_size': 32, 'lr': 1e-05, 'seed': 1, 'n': 2, 'r': 1, 'm': 6, 'code_length': 64, 'code_dimension': 7, 'enc_train_snr': 0, 'dec_train_snr': -2, 'data_file': 'data/data_3_2.pth', 'data_type': 'n2_r1_m6', 'logger_name': 'C_n2_r1_m6_train', 'CUDA_VISIBLE_DEVICES': '1', 'train_save_path_dir': './save/{}/C_{}', 'train_save_path_encoder': './save/{}/C_{}/enc_{}.pth', 'train_save_path_decoder': './save/{}/C_{}/dec_{}.pth', 'retrain': False, 'retrain_day': 'Jan-05-2022', 'retrain_epoch_num': 21}, 'test': {'snr_list': '1,2,3,4,5,6', 'Boosting_number_list': '1,2,3', 'day': 'Mar-25-2022', 'epoch_num': 461, 'logger_name': 'C_n2_r1_m6_test', 'test_model_path_encoder': './save/{}/C_{}/enc_{}.pth', 'test_model_path_decoder': './save/{}/C_{}/dec_{}.pth'}}
2022-03-27 18:38:48,998 auto_trainer.py INFO 216: We are on!!!
2022-03-27 18:39:13,326 auto_trainer.py INFO 212: train_conf_name : c_n2_r1_m6
2022-03-27 18:39:13,326 auto_trainer.py INFO 213: Device : cuda
2022-03-27 18:39:13,326 auto_trainer.py INFO 214: conf file
2022-03-27 18:39:13,326 auto_trainer.py INFO 215: {'para': {'train_batch_size': 100000, 'train_small_batch_size': 25000, 'test_size': 10000, 'full_iterations': 500, 'enc_train_iters': 5, 'dec_train_iters': 25, 'hidden_size': 32, 'lr': 1e-05, 'seed': 1, 'n': 2, 'r': 1, 'm': 6, 'code_length': 64, 'code_dimension': 7, 'enc_train_snr': 0, 'dec_train_snr': -2, 'data_file': 'data/data_3_2.pth', 'data_type': 'n2_r1_m6', 'logger_name': 'C_n2_r1_m6_train', 'CUDA_VISIBLE_DEVICES': '1', 'train_save_path_dir': './save/{}/C_{}', 'train_save_path_encoder': './save/{}/C_{}/enc_{}.pth', 'train_save_path_decoder': './save/{}/C_{}/dec_{}.pth', 'retrain': False, 'retrain_day': 'Jan-05-2022', 'retrain_epoch_num': 21}, 'test': {'snr_list': '1,2,3,4,5,6', 'Boosting_number_list': '1,2,3', 'day': 'Mar-25-2022', 'epoch_num': 461, 'logger_name': 'C_n2_r1_m6_test', 'test_model_path_encoder': './save/{}/C_{}/enc_{}.pth', 'test_model_path_decoder': './save/{}/C_{}/dec_{}.pth'}}
2022-03-27 18:39:13,327 auto_trainer.py INFO 216: We are on!!!
2022-03-27 18:39:43,704 auto_trainer.py INFO 212: train_conf_name : c_n2_r1_m6
2022-03-27 18:39:43,704 auto_trainer.py INFO 213: Device : cuda
2022-03-27 18:39:43,705 auto_trainer.py INFO 214: conf file
2022-03-27 18:39:43,705 auto_trainer.py INFO 215: {'para': {'train_batch_size': 100000, 'train_small_batch_size': 2500, 'test_size': 10000, 'full_iterations': 500, 'enc_train_iters': 5, 'dec_train_iters': 25, 'hidden_size': 32, 'lr': 1e-05, 'seed': 1, 'n': 2, 'r': 1, 'm': 6, 'code_length': 64, 'code_dimension': 7, 'enc_train_snr': 0, 'dec_train_snr': -2, 'data_file': 'data/data_3_2.pth', 'data_type': 'n2_r1_m6', 'logger_name': 'C_n2_r1_m6_train', 'CUDA_VISIBLE_DEVICES': '1', 'train_save_path_dir': './save/{}/C_{}', 'train_save_path_encoder': './save/{}/C_{}/enc_{}.pth', 'train_save_path_decoder': './save/{}/C_{}/dec_{}.pth', 'retrain': False, 'retrain_day': 'Jan-05-2022', 'retrain_epoch_num': 21}, 'test': {'snr_list': '1,2,3,4,5,6', 'Boosting_number_list': '1,2,3', 'day': 'Mar-25-2022', 'epoch_num': 461, 'logger_name': 'C_n2_r1_m6_test', 'test_model_path_encoder': './save/{}/C_{}/enc_{}.pth', 'test_model_path_decoder': './save/{}/C_{}/dec_{}.pth'}}
2022-03-27 18:39:43,705 auto_trainer.py INFO 216: We are on!!!
2022-03-27 18:40:37,999 auto_trainer.py INFO 212: train_conf_name : c_n2_r1_m6
2022-03-27 18:40:37,999 auto_trainer.py INFO 213: Device : cuda
2022-03-27 18:40:37,999 auto_trainer.py INFO 214: conf file
2022-03-27 18:40:37,999 auto_trainer.py INFO 215: {'para': {'train_batch_size': 100000, 'train_small_batch_size': 2500, 'test_size': 10000, 'full_iterations': 500, 'enc_train_iters': 5, 'dec_train_iters': 25, 'hidden_size': 32, 'lr': 1e-05, 'seed': 1, 'n': 2, 'r': 1, 'm': 6, 'code_length': 64, 'code_dimension': 7, 'enc_train_snr': 0, 'dec_train_snr': -2, 'data_file': 'data/data_3_2.pth', 'data_type': 'n2_r1_m6', 'logger_name': 'C_n2_r1_m6_train', 'CUDA_VISIBLE_DEVICES': '1', 'train_save_path_dir': './save/{}/C_{}', 'train_save_path_encoder': './save/{}/C_{}/enc_{}.pth', 'train_save_path_decoder': './save/{}/C_{}/dec_{}.pth', 'retrain': False, 'retrain_day': 'Jan-05-2022', 'retrain_epoch_num': 21}, 'test': {'snr_list': '1,2,3,4,5,6', 'Boosting_number_list': '1,2,3', 'day': 'Mar-25-2022', 'epoch_num': 461, 'logger_name': 'C_n2_r1_m6_test', 'test_model_path_encoder': './save/{}/C_{}/enc_{}.pth', 'test_model_path_decoder': './save/{}/C_{}/dec_{}.pth'}}
2022-03-27 18:40:37,999 auto_trainer.py INFO 216: We are on!!!
2022-03-27 18:41:13,591 auto_trainer.py INFO 214: train_conf_name : c_n2_r1_m6
2022-03-27 18:41:13,592 auto_trainer.py INFO 215: Device : cuda
2022-03-27 18:41:13,592 auto_trainer.py INFO 216: conf file
2022-03-27 18:41:13,592 auto_trainer.py INFO 217: {'para': {'train_batch_size': 100000, 'train_small_batch_size': 2500, 'test_size': 10000, 'full_iterations': 500, 'enc_train_iters': 5, 'dec_train_iters': 25, 'hidden_size': 32, 'lr': 1e-05, 'seed': 1, 'n': 2, 'r': 1, 'm': 6, 'code_length': 64, 'code_dimension': 7, 'enc_train_snr': 0, 'dec_train_snr': -2, 'data_file': 'data/data_3_2.pth', 'data_type': 'n2_r1_m6', 'logger_name': 'C_n2_r1_m6_train', 'CUDA_VISIBLE_DEVICES': '1', 'train_save_path_dir': './save/{}/C_{}', 'train_save_path_encoder': './save/{}/C_{}/enc_{}.pth', 'train_save_path_decoder': './save/{}/C_{}/dec_{}.pth', 'retrain': False, 'retrain_day': 'Jan-05-2022', 'retrain_epoch_num': 21}, 'test': {'snr_list': '1,2,3,4,5,6', 'Boosting_number_list': '1,2,3', 'day': 'Mar-25-2022', 'epoch_num': 461, 'logger_name': 'C_n2_r1_m6_test', 'test_model_path_encoder': './save/{}/C_{}/enc_{}.pth', 'test_model_path_decoder': './save/{}/C_{}/dec_{}.pth'}}
2022-03-27 18:41:13,592 auto_trainer.py INFO 218: We are on!!!
2022-03-27 18:41:58,385 auto_trainer.py INFO 214: train_conf_name : c_n2_r1_m6
2022-03-27 18:41:58,386 auto_trainer.py INFO 215: Device : cuda
2022-03-27 18:41:58,386 auto_trainer.py INFO 216: conf file
2022-03-27 18:41:58,386 auto_trainer.py INFO 217: {'para': {'train_batch_size': 100000, 'train_small_batch_size': 2500, 'test_size': 10000, 'full_iterations': 500, 'enc_train_iters': 5, 'dec_train_iters': 25, 'hidden_size': 32, 'lr': 1e-05, 'seed': 1, 'n': 2, 'r': 1, 'm': 6, 'code_length': 64, 'code_dimension': 7, 'enc_train_snr': 0, 'dec_train_snr': -2, 'data_file': 'data/data_3_2.pth', 'data_type': 'n2_r1_m6', 'logger_name': 'C_n2_r1_m6_train', 'CUDA_VISIBLE_DEVICES': '1', 'train_save_path_dir': './save/{}/C_{}', 'train_save_path_encoder': './save/{}/C_{}/enc_{}.pth', 'train_save_path_decoder': './save/{}/C_{}/dec_{}.pth', 'retrain': False, 'retrain_day': 'Jan-05-2022', 'retrain_epoch_num': 21}, 'test': {'snr_list': '1,2,3,4,5,6', 'Boosting_number_list': '1,2,3', 'day': 'Mar-25-2022', 'epoch_num': 461, 'logger_name': 'C_n2_r1_m6_test', 'test_model_path_encoder': './save/{}/C_{}/enc_{}.pth', 'test_model_path_decoder': './save/{}/C_{}/dec_{}.pth'}}
2022-03-27 18:41:58,386 auto_trainer.py INFO 218: We are on!!!
2022-03-27 18:42:18,954 auto_trainer.py INFO 215: train_conf_name : c_n2_r1_m6
2022-03-27 18:42:18,954 auto_trainer.py INFO 216: Device : cuda
2022-03-27 18:42:18,954 auto_trainer.py INFO 217: conf file
2022-03-27 18:42:18,954 auto_trainer.py INFO 218: {'para': {'train_batch_size': 100000, 'train_small_batch_size': 2500, 'test_size': 10000, 'full_iterations': 500, 'enc_train_iters': 5, 'dec_train_iters': 25, 'hidden_size': 32, 'lr': 1e-05, 'seed': 1, 'n': 2, 'r': 1, 'm': 6, 'code_length': 64, 'code_dimension': 7, 'enc_train_snr': 0, 'dec_train_snr': -2, 'data_file': 'data/data_3_2.pth', 'data_type': 'n2_r1_m6', 'logger_name': 'C_n2_r1_m6_train', 'CUDA_VISIBLE_DEVICES': '1', 'train_save_path_dir': './save/{}/C_{}', 'train_save_path_encoder': './save/{}/C_{}/enc_{}.pth', 'train_save_path_decoder': './save/{}/C_{}/dec_{}.pth', 'retrain': False, 'retrain_day': 'Jan-05-2022', 'retrain_epoch_num': 21}, 'test': {'snr_list': '1,2,3,4,5,6', 'Boosting_number_list': '1,2,3', 'day': 'Mar-25-2022', 'epoch_num': 461, 'logger_name': 'C_n2_r1_m6_test', 'test_model_path_encoder': './save/{}/C_{}/enc_{}.pth', 'test_model_path_decoder': './save/{}/C_{}/dec_{}.pth'}}
2022-03-27 18:42:18,955 auto_trainer.py INFO 219: We are on!!!
2022-03-27 18:42:29,249 auto_trainer.py INFO 215: train_conf_name : c_n2_r1_m6
2022-03-27 18:42:29,249 auto_trainer.py INFO 216: Device : cuda
2022-03-27 18:42:29,250 auto_trainer.py INFO 217: conf file
2022-03-27 18:42:29,250 auto_trainer.py INFO 218: {'para': {'train_batch_size': 100000, 'train_small_batch_size': 2500, 'test_size': 10000, 'full_iterations': 500, 'enc_train_iters': 5, 'dec_train_iters': 25, 'hidden_size': 32, 'lr': 1e-05, 'seed': 1, 'n': 2, 'r': 1, 'm': 6, 'code_length': 64, 'code_dimension': 7, 'enc_train_snr': 0, 'dec_train_snr': -2, 'data_file': 'data/data_3_2.pth', 'data_type': 'n2_r1_m6', 'logger_name': 'C_n2_r1_m6_train', 'CUDA_VISIBLE_DEVICES': '1', 'train_save_path_dir': './save/{}/C_{}', 'train_save_path_encoder': './save/{}/C_{}/enc_{}.pth', 'train_save_path_decoder': './save/{}/C_{}/dec_{}.pth', 'retrain': False, 'retrain_day': 'Jan-05-2022', 'retrain_epoch_num': 21}, 'test': {'snr_list': '1,2,3,4,5,6', 'Boosting_number_list': '1,2,3', 'day': 'Mar-25-2022', 'epoch_num': 461, 'logger_name': 'C_n2_r1_m6_test', 'test_model_path_encoder': './save/{}/C_{}/enc_{}.pth', 'test_model_path_decoder': './save/{}/C_{}/dec_{}.pth'}}
2022-03-27 18:42:29,250 auto_trainer.py INFO 219: We are on!!!
2022-03-27 18:43:31,789 auto_trainer.py INFO 216: train_conf_name : c_n2_r1_m6
2022-03-27 18:43:31,789 auto_trainer.py INFO 217: Device : cuda
2022-03-27 18:43:31,789 auto_trainer.py INFO 218: conf file
2022-03-27 18:43:31,789 auto_trainer.py INFO 219: {'para': {'train_batch_size': 100000, 'train_small_batch_size': 2500, 'test_size': 10000, 'full_iterations': 500, 'enc_train_iters': 5, 'dec_train_iters': 25, 'hidden_size': 32, 'lr': 1e-05, 'seed': 1, 'n': 2, 'r': 1, 'm': 6, 'code_length': 64, 'code_dimension': 7, 'enc_train_snr': 0, 'dec_train_snr': -2, 'data_file': 'data/data_3_2.pth', 'data_type': 'n2_r1_m6', 'logger_name': 'C_n2_r1_m6_train', 'CUDA_VISIBLE_DEVICES': '1', 'train_save_path_dir': './save/{}/C_{}', 'train_save_path_encoder': './save/{}/C_{}/enc_{}.pth', 'train_save_path_decoder': './save/{}/C_{}/dec_{}.pth', 'retrain': False, 'retrain_day': 'Jan-05-2022', 'retrain_epoch_num': 21}, 'test': {'snr_list': '1,2,3,4,5,6', 'Boosting_number_list': '1,2,3', 'day': 'Mar-25-2022', 'epoch_num': 461, 'logger_name': 'C_n2_r1_m6_test', 'test_model_path_encoder': './save/{}/C_{}/enc_{}.pth', 'test_model_path_decoder': './save/{}/C_{}/dec_{}.pth'}}
2022-03-27 18:43:31,790 auto_trainer.py INFO 220: We are on!!!
2022-03-27 18:43:50,562 auto_trainer.py INFO 216: train_conf_name : c_n2_r1_m6
2022-03-27 18:43:50,562 auto_trainer.py INFO 217: Device : cuda
2022-03-27 18:43:50,562 auto_trainer.py INFO 218: conf file
2022-03-27 18:43:50,562 auto_trainer.py INFO 219: {'para': {'train_batch_size': 100000, 'train_small_batch_size': 2500, 'test_size': 10000, 'full_iterations': 500, 'enc_train_iters': 5, 'dec_train_iters': 25, 'hidden_size': 32, 'lr': 1e-05, 'seed': 1, 'n': 2, 'r': 1, 'm': 6, 'code_length': 64, 'code_dimension': 7, 'enc_train_snr': 0, 'dec_train_snr': -2, 'data_file': 'data/data_3_2.pth', 'data_type': 'n2_r1_m6', 'logger_name': 'C_n2_r1_m6_train', 'CUDA_VISIBLE_DEVICES': '1', 'train_save_path_dir': './save/{}/C_{}', 'train_save_path_encoder': './save/{}/C_{}/enc_{}.pth', 'train_save_path_decoder': './save/{}/C_{}/dec_{}.pth', 'retrain': False, 'retrain_day': 'Jan-05-2022', 'retrain_epoch_num': 21}, 'test': {'snr_list': '1,2,3,4,5,6', 'Boosting_number_list': '1,2,3', 'day': 'Mar-25-2022', 'epoch_num': 461, 'logger_name': 'C_n2_r1_m6_test', 'test_model_path_encoder': './save/{}/C_{}/enc_{}.pth', 'test_model_path_decoder': './save/{}/C_{}/dec_{}.pth'}}
2022-03-27 18:43:50,563 auto_trainer.py INFO 220: We are on!!!
2022-03-27 18:44:45,188 auto_trainer.py INFO 218: train_conf_name : c_n2_r1_m6
2022-03-27 18:44:45,189 auto_trainer.py INFO 219: Device : cuda
2022-03-27 18:44:45,189 auto_trainer.py INFO 220: conf file
2022-03-27 18:44:45,189 auto_trainer.py INFO 221: {'para': {'train_batch_size': 100000, 'train_small_batch_size': 2500, 'test_size': 10000, 'full_iterations': 500, 'enc_train_iters': 5, 'dec_train_iters': 25, 'hidden_size': 32, 'lr': 1e-05, 'seed': 1, 'n': 2, 'r': 1, 'm': 6, 'code_length': 64, 'code_dimension': 7, 'enc_train_snr': 0, 'dec_train_snr': -2, 'data_file': 'data/data_3_2.pth', 'data_type': 'n2_r1_m6', 'logger_name': 'C_n2_r1_m6_train', 'CUDA_VISIBLE_DEVICES': '1', 'train_save_path_dir': './save/{}/C_{}', 'train_save_path_encoder': './save/{}/C_{}/enc_{}.pth', 'train_save_path_decoder': './save/{}/C_{}/dec_{}.pth', 'retrain': False, 'retrain_day': 'Jan-05-2022', 'retrain_epoch_num': 21}, 'test': {'snr_list': '1,2,3,4,5,6', 'Boosting_number_list': '1,2,3', 'day': 'Mar-25-2022', 'epoch_num': 461, 'logger_name': 'C_n2_r1_m6_test', 'test_model_path_encoder': './save/{}/C_{}/enc_{}.pth', 'test_model_path_decoder': './save/{}/C_{}/dec_{}.pth'}}
2022-03-27 18:44:45,189 auto_trainer.py INFO 222: We are on!!!
2022-03-27 18:45:49,325 auto_trainer.py INFO 218: train_conf_name : c_n2_r1_m6
2022-03-27 18:45:49,325 auto_trainer.py INFO 219: Device : cuda
2022-03-27 18:45:49,325 auto_trainer.py INFO 220: conf file
2022-03-27 18:45:49,325 auto_trainer.py INFO 221: {'para': {'train_batch_size': 100000, 'train_small_batch_size': 2500, 'test_size': 10000, 'full_iterations': 500, 'enc_train_iters': 5, 'dec_train_iters': 25, 'hidden_size': 32, 'lr': 1e-05, 'seed': 1, 'n': 2, 'r': 1, 'm': 6, 'code_length': 64, 'code_dimension': 7, 'enc_train_snr': 0, 'dec_train_snr': -2, 'data_file': 'data/data_3_2.pth', 'data_type': 'n2_r1_m6', 'logger_name': 'C_n2_r1_m6_train', 'CUDA_VISIBLE_DEVICES': '1', 'train_save_path_dir': './save/{}/C_{}', 'train_save_path_encoder': './save/{}/C_{}/enc_{}.pth', 'train_save_path_decoder': './save/{}/C_{}/dec_{}.pth', 'retrain': False, 'retrain_day': 'Jan-05-2022', 'retrain_epoch_num': 21}, 'test': {'snr_list': '1,2,3,4,5,6', 'Boosting_number_list': '1,2,3', 'day': 'Mar-25-2022', 'epoch_num': 461, 'logger_name': 'C_n2_r1_m6_test', 'test_model_path_encoder': './save/{}/C_{}/enc_{}.pth', 'test_model_path_decoder': './save/{}/C_{}/dec_{}.pth'}}
2022-03-27 18:45:49,326 auto_trainer.py INFO 222: We are on!!!
2022-03-27 18:46:10,484 auto_trainer.py INFO 218: train_conf_name : c_n2_r1_m6
2022-03-27 18:46:10,484 auto_trainer.py INFO 219: Device : cuda
2022-03-27 18:46:10,485 auto_trainer.py INFO 220: conf file
2022-03-27 18:46:10,485 auto_trainer.py INFO 221: {'para': {'train_batch_size': 100000, 'train_small_batch_size': 2500, 'test_size': 10000, 'full_iterations': 500, 'enc_train_iters': 5, 'dec_train_iters': 25, 'hidden_size': 32, 'lr': 1e-05, 'seed': 1, 'n': 2, 'r': 1, 'm': 6, 'code_length': 64, 'code_dimension': 7, 'enc_train_snr': 0, 'dec_train_snr': -2, 'data_file': 'data/data_3_2.pth', 'data_type': 'n2_r1_m6', 'logger_name': 'C_n2_r1_m6_train', 'CUDA_VISIBLE_DEVICES': '1', 'train_save_path_dir': './save/{}/C_{}', 'train_save_path_encoder': './save/{}/C_{}/enc_{}.pth', 'train_save_path_decoder': './save/{}/C_{}/dec_{}.pth', 'retrain': False, 'retrain_day': 'Jan-05-2022', 'retrain_epoch_num': 21}, 'test': {'snr_list': '1,2,3,4,5,6', 'Boosting_number_list': '1,2,3', 'day': 'Mar-25-2022', 'epoch_num': 461, 'logger_name': 'C_n2_r1_m6_test', 'test_model_path_encoder': './save/{}/C_{}/enc_{}.pth', 'test_model_path_decoder': './save/{}/C_{}/dec_{}.pth'}}
2022-03-27 18:46:10,485 auto_trainer.py INFO 222: We are on!!!
2022-03-27 18:46:42,992 auto_trainer.py INFO 218: train_conf_name : c_n2_r1_m6
2022-03-27 18:46:42,992 auto_trainer.py INFO 219: Device : cuda
2022-03-27 18:46:42,992 auto_trainer.py INFO 220: conf file
2022-03-27 18:46:42,992 auto_trainer.py INFO 221: {'para': {'train_batch_size': 100000, 'train_small_batch_size': 2500, 'test_size': 10000, 'full_iterations': 500, 'enc_train_iters': 5, 'dec_train_iters': 25, 'hidden_size': 32, 'lr': 1e-05, 'seed': 1, 'n': 2, 'r': 1, 'm': 6, 'code_length': 64, 'code_dimension': 7, 'enc_train_snr': 0, 'dec_train_snr': -2, 'data_file': 'data/data_3_2.pth', 'data_type': 'n2_r1_m6', 'logger_name': 'C_n2_r1_m6_train', 'CUDA_VISIBLE_DEVICES': '1', 'train_save_path_dir': './save/{}/C_{}', 'train_save_path_encoder': './save/{}/C_{}/enc_{}.pth', 'train_save_path_decoder': './save/{}/C_{}/dec_{}.pth', 'retrain': False, 'retrain_day': 'Jan-05-2022', 'retrain_epoch_num': 21}, 'test': {'snr_list': '1,2,3,4,5,6', 'Boosting_number_list': '1,2,3', 'day': 'Mar-25-2022', 'epoch_num': 461, 'logger_name': 'C_n2_r1_m6_test', 'test_model_path_encoder': './save/{}/C_{}/enc_{}.pth', 'test_model_path_decoder': './save/{}/C_{}/dec_{}.pth'}}
2022-03-27 18:46:42,993 auto_trainer.py INFO 222: We are on!!!
2022-03-27 18:46:53,930 auto_trainer.py INFO 218: train_conf_name : c_n2_r1_m6
2022-03-27 18:46:53,930 auto_trainer.py INFO 219: Device : cuda
2022-03-27 18:46:53,930 auto_trainer.py INFO 220: conf file
2022-03-27 18:46:53,930 auto_trainer.py INFO 221: {'para': {'train_batch_size': 100000, 'train_small_batch_size': 2500, 'test_size': 10000, 'full_iterations': 500, 'enc_train_iters': 5, 'dec_train_iters': 25, 'hidden_size': 32, 'lr': 1e-05, 'seed': 1, 'n': 2, 'r': 1, 'm': 6, 'code_length': 64, 'code_dimension': 7, 'enc_train_snr': 0, 'dec_train_snr': -2, 'data_file': 'data/data_3_2.pth', 'data_type': 'n2_r1_m6', 'logger_name': 'C_n2_r1_m6_train', 'CUDA_VISIBLE_DEVICES': '1', 'train_save_path_dir': './save/{}/C_{}', 'train_save_path_encoder': './save/{}/C_{}/enc_{}.pth', 'train_save_path_decoder': './save/{}/C_{}/dec_{}.pth', 'retrain': False, 'retrain_day': 'Jan-05-2022', 'retrain_epoch_num': 21}, 'test': {'snr_list': '1,2,3,4,5,6', 'Boosting_number_list': '1,2,3', 'day': 'Mar-25-2022', 'epoch_num': 461, 'logger_name': 'C_n2_r1_m6_test', 'test_model_path_encoder': './save/{}/C_{}/enc_{}.pth', 'test_model_path_decoder': './save/{}/C_{}/dec_{}.pth'}}
2022-03-27 18:46:53,931 auto_trainer.py INFO 222: We are on!!!
2022-03-27 18:47:17,961 auto_trainer.py INFO 218: train_conf_name : c_n2_r1_m6
2022-03-27 18:47:17,962 auto_trainer.py INFO 219: Device : cuda
2022-03-27 18:47:17,962 auto_trainer.py INFO 220: conf file
2022-03-27 18:47:17,962 auto_trainer.py INFO 221: {'para': {'train_batch_size': 100000, 'train_small_batch_size': 2500, 'test_size': 10000, 'full_iterations': 500, 'enc_train_iters': 5, 'dec_train_iters': 25, 'hidden_size': 32, 'lr': 1e-05, 'seed': 1, 'n': 2, 'r': 1, 'm': 6, 'code_length': 64, 'code_dimension': 7, 'enc_train_snr': 0, 'dec_train_snr': -2, 'data_file': 'data/data_3_2.pth', 'data_type': 'n2_r1_m6', 'logger_name': 'C_n2_r1_m6_train', 'CUDA_VISIBLE_DEVICES': '1', 'train_save_path_dir': './save/{}/C_{}', 'train_save_path_encoder': './save/{}/C_{}/enc_{}.pth', 'train_save_path_decoder': './save/{}/C_{}/dec_{}.pth', 'retrain': False, 'retrain_day': 'Jan-05-2022', 'retrain_epoch_num': 21}, 'test': {'snr_list': '1,2,3,4,5,6', 'Boosting_number_list': '1,2,3', 'day': 'Mar-25-2022', 'epoch_num': 461, 'logger_name': 'C_n2_r1_m6_test', 'test_model_path_encoder': './save/{}/C_{}/enc_{}.pth', 'test_model_path_decoder': './save/{}/C_{}/dec_{}.pth'}}
2022-03-27 18:47:17,962 auto_trainer.py INFO 222: We are on!!!
2022-03-27 18:47:34,317 auto_trainer.py INFO 219: train_conf_name : c_n2_r1_m6
2022-03-27 18:47:34,317 auto_trainer.py INFO 220: Device : cuda
2022-03-27 18:47:34,317 auto_trainer.py INFO 221: conf file
2022-03-27 18:47:34,317 auto_trainer.py INFO 222: {'para': {'train_batch_size': 100000, 'train_small_batch_size': 2500, 'test_size': 10000, 'full_iterations': 500, 'enc_train_iters': 5, 'dec_train_iters': 25, 'hidden_size': 32, 'lr': 1e-05, 'seed': 1, 'n': 2, 'r': 1, 'm': 6, 'code_length': 64, 'code_dimension': 7, 'enc_train_snr': 0, 'dec_train_snr': -2, 'data_file': 'data/data_3_2.pth', 'data_type': 'n2_r1_m6', 'logger_name': 'C_n2_r1_m6_train', 'CUDA_VISIBLE_DEVICES': '1', 'train_save_path_dir': './save/{}/C_{}', 'train_save_path_encoder': './save/{}/C_{}/enc_{}.pth', 'train_save_path_decoder': './save/{}/C_{}/dec_{}.pth', 'retrain': False, 'retrain_day': 'Jan-05-2022', 'retrain_epoch_num': 21}, 'test': {'snr_list': '1,2,3,4,5,6', 'Boosting_number_list': '1,2,3', 'day': 'Mar-25-2022', 'epoch_num': 461, 'logger_name': 'C_n2_r1_m6_test', 'test_model_path_encoder': './save/{}/C_{}/enc_{}.pth', 'test_model_path_decoder': './save/{}/C_{}/dec_{}.pth'}}
2022-03-27 18:47:34,318 auto_trainer.py INFO 223: We are on!!!
2022-03-27 18:48:06,938 auto_trainer.py INFO 219: train_conf_name : c_n2_r1_m6
2022-03-27 18:48:06,938 auto_trainer.py INFO 220: Device : cuda
2022-03-27 18:48:06,938 auto_trainer.py INFO 221: conf file
2022-03-27 18:48:06,939 auto_trainer.py INFO 222: {'para': {'train_batch_size': 100000, 'train_small_batch_size': 2500, 'test_size': 10000, 'full_iterations': 500, 'enc_train_iters': 5, 'dec_train_iters': 25, 'hidden_size': 32, 'lr': 1e-05, 'seed': 1, 'n': 2, 'r': 1, 'm': 6, 'code_length': 64, 'code_dimension': 7, 'enc_train_snr': 0, 'dec_train_snr': -2, 'data_file': 'data/data_3_2.pth', 'data_type': 'n2_r1_m6', 'logger_name': 'C_n2_r1_m6_train', 'CUDA_VISIBLE_DEVICES': '1', 'train_save_path_dir': './save/{}/C_{}', 'train_save_path_encoder': './save/{}/C_{}/enc_{}.pth', 'train_save_path_decoder': './save/{}/C_{}/dec_{}.pth', 'retrain': False, 'retrain_day': 'Jan-05-2022', 'retrain_epoch_num': 21}, 'test': {'snr_list': '1,2,3,4,5,6', 'Boosting_number_list': '1,2,3', 'day': 'Mar-25-2022', 'epoch_num': 461, 'logger_name': 'C_n2_r1_m6_test', 'test_model_path_encoder': './save/{}/C_{}/enc_{}.pth', 'test_model_path_decoder': './save/{}/C_{}/dec_{}.pth'}}
2022-03-27 18:48:06,939 auto_trainer.py INFO 223: We are on!!!
2022-03-27 18:48:34,248 auto_trainer.py INFO 223: train_conf_name : c_n2_r1_m6
2022-03-27 18:48:34,249 auto_trainer.py INFO 224: Device : cuda
2022-03-27 18:48:34,249 auto_trainer.py INFO 225: conf file
2022-03-27 18:48:34,249 auto_trainer.py INFO 226: {'para': {'train_batch_size': 100000, 'train_small_batch_size': 2500, 'test_size': 10000, 'full_iterations': 500, 'enc_train_iters': 5, 'dec_train_iters': 25, 'hidden_size': 32, 'lr': 1e-05, 'seed': 1, 'n': 2, 'r': 1, 'm': 6, 'code_length': 64, 'code_dimension': 7, 'enc_train_snr': 0, 'dec_train_snr': -2, 'data_file': 'data/data_3_2.pth', 'data_type': 'n2_r1_m6', 'logger_name': 'C_n2_r1_m6_train', 'CUDA_VISIBLE_DEVICES': '1', 'train_save_path_dir': './save/{}/C_{}', 'train_save_path_encoder': './save/{}/C_{}/enc_{}.pth', 'train_save_path_decoder': './save/{}/C_{}/dec_{}.pth', 'retrain': False, 'retrain_day': 'Jan-05-2022', 'retrain_epoch_num': 21}, 'test': {'snr_list': '1,2,3,4,5,6', 'Boosting_number_list': '1,2,3', 'day': 'Mar-25-2022', 'epoch_num': 461, 'logger_name': 'C_n2_r1_m6_test', 'test_model_path_encoder': './save/{}/C_{}/enc_{}.pth', 'test_model_path_decoder': './save/{}/C_{}/dec_{}.pth'}}
2022-03-27 18:48:34,249 auto_trainer.py INFO 227: We are on!!!
2022-03-27 18:48:47,387 auto_trainer.py INFO 223: train_conf_name : c_n2_r1_m6
2022-03-27 18:48:47,388 auto_trainer.py INFO 224: Device : cuda
2022-03-27 18:48:47,388 auto_trainer.py INFO 225: conf file
2022-03-27 18:48:47,388 auto_trainer.py INFO 226: {'para': {'train_batch_size': 100000, 'train_small_batch_size': 2500, 'test_size': 10000, 'full_iterations': 500, 'enc_train_iters': 5, 'dec_train_iters': 25, 'hidden_size': 32, 'lr': 1e-05, 'seed': 1, 'n': 2, 'r': 1, 'm': 6, 'code_length': 64, 'code_dimension': 7, 'enc_train_snr': 0, 'dec_train_snr': -2, 'data_file': 'data/data_3_2.pth', 'data_type': 'n2_r1_m6', 'logger_name': 'C_n2_r1_m6_train', 'CUDA_VISIBLE_DEVICES': '1', 'train_save_path_dir': './save/{}/C_{}', 'train_save_path_encoder': './save/{}/C_{}/enc_{}.pth', 'train_save_path_decoder': './save/{}/C_{}/dec_{}.pth', 'retrain': False, 'retrain_day': 'Jan-05-2022', 'retrain_epoch_num': 21}, 'test': {'snr_list': '1,2,3,4,5,6', 'Boosting_number_list': '1,2,3', 'day': 'Mar-25-2022', 'epoch_num': 461, 'logger_name': 'C_n2_r1_m6_test', 'test_model_path_encoder': './save/{}/C_{}/enc_{}.pth', 'test_model_path_decoder': './save/{}/C_{}/dec_{}.pth'}}
2022-03-27 18:48:47,388 auto_trainer.py INFO 227: We are on!!!
2022-03-27 18:49:04,098 auto_trainer.py INFO 223: train_conf_name : c_n2_r1_m6
2022-03-27 18:49:04,098 auto_trainer.py INFO 224: Device : cuda
2022-03-27 18:49:04,098 auto_trainer.py INFO 225: conf file
2022-03-27 18:49:04,098 auto_trainer.py INFO 226: {'para': {'train_batch_size': 100000, 'train_small_batch_size': 2500, 'test_size': 10000, 'full_iterations': 500, 'enc_train_iters': 5, 'dec_train_iters': 25, 'hidden_size': 32, 'lr': 1e-05, 'seed': 1, 'n': 2, 'r': 1, 'm': 6, 'code_length': 64, 'code_dimension': 7, 'enc_train_snr': 0, 'dec_train_snr': -2, 'data_file': 'data/data_3_2.pth', 'data_type': 'n2_r1_m6', 'logger_name': 'C_n2_r1_m6_train', 'CUDA_VISIBLE_DEVICES': '1', 'train_save_path_dir': './save/{}/C_{}', 'train_save_path_encoder': './save/{}/C_{}/enc_{}.pth', 'train_save_path_decoder': './save/{}/C_{}/dec_{}.pth', 'retrain': False, 'retrain_day': 'Jan-05-2022', 'retrain_epoch_num': 21}, 'test': {'snr_list': '1,2,3,4,5,6', 'Boosting_number_list': '1,2,3', 'day': 'Mar-25-2022', 'epoch_num': 461, 'logger_name': 'C_n2_r1_m6_test', 'test_model_path_encoder': './save/{}/C_{}/enc_{}.pth', 'test_model_path_decoder': './save/{}/C_{}/dec_{}.pth'}}
2022-03-27 18:49:04,099 auto_trainer.py INFO 227: We are on!!!
2022-03-27 18:50:11,145 auto_trainer.py INFO 223: train_conf_name : c_n2_r1_m6
2022-03-27 18:50:11,145 auto_trainer.py INFO 224: Device : cuda
2022-03-27 18:50:11,146 auto_trainer.py INFO 225: conf file
2022-03-27 18:50:11,146 auto_trainer.py INFO 226: {'para': {'train_batch_size': 100000, 'train_small_batch_size': 2500, 'test_size': 10000, 'full_iterations': 500, 'enc_train_iters': 5, 'dec_train_iters': 25, 'hidden_size': 32, 'lr': 1e-05, 'seed': 1, 'n': 2, 'r': 1, 'm': 6, 'code_length': 64, 'code_dimension': 7, 'enc_train_snr': 0, 'dec_train_snr': -2, 'data_file': 'data/data_3_2.pth', 'data_type': 'n2_r1_m6', 'logger_name': 'C_n2_r1_m6_train', 'CUDA_VISIBLE_DEVICES': '1', 'train_save_path_dir': './save/{}/C_{}', 'train_save_path_encoder': './save/{}/C_{}/enc_{}.pth', 'train_save_path_decoder': './save/{}/C_{}/dec_{}.pth', 'retrain': False, 'retrain_day': 'Jan-05-2022', 'retrain_epoch_num': 21}, 'test': {'snr_list': '1,2,3,4,5,6', 'Boosting_number_list': '1,2,3', 'day': 'Mar-25-2022', 'epoch_num': 461, 'logger_name': 'C_n2_r1_m6_test', 'test_model_path_encoder': './save/{}/C_{}/enc_{}.pth', 'test_model_path_decoder': './save/{}/C_{}/dec_{}.pth'}}
2022-03-27 18:50:11,146 auto_trainer.py INFO 227: We are on!!!
2022-03-27 18:50:27,943 auto_trainer.py INFO 223: train_conf_name : c_n2_r1_m6
2022-03-27 18:50:27,943 auto_trainer.py INFO 224: Device : cuda
2022-03-27 18:50:27,943 auto_trainer.py INFO 225: conf file
2022-03-27 18:50:27,943 auto_trainer.py INFO 226: {'para': {'train_batch_size': 100000, 'train_small_batch_size': 2500, 'test_size': 10000, 'full_iterations': 500, 'enc_train_iters': 5, 'dec_train_iters': 25, 'hidden_size': 32, 'lr': 1e-05, 'seed': 1, 'n': 2, 'r': 1, 'm': 6, 'code_length': 64, 'code_dimension': 7, 'enc_train_snr': 0, 'dec_train_snr': -2, 'data_file': 'data/data_3_2.pth', 'data_type': 'n2_r1_m6', 'logger_name': 'C_n2_r1_m6_train', 'CUDA_VISIBLE_DEVICES': '1', 'train_save_path_dir': './save/{}/C_{}', 'train_save_path_encoder': './save/{}/C_{}/enc_{}.pth', 'train_save_path_decoder': './save/{}/C_{}/dec_{}.pth', 'retrain': False, 'retrain_day': 'Jan-05-2022', 'retrain_epoch_num': 21}, 'test': {'snr_list': '1,2,3,4,5,6', 'Boosting_number_list': '1,2,3', 'day': 'Mar-25-2022', 'epoch_num': 461, 'logger_name': 'C_n2_r1_m6_test', 'test_model_path_encoder': './save/{}/C_{}/enc_{}.pth', 'test_model_path_decoder': './save/{}/C_{}/dec_{}.pth'}}
2022-03-27 18:50:27,944 auto_trainer.py INFO 227: We are on!!!
2022-03-27 18:50:52,762 auto_trainer.py WARNING 362: Graceful Exit
2022-03-27 18:50:55,339 auto_trainer.py INFO 224: train_conf_name : c_n2_r1_m6
2022-03-27 18:50:55,339 auto_trainer.py INFO 225: Device : cuda
2022-03-27 18:50:55,339 auto_trainer.py INFO 226: conf file
2022-03-27 18:50:55,339 auto_trainer.py INFO 227: {'para': {'train_batch_size': 100000, 'train_small_batch_size': 2500, 'test_size': 10000, 'full_iterations': 500, 'enc_train_iters': 5, 'dec_train_iters': 25, 'hidden_size': 32, 'lr': 1e-05, 'seed': 1, 'n': 2, 'r': 1, 'm': 6, 'code_length': 64, 'code_dimension': 7, 'enc_train_snr': 0, 'dec_train_snr': -2, 'data_file': 'data/data_3_2.pth', 'data_type': 'n2_r1_m6', 'logger_name': 'C_n2_r1_m6_train', 'CUDA_VISIBLE_DEVICES': '1', 'train_save_path_dir': './save/{}/C_{}', 'train_save_path_encoder': './save/{}/C_{}/enc_{}.pth', 'train_save_path_decoder': './save/{}/C_{}/dec_{}.pth', 'retrain': False, 'retrain_day': 'Jan-05-2022', 'retrain_epoch_num': 21}, 'test': {'snr_list': '1,2,3,4,5,6', 'Boosting_number_list': '1,2,3', 'day': 'Mar-25-2022', 'epoch_num': 461, 'logger_name': 'C_n2_r1_m6_test', 'test_model_path_encoder': './save/{}/C_{}/enc_{}.pth', 'test_model_path_decoder': './save/{}/C_{}/dec_{}.pth'}}
2022-03-27 18:50:55,339 auto_trainer.py INFO 228: We are on!!!
2022-03-27 18:51:05,701 auto_trainer.py WARNING 363: Graceful Exit
2022-03-27 18:51:08,373 auto_trainer.py INFO 224: train_conf_name : c_n2_r1_m6
2022-03-27 18:51:08,373 auto_trainer.py INFO 225: Device : cuda
2022-03-27 18:51:08,373 auto_trainer.py INFO 226: conf file
2022-03-27 18:51:08,373 auto_trainer.py INFO 227: {'para': {'train_batch_size': 100000, 'train_small_batch_size': 2500, 'test_size': 10000, 'full_iterations': 500, 'enc_train_iters': 5, 'dec_train_iters': 25, 'hidden_size': 32, 'lr': 1e-05, 'seed': 1, 'n': 2, 'r': 1, 'm': 6, 'code_length': 64, 'code_dimension': 7, 'enc_train_snr': 0, 'dec_train_snr': -2, 'data_file': 'data/data_3_2.pth', 'data_type': 'n2_r1_m6', 'logger_name': 'C_n2_r1_m6_train', 'CUDA_VISIBLE_DEVICES': '1', 'train_save_path_dir': './save/{}/C_{}', 'train_save_path_encoder': './save/{}/C_{}/enc_{}.pth', 'train_save_path_decoder': './save/{}/C_{}/dec_{}.pth', 'retrain': False, 'retrain_day': 'Jan-05-2022', 'retrain_epoch_num': 21}, 'test': {'snr_list': '1,2,3,4,5,6', 'Boosting_number_list': '1,2,3', 'day': 'Mar-25-2022', 'epoch_num': 461, 'logger_name': 'C_n2_r1_m6_test', 'test_model_path_encoder': './save/{}/C_{}/enc_{}.pth', 'test_model_path_decoder': './save/{}/C_{}/dec_{}.pth'}}
2022-03-27 18:51:08,374 auto_trainer.py INFO 228: We are on!!!
2022-03-27 18:53:29,254 auto_trainer.py INFO 338: [1/500] At ENC SNR 0.000000 dB DEC SNR -2.000000 dB, Loss: 1.5302332640 BER: 0.8597714305
2022-03-27 18:53:29,254 auto_trainer.py INFO 339: Time for one full iteration is 2.3075 minutes
2022-03-27 18:56:17,061 auto_trainer.py INFO 338: [2/500] At ENC SNR 0.000000 dB DEC SNR -2.000000 dB, Loss: 1.5347476006 BER: 0.8566856980
2022-03-27 18:56:17,062 auto_trainer.py INFO 339: Time for one full iteration is 2.7931 minutes
2022-03-27 18:58:13,411 auto_trainer.py WARNING 363: Graceful Exit
