2022-04-12 17:20:37,353 auto_trainer.py INFO 87: train_conf_name : c_n3_r1_m4
2022-04-12 17:20:37,353 auto_trainer.py INFO 88: Device : cuda
2022-04-12 17:20:37,353 auto_trainer.py INFO 89: conf file
2022-04-12 17:20:37,353 auto_trainer.py INFO 90: {'para': {'train_batch_size': 100000, 'train_small_batch_size': 2500, 'test_size': 100000, 'full_iterations': 100, 'enc_train_iters': 5, 'dec_train_iters': 25, 'hidden_size': 64, 'lr': 1e-05, 'seed': 1, 'n': 3, 'r': 1, 'm': 4, 'code_length': 81, 'code_dimension': 9, 'enc_train_snr': 0, 'dec_train_snr': -2, 'data_type': 'n3_r1_m4', 'logger_name': 'C_n3_r1_m4_train', 'CUDA_VISIBLE_DEVICES': '1', 'train_save_path_dir': './save/{}/C_{}', 'train_save_path_encoder': './save/{}/C_{}/enc_{}.pth', 'train_save_path_decoder': './save/{}/C_{}/dec_{}.pth', 'retrain': False, 'retrain_day': 'Jan-05-2022', 'retrain_epoch_num': 21}, 'test': {'snr_list': '-10,-9,-8,-7,-6,-5,-4,-3,-2,-1,0', 'Boosting_number_list': '1,2,3', 'day': 'Apr-11-2022', 'epoch_num': 100, 'logger_name': 'C_n3_r1_m4_test', 'test_model_path_encoder': './save/{}/C_{}/enc_{}.pth', 'test_model_path_decoder': './save/{}/C_{}/dec_{}.pth'}}
2022-04-12 17:20:37,353 auto_trainer.py INFO 91: We are on!!!
2022-04-12 17:23:20,006 auto_trainer.py INFO 204: [1/100] At ENC SNR 0.000000 dB DEC SNR -2.000000 dB, Loss: 0.0078427633 BER: 0.0001777778
2022-04-12 17:23:20,007 auto_trainer.py INFO 205: Time for one full iteration is 2.5355 minutes
2022-04-12 17:28:04,136 auto_trainer.py INFO 87: train_conf_name : c_n3_r1_m4
2022-04-12 17:28:04,136 auto_trainer.py INFO 88: Device : cuda
2022-04-12 17:28:04,136 auto_trainer.py INFO 89: conf file
2022-04-12 17:28:04,136 auto_trainer.py INFO 90: {'para': {'train_batch_size': 100000, 'train_small_batch_size': 2500, 'test_size': 100000, 'full_iterations': 100, 'enc_train_iters': 5, 'dec_train_iters': 25, 'hidden_size': 64, 'lr': 1e-05, 'seed': 1, 'n': 3, 'r': 1, 'm': 4, 'code_length': 81, 'code_dimension': 9, 'enc_train_snr': 0, 'dec_train_snr': -2, 'data_type': 'n3_r1_m4', 'logger_name': 'C_n3_r1_m4_train', 'CUDA_VISIBLE_DEVICES': '1', 'train_save_path_dir': './save/{}/C_{}', 'train_save_path_encoder': './save/{}/C_{}/enc_{}.pth', 'train_save_path_decoder': './save/{}/C_{}/dec_{}.pth', 'retrain': False, 'retrain_day': 'Jan-05-2022', 'retrain_epoch_num': 21}, 'test': {'snr_list': '-10,-9,-8,-7,-6,-5,-4,-3,-2,-1,0', 'Boosting_number_list': '1,2,3', 'day': 'Apr-12-2022', 'epoch_num': 1, 'logger_name': 'C_n3_r1_m4_test', 'test_model_path_encoder': './save/{}/C_{}/enc_{}.pth', 'test_model_path_decoder': './save/{}/C_{}/dec_{}.pth'}}
2022-04-12 17:28:04,137 auto_trainer.py INFO 91: We are on!!!
2022-04-12 17:30:36,614 auto_trainer.py INFO 204: [1/100] At ENC SNR 0.000000 dB DEC SNR -2.000000 dB, Loss: 0.0078427633 BER: 0.0001777778
2022-04-12 17:30:36,615 auto_trainer.py INFO 205: Time for one full iteration is 2.3696 minutes
2022-04-12 17:32:58,561 auto_trainer.py INFO 204: [2/100] At ENC SNR 0.000000 dB DEC SNR -2.000000 dB, Loss: 0.0078409044 BER: 0.0000444444
2022-04-12 17:32:58,561 auto_trainer.py INFO 205: Time for one full iteration is 2.3623 minutes
2022-04-12 17:35:20,037 auto_trainer.py INFO 204: [3/100] At ENC SNR 0.000000 dB DEC SNR -2.000000 dB, Loss: 0.0078516705 BER: 0.0004000000
2022-04-12 17:35:20,037 auto_trainer.py INFO 205: Time for one full iteration is 2.3579 minutes
2022-04-12 17:37:41,658 auto_trainer.py INFO 204: [4/100] At ENC SNR 0.000000 dB DEC SNR -2.000000 dB, Loss: 0.0078496700 BER: 0.0004000000
2022-04-12 17:37:41,659 auto_trainer.py INFO 205: Time for one full iteration is 2.3604 minutes
2022-04-12 17:40:03,478 auto_trainer.py INFO 204: [5/100] At ENC SNR 0.000000 dB DEC SNR -2.000000 dB, Loss: 0.0078439070 BER: 0.0001333333
2022-04-12 17:40:03,479 auto_trainer.py INFO 205: Time for one full iteration is 2.3637 minutes
2022-04-12 17:42:24,917 auto_trainer.py INFO 204: [6/100] At ENC SNR 0.000000 dB DEC SNR -2.000000 dB, Loss: 0.0078417975 BER: 0.0000444444
2022-04-12 17:42:24,918 auto_trainer.py INFO 205: Time for one full iteration is 2.3573 minutes
2022-04-12 17:44:46,272 auto_trainer.py INFO 204: [7/100] At ENC SNR 0.000000 dB DEC SNR -2.000000 dB, Loss: 0.0078431768 BER: 0.0001333333
2022-04-12 17:44:46,272 auto_trainer.py INFO 205: Time for one full iteration is 2.3559 minutes
2022-04-12 17:47:07,777 auto_trainer.py INFO 204: [8/100] At ENC SNR 0.000000 dB DEC SNR -2.000000 dB, Loss: 0.0078414707 BER: 0.0000000000
2022-04-12 17:47:07,777 auto_trainer.py INFO 205: Time for one full iteration is 2.3584 minutes
2022-04-12 17:49:29,467 auto_trainer.py INFO 204: [9/100] At ENC SNR 0.000000 dB DEC SNR -2.000000 dB, Loss: 0.0078502502 BER: 0.0003111111
2022-04-12 17:49:29,467 auto_trainer.py INFO 205: Time for one full iteration is 2.3615 minutes
2022-04-12 17:51:51,632 auto_trainer.py INFO 204: [10/100] At ENC SNR 0.000000 dB DEC SNR -2.000000 dB, Loss: 0.0078430129 BER: 0.0001777778
2022-04-12 17:51:51,632 auto_trainer.py INFO 205: Time for one full iteration is 2.3694 minutes
2022-04-12 17:54:12,967 auto_trainer.py INFO 204: [11/100] At ENC SNR 0.000000 dB DEC SNR -2.000000 dB, Loss: 0.0078421375 BER: 0.0000888889
2022-04-12 17:54:12,968 auto_trainer.py INFO 205: Time for one full iteration is 2.3556 minutes
2022-04-12 17:56:34,536 auto_trainer.py INFO 204: [12/100] At ENC SNR 0.000000 dB DEC SNR -2.000000 dB, Loss: 0.0078473939 BER: 0.0003111111
2022-04-12 17:56:34,537 auto_trainer.py INFO 205: Time for one full iteration is 2.3562 minutes
2022-04-12 17:58:55,742 auto_trainer.py INFO 204: [13/100] At ENC SNR 0.000000 dB DEC SNR -2.000000 dB, Loss: 0.0078421896 BER: 0.0000444444
2022-04-12 17:58:55,742 auto_trainer.py INFO 205: Time for one full iteration is 2.3534 minutes
2022-04-12 18:01:17,274 auto_trainer.py INFO 204: [14/100] At ENC SNR 0.000000 dB DEC SNR -2.000000 dB, Loss: 0.0078465780 BER: 0.0002222222
2022-04-12 18:01:17,274 auto_trainer.py INFO 205: Time for one full iteration is 2.3589 minutes
2022-04-12 18:03:38,583 auto_trainer.py INFO 204: [15/100] At ENC SNR 0.000000 dB DEC SNR -2.000000 dB, Loss: 0.0078449687 BER: 0.0002222222
2022-04-12 18:03:38,583 auto_trainer.py INFO 205: Time for one full iteration is 2.3551 minutes
2022-04-12 18:05:59,951 auto_trainer.py INFO 204: [16/100] At ENC SNR 0.000000 dB DEC SNR -2.000000 dB, Loss: 0.0078481371 BER: 0.0003111111
2022-04-12 18:05:59,952 auto_trainer.py INFO 205: Time for one full iteration is 2.3561 minutes
2022-04-12 18:08:21,181 auto_trainer.py INFO 204: [17/100] At ENC SNR 0.000000 dB DEC SNR -2.000000 dB, Loss: 0.0078467419 BER: 0.0002222222
2022-04-12 18:08:21,181 auto_trainer.py INFO 205: Time for one full iteration is 2.3538 minutes
2022-04-12 18:10:42,486 auto_trainer.py INFO 204: [18/100] At ENC SNR 0.000000 dB DEC SNR -2.000000 dB, Loss: 0.0078534810 BER: 0.0005777778
2022-04-12 18:10:42,486 auto_trainer.py INFO 205: Time for one full iteration is 2.3551 minutes
2022-04-12 18:13:03,735 auto_trainer.py INFO 204: [19/100] At ENC SNR 0.000000 dB DEC SNR -2.000000 dB, Loss: 0.0078410655 BER: 0.0000444444
2022-04-12 18:13:03,736 auto_trainer.py INFO 205: Time for one full iteration is 2.3542 minutes
2022-04-12 18:15:25,108 auto_trainer.py INFO 204: [20/100] At ENC SNR 0.000000 dB DEC SNR -2.000000 dB, Loss: 0.0078425119 BER: 0.0000888889
2022-04-12 18:15:25,108 auto_trainer.py INFO 205: Time for one full iteration is 2.3562 minutes
2022-04-12 18:17:46,266 auto_trainer.py INFO 204: [21/100] At ENC SNR 0.000000 dB DEC SNR -2.000000 dB, Loss: 0.0078503266 BER: 0.0004000000
2022-04-12 18:17:46,267 auto_trainer.py INFO 205: Time for one full iteration is 2.3526 minutes
2022-04-12 18:20:07,760 auto_trainer.py INFO 204: [22/100] At ENC SNR 0.000000 dB DEC SNR -2.000000 dB, Loss: 0.0078468351 BER: 0.0002666667
2022-04-12 18:20:07,760 auto_trainer.py INFO 205: Time for one full iteration is 2.3548 minutes
2022-04-12 18:22:29,293 auto_trainer.py INFO 204: [23/100] At ENC SNR 0.000000 dB DEC SNR -2.000000 dB, Loss: 0.0078453310 BER: 0.0002666667
2022-04-12 18:22:29,294 auto_trainer.py INFO 205: Time for one full iteration is 2.3589 minutes
2022-04-12 18:24:50,737 auto_trainer.py INFO 204: [24/100] At ENC SNR 0.000000 dB DEC SNR -2.000000 dB, Loss: 0.0078474609 BER: 0.0003111111
2022-04-12 18:24:50,738 auto_trainer.py INFO 205: Time for one full iteration is 2.3574 minutes
2022-04-12 18:27:11,998 auto_trainer.py INFO 204: [25/100] At ENC SNR 0.000000 dB DEC SNR -2.000000 dB, Loss: 0.0078437170 BER: 0.0001777778
2022-04-12 18:27:11,999 auto_trainer.py INFO 205: Time for one full iteration is 2.3544 minutes
2022-04-12 18:29:33,315 auto_trainer.py INFO 204: [26/100] At ENC SNR 0.000000 dB DEC SNR -2.000000 dB, Loss: 0.0078449538 BER: 0.0001777778
2022-04-12 18:29:33,316 auto_trainer.py INFO 205: Time for one full iteration is 2.3553 minutes
2022-04-12 18:31:54,724 auto_trainer.py INFO 204: [27/100] At ENC SNR 0.000000 dB DEC SNR -2.000000 dB, Loss: 0.0078502987 BER: 0.0004444444
2022-04-12 18:31:54,725 auto_trainer.py INFO 205: Time for one full iteration is 2.3568 minutes
2022-04-12 18:34:16,137 auto_trainer.py INFO 204: [28/100] At ENC SNR 0.000000 dB DEC SNR -2.000000 dB, Loss: 0.0078430912 BER: 0.0000444444
2022-04-12 18:34:16,137 auto_trainer.py INFO 205: Time for one full iteration is 2.3569 minutes
2022-04-12 18:36:37,568 auto_trainer.py INFO 204: [29/100] At ENC SNR 0.000000 dB DEC SNR -2.000000 dB, Loss: 0.0078403754 BER: 0.0000000000
2022-04-12 18:36:37,569 auto_trainer.py INFO 205: Time for one full iteration is 2.3572 minutes
2022-04-12 18:38:59,012 auto_trainer.py INFO 204: [30/100] At ENC SNR 0.000000 dB DEC SNR -2.000000 dB, Loss: 0.0078417296 BER: 0.0000000000
2022-04-12 18:38:59,013 auto_trainer.py INFO 205: Time for one full iteration is 2.3574 minutes
2022-04-12 18:41:20,289 auto_trainer.py INFO 204: [31/100] At ENC SNR 0.000000 dB DEC SNR -2.000000 dB, Loss: 0.0078470362 BER: 0.0002666667
2022-04-12 18:41:20,289 auto_trainer.py INFO 205: Time for one full iteration is 2.3546 minutes
2022-04-12 18:43:41,837 auto_trainer.py INFO 204: [32/100] At ENC SNR 0.000000 dB DEC SNR -2.000000 dB, Loss: 0.0078520104 BER: 0.0004444444
2022-04-12 18:43:41,838 auto_trainer.py INFO 205: Time for one full iteration is 2.3556 minutes
2022-04-12 18:46:03,147 auto_trainer.py INFO 204: [33/100] At ENC SNR 0.000000 dB DEC SNR -2.000000 dB, Loss: 0.0078428956 BER: 0.0000000000
2022-04-12 18:46:03,148 auto_trainer.py INFO 205: Time for one full iteration is 2.3552 minutes
2022-04-12 18:48:35,750 auto_trainer.py INFO 204: [34/100] At ENC SNR 0.000000 dB DEC SNR -2.000000 dB, Loss: 0.0078448271 BER: 0.0003111111
2022-04-12 18:48:35,750 auto_trainer.py INFO 205: Time for one full iteration is 2.5434 minutes
2022-04-12 18:51:57,238 auto_trainer.py INFO 204: [35/100] At ENC SNR 0.000000 dB DEC SNR -2.000000 dB, Loss: 0.0078472923 BER: 0.0002222222
2022-04-12 18:51:57,238 auto_trainer.py INFO 205: Time for one full iteration is 3.3581 minutes
2022-04-12 18:54:28,337 auto_trainer.py INFO 204: [36/100] At ENC SNR 0.000000 dB DEC SNR -2.000000 dB, Loss: 0.0078455796 BER: 0.0002222222
2022-04-12 18:54:28,337 auto_trainer.py INFO 205: Time for one full iteration is 2.5183 minutes
2022-04-12 18:56:49,264 auto_trainer.py INFO 204: [37/100] At ENC SNR 0.000000 dB DEC SNR -2.000000 dB, Loss: 0.0078426870 BER: 0.0001333333
2022-04-12 18:56:49,264 auto_trainer.py INFO 205: Time for one full iteration is 2.3488 minutes
2022-04-12 18:59:10,252 auto_trainer.py INFO 204: [38/100] At ENC SNR 0.000000 dB DEC SNR -2.000000 dB, Loss: 0.0078444174 BER: 0.0001333333
2022-04-12 18:59:10,253 auto_trainer.py INFO 205: Time for one full iteration is 2.3498 minutes
2022-04-12 19:08:38,069 auto_trainer.py INFO 87: train_conf_name : c_n3_r1_m4
2022-04-12 19:08:38,070 auto_trainer.py INFO 88: Device : cuda
2022-04-12 19:08:38,070 auto_trainer.py INFO 89: conf file
2022-04-12 19:08:38,070 auto_trainer.py INFO 90: {'para': {'train_batch_size': 100000, 'train_small_batch_size': 2500, 'test_size': 100000, 'full_iterations': 100, 'enc_train_iters': 5, 'dec_train_iters': 25, 'hidden_size': 64, 'lr': 1e-05, 'seed': 1, 'n': 3, 'r': 1, 'm': 4, 'code_length': 81, 'code_dimension': 9, 'enc_train_snr': 0, 'dec_train_snr': -2, 'data_type': 'n3_r1_m4', 'logger_name': 'C_n3_r1_m4_train', 'CUDA_VISIBLE_DEVICES': '1', 'train_save_path_dir': './save/{}/C_{}', 'train_save_path_encoder': './save/{}/C_{}/enc_{}.pth', 'train_save_path_decoder': './save/{}/C_{}/dec_{}.pth', 'retrain': False, 'retrain_day': 'Jan-05-2022', 'retrain_epoch_num': 21}, 'test': {'snr_list': '-10,-9,-8,-7,-6,-5,-4,-3,-2,-1,0', 'Boosting_number_list': '1,2,3', 'day': 'Apr-12-2022', 'epoch_num': 11, 'logger_name': 'C_n3_r1_m4_test', 'test_model_path_encoder': './save/{}/C_{}/enc_{}.pth', 'test_model_path_decoder': './save/{}/C_{}/dec_{}.pth'}}
2022-04-12 19:08:38,070 auto_trainer.py INFO 91: We are on!!!
2022-04-12 19:11:00,679 auto_trainer.py INFO 204: [1/100] At ENC SNR 0.000000 dB DEC SNR -2.000000 dB, Loss: 0.0079678893 BER: 0.0024000001
2022-04-12 19:11:00,680 auto_trainer.py INFO 205: Time for one full iteration is 2.2024 minutes
2022-04-12 19:11:06,505 auto_trainer.py WARNING 229: Graceful Exit
2022-04-12 19:17:54,645 auto_trainer.py INFO 87: train_conf_name : c_n3_r1_m4
2022-04-12 19:17:54,645 auto_trainer.py INFO 88: Device : cuda
2022-04-12 19:17:54,645 auto_trainer.py INFO 89: conf file
2022-04-12 19:17:54,645 auto_trainer.py INFO 90: {'para': {'train_batch_size': 100000, 'train_small_batch_size': 2500, 'test_size': 100000, 'full_iterations': 100, 'enc_train_iters': 5, 'dec_train_iters': 25, 'hidden_size': 64, 'lr': 1e-05, 'seed': 1, 'n': 3, 'r': 1, 'm': 4, 'code_length': 81, 'code_dimension': 9, 'enc_train_snr': 0, 'dec_train_snr': -2, 'data_type': 'n3_r1_m4', 'logger_name': 'C_n3_r1_m4_train', 'CUDA_VISIBLE_DEVICES': '1', 'train_save_path_dir': './save/{}/C_{}', 'train_save_path_encoder': './save/{}/C_{}/enc_{}.pth', 'train_save_path_decoder': './save/{}/C_{}/dec_{}.pth', 'retrain': False, 'retrain_day': 'Jan-05-2022', 'retrain_epoch_num': 21}, 'test': {'snr_list': '-10,-9,-8,-7,-6,-5,-4,-3,-2,-1,0', 'Boosting_number_list': '1,2,3', 'day': 'Apr-12-2022', 'epoch_num': 1, 'logger_name': 'C_n3_r1_m4_test', 'test_model_path_encoder': './save/{}/C_{}/enc_{}.pth', 'test_model_path_decoder': './save/{}/C_{}/dec_{}.pth'}}
2022-04-12 19:17:54,645 auto_trainer.py INFO 91: We are on!!!
2022-04-12 19:20:29,367 auto_trainer.py INFO 204: [1/100] At ENC SNR 0.000000 dB DEC SNR -2.000000 dB, Loss: 0.0078427726 BER: 0.0001777778
2022-04-12 19:20:29,367 auto_trainer.py INFO 205: Time for one full iteration is 2.5458 minutes
2022-04-12 19:20:32,618 auto_trainer.py WARNING 229: Graceful Exit
2022-04-12 19:36:33,847 auto_trainer.py INFO 87: train_conf_name : c_n3_r1_m4
2022-04-12 19:36:33,847 auto_trainer.py INFO 88: Device : cuda
2022-04-12 19:36:33,848 auto_trainer.py INFO 89: conf file
2022-04-12 19:36:33,848 auto_trainer.py INFO 90: {'para': {'train_batch_size': 100000, 'train_small_batch_size': 2500, 'test_size': 100000, 'full_iterations': 100, 'enc_train_iters': 5, 'dec_train_iters': 25, 'hidden_size': 64, 'lr': 1e-05, 'seed': 1, 'n': 3, 'r': 1, 'm': 4, 'code_length': 81, 'code_dimension': 9, 'enc_train_snr': 0, 'dec_train_snr': -2, 'data_type': 'n3_r1_m4', 'logger_name': 'C_n3_r1_m4_train', 'CUDA_VISIBLE_DEVICES': '1', 'train_save_path_dir': './save/{}/C_{}', 'train_save_path_encoder': './save/{}/C_{}/enc_{}.pth', 'train_save_path_decoder': './save/{}/C_{}/dec_{}.pth', 'retrain': False, 'retrain_day': 'Jan-05-2022', 'retrain_epoch_num': 21}, 'test': {'snr_list': '-10,-9,-8,-7,-6,-5,-4,-3,-2,-1,0', 'Boosting_number_list': '1,2,3', 'day': 'Apr-12-2022', 'epoch_num': 1, 'logger_name': 'C_n3_r1_m4_test', 'test_model_path_encoder': './save/{}/C_{}/enc_{}.pth', 'test_model_path_decoder': './save/{}/C_{}/dec_{}.pth'}}
2022-04-12 19:36:33,848 auto_trainer.py INFO 91: We are on!!!
2022-04-12 19:38:58,299 auto_trainer.py INFO 204: [1/100] At ENC SNR 0.000000 dB DEC SNR -2.000000 dB, Loss: 0.0078427633 BER: 0.0001777778
2022-04-12 19:38:58,300 auto_trainer.py INFO 205: Time for one full iteration is 2.3724 minutes
2022-04-12 19:39:13,067 auto_trainer.py WARNING 229: Graceful Exit
