2022-04-05 13:53:40,468 auto_trainer.py INFO 87: train_conf_name : c_n2_r1_m6
2022-04-05 13:53:40,468 auto_trainer.py INFO 88: Device : cuda
2022-04-05 13:53:40,468 auto_trainer.py INFO 89: conf file
2022-04-05 13:53:40,468 auto_trainer.py INFO 90: {'para': {'train_batch_size': 100000, 'train_small_batch_size': 25000, 'test_size': 10000, 'full_iterations': 100, 'enc_train_iters': 5, 'dec_train_iters': 25, 'hidden_size': 64, 'lr': 1e-05, 'seed': 1, 'n': 2, 'r': 1, 'm': 6, 'code_length': 64, 'code_dimension': 7, 'enc_train_snr': 0, 'dec_train_snr': -2, 'data_type': 'n2_r1_m6', 'logger_name': 'C_n2_r1_m6_train', 'CUDA_VISIBLE_DEVICES': '1', 'train_save_path_dir': './save/{}/C_{}', 'train_save_path_encoder': './save/{}/C_{}/enc_{}.pth', 'train_save_path_decoder': './save/{}/C_{}/dec_{}.pth', 'retrain': False, 'retrain_day': 'Jan-05-2022', 'retrain_epoch_num': 21}, 'test': {'snr_list': '-10,-9,-8,-7,-6,-5,-4,-3,-2,-1,0', 'Boosting_number_list': '1,2,3', 'day': 'Apr-04-2022', 'epoch_num': 11, 'logger_name': 'C_n2_r1_m6_test', 'test_model_path_encoder': './save/{}/C_{}/enc_{}.pth', 'test_model_path_decoder': './save/{}/C_{}/dec_{}.pth'}}
2022-04-05 13:53:40,469 auto_trainer.py INFO 91: We are on!!!
2022-04-05 13:54:38,322 auto_trainer.py INFO 203: [1/100] At ENC SNR 0.000000 dB DEC SNR -2.000000 dB, Loss: 0.3133989871 BER: 0.0000400000
2022-04-05 13:54:38,323 auto_trainer.py INFO 204: Time for one full iteration is 0.7947 minutes
2022-04-05 13:55:25,992 auto_trainer.py INFO 203: [2/100] At ENC SNR 0.000000 dB DEC SNR -2.000000 dB, Loss: 0.3134176135 BER: 0.0000742857
2022-04-05 13:55:25,993 auto_trainer.py INFO 204: Time for one full iteration is 0.7905 minutes
2022-04-05 13:56:13,821 auto_trainer.py INFO 203: [3/100] At ENC SNR 0.000000 dB DEC SNR -2.000000 dB, Loss: 0.3134074211 BER: 0.0000571429
2022-04-05 13:56:13,821 auto_trainer.py INFO 204: Time for one full iteration is 0.7971 minutes
2022-04-05 13:57:02,029 auto_trainer.py INFO 203: [4/100] At ENC SNR 0.000000 dB DEC SNR -2.000000 dB, Loss: 0.3134526312 BER: 0.0001085714
2022-04-05 13:57:02,030 auto_trainer.py INFO 204: Time for one full iteration is 0.8035 minutes
2022-04-05 13:57:50,162 auto_trainer.py INFO 203: [5/100] At ENC SNR 0.000000 dB DEC SNR -2.000000 dB, Loss: 0.3133791983 BER: 0.0000171429
2022-04-05 13:57:50,163 auto_trainer.py INFO 204: Time for one full iteration is 0.8022 minutes
2022-04-05 13:58:38,249 auto_trainer.py INFO 203: [6/100] At ENC SNR 0.000000 dB DEC SNR -2.000000 dB, Loss: 0.3133916557 BER: 0.0000285714
2022-04-05 13:58:38,249 auto_trainer.py INFO 204: Time for one full iteration is 0.8014 minutes
2022-04-05 13:59:26,631 auto_trainer.py INFO 203: [7/100] At ENC SNR 0.000000 dB DEC SNR -2.000000 dB, Loss: 0.3134521842 BER: 0.0000800000
2022-04-05 13:59:26,631 auto_trainer.py INFO 204: Time for one full iteration is 0.8064 minutes
2022-04-05 14:00:15,012 auto_trainer.py INFO 203: [8/100] At ENC SNR 0.000000 dB DEC SNR -2.000000 dB, Loss: 0.3133897185 BER: 0.0000285714
2022-04-05 14:00:15,013 auto_trainer.py INFO 204: Time for one full iteration is 0.8064 minutes
2022-04-05 14:01:03,369 auto_trainer.py INFO 203: [9/100] At ENC SNR 0.000000 dB DEC SNR -2.000000 dB, Loss: 0.3134368658 BER: 0.0000685714
2022-04-05 14:01:03,370 auto_trainer.py INFO 204: Time for one full iteration is 0.8059 minutes
2022-04-05 14:01:51,590 auto_trainer.py INFO 203: [10/100] At ENC SNR 0.000000 dB DEC SNR -2.000000 dB, Loss: 0.3134198189 BER: 0.0000742857
2022-04-05 14:01:51,590 auto_trainer.py INFO 204: Time for one full iteration is 0.8037 minutes
2022-04-05 14:02:39,778 auto_trainer.py INFO 203: [11/100] At ENC SNR 0.000000 dB DEC SNR -2.000000 dB, Loss: 0.3134171069 BER: 0.0000514286
2022-04-05 14:02:39,779 auto_trainer.py INFO 204: Time for one full iteration is 0.8031 minutes
2022-04-05 14:03:28,254 auto_trainer.py INFO 203: [12/100] At ENC SNR 0.000000 dB DEC SNR -2.000000 dB, Loss: 0.3134178519 BER: 0.0000685714
2022-04-05 14:03:28,255 auto_trainer.py INFO 204: Time for one full iteration is 0.8048 minutes
2022-04-05 14:04:16,547 auto_trainer.py INFO 203: [13/100] At ENC SNR 0.000000 dB DEC SNR -2.000000 dB, Loss: 0.3134140372 BER: 0.0000571429
2022-04-05 14:04:16,547 auto_trainer.py INFO 204: Time for one full iteration is 0.8049 minutes
2022-04-05 14:05:04,862 auto_trainer.py INFO 203: [14/100] At ENC SNR 0.000000 dB DEC SNR -2.000000 dB, Loss: 0.3133816719 BER: 0.0000285714
2022-04-05 14:05:04,862 auto_trainer.py INFO 204: Time for one full iteration is 0.8052 minutes
2022-04-05 14:05:53,133 auto_trainer.py INFO 203: [15/100] At ENC SNR 0.000000 dB DEC SNR -2.000000 dB, Loss: 0.3134914339 BER: 0.0001485714
2022-04-05 14:05:53,134 auto_trainer.py INFO 204: Time for one full iteration is 0.8045 minutes
2022-04-05 14:06:41,473 auto_trainer.py INFO 203: [16/100] At ENC SNR 0.000000 dB DEC SNR -2.000000 dB, Loss: 0.3134932518 BER: 0.0001428571
2022-04-05 14:06:41,474 auto_trainer.py INFO 204: Time for one full iteration is 0.8057 minutes
2022-04-05 14:07:29,720 auto_trainer.py INFO 203: [17/100] At ENC SNR 0.000000 dB DEC SNR -2.000000 dB, Loss: 0.3134045601 BER: 0.0000400000
2022-04-05 14:07:29,721 auto_trainer.py INFO 204: Time for one full iteration is 0.8041 minutes
2022-04-05 14:08:18,098 auto_trainer.py INFO 203: [18/100] At ENC SNR 0.000000 dB DEC SNR -2.000000 dB, Loss: 0.3134184480 BER: 0.0000628571
2022-04-05 14:08:18,099 auto_trainer.py INFO 204: Time for one full iteration is 0.8063 minutes
2022-04-05 14:09:06,530 auto_trainer.py INFO 203: [19/100] At ENC SNR 0.000000 dB DEC SNR -2.000000 dB, Loss: 0.3134325743 BER: 0.0000742857
2022-04-05 14:09:06,531 auto_trainer.py INFO 204: Time for one full iteration is 0.8072 minutes
2022-04-05 14:09:54,982 auto_trainer.py INFO 203: [20/100] At ENC SNR 0.000000 dB DEC SNR -2.000000 dB, Loss: 0.3133905232 BER: 0.0000400000
2022-04-05 14:09:54,983 auto_trainer.py INFO 204: Time for one full iteration is 0.8075 minutes
2022-04-05 14:10:43,290 auto_trainer.py INFO 203: [21/100] At ENC SNR 0.000000 dB DEC SNR -2.000000 dB, Loss: 0.3134154677 BER: 0.0000742857
2022-04-05 14:10:43,290 auto_trainer.py INFO 204: Time for one full iteration is 0.8051 minutes
2022-04-05 14:11:31,968 auto_trainer.py INFO 203: [22/100] At ENC SNR 0.000000 dB DEC SNR -2.000000 dB, Loss: 0.3134066164 BER: 0.0000457143
2022-04-05 14:11:31,969 auto_trainer.py INFO 204: Time for one full iteration is 0.8079 minutes
2022-04-05 14:12:20,141 auto_trainer.py INFO 203: [23/100] At ENC SNR 0.000000 dB DEC SNR -2.000000 dB, Loss: 0.3133682907 BER: 0.0000057143
2022-04-05 14:12:20,141 auto_trainer.py INFO 204: Time for one full iteration is 0.8029 minutes
2022-04-05 14:13:08,372 auto_trainer.py INFO 203: [24/100] At ENC SNR 0.000000 dB DEC SNR -2.000000 dB, Loss: 0.3133674860 BER: 0.0000057143
2022-04-05 14:13:08,373 auto_trainer.py INFO 204: Time for one full iteration is 0.8039 minutes
2022-04-05 14:13:56,798 auto_trainer.py INFO 203: [25/100] At ENC SNR 0.000000 dB DEC SNR -2.000000 dB, Loss: 0.3133893013 BER: 0.0000285714
2022-04-05 14:13:56,799 auto_trainer.py INFO 204: Time for one full iteration is 0.8071 minutes
2022-04-05 14:14:44,982 auto_trainer.py INFO 203: [26/100] At ENC SNR 0.000000 dB DEC SNR -2.000000 dB, Loss: 0.3134186566 BER: 0.0000742857
2022-04-05 14:14:44,982 auto_trainer.py INFO 204: Time for one full iteration is 0.8031 minutes
2022-04-05 14:15:33,157 auto_trainer.py INFO 203: [27/100] At ENC SNR 0.000000 dB DEC SNR -2.000000 dB, Loss: 0.3134358525 BER: 0.0000800000
2022-04-05 14:15:33,158 auto_trainer.py INFO 204: Time for one full iteration is 0.8029 minutes
2022-04-05 14:16:21,365 auto_trainer.py INFO 203: [28/100] At ENC SNR 0.000000 dB DEC SNR -2.000000 dB, Loss: 0.3134274185 BER: 0.0000742857
2022-04-05 14:16:21,365 auto_trainer.py INFO 204: Time for one full iteration is 0.8035 minutes
2022-04-05 14:17:09,517 auto_trainer.py INFO 203: [29/100] At ENC SNR 0.000000 dB DEC SNR -2.000000 dB, Loss: 0.3134696186 BER: 0.0001257143
2022-04-05 14:17:09,518 auto_trainer.py INFO 204: Time for one full iteration is 0.8025 minutes
2022-04-05 14:17:57,739 auto_trainer.py INFO 203: [30/100] At ENC SNR 0.000000 dB DEC SNR -2.000000 dB, Loss: 0.3134022355 BER: 0.0000514286
2022-04-05 14:17:57,740 auto_trainer.py INFO 204: Time for one full iteration is 0.8037 minutes
2022-04-05 14:18:48,125 auto_trainer.py INFO 203: [31/100] At ENC SNR 0.000000 dB DEC SNR -2.000000 dB, Loss: 0.3133753836 BER: 0.0000114286
2022-04-05 14:18:48,125 auto_trainer.py INFO 204: Time for one full iteration is 0.8398 minutes
2022-04-05 14:19:37,782 auto_trainer.py INFO 203: [32/100] At ENC SNR 0.000000 dB DEC SNR -2.000000 dB, Loss: 0.3134414256 BER: 0.0000971429
2022-04-05 14:19:37,783 auto_trainer.py INFO 204: Time for one full iteration is 0.8243 minutes
2022-04-05 14:20:25,927 auto_trainer.py INFO 203: [33/100] At ENC SNR 0.000000 dB DEC SNR -2.000000 dB, Loss: 0.3134527206 BER: 0.0001142857
2022-04-05 14:20:25,927 auto_trainer.py INFO 204: Time for one full iteration is 0.8024 minutes
2022-04-05 14:21:15,049 auto_trainer.py INFO 203: [34/100] At ENC SNR 0.000000 dB DEC SNR -2.000000 dB, Loss: 0.3133791685 BER: 0.0000228571
2022-04-05 14:21:15,050 auto_trainer.py INFO 204: Time for one full iteration is 0.8187 minutes
2022-04-05 14:22:07,453 auto_trainer.py INFO 203: [35/100] At ENC SNR 0.000000 dB DEC SNR -2.000000 dB, Loss: 0.3134711087 BER: 0.0001257143
2022-04-05 14:22:07,453 auto_trainer.py INFO 204: Time for one full iteration is 0.8734 minutes
2022-04-05 14:22:55,752 auto_trainer.py INFO 203: [36/100] At ENC SNR 0.000000 dB DEC SNR -2.000000 dB, Loss: 0.3133683503 BER: 0.0000114286
2022-04-05 14:22:55,753 auto_trainer.py INFO 204: Time for one full iteration is 0.8050 minutes
2022-04-05 14:23:46,598 auto_trainer.py INFO 203: [37/100] At ENC SNR 0.000000 dB DEC SNR -2.000000 dB, Loss: 0.3134419620 BER: 0.0001028571
2022-04-05 14:23:46,599 auto_trainer.py INFO 204: Time for one full iteration is 0.8474 minutes
2022-04-05 14:24:34,793 auto_trainer.py INFO 203: [38/100] At ENC SNR 0.000000 dB DEC SNR -2.000000 dB, Loss: 0.3133831620 BER: 0.0000285714
2022-04-05 14:24:34,793 auto_trainer.py INFO 204: Time for one full iteration is 0.8032 minutes
2022-04-05 14:25:23,135 auto_trainer.py INFO 203: [39/100] At ENC SNR 0.000000 dB DEC SNR -2.000000 dB, Loss: 0.3134708405 BER: 0.0001142857
2022-04-05 14:25:23,136 auto_trainer.py INFO 204: Time for one full iteration is 0.8057 minutes
2022-04-05 14:26:11,570 auto_trainer.py INFO 203: [40/100] At ENC SNR 0.000000 dB DEC SNR -2.000000 dB, Loss: 0.3134380877 BER: 0.0000971429
2022-04-05 14:26:11,571 auto_trainer.py INFO 204: Time for one full iteration is 0.8072 minutes
2022-04-05 14:26:59,815 auto_trainer.py INFO 203: [41/100] At ENC SNR 0.000000 dB DEC SNR -2.000000 dB, Loss: 0.3134091496 BER: 0.0000342857
2022-04-05 14:26:59,816 auto_trainer.py INFO 204: Time for one full iteration is 0.8041 minutes
2022-04-05 14:27:48,221 auto_trainer.py INFO 203: [42/100] At ENC SNR 0.000000 dB DEC SNR -2.000000 dB, Loss: 0.3133806288 BER: 0.0000171429
2022-04-05 14:27:48,222 auto_trainer.py INFO 204: Time for one full iteration is 0.8032 minutes
2022-04-05 14:28:36,556 auto_trainer.py INFO 203: [43/100] At ENC SNR 0.000000 dB DEC SNR -2.000000 dB, Loss: 0.3134553432 BER: 0.0001142857
2022-04-05 14:28:36,557 auto_trainer.py INFO 204: Time for one full iteration is 0.8056 minutes
2022-04-05 14:29:24,891 auto_trainer.py INFO 203: [44/100] At ENC SNR 0.000000 dB DEC SNR -2.000000 dB, Loss: 0.3133861423 BER: 0.0000171429
2022-04-05 14:29:24,891 auto_trainer.py INFO 204: Time for one full iteration is 0.8056 minutes
2022-04-05 14:30:13,074 auto_trainer.py INFO 203: [45/100] At ENC SNR 0.000000 dB DEC SNR -2.000000 dB, Loss: 0.3134309649 BER: 0.0000800000
2022-04-05 14:30:13,075 auto_trainer.py INFO 204: Time for one full iteration is 0.8031 minutes
2022-04-05 14:31:01,420 auto_trainer.py INFO 203: [46/100] At ENC SNR 0.000000 dB DEC SNR -2.000000 dB, Loss: 0.3133806288 BER: 0.0000228571
2022-04-05 14:31:01,420 auto_trainer.py INFO 204: Time for one full iteration is 0.8058 minutes
2022-04-05 14:31:49,645 auto_trainer.py INFO 203: [47/100] At ENC SNR 0.000000 dB DEC SNR -2.000000 dB, Loss: 0.3134255409 BER: 0.0000685714
2022-04-05 14:31:49,646 auto_trainer.py INFO 204: Time for one full iteration is 0.8038 minutes
2022-04-05 14:32:37,984 auto_trainer.py INFO 203: [48/100] At ENC SNR 0.000000 dB DEC SNR -2.000000 dB, Loss: 0.3134744465 BER: 0.0001371429
2022-04-05 14:32:37,985 auto_trainer.py INFO 204: Time for one full iteration is 0.8056 minutes
2022-04-05 14:33:26,289 auto_trainer.py INFO 203: [49/100] At ENC SNR 0.000000 dB DEC SNR -2.000000 dB, Loss: 0.3134320378 BER: 0.0000857143
2022-04-05 14:33:26,290 auto_trainer.py INFO 204: Time for one full iteration is 0.8051 minutes
2022-04-05 14:34:14,564 auto_trainer.py INFO 203: [50/100] At ENC SNR 0.000000 dB DEC SNR -2.000000 dB, Loss: 0.3134135604 BER: 0.0000571429
2022-04-05 14:34:14,565 auto_trainer.py INFO 204: Time for one full iteration is 0.8046 minutes
2022-04-05 14:35:02,865 auto_trainer.py INFO 203: [51/100] At ENC SNR 0.000000 dB DEC SNR -2.000000 dB, Loss: 0.3133977652 BER: 0.0000342857
2022-04-05 14:35:02,865 auto_trainer.py INFO 204: Time for one full iteration is 0.8050 minutes
2022-04-05 14:35:51,303 auto_trainer.py INFO 203: [52/100] At ENC SNR 0.000000 dB DEC SNR -2.000000 dB, Loss: 0.3133846819 BER: 0.0000342857
2022-04-05 14:35:51,304 auto_trainer.py INFO 204: Time for one full iteration is 0.8036 minutes
2022-04-05 14:36:39,693 auto_trainer.py INFO 203: [53/100] At ENC SNR 0.000000 dB DEC SNR -2.000000 dB, Loss: 0.3134122789 BER: 0.0000457143
2022-04-05 14:36:39,694 auto_trainer.py INFO 204: Time for one full iteration is 0.8065 minutes
2022-04-05 14:37:28,022 auto_trainer.py INFO 203: [54/100] At ENC SNR 0.000000 dB DEC SNR -2.000000 dB, Loss: 0.3134163618 BER: 0.0000571429
2022-04-05 14:37:28,023 auto_trainer.py INFO 204: Time for one full iteration is 0.8055 minutes
2022-04-05 14:38:16,280 auto_trainer.py INFO 203: [55/100] At ENC SNR 0.000000 dB DEC SNR -2.000000 dB, Loss: 0.3134323061 BER: 0.0000914286
2022-04-05 14:38:16,280 auto_trainer.py INFO 204: Time for one full iteration is 0.8043 minutes
2022-04-05 14:39:04,588 auto_trainer.py INFO 203: [56/100] At ENC SNR 0.000000 dB DEC SNR -2.000000 dB, Loss: 0.3134125769 BER: 0.0000800000
2022-04-05 14:39:04,589 auto_trainer.py INFO 204: Time for one full iteration is 0.8051 minutes
2022-04-05 14:39:52,760 auto_trainer.py INFO 203: [57/100] At ENC SNR 0.000000 dB DEC SNR -2.000000 dB, Loss: 0.3133902550 BER: 0.0000400000
2022-04-05 14:39:52,761 auto_trainer.py INFO 204: Time for one full iteration is 0.8029 minutes
2022-04-05 14:40:41,212 auto_trainer.py INFO 203: [58/100] At ENC SNR 0.000000 dB DEC SNR -2.000000 dB, Loss: 0.3134426773 BER: 0.0000857143
2022-04-05 14:40:41,212 auto_trainer.py INFO 204: Time for one full iteration is 0.8075 minutes
2022-04-05 14:41:29,398 auto_trainer.py INFO 203: [59/100] At ENC SNR 0.000000 dB DEC SNR -2.000000 dB, Loss: 0.3134088218 BER: 0.0000571429
2022-04-05 14:41:29,399 auto_trainer.py INFO 204: Time for one full iteration is 0.8031 minutes
2022-04-05 14:42:17,700 auto_trainer.py INFO 203: [60/100] At ENC SNR 0.000000 dB DEC SNR -2.000000 dB, Loss: 0.3134178817 BER: 0.0000685714
2022-04-05 14:42:17,700 auto_trainer.py INFO 204: Time for one full iteration is 0.8050 minutes
2022-04-05 14:43:05,997 auto_trainer.py INFO 203: [61/100] At ENC SNR 0.000000 dB DEC SNR -2.000000 dB, Loss: 0.3133864999 BER: 0.0000400000
2022-04-05 14:43:05,997 auto_trainer.py INFO 204: Time for one full iteration is 0.8049 minutes
2022-04-05 14:43:54,506 auto_trainer.py INFO 203: [62/100] At ENC SNR 0.000000 dB DEC SNR -2.000000 dB, Loss: 0.3133743703 BER: 0.0000057143
2022-04-05 14:43:54,507 auto_trainer.py INFO 204: Time for one full iteration is 0.8050 minutes
2022-04-05 14:44:43,029 auto_trainer.py INFO 203: [63/100] At ENC SNR 0.000000 dB DEC SNR -2.000000 dB, Loss: 0.3134394586 BER: 0.0000914286
2022-04-05 14:44:43,029 auto_trainer.py INFO 204: Time for one full iteration is 0.8087 minutes
2022-04-05 14:45:31,386 auto_trainer.py INFO 203: [64/100] At ENC SNR 0.000000 dB DEC SNR -2.000000 dB, Loss: 0.3134404719 BER: 0.0000971429
2022-04-05 14:45:31,387 auto_trainer.py INFO 204: Time for one full iteration is 0.8060 minutes
2022-04-05 14:46:19,724 auto_trainer.py INFO 203: [65/100] At ENC SNR 0.000000 dB DEC SNR -2.000000 dB, Loss: 0.3133721054 BER: 0.0000285714
2022-04-05 14:46:19,725 auto_trainer.py INFO 204: Time for one full iteration is 0.8056 minutes
2022-04-05 14:47:08,249 auto_trainer.py INFO 203: [66/100] At ENC SNR 0.000000 dB DEC SNR -2.000000 dB, Loss: 0.3134160042 BER: 0.0000571429
2022-04-05 14:47:08,249 auto_trainer.py INFO 204: Time for one full iteration is 0.8087 minutes
2022-04-05 14:47:56,598 auto_trainer.py INFO 203: [67/100] At ENC SNR 0.000000 dB DEC SNR -2.000000 dB, Loss: 0.3134149015 BER: 0.0000628571
2022-04-05 14:47:56,598 auto_trainer.py INFO 204: Time for one full iteration is 0.8058 minutes
2022-04-05 14:48:44,919 auto_trainer.py INFO 203: [68/100] At ENC SNR 0.000000 dB DEC SNR -2.000000 dB, Loss: 0.3134355247 BER: 0.0000742857
2022-04-05 14:48:44,919 auto_trainer.py INFO 204: Time for one full iteration is 0.8053 minutes
2022-04-05 14:49:33,389 auto_trainer.py INFO 203: [69/100] At ENC SNR 0.000000 dB DEC SNR -2.000000 dB, Loss: 0.3134152293 BER: 0.0000800000
2022-04-05 14:49:33,389 auto_trainer.py INFO 204: Time for one full iteration is 0.8078 minutes
2022-04-05 14:50:21,641 auto_trainer.py INFO 203: [70/100] At ENC SNR 0.000000 dB DEC SNR -2.000000 dB, Loss: 0.3134009242 BER: 0.0000400000
2022-04-05 14:50:21,642 auto_trainer.py INFO 204: Time for one full iteration is 0.8042 minutes
2022-04-05 14:51:09,946 auto_trainer.py INFO 203: [71/100] At ENC SNR 0.000000 dB DEC SNR -2.000000 dB, Loss: 0.3133646250 BER: 0.0000000000
2022-04-05 14:51:09,947 auto_trainer.py INFO 204: Time for one full iteration is 0.8051 minutes
2022-04-05 14:51:58,578 auto_trainer.py INFO 203: [72/100] At ENC SNR 0.000000 dB DEC SNR -2.000000 dB, Loss: 0.3134315014 BER: 0.0000742857
2022-04-05 14:51:58,579 auto_trainer.py INFO 204: Time for one full iteration is 0.8069 minutes
2022-04-05 14:52:46,833 auto_trainer.py INFO 203: [73/100] At ENC SNR 0.000000 dB DEC SNR -2.000000 dB, Loss: 0.3134091794 BER: 0.0000628571
2022-04-05 14:52:46,834 auto_trainer.py INFO 204: Time for one full iteration is 0.8043 minutes
2022-04-05 14:53:35,067 auto_trainer.py INFO 203: [74/100] At ENC SNR 0.000000 dB DEC SNR -2.000000 dB, Loss: 0.3134264350 BER: 0.0000971429
2022-04-05 14:53:35,068 auto_trainer.py INFO 204: Time for one full iteration is 0.8039 minutes
2022-04-05 14:54:23,421 auto_trainer.py INFO 203: [75/100] At ENC SNR 0.000000 dB DEC SNR -2.000000 dB, Loss: 0.3134654462 BER: 0.0001257143
2022-04-05 14:54:23,422 auto_trainer.py INFO 204: Time for one full iteration is 0.8059 minutes
2022-04-05 14:55:11,774 auto_trainer.py INFO 203: [76/100] At ENC SNR 0.000000 dB DEC SNR -2.000000 dB, Loss: 0.3134319484 BER: 0.0000742857
2022-04-05 14:55:11,774 auto_trainer.py INFO 204: Time for one full iteration is 0.8059 minutes
2022-04-05 14:56:00,159 auto_trainer.py INFO 203: [77/100] At ENC SNR 0.000000 dB DEC SNR -2.000000 dB, Loss: 0.3134063780 BER: 0.0000514286
2022-04-05 14:56:00,160 auto_trainer.py INFO 204: Time for one full iteration is 0.8064 minutes
2022-04-05 14:56:48,529 auto_trainer.py INFO 203: [78/100] At ENC SNR 0.000000 dB DEC SNR -2.000000 dB, Loss: 0.3134143353 BER: 0.0000628571
2022-04-05 14:56:48,530 auto_trainer.py INFO 204: Time for one full iteration is 0.8062 minutes
2022-04-05 14:57:36,792 auto_trainer.py INFO 203: [79/100] At ENC SNR 0.000000 dB DEC SNR -2.000000 dB, Loss: 0.3134142756 BER: 0.0000457143
2022-04-05 14:57:36,793 auto_trainer.py INFO 204: Time for one full iteration is 0.8044 minutes
2022-04-05 14:58:25,113 auto_trainer.py INFO 203: [80/100] At ENC SNR 0.000000 dB DEC SNR -2.000000 dB, Loss: 0.3133867979 BER: 0.0000228571
2022-04-05 14:58:25,114 auto_trainer.py INFO 204: Time for one full iteration is 0.8053 minutes
2022-04-05 14:59:13,492 auto_trainer.py INFO 203: [81/100] At ENC SNR 0.000000 dB DEC SNR -2.000000 dB, Loss: 0.3134342432 BER: 0.0000800000
2022-04-05 14:59:13,492 auto_trainer.py INFO 204: Time for one full iteration is 0.8063 minutes
2022-04-05 15:00:02,134 auto_trainer.py INFO 203: [82/100] At ENC SNR 0.000000 dB DEC SNR -2.000000 dB, Loss: 0.3133963048 BER: 0.0000514286
2022-04-05 15:00:02,135 auto_trainer.py INFO 204: Time for one full iteration is 0.8071 minutes
2022-04-05 15:00:50,654 auto_trainer.py INFO 203: [83/100] At ENC SNR 0.000000 dB DEC SNR -2.000000 dB, Loss: 0.3133921623 BER: 0.0000400000
2022-04-05 15:00:50,655 auto_trainer.py INFO 204: Time for one full iteration is 0.8087 minutes
2022-04-05 15:01:38,955 auto_trainer.py INFO 203: [84/100] At ENC SNR 0.000000 dB DEC SNR -2.000000 dB, Loss: 0.3134003878 BER: 0.0000514286
2022-04-05 15:01:38,956 auto_trainer.py INFO 204: Time for one full iteration is 0.8050 minutes
2022-04-05 15:02:27,639 auto_trainer.py INFO 203: [85/100] At ENC SNR 0.000000 dB DEC SNR -2.000000 dB, Loss: 0.3134171367 BER: 0.0000514286
2022-04-05 15:02:27,640 auto_trainer.py INFO 204: Time for one full iteration is 0.8114 minutes
2022-04-05 15:03:16,072 auto_trainer.py INFO 203: [86/100] At ENC SNR 0.000000 dB DEC SNR -2.000000 dB, Loss: 0.3133951128 BER: 0.0000342857
2022-04-05 15:03:16,072 auto_trainer.py INFO 204: Time for one full iteration is 0.8072 minutes
2022-04-05 15:04:04,327 auto_trainer.py INFO 203: [87/100] At ENC SNR 0.000000 dB DEC SNR -2.000000 dB, Loss: 0.3134656250 BER: 0.0001142857
2022-04-05 15:04:04,328 auto_trainer.py INFO 204: Time for one full iteration is 0.8043 minutes
2022-04-05 15:04:52,737 auto_trainer.py INFO 203: [88/100] At ENC SNR 0.000000 dB DEC SNR -2.000000 dB, Loss: 0.3134428561 BER: 0.0000914286
2022-04-05 15:04:52,738 auto_trainer.py INFO 204: Time for one full iteration is 0.8068 minutes
2022-04-05 15:05:41,185 auto_trainer.py INFO 203: [89/100] At ENC SNR 0.000000 dB DEC SNR -2.000000 dB, Loss: 0.3133863807 BER: 0.0000342857
2022-04-05 15:05:41,185 auto_trainer.py INFO 204: Time for one full iteration is 0.8075 minutes
2022-04-05 15:06:29,629 auto_trainer.py INFO 203: [90/100] At ENC SNR 0.000000 dB DEC SNR -2.000000 dB, Loss: 0.3133879602 BER: 0.0000114286
2022-04-05 15:06:29,629 auto_trainer.py INFO 204: Time for one full iteration is 0.8074 minutes
2022-04-05 15:07:18,085 auto_trainer.py INFO 203: [91/100] At ENC SNR 0.000000 dB DEC SNR -2.000000 dB, Loss: 0.3134254813 BER: 0.0000742857
2022-04-05 15:07:18,086 auto_trainer.py INFO 204: Time for one full iteration is 0.8076 minutes
2022-04-05 15:08:06,882 auto_trainer.py INFO 203: [92/100] At ENC SNR 0.000000 dB DEC SNR -2.000000 dB, Loss: 0.3134417534 BER: 0.0000914286
2022-04-05 15:08:06,883 auto_trainer.py INFO 204: Time for one full iteration is 0.8099 minutes
2022-04-05 15:08:55,474 auto_trainer.py INFO 203: [93/100] At ENC SNR 0.000000 dB DEC SNR -2.000000 dB, Loss: 0.3134281337 BER: 0.0000628571
2022-04-05 15:08:55,475 auto_trainer.py INFO 204: Time for one full iteration is 0.8099 minutes
2022-04-05 15:09:43,765 auto_trainer.py INFO 203: [94/100] At ENC SNR 0.000000 dB DEC SNR -2.000000 dB, Loss: 0.3133840263 BER: 0.0000228571
2022-04-05 15:09:43,766 auto_trainer.py INFO 204: Time for one full iteration is 0.8049 minutes
2022-04-05 15:10:32,182 auto_trainer.py INFO 203: [95/100] At ENC SNR 0.000000 dB DEC SNR -2.000000 dB, Loss: 0.3134195507 BER: 0.0000571429
2022-04-05 15:10:32,182 auto_trainer.py INFO 204: Time for one full iteration is 0.8069 minutes
2022-04-05 15:11:20,570 auto_trainer.py INFO 203: [96/100] At ENC SNR 0.000000 dB DEC SNR -2.000000 dB, Loss: 0.3133972585 BER: 0.0000342857
2022-04-05 15:11:20,570 auto_trainer.py INFO 204: Time for one full iteration is 0.8065 minutes
2022-04-05 15:12:09,002 auto_trainer.py INFO 203: [97/100] At ENC SNR 0.000000 dB DEC SNR -2.000000 dB, Loss: 0.3134659827 BER: 0.0001200000
2022-04-05 15:12:09,003 auto_trainer.py INFO 204: Time for one full iteration is 0.8072 minutes
2022-04-05 15:12:57,554 auto_trainer.py INFO 203: [98/100] At ENC SNR 0.000000 dB DEC SNR -2.000000 dB, Loss: 0.3134071529 BER: 0.0000742857
2022-04-05 15:12:57,555 auto_trainer.py INFO 204: Time for one full iteration is 0.8092 minutes
2022-04-05 15:13:45,888 auto_trainer.py INFO 203: [99/100] At ENC SNR 0.000000 dB DEC SNR -2.000000 dB, Loss: 0.3133671284 BER: 0.0000057143
2022-04-05 15:13:45,888 auto_trainer.py INFO 204: Time for one full iteration is 0.8056 minutes
2022-04-05 15:14:34,393 auto_trainer.py INFO 203: [100/100] At ENC SNR 0.000000 dB DEC SNR -2.000000 dB, Loss: 0.3133753836 BER: 0.0000285714
2022-04-05 15:14:34,394 auto_trainer.py INFO 204: Time for one full iteration is 0.8084 minutes
2022-04-05 15:14:34,394 auto_trainer.py WARNING 231: Finished
2022-04-05 15:37:03,850 auto_trainer.py INFO 87: train_conf_name : c_n2_r1_m6
2022-04-05 15:37:03,851 auto_trainer.py INFO 88: Device : cuda
2022-04-05 15:37:03,851 auto_trainer.py INFO 89: conf file
2022-04-05 15:37:03,851 auto_trainer.py INFO 90: {'para': {'train_batch_size': 100000, 'train_small_batch_size': 25000, 'test_size': 10000, 'full_iterations': 100, 'enc_train_iters': 5, 'dec_train_iters': 25, 'hidden_size': 64, 'lr': 1e-05, 'seed': 1, 'n': 2, 'r': 1, 'm': 6, 'code_length': 64, 'code_dimension': 7, 'enc_train_snr': 0, 'dec_train_snr': -2, 'data_type': 'n2_r1_m6', 'logger_name': 'C_n2_r1_m6_train', 'CUDA_VISIBLE_DEVICES': '1', 'train_save_path_dir': './save/{}/C_{}', 'train_save_path_encoder': './save/{}/C_{}/enc_{}.pth', 'train_save_path_decoder': './save/{}/C_{}/dec_{}.pth', 'retrain': False, 'retrain_day': 'Jan-05-2022', 'retrain_epoch_num': 21}, 'test': {'snr_list': '-5,-4,-3,-2,-1,0,1', 'Boosting_number_list': '1,2,3', 'day': 'Apr-05-2022', 'epoch_num': 100, 'logger_name': 'C_n2_r1_m6_test', 'test_model_path_encoder': './save/{}/C_{}/enc_{}.pth', 'test_model_path_decoder': './save/{}/C_{}/dec_{}.pth'}}
2022-04-05 15:37:03,851 auto_trainer.py INFO 91: We are on!!!
2022-04-05 15:37:36,786 auto_trainer.py INFO 203: [1/100] At ENC SNR 0.000000 dB DEC SNR -2.000000 dB, Loss: 0.3134814203 BER: 0.0001428571
2022-04-05 15:37:36,786 auto_trainer.py INFO 204: Time for one full iteration is 0.5022 minutes
2022-04-05 15:38:06,388 auto_trainer.py INFO 203: [2/100] At ENC SNR 0.000000 dB DEC SNR -2.000000 dB, Loss: 0.3133971393 BER: 0.0000457143
2022-04-05 15:38:06,389 auto_trainer.py INFO 204: Time for one full iteration is 0.4899 minutes
2022-04-05 15:38:36,221 auto_trainer.py INFO 203: [3/100] At ENC SNR 0.000000 dB DEC SNR -2.000000 dB, Loss: 0.3134327233 BER: 0.0000742857
2022-04-05 15:38:36,221 auto_trainer.py INFO 204: Time for one full iteration is 0.4972 minutes
2022-04-05 15:39:05,945 auto_trainer.py INFO 203: [4/100] At ENC SNR 0.000000 dB DEC SNR -2.000000 dB, Loss: 0.3133982420 BER: 0.0000400000
2022-04-05 15:39:05,945 auto_trainer.py INFO 204: Time for one full iteration is 0.4954 minutes
2022-04-05 15:39:35,801 auto_trainer.py INFO 203: [5/100] At ENC SNR 0.000000 dB DEC SNR -2.000000 dB, Loss: 0.3134649396 BER: 0.0001257143
2022-04-05 15:39:35,802 auto_trainer.py INFO 204: Time for one full iteration is 0.4976 minutes
2022-04-05 15:40:05,775 auto_trainer.py INFO 203: [6/100] At ENC SNR 0.000000 dB DEC SNR -2.000000 dB, Loss: 0.3134523928 BER: 0.0000971429
2022-04-05 15:40:05,776 auto_trainer.py INFO 204: Time for one full iteration is 0.4996 minutes
2022-04-05 15:40:35,644 auto_trainer.py INFO 203: [7/100] At ENC SNR 0.000000 dB DEC SNR -2.000000 dB, Loss: 0.3134026825 BER: 0.0000400000
2022-04-05 15:40:35,644 auto_trainer.py INFO 204: Time for one full iteration is 0.4978 minutes
2022-04-05 15:41:05,052 auto_trainer.py INFO 203: [8/100] At ENC SNR 0.000000 dB DEC SNR -2.000000 dB, Loss: 0.3134108782 BER: 0.0000571429
2022-04-05 15:41:05,053 auto_trainer.py INFO 204: Time for one full iteration is 0.4901 minutes
2022-04-05 15:41:34,591 auto_trainer.py INFO 203: [9/100] At ENC SNR 0.000000 dB DEC SNR -2.000000 dB, Loss: 0.3134090006 BER: 0.0000571429
2022-04-05 15:41:34,591 auto_trainer.py INFO 204: Time for one full iteration is 0.4923 minutes
2022-04-05 15:42:04,495 auto_trainer.py INFO 203: [10/100] At ENC SNR 0.000000 dB DEC SNR -2.000000 dB, Loss: 0.3134573996 BER: 0.0001028571
2022-04-05 15:42:04,495 auto_trainer.py INFO 204: Time for one full iteration is 0.4984 minutes
2022-04-05 15:42:34,481 auto_trainer.py INFO 203: [11/100] At ENC SNR 0.000000 dB DEC SNR -2.000000 dB, Loss: 0.3135463893 BER: 0.0002228571
2022-04-05 15:42:34,481 auto_trainer.py INFO 204: Time for one full iteration is 0.4998 minutes
2022-04-05 15:43:04,131 auto_trainer.py INFO 203: [12/100] At ENC SNR 0.000000 dB DEC SNR -2.000000 dB, Loss: 0.3134226501 BER: 0.0000571429
2022-04-05 15:43:04,132 auto_trainer.py INFO 204: Time for one full iteration is 0.4907 minutes
2022-04-05 15:43:33,772 auto_trainer.py INFO 203: [13/100] At ENC SNR 0.000000 dB DEC SNR -2.000000 dB, Loss: 0.3134389520 BER: 0.0000685714
2022-04-05 15:43:33,772 auto_trainer.py INFO 204: Time for one full iteration is 0.4940 minutes
2022-04-05 15:44:03,924 auto_trainer.py INFO 203: [14/100] At ENC SNR 0.000000 dB DEC SNR -2.000000 dB, Loss: 0.3134279549 BER: 0.0000628571
2022-04-05 15:44:03,924 auto_trainer.py INFO 204: Time for one full iteration is 0.5025 minutes
2022-04-05 15:44:34,151 auto_trainer.py INFO 203: [15/100] At ENC SNR 0.000000 dB DEC SNR -2.000000 dB, Loss: 0.3134089112 BER: 0.0000457143
2022-04-05 15:44:34,152 auto_trainer.py INFO 204: Time for one full iteration is 0.5038 minutes
2022-04-05 15:45:04,339 auto_trainer.py INFO 203: [16/100] At ENC SNR 0.000000 dB DEC SNR -2.000000 dB, Loss: 0.3133847117 BER: 0.0000171429
2022-04-05 15:45:04,339 auto_trainer.py INFO 204: Time for one full iteration is 0.5031 minutes
2022-04-05 15:45:34,642 auto_trainer.py INFO 203: [17/100] At ENC SNR 0.000000 dB DEC SNR -2.000000 dB, Loss: 0.3133774698 BER: 0.0000171429
2022-04-05 15:45:34,642 auto_trainer.py INFO 204: Time for one full iteration is 0.5050 minutes
2022-04-05 15:46:04,906 auto_trainer.py INFO 203: [18/100] At ENC SNR 0.000000 dB DEC SNR -2.000000 dB, Loss: 0.3134374321 BER: 0.0001085714
2022-04-05 15:46:04,906 auto_trainer.py INFO 204: Time for one full iteration is 0.5044 minutes
2022-04-05 15:46:35,230 auto_trainer.py INFO 203: [19/100] At ENC SNR 0.000000 dB DEC SNR -2.000000 dB, Loss: 0.3133998513 BER: 0.0000514286
2022-04-05 15:46:35,231 auto_trainer.py INFO 204: Time for one full iteration is 0.5054 minutes
2022-04-05 15:47:05,460 auto_trainer.py INFO 203: [20/100] At ENC SNR 0.000000 dB DEC SNR -2.000000 dB, Loss: 0.3134569228 BER: 0.0001314286
2022-04-05 15:47:05,460 auto_trainer.py INFO 204: Time for one full iteration is 0.5038 minutes
2022-04-05 15:47:35,517 auto_trainer.py INFO 203: [21/100] At ENC SNR 0.000000 dB DEC SNR -2.000000 dB, Loss: 0.3133555949 BER: 0.0000114286
2022-04-05 15:47:35,517 auto_trainer.py INFO 204: Time for one full iteration is 0.5010 minutes
2022-04-05 15:48:05,732 auto_trainer.py INFO 203: [22/100] At ENC SNR 0.000000 dB DEC SNR -2.000000 dB, Loss: 0.3134486973 BER: 0.0001142857
2022-04-05 15:48:05,733 auto_trainer.py INFO 204: Time for one full iteration is 0.4998 minutes
2022-04-05 15:48:35,677 auto_trainer.py INFO 203: [23/100] At ENC SNR 0.000000 dB DEC SNR -2.000000 dB, Loss: 0.3133831620 BER: 0.0000342857
2022-04-05 15:48:35,678 auto_trainer.py INFO 204: Time for one full iteration is 0.4991 minutes
2022-04-05 15:49:05,634 auto_trainer.py INFO 203: [24/100] At ENC SNR 0.000000 dB DEC SNR -2.000000 dB, Loss: 0.3134006560 BER: 0.0000800000
2022-04-05 15:49:05,635 auto_trainer.py INFO 204: Time for one full iteration is 0.4993 minutes
2022-04-05 15:49:35,659 auto_trainer.py INFO 203: [25/100] At ENC SNR 0.000000 dB DEC SNR -2.000000 dB, Loss: 0.3133863509 BER: 0.0000457143
2022-04-05 15:49:35,660 auto_trainer.py INFO 204: Time for one full iteration is 0.5004 minutes
2022-04-05 15:50:05,792 auto_trainer.py INFO 203: [26/100] At ENC SNR 0.000000 dB DEC SNR -2.000000 dB, Loss: 0.3134037554 BER: 0.0000685714
2022-04-05 15:50:05,793 auto_trainer.py INFO 204: Time for one full iteration is 0.5022 minutes
2022-04-05 15:50:35,607 auto_trainer.py INFO 203: [27/100] At ENC SNR 0.000000 dB DEC SNR -2.000000 dB, Loss: 0.3133575916 BER: 0.0000342857
2022-04-05 15:50:35,608 auto_trainer.py INFO 204: Time for one full iteration is 0.4969 minutes
2022-04-05 15:51:05,093 auto_trainer.py INFO 203: [28/100] At ENC SNR 0.000000 dB DEC SNR -2.000000 dB, Loss: 0.3133667409 BER: 0.0000342857
2022-04-05 15:51:05,094 auto_trainer.py INFO 204: Time for one full iteration is 0.4914 minutes
2022-04-05 15:51:34,521 auto_trainer.py INFO 203: [29/100] At ENC SNR 0.000000 dB DEC SNR -2.000000 dB, Loss: 0.3133968711 BER: 0.0000685714
2022-04-05 15:51:34,521 auto_trainer.py INFO 204: Time for one full iteration is 0.4904 minutes
2022-04-05 15:52:04,130 auto_trainer.py INFO 203: [30/100] At ENC SNR 0.000000 dB DEC SNR -2.000000 dB, Loss: 0.3133675456 BER: 0.0000514286
2022-04-05 15:52:04,131 auto_trainer.py INFO 204: Time for one full iteration is 0.4935 minutes
2022-04-05 15:52:33,686 auto_trainer.py INFO 203: [31/100] At ENC SNR 0.000000 dB DEC SNR -2.000000 dB, Loss: 0.3133419454 BER: 0.0000057143
2022-04-05 15:52:33,686 auto_trainer.py INFO 204: Time for one full iteration is 0.4926 minutes
2022-04-05 15:53:03,440 auto_trainer.py INFO 203: [32/100] At ENC SNR 0.000000 dB DEC SNR -2.000000 dB, Loss: 0.3133303821 BER: 0.0000000000
2022-04-05 15:53:03,441 auto_trainer.py INFO 204: Time for one full iteration is 0.4924 minutes
2022-04-05 15:53:32,943 auto_trainer.py INFO 203: [33/100] At ENC SNR 0.000000 dB DEC SNR -2.000000 dB, Loss: 0.3133668900 BER: 0.0000400000
2022-04-05 15:53:32,943 auto_trainer.py INFO 204: Time for one full iteration is 0.4917 minutes
2022-04-05 15:54:02,449 auto_trainer.py INFO 203: [34/100] At ENC SNR 0.000000 dB DEC SNR -2.000000 dB, Loss: 0.3134358823 BER: 0.0001200000
2022-04-05 15:54:02,450 auto_trainer.py INFO 204: Time for one full iteration is 0.4918 minutes
2022-04-05 15:54:31,860 auto_trainer.py INFO 203: [35/100] At ENC SNR 0.000000 dB DEC SNR -2.000000 dB, Loss: 0.3134226501 BER: 0.0001371429
2022-04-05 15:54:31,860 auto_trainer.py INFO 204: Time for one full iteration is 0.4902 minutes
2022-04-05 15:55:01,589 auto_trainer.py INFO 203: [36/100] At ENC SNR 0.000000 dB DEC SNR -2.000000 dB, Loss: 0.3133416772 BER: 0.0000228571
2022-04-05 15:55:01,589 auto_trainer.py INFO 204: Time for one full iteration is 0.4955 minutes
2022-04-05 15:55:31,517 auto_trainer.py INFO 203: [37/100] At ENC SNR 0.000000 dB DEC SNR -2.000000 dB, Loss: 0.3134413064 BER: 0.0001428571
2022-04-05 15:55:31,517 auto_trainer.py INFO 204: Time for one full iteration is 0.4988 minutes
2022-04-05 15:56:01,084 auto_trainer.py INFO 203: [38/100] At ENC SNR 0.000000 dB DEC SNR -2.000000 dB, Loss: 0.3133795559 BER: 0.0000628571
2022-04-05 15:56:01,085 auto_trainer.py INFO 204: Time for one full iteration is 0.4928 minutes
2022-04-05 15:56:30,486 auto_trainer.py INFO 203: [39/100] At ENC SNR 0.000000 dB DEC SNR -2.000000 dB, Loss: 0.3133944273 BER: 0.0000857143
2022-04-05 15:56:30,486 auto_trainer.py INFO 204: Time for one full iteration is 0.4900 minutes
2022-04-05 15:57:00,472 auto_trainer.py INFO 203: [40/100] At ENC SNR 0.000000 dB DEC SNR -2.000000 dB, Loss: 0.3133616447 BER: 0.0000685714
2022-04-05 15:57:00,473 auto_trainer.py INFO 204: Time for one full iteration is 0.4998 minutes
2022-04-05 15:57:30,087 auto_trainer.py INFO 203: [41/100] At ENC SNR 0.000000 dB DEC SNR -2.000000 dB, Loss: 0.3133480251 BER: 0.0000342857
2022-04-05 15:57:30,088 auto_trainer.py INFO 204: Time for one full iteration is 0.4936 minutes
2022-04-05 15:57:59,997 auto_trainer.py INFO 203: [42/100] At ENC SNR 0.000000 dB DEC SNR -2.000000 dB, Loss: 0.3134200275 BER: 0.0001371429
2022-04-05 15:57:59,998 auto_trainer.py INFO 204: Time for one full iteration is 0.4950 minutes
2022-04-05 15:58:29,662 auto_trainer.py INFO 203: [43/100] At ENC SNR 0.000000 dB DEC SNR -2.000000 dB, Loss: 0.3134195805 BER: 0.0001371429
2022-04-05 15:58:29,662 auto_trainer.py INFO 204: Time for one full iteration is 0.4944 minutes
2022-04-05 15:58:59,231 auto_trainer.py INFO 203: [44/100] At ENC SNR 0.000000 dB DEC SNR -2.000000 dB, Loss: 0.3133631349 BER: 0.0000628571
2022-04-05 15:58:59,232 auto_trainer.py INFO 204: Time for one full iteration is 0.4928 minutes
2022-04-05 15:59:29,554 auto_trainer.py INFO 203: [45/100] At ENC SNR 0.000000 dB DEC SNR -2.000000 dB, Loss: 0.3134076595 BER: 0.0001028571
2022-04-05 15:59:29,554 auto_trainer.py INFO 204: Time for one full iteration is 0.5054 minutes
2022-04-05 15:59:59,404 auto_trainer.py INFO 203: [46/100] At ENC SNR 0.000000 dB DEC SNR -2.000000 dB, Loss: 0.3133440912 BER: 0.0000228571
2022-04-05 15:59:59,405 auto_trainer.py INFO 204: Time for one full iteration is 0.4975 minutes
2022-04-05 16:00:29,363 auto_trainer.py INFO 203: [47/100] At ENC SNR 0.000000 dB DEC SNR -2.000000 dB, Loss: 0.3134299815 BER: 0.0001428571
2022-04-05 16:00:29,364 auto_trainer.py INFO 204: Time for one full iteration is 0.4993 minutes
2022-04-05 16:00:59,162 auto_trainer.py INFO 203: [48/100] At ENC SNR 0.000000 dB DEC SNR -2.000000 dB, Loss: 0.3133896291 BER: 0.0000800000
2022-04-05 16:00:59,163 auto_trainer.py INFO 204: Time for one full iteration is 0.4966 minutes
2022-04-05 16:01:28,944 auto_trainer.py INFO 203: [49/100] At ENC SNR 0.000000 dB DEC SNR -2.000000 dB, Loss: 0.3134072423 BER: 0.0001200000
2022-04-05 16:01:28,945 auto_trainer.py INFO 204: Time for one full iteration is 0.4964 minutes
2022-04-05 16:01:58,534 auto_trainer.py INFO 203: [50/100] At ENC SNR 0.000000 dB DEC SNR -2.000000 dB, Loss: 0.3133592010 BER: 0.0000742857
2022-04-05 16:01:58,535 auto_trainer.py INFO 204: Time for one full iteration is 0.4932 minutes
2022-04-05 16:02:27,999 auto_trainer.py INFO 203: [51/100] At ENC SNR 0.000000 dB DEC SNR -2.000000 dB, Loss: 0.3133796751 BER: 0.0000914286
2022-04-05 16:02:28,000 auto_trainer.py INFO 204: Time for one full iteration is 0.4911 minutes
2022-04-05 16:02:57,618 auto_trainer.py INFO 203: [52/100] At ENC SNR 0.000000 dB DEC SNR -2.000000 dB, Loss: 0.3133431077 BER: 0.0000342857
2022-04-05 16:02:57,619 auto_trainer.py INFO 204: Time for one full iteration is 0.4904 minutes
2022-04-05 16:03:27,080 auto_trainer.py INFO 203: [53/100] At ENC SNR 0.000000 dB DEC SNR -2.000000 dB, Loss: 0.3133454025 BER: 0.0000285714
2022-04-05 16:03:27,081 auto_trainer.py INFO 204: Time for one full iteration is 0.4910 minutes
2022-04-05 16:03:56,468 auto_trainer.py INFO 203: [54/100] At ENC SNR 0.000000 dB DEC SNR -2.000000 dB, Loss: 0.3133415580 BER: 0.0000342857
2022-04-05 16:03:56,468 auto_trainer.py INFO 204: Time for one full iteration is 0.4898 minutes
2022-04-05 16:04:25,874 auto_trainer.py INFO 203: [55/100] At ENC SNR 0.000000 dB DEC SNR -2.000000 dB, Loss: 0.3133634925 BER: 0.0000628571
2022-04-05 16:04:25,874 auto_trainer.py INFO 204: Time for one full iteration is 0.4901 minutes
2022-04-05 16:04:55,357 auto_trainer.py INFO 203: [56/100] At ENC SNR 0.000000 dB DEC SNR -2.000000 dB, Loss: 0.3133940697 BER: 0.0000971429
2022-04-05 16:04:55,357 auto_trainer.py INFO 204: Time for one full iteration is 0.4914 minutes
2022-04-05 16:05:25,257 auto_trainer.py INFO 203: [57/100] At ENC SNR 0.000000 dB DEC SNR -2.000000 dB, Loss: 0.3133655787 BER: 0.0000742857
2022-04-05 16:05:25,257 auto_trainer.py INFO 204: Time for one full iteration is 0.4983 minutes
2022-04-05 16:05:55,332 auto_trainer.py INFO 203: [58/100] At ENC SNR 0.000000 dB DEC SNR -2.000000 dB, Loss: 0.3133737445 BER: 0.0000742857
2022-04-05 16:05:55,332 auto_trainer.py INFO 204: Time for one full iteration is 0.5012 minutes
2022-04-05 16:06:24,953 auto_trainer.py INFO 203: [59/100] At ENC SNR 0.000000 dB DEC SNR -2.000000 dB, Loss: 0.3133648634 BER: 0.0000857143
2022-04-05 16:06:24,953 auto_trainer.py INFO 204: Time for one full iteration is 0.4937 minutes
2022-04-05 16:06:54,731 auto_trainer.py INFO 203: [60/100] At ENC SNR 0.000000 dB DEC SNR -2.000000 dB, Loss: 0.3133737743 BER: 0.0000914286
2022-04-05 16:06:54,732 auto_trainer.py INFO 204: Time for one full iteration is 0.4963 minutes
2022-04-05 16:07:24,283 auto_trainer.py INFO 203: [61/100] At ENC SNR 0.000000 dB DEC SNR -2.000000 dB, Loss: 0.3133393824 BER: 0.0000400000
2022-04-05 16:07:24,284 auto_trainer.py INFO 204: Time for one full iteration is 0.4925 minutes
2022-04-05 16:07:53,962 auto_trainer.py INFO 203: [62/100] At ENC SNR 0.000000 dB DEC SNR -2.000000 dB, Loss: 0.3133755624 BER: 0.0000742857
2022-04-05 16:07:53,963 auto_trainer.py INFO 204: Time for one full iteration is 0.4913 minutes
2022-04-05 16:08:23,635 auto_trainer.py INFO 203: [63/100] At ENC SNR 0.000000 dB DEC SNR -2.000000 dB, Loss: 0.3133455813 BER: 0.0000400000
2022-04-05 16:08:23,635 auto_trainer.py INFO 204: Time for one full iteration is 0.4945 minutes
2022-04-05 16:08:53,758 auto_trainer.py INFO 203: [64/100] At ENC SNR 0.000000 dB DEC SNR -2.000000 dB, Loss: 0.3133448958 BER: 0.0000342857
2022-04-05 16:08:53,758 auto_trainer.py INFO 204: Time for one full iteration is 0.5020 minutes
2022-04-05 16:09:24,030 auto_trainer.py INFO 203: [65/100] At ENC SNR 0.000000 dB DEC SNR -2.000000 dB, Loss: 0.3133837283 BER: 0.0000742857
2022-04-05 16:09:24,031 auto_trainer.py INFO 204: Time for one full iteration is 0.5045 minutes
2022-04-05 16:09:54,076 auto_trainer.py INFO 203: [66/100] At ENC SNR 0.000000 dB DEC SNR -2.000000 dB, Loss: 0.3132992089 BER: 0.0000000000
2022-04-05 16:09:54,077 auto_trainer.py INFO 204: Time for one full iteration is 0.5008 minutes
2022-04-05 16:10:23,792 auto_trainer.py INFO 203: [67/100] At ENC SNR 0.000000 dB DEC SNR -2.000000 dB, Loss: 0.3133969009 BER: 0.0001142857
2022-04-05 16:10:23,792 auto_trainer.py INFO 204: Time for one full iteration is 0.4953 minutes
2022-04-05 16:10:53,442 auto_trainer.py INFO 203: [68/100] At ENC SNR 0.000000 dB DEC SNR -2.000000 dB, Loss: 0.3133215606 BER: 0.0000285714
2022-04-05 16:10:53,442 auto_trainer.py INFO 204: Time for one full iteration is 0.4942 minutes
2022-04-05 16:11:23,080 auto_trainer.py INFO 203: [69/100] At ENC SNR 0.000000 dB DEC SNR -2.000000 dB, Loss: 0.3133752644 BER: 0.0000800000
2022-04-05 16:11:23,080 auto_trainer.py INFO 204: Time for one full iteration is 0.4940 minutes
2022-04-05 16:11:52,672 auto_trainer.py INFO 203: [70/100] At ENC SNR 0.000000 dB DEC SNR -2.000000 dB, Loss: 0.3133368194 BER: 0.0000628571
2022-04-05 16:11:52,672 auto_trainer.py INFO 204: Time for one full iteration is 0.4932 minutes
2022-04-05 16:12:22,247 auto_trainer.py INFO 203: [71/100] At ENC SNR 0.000000 dB DEC SNR -2.000000 dB, Loss: 0.3133313358 BER: 0.0000285714
2022-04-05 16:12:22,247 auto_trainer.py INFO 204: Time for one full iteration is 0.4929 minutes
2022-04-05 16:12:51,725 auto_trainer.py INFO 203: [72/100] At ENC SNR 0.000000 dB DEC SNR -2.000000 dB, Loss: 0.3133501410 BER: 0.0000514286
2022-04-05 16:12:51,726 auto_trainer.py INFO 204: Time for one full iteration is 0.4879 minutes
2022-04-05 16:13:21,395 auto_trainer.py INFO 203: [73/100] At ENC SNR 0.000000 dB DEC SNR -2.000000 dB, Loss: 0.3133953214 BER: 0.0001142857
2022-04-05 16:13:21,396 auto_trainer.py INFO 204: Time for one full iteration is 0.4945 minutes
2022-04-05 16:13:51,177 auto_trainer.py INFO 203: [74/100] At ENC SNR 0.000000 dB DEC SNR -2.000000 dB, Loss: 0.3134059310 BER: 0.0001314286
2022-04-05 16:13:51,178 auto_trainer.py INFO 204: Time for one full iteration is 0.4964 minutes
2022-04-05 16:14:21,006 auto_trainer.py INFO 203: [75/100] At ENC SNR 0.000000 dB DEC SNR -2.000000 dB, Loss: 0.3134188652 BER: 0.0001428571
2022-04-05 16:14:21,007 auto_trainer.py INFO 204: Time for one full iteration is 0.4971 minutes
2022-04-05 16:14:50,758 auto_trainer.py INFO 203: [76/100] At ENC SNR 0.000000 dB DEC SNR -2.000000 dB, Loss: 0.3133810759 BER: 0.0000914286
2022-04-05 16:14:50,758 auto_trainer.py INFO 204: Time for one full iteration is 0.4959 minutes
2022-04-05 16:15:20,686 auto_trainer.py INFO 203: [77/100] At ENC SNR 0.000000 dB DEC SNR -2.000000 dB, Loss: 0.3134053946 BER: 0.0001200000
2022-04-05 16:15:20,686 auto_trainer.py INFO 204: Time for one full iteration is 0.4988 minutes
2022-04-05 16:15:50,507 auto_trainer.py INFO 203: [78/100] At ENC SNR 0.000000 dB DEC SNR -2.000000 dB, Loss: 0.3133210540 BER: 0.0000285714
2022-04-05 16:15:50,507 auto_trainer.py INFO 204: Time for one full iteration is 0.4970 minutes
2022-04-05 16:16:19,852 auto_trainer.py INFO 203: [79/100] At ENC SNR 0.000000 dB DEC SNR -2.000000 dB, Loss: 0.3133439124 BER: 0.0000514286
2022-04-05 16:16:19,853 auto_trainer.py INFO 204: Time for one full iteration is 0.4891 minutes
2022-04-05 16:16:49,452 auto_trainer.py INFO 203: [80/100] At ENC SNR 0.000000 dB DEC SNR -2.000000 dB, Loss: 0.3133135140 BER: 0.0000228571
2022-04-05 16:16:49,453 auto_trainer.py INFO 204: Time for one full iteration is 0.4933 minutes
2022-04-05 16:17:19,384 auto_trainer.py INFO 203: [81/100] At ENC SNR 0.000000 dB DEC SNR -2.000000 dB, Loss: 0.3134029508 BER: 0.0001142857
2022-04-05 16:17:19,385 auto_trainer.py INFO 204: Time for one full iteration is 0.4989 minutes
2022-04-05 16:17:49,479 auto_trainer.py INFO 203: [82/100] At ENC SNR 0.000000 dB DEC SNR -2.000000 dB, Loss: 0.3133503199 BER: 0.0000742857
2022-04-05 16:17:49,479 auto_trainer.py INFO 204: Time for one full iteration is 0.4979 minutes
2022-04-05 16:18:19,253 auto_trainer.py INFO 203: [83/100] At ENC SNR 0.000000 dB DEC SNR -2.000000 dB, Loss: 0.3133395910 BER: 0.0000514286
2022-04-05 16:18:19,254 auto_trainer.py INFO 204: Time for one full iteration is 0.4962 minutes
2022-04-05 16:18:48,948 auto_trainer.py INFO 203: [84/100] At ENC SNR 0.000000 dB DEC SNR -2.000000 dB, Loss: 0.3133396804 BER: 0.0000457143
2022-04-05 16:18:48,949 auto_trainer.py INFO 204: Time for one full iteration is 0.4949 minutes
2022-04-05 16:19:18,725 auto_trainer.py INFO 203: [85/100] At ENC SNR 0.000000 dB DEC SNR -2.000000 dB, Loss: 0.3133215010 BER: 0.0000171429
2022-04-05 16:19:18,725 auto_trainer.py INFO 204: Time for one full iteration is 0.4963 minutes
2022-04-05 16:19:48,366 auto_trainer.py INFO 203: [86/100] At ENC SNR 0.000000 dB DEC SNR -2.000000 dB, Loss: 0.3133572638 BER: 0.0000800000
2022-04-05 16:19:48,366 auto_trainer.py INFO 204: Time for one full iteration is 0.4940 minutes
2022-04-05 16:20:17,938 auto_trainer.py INFO 203: [87/100] At ENC SNR 0.000000 dB DEC SNR -2.000000 dB, Loss: 0.3133890629 BER: 0.0001314286
2022-04-05 16:20:17,939 auto_trainer.py INFO 204: Time for one full iteration is 0.4929 minutes
2022-04-05 16:20:47,508 auto_trainer.py INFO 203: [88/100] At ENC SNR 0.000000 dB DEC SNR -2.000000 dB, Loss: 0.3133845329 BER: 0.0000857143
2022-04-05 16:20:47,509 auto_trainer.py INFO 204: Time for one full iteration is 0.4928 minutes
2022-04-05 16:21:16,847 auto_trainer.py INFO 203: [89/100] At ENC SNR 0.000000 dB DEC SNR -2.000000 dB, Loss: 0.3133009374 BER: 0.0000057143
2022-04-05 16:21:16,847 auto_trainer.py INFO 204: Time for one full iteration is 0.4890 minutes
2022-04-05 16:21:46,169 auto_trainer.py INFO 203: [90/100] At ENC SNR 0.000000 dB DEC SNR -2.000000 dB, Loss: 0.3133640587 BER: 0.0000800000
2022-04-05 16:21:46,169 auto_trainer.py INFO 204: Time for one full iteration is 0.4887 minutes
2022-04-05 16:22:15,603 auto_trainer.py INFO 203: [91/100] At ENC SNR 0.000000 dB DEC SNR -2.000000 dB, Loss: 0.3133145571 BER: 0.0000228571
2022-04-05 16:22:15,604 auto_trainer.py INFO 204: Time for one full iteration is 0.4906 minutes
2022-04-05 16:22:45,084 auto_trainer.py INFO 203: [92/100] At ENC SNR 0.000000 dB DEC SNR -2.000000 dB, Loss: 0.3133309782 BER: 0.0000514286
2022-04-05 16:22:45,084 auto_trainer.py INFO 204: Time for one full iteration is 0.4881 minutes
2022-04-05 16:23:14,570 auto_trainer.py INFO 203: [93/100] At ENC SNR 0.000000 dB DEC SNR -2.000000 dB, Loss: 0.3133435249 BER: 0.0000571429
2022-04-05 16:23:14,571 auto_trainer.py INFO 204: Time for one full iteration is 0.4914 minutes
2022-04-05 16:23:44,405 auto_trainer.py INFO 203: [94/100] At ENC SNR 0.000000 dB DEC SNR -2.000000 dB, Loss: 0.3133004904 BER: 0.0000057143
2022-04-05 16:23:44,406 auto_trainer.py INFO 204: Time for one full iteration is 0.4972 minutes
2022-04-05 16:24:14,387 auto_trainer.py INFO 203: [95/100] At ENC SNR 0.000000 dB DEC SNR -2.000000 dB, Loss: 0.3133613467 BER: 0.0000685714
2022-04-05 16:24:14,388 auto_trainer.py INFO 204: Time for one full iteration is 0.4997 minutes
2022-04-05 16:24:44,327 auto_trainer.py INFO 203: [96/100] At ENC SNR 0.000000 dB DEC SNR -2.000000 dB, Loss: 0.3133948147 BER: 0.0001085714
2022-04-05 16:24:44,327 auto_trainer.py INFO 204: Time for one full iteration is 0.4990 minutes
2022-04-05 16:25:14,287 auto_trainer.py INFO 203: [97/100] At ENC SNR 0.000000 dB DEC SNR -2.000000 dB, Loss: 0.3133376837 BER: 0.0000514286
2022-04-05 16:25:14,288 auto_trainer.py INFO 204: Time for one full iteration is 0.4993 minutes
2022-04-05 16:25:44,281 auto_trainer.py INFO 203: [98/100] At ENC SNR 0.000000 dB DEC SNR -2.000000 dB, Loss: 0.3133419454 BER: 0.0000457143
2022-04-05 16:25:44,281 auto_trainer.py INFO 204: Time for one full iteration is 0.4999 minutes
2022-04-05 16:26:14,092 auto_trainer.py INFO 203: [99/100] At ENC SNR 0.000000 dB DEC SNR -2.000000 dB, Loss: 0.3133344948 BER: 0.0000457143
2022-04-05 16:26:14,092 auto_trainer.py INFO 204: Time for one full iteration is 0.4968 minutes
2022-04-05 16:26:43,586 auto_trainer.py INFO 203: [100/100] At ENC SNR 0.000000 dB DEC SNR -2.000000 dB, Loss: 0.3134519756 BER: 0.0001942857
2022-04-05 16:26:43,587 auto_trainer.py INFO 204: Time for one full iteration is 0.4916 minutes
2022-04-05 16:26:43,587 auto_trainer.py WARNING 231: Finished
