2022-02-23 10:55:56,988 auto_trainer.py INFO 240: train_conf_name : c_n3_r2_m4
2022-02-23 10:55:56,988 auto_trainer.py INFO 241: Device : cuda
2022-02-23 10:55:56,988 auto_trainer.py INFO 242: We are on!!!
2022-02-23 10:56:28,887 auto_trainer.py INFO 240: train_conf_name : c_n3_r2_m4
2022-02-23 10:56:28,887 auto_trainer.py INFO 241: Device : cuda
2022-02-23 10:56:28,887 auto_trainer.py INFO 242: We are on!!!
2022-02-23 11:35:32,144 auto_trainer.py INFO 360: [1/100] At ENC SNR -4.000000 dB DEC SNR -7.000000 dB, Loss: 0.0015366252 BER: 0.9394727045
2022-02-23 11:35:32,145 auto_trainer.py INFO 361: Time for one full iteration is 39.0210 minutes
2022-02-23 12:14:37,204 auto_trainer.py INFO 360: [2/100] At ENC SNR -4.000000 dB DEC SNR -7.000000 dB, Loss: 0.0015608676 BER: 0.9392696729
2022-02-23 12:14:37,205 auto_trainer.py INFO 361: Time for one full iteration is 39.0795 minutes
2022-02-23 12:51:12,704 auto_trainer.py INFO 360: [3/100] At ENC SNR -4.000000 dB DEC SNR -7.000000 dB, Loss: 0.0015002615 BER: 0.9395878553
2022-02-23 12:51:12,704 auto_trainer.py INFO 361: Time for one full iteration is 36.5917 minutes
2022-02-23 13:27:04,131 auto_trainer.py INFO 360: [4/100] At ENC SNR -4.000000 dB DEC SNR -7.000000 dB, Loss: 0.0015245040 BER: 0.9391211869
2022-02-23 13:27:04,131 auto_trainer.py INFO 361: Time for one full iteration is 35.8571 minutes
2022-02-23 14:03:19,748 auto_trainer.py INFO 360: [5/100] At ENC SNR -4.000000 dB DEC SNR -7.000000 dB, Loss: 0.0015366252 BER: 0.9395242190
2022-02-23 14:03:19,748 auto_trainer.py INFO 361: Time for one full iteration is 36.2603 minutes
2022-02-23 14:39:26,212 auto_trainer.py INFO 360: [6/100] At ENC SNR -4.000000 dB DEC SNR -7.000000 dB, Loss: 0.0015548071 BER: 0.9398272493
2022-02-23 14:39:26,212 auto_trainer.py INFO 361: Time for one full iteration is 36.1077 minutes
2022-02-23 15:15:48,846 auto_trainer.py INFO 360: [7/100] At ENC SNR -4.000000 dB DEC SNR -7.000000 dB, Loss: 0.0015608676 BER: 0.9390120971
2022-02-23 15:15:48,847 auto_trainer.py INFO 361: Time for one full iteration is 36.3772 minutes
2022-02-23 15:30:46,626 auto_trainer.py INFO 240: train_conf_name : c_n3_r2_m4
2022-02-23 15:30:46,626 auto_trainer.py INFO 241: Device : cuda
2022-02-23 15:30:46,626 auto_trainer.py INFO 242: We are on!!!
2022-02-23 15:30:52,082 auto_trainer.py WARNING 387: Graceful Exit
2022-02-23 15:31:45,364 auto_trainer.py WARNING 385: Graceful Exit
2022-02-23 15:31:52,184 auto_trainer.py INFO 240: train_conf_name : c_n3_r2_m4
2022-02-23 15:31:52,184 auto_trainer.py INFO 241: Device : cuda
2022-02-23 15:31:52,184 auto_trainer.py INFO 242: We are on!!!
2022-02-23 15:53:27,234 auto_trainer.py WARNING 385: Graceful Exit
2022-02-23 15:53:58,073 auto_trainer.py INFO 240: train_conf_name : c_n3_r2_m4
2022-02-23 15:53:58,073 auto_trainer.py INFO 241: Device : cuda
2022-02-23 15:53:58,073 auto_trainer.py INFO 242: We are on!!!
2022-02-23 16:33:58,883 auto_trainer.py INFO 360: [1/100] At ENC SNR -4.000000 dB DEC SNR -7.000000 dB, Loss: 0.0008022808 BER: 0.5000757409
2022-02-23 16:33:58,883 auto_trainer.py INFO 361: Time for one full iteration is 39.8333 minutes
2022-02-23 17:13:38,810 auto_trainer.py INFO 360: [2/100] At ENC SNR -4.000000 dB DEC SNR -7.000000 dB, Loss: 0.0008204627 BER: 0.5001211958
2022-02-23 17:13:38,811 auto_trainer.py INFO 361: Time for one full iteration is 39.6602 minutes
2022-02-23 17:54:26,146 auto_trainer.py INFO 360: [3/100] At ENC SNR -4.000000 dB DEC SNR -7.000000 dB, Loss: 0.0008325839 BER: 0.5001151346
2022-02-23 17:54:26,146 auto_trainer.py INFO 361: Time for one full iteration is 40.7889 minutes
2022-02-23 18:37:41,735 auto_trainer.py INFO 360: [4/100] At ENC SNR -4.000000 dB DEC SNR -7.000000 dB, Loss: 0.0008325839 BER: 0.4997636191
2022-02-23 18:37:41,736 auto_trainer.py INFO 361: Time for one full iteration is 43.2598 minutes
2022-02-23 19:21:15,686 auto_trainer.py INFO 360: [5/100] At ENC SNR -4.000000 dB DEC SNR -7.000000 dB, Loss: 0.0009053112 BER: 0.4996545281
2022-02-23 19:21:15,686 auto_trainer.py INFO 361: Time for one full iteration is 43.5658 minutes
2022-02-23 20:04:13,689 auto_trainer.py INFO 360: [6/100] At ENC SNR -4.000000 dB DEC SNR -7.000000 dB, Loss: 0.0008022809 BER: 0.5010999830
2022-02-23 20:04:13,690 auto_trainer.py INFO 361: Time for one full iteration is 42.9667 minutes
2022-02-23 20:46:48,825 auto_trainer.py INFO 360: [7/100] At ENC SNR -4.000000 dB DEC SNR -7.000000 dB, Loss: 0.0007477354 BER: 0.4981636199
2022-02-23 20:46:48,826 auto_trainer.py INFO 361: Time for one full iteration is 42.5856 minutes
2022-02-23 21:26:40,083 auto_trainer.py INFO 360: [8/100] At ENC SNR -4.000000 dB DEC SNR -7.000000 dB, Loss: 0.0009356142 BER: 0.4997605900
2022-02-23 21:26:40,084 auto_trainer.py INFO 361: Time for one full iteration is 39.8543 minutes
2022-02-23 22:06:52,997 auto_trainer.py INFO 360: [9/100] At ENC SNR -4.000000 dB DEC SNR -7.000000 dB, Loss: 0.0008810688 BER: 0.4999121054
2022-02-23 22:06:52,997 auto_trainer.py INFO 361: Time for one full iteration is 40.2152 minutes
2022-02-23 22:47:41,426 auto_trainer.py INFO 360: [10/100] At ENC SNR -4.000000 dB DEC SNR -7.000000 dB, Loss: 0.0007356142 BER: 0.4982666497
2022-02-23 22:47:41,427 auto_trainer.py INFO 361: Time for one full iteration is 40.8072 minutes
2022-02-23 23:28:31,107 auto_trainer.py INFO 360: [11/100] At ENC SNR -4.000000 dB DEC SNR -7.000000 dB, Loss: 0.0007053111 BER: 0.5008757403
2022-02-23 23:28:31,107 auto_trainer.py INFO 361: Time for one full iteration is 40.8280 minutes
2022-02-24 00:08:44,465 auto_trainer.py INFO 360: [12/100] At ENC SNR -4.000000 dB DEC SNR -7.000000 dB, Loss: 0.0009477354 BER: 0.4994484688
2022-02-24 00:08:44,465 auto_trainer.py INFO 361: Time for one full iteration is 40.2184 minutes
2022-02-24 00:49:07,886 auto_trainer.py INFO 360: [13/100] At ENC SNR -4.000000 dB DEC SNR -7.000000 dB, Loss: 0.0008628870 BER: 0.5004424076
2022-02-24 00:49:07,887 auto_trainer.py INFO 361: Time for one full iteration is 40.3904 minutes
2022-02-24 01:29:26,204 auto_trainer.py INFO 360: [14/100] At ENC SNR -4.000000 dB DEC SNR -7.000000 dB, Loss: 0.0009659172 BER: 0.4998030139
2022-02-24 01:29:26,204 auto_trainer.py INFO 361: Time for one full iteration is 40.3053 minutes
2022-02-24 02:09:00,663 auto_trainer.py INFO 360: [15/100] At ENC SNR -4.000000 dB DEC SNR -7.000000 dB, Loss: 0.0008871293 BER: 0.4991787720
2022-02-24 02:09:00,664 auto_trainer.py INFO 361: Time for one full iteration is 39.5743 minutes
2022-02-24 02:48:23,452 auto_trainer.py INFO 360: [16/100] At ENC SNR -4.000000 dB DEC SNR -7.000000 dB, Loss: 0.0007962203 BER: 0.4997272564
2022-02-24 02:48:23,453 auto_trainer.py INFO 361: Time for one full iteration is 39.3798 minutes
2022-02-24 03:28:55,467 auto_trainer.py INFO 360: [17/100] At ENC SNR -4.000000 dB DEC SNR -7.000000 dB, Loss: 0.0008750082 BER: 0.4992514988
2022-02-24 03:28:55,468 auto_trainer.py INFO 361: Time for one full iteration is 40.5336 minutes
2022-02-24 04:09:16,385 auto_trainer.py INFO 360: [18/100] At ENC SNR -4.000000 dB DEC SNR -7.000000 dB, Loss: 0.0008750082 BER: 0.4990999834
2022-02-24 04:09:16,386 auto_trainer.py INFO 361: Time for one full iteration is 40.3486 minutes
2022-02-24 04:49:30,199 auto_trainer.py INFO 360: [19/100] At ENC SNR -4.000000 dB DEC SNR -7.000000 dB, Loss: 0.0009659172 BER: 0.5007545292
2022-02-24 04:49:30,200 auto_trainer.py INFO 361: Time for one full iteration is 40.2302 minutes
2022-02-24 05:29:46,532 auto_trainer.py INFO 360: [20/100] At ENC SNR -4.000000 dB DEC SNR -7.000000 dB, Loss: 0.0008144020 BER: 0.5006424067
2022-02-24 05:29:46,533 auto_trainer.py INFO 361: Time for one full iteration is 40.2722 minutes
2022-02-24 06:10:09,418 auto_trainer.py INFO 360: [21/100] At ENC SNR -4.000000 dB DEC SNR -7.000000 dB, Loss: 0.0008568264 BER: 0.5008727100
2022-02-24 06:10:09,418 auto_trainer.py INFO 361: Time for one full iteration is 40.3814 minutes
2022-02-24 06:50:23,288 auto_trainer.py INFO 360: [22/100] At ENC SNR -4.000000 dB DEC SNR -7.000000 dB, Loss: 0.0008568264 BER: 0.4996272555
2022-02-24 06:50:23,289 auto_trainer.py INFO 361: Time for one full iteration is 40.2273 minutes
2022-02-24 07:30:12,449 auto_trainer.py INFO 360: [23/100] At ENC SNR -4.000000 dB DEC SNR -7.000000 dB, Loss: 0.0008325838 BER: 0.5001908923
2022-02-24 07:30:12,449 auto_trainer.py INFO 361: Time for one full iteration is 39.8193 minutes
2022-02-24 08:10:42,949 auto_trainer.py INFO 360: [24/100] At ENC SNR -4.000000 dB DEC SNR -7.000000 dB, Loss: 0.0008992506 BER: 0.4990696808
2022-02-24 08:10:42,949 auto_trainer.py INFO 361: Time for one full iteration is 40.5083 minutes
2022-02-24 08:51:36,390 auto_trainer.py INFO 360: [25/100] At ENC SNR -4.000000 dB DEC SNR -7.000000 dB, Loss: 0.0009295535 BER: 0.5007242261
2022-02-24 08:51:36,391 auto_trainer.py INFO 361: Time for one full iteration is 40.8907 minutes
2022-02-24 09:31:39,192 auto_trainer.py INFO 360: [26/100] At ENC SNR -4.000000 dB DEC SNR -7.000000 dB, Loss: 0.0008386446 BER: 0.5001030138
2022-02-24 09:31:39,193 auto_trainer.py INFO 361: Time for one full iteration is 40.0467 minutes
2022-02-24 10:12:03,726 auto_trainer.py INFO 360: [27/100] At ENC SNR -4.000000 dB DEC SNR -7.000000 dB, Loss: 0.0009719779 BER: 0.5001514984
2022-02-24 10:12:03,727 auto_trainer.py INFO 361: Time for one full iteration is 40.4089 minutes
2022-02-24 10:52:51,208 auto_trainer.py INFO 360: [28/100] At ENC SNR -4.000000 dB DEC SNR -7.000000 dB, Loss: 0.0006507657 BER: 0.4992787710
2022-02-24 10:52:51,208 auto_trainer.py INFO 361: Time for one full iteration is 40.7914 minutes
2022-02-24 11:33:07,501 auto_trainer.py INFO 360: [29/100] At ENC SNR -4.000000 dB DEC SNR -7.000000 dB, Loss: 0.0008931899 BER: 0.5021818008
2022-02-24 11:33:07,502 auto_trainer.py INFO 361: Time for one full iteration is 40.2716 minutes
2022-02-24 12:13:23,778 auto_trainer.py INFO 360: [30/100] At ENC SNR -4.000000 dB DEC SNR -7.000000 dB, Loss: 0.0008810688 BER: 0.5006969529
2022-02-24 12:13:23,779 auto_trainer.py INFO 361: Time for one full iteration is 40.2713 minutes
2022-02-24 12:53:51,923 auto_trainer.py INFO 360: [31/100] At ENC SNR -4.000000 dB DEC SNR -7.000000 dB, Loss: 0.0009356142 BER: 0.5008545287
2022-02-24 12:53:51,924 auto_trainer.py INFO 361: Time for one full iteration is 40.4691 minutes
2022-02-24 13:34:17,677 auto_trainer.py INFO 360: [32/100] At ENC SNR -4.000000 dB DEC SNR -7.000000 dB, Loss: 0.0008265233 BER: 0.5005272558
2022-02-24 13:34:17,678 auto_trainer.py INFO 361: Time for one full iteration is 40.4244 minutes
2022-02-24 14:13:37,633 auto_trainer.py INFO 360: [33/100] At ENC SNR -4.000000 dB DEC SNR -7.000000 dB, Loss: 0.0008325839 BER: 0.5001060438
2022-02-24 14:13:37,634 auto_trainer.py INFO 361: Time for one full iteration is 39.3326 minutes
2022-02-24 14:53:07,673 auto_trainer.py INFO 360: [34/100] At ENC SNR -4.000000 dB DEC SNR -7.000000 dB, Loss: 0.0008325839 BER: 0.5005242258
2022-02-24 14:53:07,674 auto_trainer.py INFO 361: Time for one full iteration is 39.5007 minutes
2022-02-24 15:31:02,190 auto_trainer.py INFO 360: [35/100] At ENC SNR -4.000000 dB DEC SNR -7.000000 dB, Loss: 0.0008750082 BER: 0.5005121049
2022-02-24 15:31:02,191 auto_trainer.py INFO 361: Time for one full iteration is 37.9086 minutes
2022-02-24 16:10:20,133 auto_trainer.py INFO 360: [36/100] At ENC SNR -4.000000 dB DEC SNR -7.000000 dB, Loss: 0.0008628870 BER: 0.4989484679
2022-02-24 16:10:20,133 auto_trainer.py INFO 361: Time for one full iteration is 39.2990 minutes
2022-02-24 16:50:41,504 auto_trainer.py INFO 360: [37/100] At ENC SNR -4.000000 dB DEC SNR -7.000000 dB, Loss: 0.0009356142 BER: 0.4997545282
2022-02-24 16:50:41,504 auto_trainer.py INFO 361: Time for one full iteration is 40.3562 minutes
2022-02-24 17:30:27,189 auto_trainer.py INFO 360: [38/100] At ENC SNR -4.000000 dB DEC SNR -7.000000 dB, Loss: 0.0009780385 BER: 0.5003272558
2022-02-24 17:30:27,189 auto_trainer.py INFO 361: Time for one full iteration is 39.7614 minutes
2022-02-24 18:09:27,452 auto_trainer.py INFO 360: [39/100] At ENC SNR -4.000000 dB DEC SNR -7.000000 dB, Loss: 0.0009113718 BER: 0.5006242257
2022-02-24 18:09:27,453 auto_trainer.py INFO 361: Time for one full iteration is 39.0044 minutes
2022-02-24 18:47:21,586 auto_trainer.py INFO 360: [40/100] At ENC SNR -4.000000 dB DEC SNR -7.000000 dB, Loss: 0.0006810687 BER: 0.4991514989
2022-02-24 18:47:21,587 auto_trainer.py INFO 361: Time for one full iteration is 37.9022 minutes
2022-02-24 19:25:27,447 auto_trainer.py INFO 360: [41/100] At ENC SNR -4.000000 dB DEC SNR -7.000000 dB, Loss: 0.0009840991 BER: 0.5003030137
2022-02-24 19:25:27,448 auto_trainer.py INFO 361: Time for one full iteration is 38.0977 minutes
2022-02-24 20:04:29,215 auto_trainer.py INFO 360: [42/100] At ENC SNR -4.000000 dB DEC SNR -7.000000 dB, Loss: 0.0007537960 BER: 0.5014636199
2022-02-24 20:04:29,216 auto_trainer.py INFO 361: Time for one full iteration is 39.0244 minutes
2022-02-24 20:44:04,266 auto_trainer.py INFO 360: [43/100] At ENC SNR -4.000000 dB DEC SNR -7.000000 dB, Loss: 0.0009113718 BER: 0.4988908926
2022-02-24 20:44:04,267 auto_trainer.py INFO 361: Time for one full iteration is 39.5842 minutes
2022-02-24 21:22:28,689 auto_trainer.py INFO 360: [44/100] At ENC SNR -4.000000 dB DEC SNR -7.000000 dB, Loss: 0.0007719778 BER: 0.4989545288
2022-02-24 21:22:28,690 auto_trainer.py INFO 361: Time for one full iteration is 38.4071 minutes
2022-02-24 22:00:52,816 auto_trainer.py INFO 360: [45/100] At ENC SNR -4.000000 dB DEC SNR -7.000000 dB, Loss: 0.0008628870 BER: 0.5003393776
2022-02-24 22:00:52,817 auto_trainer.py INFO 361: Time for one full iteration is 38.4021 minutes
2022-02-24 22:38:48,696 auto_trainer.py INFO 360: [46/100] At ENC SNR -4.000000 dB DEC SNR -7.000000 dB, Loss: 0.0008022808 BER: 0.4994484682
2022-02-24 22:38:48,696 auto_trainer.py INFO 361: Time for one full iteration is 37.9313 minutes
2022-02-24 23:14:32,276 auto_trainer.py INFO 360: [47/100] At ENC SNR -4.000000 dB DEC SNR -7.000000 dB, Loss: 0.0008931899 BER: 0.4987363470
2022-02-24 23:14:32,277 auto_trainer.py INFO 361: Time for one full iteration is 35.7263 minutes
2022-02-24 23:50:35,366 auto_trainer.py INFO 360: [48/100] At ENC SNR -4.000000 dB DEC SNR -7.000000 dB, Loss: 0.0009477354 BER: 0.5000484677
2022-02-24 23:50:35,366 auto_trainer.py INFO 361: Time for one full iteration is 36.0515 minutes
2022-02-25 00:26:15,445 auto_trainer.py INFO 360: [49/100] At ENC SNR -4.000000 dB DEC SNR -7.000000 dB, Loss: 0.0008628868 BER: 0.4989393775
2022-02-25 00:26:15,446 auto_trainer.py INFO 361: Time for one full iteration is 35.6680 minutes
2022-02-25 01:01:41,396 auto_trainer.py INFO 360: [50/100] At ENC SNR -4.000000 dB DEC SNR -7.000000 dB, Loss: 0.0009113718 BER: 0.5002302856
2022-02-25 01:01:41,396 auto_trainer.py INFO 361: Time for one full iteration is 35.4325 minutes
2022-02-25 01:37:05,754 auto_trainer.py INFO 360: [51/100] At ENC SNR -4.000000 dB DEC SNR -7.000000 dB, Loss: 0.0009416748 BER: 0.4997545289
2022-02-25 01:37:05,754 auto_trainer.py INFO 361: Time for one full iteration is 35.4060 minutes
2022-02-25 02:12:27,036 auto_trainer.py INFO 360: [52/100] At ENC SNR -4.000000 dB DEC SNR -7.000000 dB, Loss: 0.0008871293 BER: 0.4996757408
2022-02-25 02:12:27,037 auto_trainer.py INFO 361: Time for one full iteration is 35.3486 minutes
2022-02-25 02:50:30,237 auto_trainer.py INFO 360: [53/100] At ENC SNR -4.000000 dB DEC SNR -7.000000 dB, Loss: 0.0007780385 BER: 0.5004818018
2022-02-25 02:50:30,238 auto_trainer.py INFO 361: Time for one full iteration is 38.0533 minutes
2022-02-25 03:25:55,013 auto_trainer.py INFO 360: [54/100] At ENC SNR -4.000000 dB DEC SNR -7.000000 dB, Loss: 0.0007659172 BER: 0.5007151346
2022-02-25 03:25:55,014 auto_trainer.py INFO 361: Time for one full iteration is 35.4129 minutes
2022-02-25 04:01:37,136 auto_trainer.py INFO 360: [55/100] At ENC SNR -4.000000 dB DEC SNR -7.000000 dB, Loss: 0.0007901597 BER: 0.4994999840
2022-02-25 04:01:37,137 auto_trainer.py INFO 361: Time for one full iteration is 35.7020 minutes
2022-02-25 04:37:16,710 auto_trainer.py INFO 360: [56/100] At ENC SNR -4.000000 dB DEC SNR -7.000000 dB, Loss: 0.0009659172 BER: 0.4997727107
2022-02-25 04:37:16,711 auto_trainer.py INFO 361: Time for one full iteration is 35.6596 minutes
2022-02-25 05:12:53,449 auto_trainer.py INFO 360: [57/100] At ENC SNR -4.000000 dB DEC SNR -7.000000 dB, Loss: 0.0010022809 BER: 0.5004787709
2022-02-25 05:12:53,450 auto_trainer.py INFO 361: Time for one full iteration is 35.6123 minutes
2022-02-25 05:48:16,819 auto_trainer.py INFO 360: [58/100] At ENC SNR -4.000000 dB DEC SNR -7.000000 dB, Loss: 0.0008144021 BER: 0.4997787712
2022-02-25 05:48:16,819 auto_trainer.py INFO 361: Time for one full iteration is 35.3895 minutes
2022-02-25 06:23:42,537 auto_trainer.py INFO 360: [59/100] At ENC SNR -4.000000 dB DEC SNR -7.000000 dB, Loss: 0.0008750082 BER: 0.4999696796
2022-02-25 06:23:42,538 auto_trainer.py INFO 361: Time for one full iteration is 35.4286 minutes
2022-02-25 06:59:06,962 auto_trainer.py INFO 360: [60/100] At ENC SNR -4.000000 dB DEC SNR -7.000000 dB, Loss: 0.0008507657 BER: 0.4999272560
2022-02-25 06:59:06,962 auto_trainer.py INFO 361: Time for one full iteration is 35.4071 minutes
2022-02-25 07:34:31,246 auto_trainer.py INFO 360: [61/100] At ENC SNR -4.000000 dB DEC SNR -7.000000 dB, Loss: 0.0009416748 BER: 0.4994151345
2022-02-25 07:34:31,247 auto_trainer.py INFO 361: Time for one full iteration is 35.4047 minutes
2022-02-25 08:10:02,405 auto_trainer.py INFO 360: [62/100] At ENC SNR -4.000000 dB DEC SNR -7.000000 dB, Loss: 0.0009053112 BER: 0.4997363465
2022-02-25 08:10:02,406 auto_trainer.py INFO 361: Time for one full iteration is 35.5150 minutes
2022-02-25 08:45:30,073 auto_trainer.py INFO 360: [63/100] At ENC SNR -4.000000 dB DEC SNR -7.000000 dB, Loss: 0.0008810688 BER: 0.4996757409
2022-02-25 08:45:30,073 auto_trainer.py INFO 361: Time for one full iteration is 35.4611 minutes
2022-02-25 09:20:59,024 auto_trainer.py INFO 360: [64/100] At ENC SNR -4.000000 dB DEC SNR -7.000000 dB, Loss: 0.0009537960 BER: 0.5001878622
2022-02-25 09:20:59,025 auto_trainer.py INFO 361: Time for one full iteration is 35.4825 minutes
2022-02-25 09:56:27,462 auto_trainer.py INFO 360: [65/100] At ENC SNR -4.000000 dB DEC SNR -7.000000 dB, Loss: 0.0010022809 BER: 0.4974272570
2022-02-25 09:56:27,462 auto_trainer.py INFO 361: Time for one full iteration is 35.4740 minutes
2022-02-25 10:31:53,127 auto_trainer.py INFO 360: [66/100] At ENC SNR -4.000000 dB DEC SNR -7.000000 dB, Loss: 0.0008871293 BER: 0.5001757414
2022-02-25 10:31:53,128 auto_trainer.py INFO 361: Time for one full iteration is 35.4278 minutes
2022-02-25 11:07:20,889 auto_trainer.py INFO 360: [67/100] At ENC SNR -4.000000 dB DEC SNR -7.000000 dB, Loss: 0.0007840991 BER: 0.5004939230
2022-02-25 11:07:20,889 auto_trainer.py INFO 361: Time for one full iteration is 35.4627 minutes
2022-02-25 11:42:45,713 auto_trainer.py INFO 360: [68/100] At ENC SNR -4.000000 dB DEC SNR -7.000000 dB, Loss: 0.0008992506 BER: 0.5005696806
2022-02-25 11:42:45,714 auto_trainer.py INFO 361: Time for one full iteration is 35.4137 minutes
2022-02-25 12:18:22,700 auto_trainer.py INFO 360: [69/100] At ENC SNR -4.000000 dB DEC SNR -7.000000 dB, Loss: 0.0008628868 BER: 0.5006908919
2022-02-25 12:18:22,701 auto_trainer.py INFO 361: Time for one full iteration is 35.6164 minutes
2022-02-25 12:53:59,901 auto_trainer.py INFO 360: [70/100] At ENC SNR -4.000000 dB DEC SNR -7.000000 dB, Loss: 0.0010810688 BER: 0.4988878629
2022-02-25 12:53:59,901 auto_trainer.py INFO 361: Time for one full iteration is 35.6200 minutes
2022-02-25 13:29:38,600 auto_trainer.py INFO 360: [71/100] At ENC SNR -4.000000 dB DEC SNR -7.000000 dB, Loss: 0.0008083414 BER: 0.4997818016
2022-02-25 13:29:38,600 auto_trainer.py INFO 361: Time for one full iteration is 35.6450 minutes
2022-02-25 14:05:07,005 auto_trainer.py INFO 360: [72/100] At ENC SNR -4.000000 dB DEC SNR -7.000000 dB, Loss: 0.0008568264 BER: 0.4991696800
2022-02-25 14:05:07,005 auto_trainer.py INFO 361: Time for one full iteration is 35.4698 minutes
2022-02-25 14:40:34,384 auto_trainer.py INFO 360: [73/100] At ENC SNR -4.000000 dB DEC SNR -7.000000 dB, Loss: 0.0008265233 BER: 0.4988121045
2022-02-25 14:40:34,385 auto_trainer.py INFO 361: Time for one full iteration is 35.4563 minutes
2022-02-25 15:16:37,998 auto_trainer.py INFO 360: [74/100] At ENC SNR -4.000000 dB DEC SNR -7.000000 dB, Loss: 0.0007234929 BER: 0.4992333165
2022-02-25 15:16:38,070 auto_trainer.py INFO 361: Time for one full iteration is 36.0614 minutes
2022-02-25 15:52:38,868 auto_trainer.py INFO 360: [75/100] At ENC SNR -4.000000 dB DEC SNR -7.000000 dB, Loss: 0.0009537960 BER: 0.4985242258
2022-02-25 15:52:38,869 auto_trainer.py INFO 361: Time for one full iteration is 36.0133 minutes
2022-02-25 16:28:14,449 auto_trainer.py INFO 360: [76/100] At ENC SNR -4.000000 dB DEC SNR -7.000000 dB, Loss: 0.0008689475 BER: 0.4997545281
2022-02-25 16:28:14,449 auto_trainer.py INFO 361: Time for one full iteration is 35.5930 minutes
2022-02-25 17:03:44,820 auto_trainer.py INFO 360: [77/100] At ENC SNR -4.000000 dB DEC SNR -7.000000 dB, Loss: 0.0008750082 BER: 0.5011030145
2022-02-25 17:03:44,821 auto_trainer.py INFO 361: Time for one full iteration is 35.5062 minutes
2022-02-25 17:39:27,923 auto_trainer.py INFO 360: [78/100] At ENC SNR -4.000000 dB DEC SNR -7.000000 dB, Loss: 0.0006689475 BER: 0.4989272563
2022-02-25 17:39:27,923 auto_trainer.py INFO 361: Time for one full iteration is 35.7184 minutes
2022-02-25 18:15:51,741 auto_trainer.py INFO 360: [79/100] At ENC SNR -4.000000 dB DEC SNR -7.000000 dB, Loss: 0.0009174324 BER: 0.5000060436
2022-02-25 18:15:51,742 auto_trainer.py INFO 361: Time for one full iteration is 36.3970 minutes
2022-02-25 18:51:31,175 auto_trainer.py INFO 360: [80/100] At ENC SNR -4.000000 dB DEC SNR -7.000000 dB, Loss: 0.0008022809 BER: 0.4991090746
2022-02-25 18:51:31,176 auto_trainer.py INFO 361: Time for one full iteration is 35.6572 minutes
2022-02-25 19:27:07,756 auto_trainer.py INFO 360: [81/100] At ENC SNR -4.000000 dB DEC SNR -7.000000 dB, Loss: 0.0007537960 BER: 0.4997484680
2022-02-25 19:27:07,757 auto_trainer.py INFO 361: Time for one full iteration is 35.6097 minutes
2022-02-25 20:03:21,485 auto_trainer.py INFO 360: [82/100] At ENC SNR -4.000000 dB DEC SNR -7.000000 dB, Loss: 0.0006931899 BER: 0.4993211946
2022-02-25 20:03:21,486 auto_trainer.py INFO 361: Time for one full iteration is 36.2242 minutes
2022-02-25 20:39:54,636 auto_trainer.py INFO 360: [83/100] At ENC SNR -4.000000 dB DEC SNR -7.000000 dB, Loss: 0.0007537960 BER: 0.5009151345
2022-02-25 20:39:54,637 auto_trainer.py INFO 361: Time for one full iteration is 36.5525 minutes
2022-02-25 21:21:38,143 auto_trainer.py INFO 360: [84/100] At ENC SNR -4.000000 dB DEC SNR -7.000000 dB, Loss: 0.0009719779 BER: 0.4993939230
2022-02-25 21:21:38,144 auto_trainer.py INFO 361: Time for one full iteration is 41.7251 minutes
2022-02-25 22:06:42,105 auto_trainer.py INFO 360: [85/100] At ENC SNR -4.000000 dB DEC SNR -7.000000 dB, Loss: 0.0008386446 BER: 0.4990545288
2022-02-25 22:06:42,106 auto_trainer.py INFO 361: Time for one full iteration is 45.0660 minutes
2022-02-25 22:52:23,514 auto_trainer.py INFO 360: [86/100] At ENC SNR -4.000000 dB DEC SNR -7.000000 dB, Loss: 0.0008083414 BER: 0.5001848314
2022-02-25 22:52:23,514 auto_trainer.py INFO 361: Time for one full iteration is 45.6901 minutes
2022-02-25 23:37:49,682 auto_trainer.py INFO 360: [87/100] At ENC SNR -4.000000 dB DEC SNR -7.000000 dB, Loss: 0.0008204627 BER: 0.5012575589
2022-02-25 23:37:49,682 auto_trainer.py INFO 361: Time for one full iteration is 45.4361 minutes
2022-02-26 00:22:14,940 auto_trainer.py INFO 360: [88/100] At ENC SNR -4.000000 dB DEC SNR -7.000000 dB, Loss: 0.0008750082 BER: 0.4990757407
2022-02-26 00:22:14,941 auto_trainer.py INFO 361: Time for one full iteration is 44.4210 minutes
2022-02-26 01:06:54,634 auto_trainer.py INFO 360: [89/100] At ENC SNR -4.000000 dB DEC SNR -7.000000 dB, Loss: 0.0008568264 BER: 0.5009969528
2022-02-26 01:06:54,635 auto_trainer.py INFO 361: Time for one full iteration is 44.6616 minutes
2022-02-26 01:51:18,497 auto_trainer.py INFO 360: [90/100] At ENC SNR -4.000000 dB DEC SNR -7.000000 dB, Loss: 0.0008144021 BER: 0.4999969532
2022-02-26 01:51:18,498 auto_trainer.py INFO 361: Time for one full iteration is 44.3977 minutes
2022-02-26 02:36:21,654 auto_trainer.py INFO 360: [91/100] At ENC SNR -4.000000 dB DEC SNR -7.000000 dB, Loss: 0.0008810688 BER: 0.4993211949
2022-02-26 02:36:21,655 auto_trainer.py INFO 361: Time for one full iteration is 45.0526 minutes
2022-02-26 03:21:06,933 auto_trainer.py INFO 360: [92/100] At ENC SNR -4.000000 dB DEC SNR -7.000000 dB, Loss: 0.0008447052 BER: 0.5009969530
2022-02-26 03:21:06,934 auto_trainer.py INFO 361: Time for one full iteration is 44.7488 minutes
2022-02-26 04:05:45,180 auto_trainer.py INFO 360: [93/100] At ENC SNR -4.000000 dB DEC SNR -7.000000 dB, Loss: 0.0008386445 BER: 0.4997060444
2022-02-26 04:05:45,220 auto_trainer.py INFO 361: Time for one full iteration is 44.6381 minutes
2022-02-26 04:50:47,291 auto_trainer.py INFO 360: [94/100] At ENC SNR -4.000000 dB DEC SNR -7.000000 dB, Loss: 0.0009477353 BER: 0.4985363472
2022-02-26 04:50:47,291 auto_trainer.py INFO 361: Time for one full iteration is 45.0345 minutes
2022-02-26 05:36:19,371 auto_trainer.py INFO 360: [95/100] At ENC SNR -4.000000 dB DEC SNR -7.000000 dB, Loss: 0.0007780385 BER: 0.4993333163
2022-02-26 05:36:19,372 auto_trainer.py INFO 361: Time for one full iteration is 45.5347 minutes
2022-02-26 06:21:18,973 auto_trainer.py INFO 360: [96/100] At ENC SNR -4.000000 dB DEC SNR -7.000000 dB, Loss: 0.0010265233 BER: 0.5022696806
2022-02-26 06:21:18,974 auto_trainer.py INFO 361: Time for one full iteration is 44.9934 minutes
2022-02-26 07:01:08,142 auto_trainer.py INFO 360: [97/100] At ENC SNR -4.000000 dB DEC SNR -7.000000 dB, Loss: 0.0008325839 BER: 0.4998393767
2022-02-26 07:01:08,142 auto_trainer.py INFO 361: Time for one full iteration is 39.8195 minutes
2022-02-26 07:37:00,803 auto_trainer.py INFO 360: [98/100] At ENC SNR -4.000000 dB DEC SNR -7.000000 dB, Loss: 0.0008386445 BER: 0.4999605892
2022-02-26 07:37:00,803 auto_trainer.py INFO 361: Time for one full iteration is 35.8777 minutes
2022-02-26 08:14:31,320 auto_trainer.py INFO 360: [99/100] At ENC SNR -4.000000 dB DEC SNR -7.000000 dB, Loss: 0.0008750082 BER: 0.5005818017
2022-02-26 08:14:31,320 auto_trainer.py INFO 361: Time for one full iteration is 37.5086 minutes
2022-02-26 08:51:23,655 auto_trainer.py INFO 360: [100/100] At ENC SNR -4.000000 dB DEC SNR -7.000000 dB, Loss: 0.0008568264 BER: 0.4974666504
2022-02-26 08:51:23,655 auto_trainer.py INFO 361: Time for one full iteration is 36.8722 minutes
2022-02-26 08:51:23,655 auto_trainer.py WARNING 388: Finished
