2022-04-11 16:10:24,717 auto_trainer.py INFO 87: train_conf_name : c_n3_r1_m4
2022-04-11 16:10:24,717 auto_trainer.py INFO 88: Device : cuda
2022-04-11 16:10:24,718 auto_trainer.py INFO 89: conf file
2022-04-11 16:10:24,718 auto_trainer.py INFO 90: {'para': {'train_batch_size': 100000, 'train_small_batch_size': 2500, 'test_size': 10000, 'full_iterations': 100, 'enc_train_iters': 5, 'dec_train_iters': 25, 'hidden_size': 32, 'lr': 1e-05, 'seed': 1, 'n': 3, 'r': 1, 'm': 4, 'code_length': 81, 'code_dimension': 9, 'enc_train_snr': 0, 'dec_train_snr': -2, 'data_type': 'n3_r1_m4', 'logger_name': 'C_n3_r1_m4_train', 'CUDA_VISIBLE_DEVICES': '1', 'train_save_path_dir': './save/{}/C_{}', 'train_save_path_encoder': './save/{}/C_{}/enc_{}.pth', 'train_save_path_decoder': './save/{}/C_{}/dec_{}.pth', 'retrain': False, 'retrain_day': 'Jan-05-2022', 'retrain_epoch_num': 21}, 'test': {'snr_list': '-10,-9,-8,-7,-6,-5,-4,-3,-2,-1,0', 'Boosting_number_list': '1,2,3', 'day': 'Apr-11-2022', 'epoch_num': 100, 'logger_name': 'C_n3_r1_m4_test', 'test_model_path_encoder': './save/{}/C_{}/enc_{}.pth', 'test_model_path_decoder': './save/{}/C_{}/dec_{}.pth'}}
2022-04-11 16:10:24,718 auto_trainer.py INFO 91: We are on!!!
2022-04-11 16:12:15,261 auto_trainer.py INFO 87: train_conf_name : c_n3_r1_m4
2022-04-11 16:12:15,261 auto_trainer.py INFO 88: Device : cuda
2022-04-11 16:12:15,261 auto_trainer.py INFO 89: conf file
2022-04-11 16:12:15,261 auto_trainer.py INFO 90: {'para': {'train_batch_size': 100000, 'train_small_batch_size': 2500, 'test_size': 10000, 'full_iterations': 100, 'enc_train_iters': 5, 'dec_train_iters': 25, 'hidden_size': 32, 'lr': 1e-05, 'seed': 1, 'n': 3, 'r': 1, 'm': 4, 'code_length': 81, 'code_dimension': 9, 'enc_train_snr': 0, 'dec_train_snr': -2, 'data_type': 'n3_r1_m4', 'logger_name': 'C_n3_r1_m4_train', 'CUDA_VISIBLE_DEVICES': '1', 'train_save_path_dir': './save/{}/C_{}', 'train_save_path_encoder': './save/{}/C_{}/enc_{}.pth', 'train_save_path_decoder': './save/{}/C_{}/dec_{}.pth', 'retrain': False, 'retrain_day': 'Jan-05-2022', 'retrain_epoch_num': 21}, 'test': {'snr_list': '-10,-9,-8,-7,-6,-5,-4,-3,-2,-1,0', 'Boosting_number_list': '1,2,3', 'day': 'Apr-11-2022', 'epoch_num': 100, 'logger_name': 'C_n3_r1_m4_test', 'test_model_path_encoder': './save/{}/C_{}/enc_{}.pth', 'test_model_path_decoder': './save/{}/C_{}/dec_{}.pth'}}
2022-04-11 16:12:15,262 auto_trainer.py INFO 91: We are on!!!
2022-04-11 16:12:43,104 auto_trainer.py INFO 87: train_conf_name : c_n3_r1_m4
2022-04-11 16:12:43,104 auto_trainer.py INFO 88: Device : cuda
2022-04-11 16:12:43,105 auto_trainer.py INFO 89: conf file
2022-04-11 16:12:43,105 auto_trainer.py INFO 90: {'para': {'train_batch_size': 100000, 'train_small_batch_size': 2500, 'test_size': 10000, 'full_iterations': 100, 'enc_train_iters': 5, 'dec_train_iters': 25, 'hidden_size': 32, 'lr': 1e-05, 'seed': 1, 'n': 3, 'r': 1, 'm': 4, 'code_length': 81, 'code_dimension': 9, 'enc_train_snr': 0, 'dec_train_snr': -2, 'data_type': 'n3_r1_m4', 'logger_name': 'C_n3_r1_m4_train', 'CUDA_VISIBLE_DEVICES': '1', 'train_save_path_dir': './save/{}/C_{}', 'train_save_path_encoder': './save/{}/C_{}/enc_{}.pth', 'train_save_path_decoder': './save/{}/C_{}/dec_{}.pth', 'retrain': False, 'retrain_day': 'Jan-05-2022', 'retrain_epoch_num': 21}, 'test': {'snr_list': '-10,-9,-8,-7,-6,-5,-4,-3,-2,-1,0', 'Boosting_number_list': '1,2,3', 'day': 'Apr-11-2022', 'epoch_num': 100, 'logger_name': 'C_n3_r1_m4_test', 'test_model_path_encoder': './save/{}/C_{}/enc_{}.pth', 'test_model_path_decoder': './save/{}/C_{}/dec_{}.pth'}}
2022-04-11 16:12:43,105 auto_trainer.py INFO 91: We are on!!!
2022-04-11 16:13:08,340 auto_trainer.py INFO 87: train_conf_name : c_n3_r1_m4
2022-04-11 16:13:08,340 auto_trainer.py INFO 88: Device : cuda
2022-04-11 16:13:08,340 auto_trainer.py INFO 89: conf file
2022-04-11 16:13:08,340 auto_trainer.py INFO 90: {'para': {'train_batch_size': 100000, 'train_small_batch_size': 2500, 'test_size': 10000, 'full_iterations': 100, 'enc_train_iters': 5, 'dec_train_iters': 25, 'hidden_size': 32, 'lr': 1e-05, 'seed': 1, 'n': 3, 'r': 1, 'm': 4, 'code_length': 81, 'code_dimension': 9, 'enc_train_snr': 0, 'dec_train_snr': -2, 'data_type': 'n3_r1_m4', 'logger_name': 'C_n3_r1_m4_train', 'CUDA_VISIBLE_DEVICES': '1', 'train_save_path_dir': './save/{}/C_{}', 'train_save_path_encoder': './save/{}/C_{}/enc_{}.pth', 'train_save_path_decoder': './save/{}/C_{}/dec_{}.pth', 'retrain': False, 'retrain_day': 'Jan-05-2022', 'retrain_epoch_num': 21}, 'test': {'snr_list': '-10,-9,-8,-7,-6,-5,-4,-3,-2,-1,0', 'Boosting_number_list': '1,2,3', 'day': 'Apr-11-2022', 'epoch_num': 100, 'logger_name': 'C_n3_r1_m4_test', 'test_model_path_encoder': './save/{}/C_{}/enc_{}.pth', 'test_model_path_decoder': './save/{}/C_{}/dec_{}.pth'}}
2022-04-11 16:13:08,341 auto_trainer.py INFO 91: We are on!!!
2022-04-11 16:15:02,213 auto_trainer.py INFO 87: train_conf_name : c_n3_r1_m4
2022-04-11 16:15:02,213 auto_trainer.py INFO 88: Device : cuda
2022-04-11 16:15:02,213 auto_trainer.py INFO 89: conf file
2022-04-11 16:15:02,213 auto_trainer.py INFO 90: {'para': {'train_batch_size': 100000, 'train_small_batch_size': 2500, 'test_size': 10000, 'full_iterations': 100, 'enc_train_iters': 5, 'dec_train_iters': 25, 'hidden_size': 32, 'lr': 1e-05, 'seed': 1, 'n': 3, 'r': 1, 'm': 4, 'code_length': 81, 'code_dimension': 9, 'enc_train_snr': 0, 'dec_train_snr': -2, 'data_type': 'n3_r1_m4', 'logger_name': 'C_n3_r1_m4_train', 'CUDA_VISIBLE_DEVICES': '1', 'train_save_path_dir': './save/{}/C_{}', 'train_save_path_encoder': './save/{}/C_{}/enc_{}.pth', 'train_save_path_decoder': './save/{}/C_{}/dec_{}.pth', 'retrain': False, 'retrain_day': 'Jan-05-2022', 'retrain_epoch_num': 21}, 'test': {'snr_list': '-10,-9,-8,-7,-6,-5,-4,-3,-2,-1,0', 'Boosting_number_list': '1,2,3', 'day': 'Apr-11-2022', 'epoch_num': 100, 'logger_name': 'C_n3_r1_m4_test', 'test_model_path_encoder': './save/{}/C_{}/enc_{}.pth', 'test_model_path_decoder': './save/{}/C_{}/dec_{}.pth'}}
2022-04-11 16:15:02,214 auto_trainer.py INFO 91: We are on!!!
2022-04-11 16:16:19,816 auto_trainer.py INFO 87: train_conf_name : c_n3_r1_m4
2022-04-11 16:16:19,816 auto_trainer.py INFO 88: Device : cuda
2022-04-11 16:16:19,817 auto_trainer.py INFO 89: conf file
2022-04-11 16:16:19,817 auto_trainer.py INFO 90: {'para': {'train_batch_size': 100000, 'train_small_batch_size': 2500, 'test_size': 10000, 'full_iterations': 100, 'enc_train_iters': 5, 'dec_train_iters': 25, 'hidden_size': 32, 'lr': 1e-05, 'seed': 1, 'n': 3, 'r': 1, 'm': 4, 'code_length': 81, 'code_dimension': 9, 'enc_train_snr': 0, 'dec_train_snr': -2, 'data_type': 'n3_r1_m4', 'logger_name': 'C_n3_r1_m4_train', 'CUDA_VISIBLE_DEVICES': '1', 'train_save_path_dir': './save/{}/C_{}', 'train_save_path_encoder': './save/{}/C_{}/enc_{}.pth', 'train_save_path_decoder': './save/{}/C_{}/dec_{}.pth', 'retrain': False, 'retrain_day': 'Jan-05-2022', 'retrain_epoch_num': 21}, 'test': {'snr_list': '-10,-9,-8,-7,-6,-5,-4,-3,-2,-1,0', 'Boosting_number_list': '1,2,3', 'day': 'Apr-11-2022', 'epoch_num': 100, 'logger_name': 'C_n3_r1_m4_test', 'test_model_path_encoder': './save/{}/C_{}/enc_{}.pth', 'test_model_path_decoder': './save/{}/C_{}/dec_{}.pth'}}
2022-04-11 16:16:19,817 auto_trainer.py INFO 91: We are on!!!
2022-04-11 16:16:23,216 auto_trainer.py WARNING 229: Graceful Exit
2022-04-11 16:16:35,201 auto_trainer.py INFO 87: train_conf_name : c_n3_r1_m4
2022-04-11 16:16:35,201 auto_trainer.py INFO 88: Device : cuda
2022-04-11 16:16:35,201 auto_trainer.py INFO 89: conf file
2022-04-11 16:16:35,201 auto_trainer.py INFO 90: {'para': {'train_batch_size': 100000, 'train_small_batch_size': 2500, 'test_size': 10000, 'full_iterations': 100, 'enc_train_iters': 5, 'dec_train_iters': 25, 'hidden_size': 32, 'lr': 1e-05, 'seed': 1, 'n': 3, 'r': 1, 'm': 4, 'code_length': 81, 'code_dimension': 9, 'enc_train_snr': 0, 'dec_train_snr': -2, 'data_type': 'n3_r1_m4', 'logger_name': 'C_n3_r1_m4_train', 'CUDA_VISIBLE_DEVICES': '1', 'train_save_path_dir': './save/{}/C_{}', 'train_save_path_encoder': './save/{}/C_{}/enc_{}.pth', 'train_save_path_decoder': './save/{}/C_{}/dec_{}.pth', 'retrain': False, 'retrain_day': 'Jan-05-2022', 'retrain_epoch_num': 21}, 'test': {'snr_list': '-10,-9,-8,-7,-6,-5,-4,-3,-2,-1,0', 'Boosting_number_list': '1,2,3', 'day': 'Apr-11-2022', 'epoch_num': 100, 'logger_name': 'C_n3_r1_m4_test', 'test_model_path_encoder': './save/{}/C_{}/enc_{}.pth', 'test_model_path_decoder': './save/{}/C_{}/dec_{}.pth'}}
2022-04-11 16:16:35,202 auto_trainer.py INFO 91: We are on!!!
2022-04-11 16:19:00,862 auto_trainer.py INFO 204: [1/100] At ENC SNR 0.000000 dB DEC SNR -2.000000 dB, Loss: 0.0078430539 BER: 0.0000444444
2022-04-11 16:19:00,863 auto_trainer.py INFO 205: Time for one full iteration is 2.3934 minutes
2022-04-11 16:21:14,526 auto_trainer.py INFO 204: [2/100] At ENC SNR 0.000000 dB DEC SNR -2.000000 dB, Loss: 0.0078425705 BER: 0.0000444444
2022-04-11 16:21:14,526 auto_trainer.py INFO 205: Time for one full iteration is 2.2246 minutes
2022-04-11 16:23:28,263 auto_trainer.py INFO 204: [3/100] At ENC SNR 0.000000 dB DEC SNR -2.000000 dB, Loss: 0.0078425407 BER: 0.0000888889
2022-04-11 16:23:28,263 auto_trainer.py INFO 205: Time for one full iteration is 2.2289 minutes
2022-04-11 16:25:41,717 auto_trainer.py INFO 204: [4/100] At ENC SNR 0.000000 dB DEC SNR -2.000000 dB, Loss: 0.0078419270 BER: 0.0000444444
2022-04-11 16:25:41,718 auto_trainer.py INFO 205: Time for one full iteration is 2.2242 minutes
2022-04-11 16:27:55,822 auto_trainer.py INFO 204: [5/100] At ENC SNR 0.000000 dB DEC SNR -2.000000 dB, Loss: 0.0078406772 BER: 0.0000444444
2022-04-11 16:27:55,822 auto_trainer.py INFO 205: Time for one full iteration is 2.2351 minutes
2022-04-11 16:30:13,297 auto_trainer.py INFO 204: [6/100] At ENC SNR 0.000000 dB DEC SNR -2.000000 dB, Loss: 0.0078537418 BER: 0.0006666667
2022-04-11 16:30:13,297 auto_trainer.py INFO 205: Time for one full iteration is 2.2912 minutes
2022-04-11 16:32:30,146 auto_trainer.py INFO 204: [7/100] At ENC SNR 0.000000 dB DEC SNR -2.000000 dB, Loss: 0.0078399861 BER: 0.0000444444
2022-04-11 16:32:30,147 auto_trainer.py INFO 205: Time for one full iteration is 2.2808 minutes
2022-04-11 16:34:47,920 auto_trainer.py INFO 204: [8/100] At ENC SNR 0.000000 dB DEC SNR -2.000000 dB, Loss: 0.0078489808 BER: 0.0003555556
2022-04-11 16:34:47,920 auto_trainer.py INFO 205: Time for one full iteration is 2.2962 minutes
2022-04-11 16:37:04,566 auto_trainer.py INFO 204: [9/100] At ENC SNR 0.000000 dB DEC SNR -2.000000 dB, Loss: 0.0078450693 BER: 0.0001777778
2022-04-11 16:37:04,567 auto_trainer.py INFO 205: Time for one full iteration is 2.2774 minutes
2022-04-11 16:39:22,262 auto_trainer.py INFO 204: [10/100] At ENC SNR 0.000000 dB DEC SNR -2.000000 dB, Loss: 0.0078408970 BER: 0.0000000000
2022-04-11 16:39:22,262 auto_trainer.py INFO 205: Time for one full iteration is 2.2949 minutes
2022-04-11 16:41:39,270 auto_trainer.py INFO 204: [11/100] At ENC SNR 0.000000 dB DEC SNR -2.000000 dB, Loss: 0.0078436648 BER: 0.0002222222
2022-04-11 16:41:39,271 auto_trainer.py INFO 205: Time for one full iteration is 2.2835 minutes
2022-04-11 16:43:56,691 auto_trainer.py INFO 204: [12/100] At ENC SNR 0.000000 dB DEC SNR -2.000000 dB, Loss: 0.0078467978 BER: 0.0002666667
2022-04-11 16:43:56,692 auto_trainer.py INFO 205: Time for one full iteration is 2.2870 minutes
2022-04-11 16:44:21,019 auto_trainer.py WARNING 229: Graceful Exit
2022-04-11 16:52:02,153 auto_trainer.py INFO 87: train_conf_name : c_n3_r1_m4
2022-04-11 16:52:02,153 auto_trainer.py INFO 88: Device : cuda
2022-04-11 16:52:02,153 auto_trainer.py INFO 89: conf file
2022-04-11 16:52:02,153 auto_trainer.py INFO 90: {'para': {'train_batch_size': 100000, 'train_small_batch_size': 2500, 'test_size': 10000, 'full_iterations': 100, 'enc_train_iters': 5, 'dec_train_iters': 25, 'hidden_size': 32, 'lr': 1e-05, 'seed': 1, 'n': 3, 'r': 1, 'm': 4, 'code_length': 81, 'code_dimension': 9, 'enc_train_snr': 0, 'dec_train_snr': -2, 'data_type': 'n3_r1_m4', 'logger_name': 'C_n3_r1_m4_train', 'CUDA_VISIBLE_DEVICES': '1', 'train_save_path_dir': './save/{}/C_{}', 'train_save_path_encoder': './save/{}/C_{}/enc_{}.pth', 'train_save_path_decoder': './save/{}/C_{}/dec_{}.pth', 'retrain': False, 'retrain_day': 'Jan-05-2022', 'retrain_epoch_num': 21}, 'test': {'snr_list': '-10,-9,-8,-7,-6,-5,-4,-3,-2,-1,0', 'Boosting_number_list': '1,2,3', 'day': 'Apr-11-2022', 'epoch_num': 1, 'logger_name': 'C_n3_r1_m4_test', 'test_model_path_encoder': './save/{}/C_{}/enc_{}.pth', 'test_model_path_decoder': './save/{}/C_{}/dec_{}.pth'}}
2022-04-11 16:52:02,153 auto_trainer.py INFO 91: We are on!!!
2022-04-11 16:52:44,486 auto_trainer.py WARNING 229: Graceful Exit
2022-04-11 16:52:46,651 auto_trainer.py INFO 87: train_conf_name : c_n3_r1_m4
2022-04-11 16:52:46,652 auto_trainer.py INFO 88: Device : cuda
2022-04-11 16:52:46,652 auto_trainer.py INFO 89: conf file
2022-04-11 16:52:46,652 auto_trainer.py INFO 90: {'para': {'train_batch_size': 100000, 'train_small_batch_size': 2500, 'test_size': 10000, 'full_iterations': 100, 'enc_train_iters': 5, 'dec_train_iters': 25, 'hidden_size': 32, 'lr': 1e-05, 'seed': 1, 'n': 3, 'r': 1, 'm': 4, 'code_length': 81, 'code_dimension': 9, 'enc_train_snr': 0, 'dec_train_snr': -2, 'data_type': 'n3_r1_m4', 'logger_name': 'C_n3_r1_m4_train', 'CUDA_VISIBLE_DEVICES': '1', 'train_save_path_dir': './save/{}/C_{}', 'train_save_path_encoder': './save/{}/C_{}/enc_{}.pth', 'train_save_path_decoder': './save/{}/C_{}/dec_{}.pth', 'retrain': False, 'retrain_day': 'Jan-05-2022', 'retrain_epoch_num': 21}, 'test': {'snr_list': '-10,-9,-8,-7,-6,-5,-4,-3,-2,-1,0', 'Boosting_number_list': '1,2,3', 'day': 'Apr-11-2022', 'epoch_num': 1, 'logger_name': 'C_n3_r1_m4_test', 'test_model_path_encoder': './save/{}/C_{}/enc_{}.pth', 'test_model_path_decoder': './save/{}/C_{}/dec_{}.pth'}}
2022-04-11 16:52:46,652 auto_trainer.py INFO 91: We are on!!!
2022-04-11 16:54:57,191 auto_trainer.py INFO 87: train_conf_name : c_n3_r1_m4
2022-04-11 16:54:57,192 auto_trainer.py INFO 88: Device : cuda
2022-04-11 16:54:57,192 auto_trainer.py INFO 89: conf file
2022-04-11 16:54:57,192 auto_trainer.py INFO 90: {'para': {'train_batch_size': 100000, 'train_small_batch_size': 2500, 'test_size': 10000, 'full_iterations': 100, 'enc_train_iters': 5, 'dec_train_iters': 25, 'hidden_size': 32, 'lr': 1e-05, 'seed': 1, 'n': 3, 'r': 1, 'm': 4, 'code_length': 81, 'code_dimension': 9, 'enc_train_snr': 0, 'dec_train_snr': -2, 'data_type': 'n3_r1_m4', 'logger_name': 'C_n3_r1_m4_train', 'CUDA_VISIBLE_DEVICES': '1', 'train_save_path_dir': './save/{}/C_{}', 'train_save_path_encoder': './save/{}/C_{}/enc_{}.pth', 'train_save_path_decoder': './save/{}/C_{}/dec_{}.pth', 'retrain': False, 'retrain_day': 'Jan-05-2022', 'retrain_epoch_num': 21}, 'test': {'snr_list': '-10,-9,-8,-7,-6,-5,-4,-3,-2,-1,0', 'Boosting_number_list': '1,2,3', 'day': 'Apr-11-2022', 'epoch_num': 1, 'logger_name': 'C_n3_r1_m4_test', 'test_model_path_encoder': './save/{}/C_{}/enc_{}.pth', 'test_model_path_decoder': './save/{}/C_{}/dec_{}.pth'}}
2022-04-11 16:54:57,192 auto_trainer.py INFO 91: We are on!!!
2022-04-11 16:56:13,327 auto_trainer.py WARNING 229: Graceful Exit
2022-04-11 16:56:15,813 auto_trainer.py INFO 87: train_conf_name : c_n3_r1_m4
2022-04-11 16:56:15,813 auto_trainer.py INFO 88: Device : cuda
2022-04-11 16:56:15,813 auto_trainer.py INFO 89: conf file
2022-04-11 16:56:15,813 auto_trainer.py INFO 90: {'para': {'train_batch_size': 100000, 'train_small_batch_size': 2500, 'test_size': 10000, 'full_iterations': 100, 'enc_train_iters': 5, 'dec_train_iters': 25, 'hidden_size': 32, 'lr': 1e-05, 'seed': 1, 'n': 3, 'r': 1, 'm': 4, 'code_length': 81, 'code_dimension': 9, 'enc_train_snr': 0, 'dec_train_snr': -2, 'data_type': 'n3_r1_m4', 'logger_name': 'C_n3_r1_m4_train', 'CUDA_VISIBLE_DEVICES': '1', 'train_save_path_dir': './save/{}/C_{}', 'train_save_path_encoder': './save/{}/C_{}/enc_{}.pth', 'train_save_path_decoder': './save/{}/C_{}/dec_{}.pth', 'retrain': False, 'retrain_day': 'Jan-05-2022', 'retrain_epoch_num': 21}, 'test': {'snr_list': '-10,-9,-8,-7,-6,-5,-4,-3,-2,-1,0', 'Boosting_number_list': '1,2,3', 'day': 'Apr-11-2022', 'epoch_num': 1, 'logger_name': 'C_n3_r1_m4_test', 'test_model_path_encoder': './save/{}/C_{}/enc_{}.pth', 'test_model_path_decoder': './save/{}/C_{}/dec_{}.pth'}}
2022-04-11 16:56:15,814 auto_trainer.py INFO 91: We are on!!!
2022-04-11 17:06:06,916 auto_trainer.py INFO 204: [1/100] At ENC SNR 0.000000 dB DEC SNR -2.000000 dB, Loss: 0.0078490498 BER: 0.0003555556
2022-04-11 17:06:06,916 auto_trainer.py INFO 205: Time for one full iteration is 9.8016 minutes
2022-04-11 17:06:15,623 auto_trainer.py WARNING 229: Graceful Exit
2022-04-11 17:07:41,782 auto_trainer.py INFO 87: train_conf_name : c_n3_r1_m4
2022-04-11 17:07:41,782 auto_trainer.py INFO 88: Device : cuda
2022-04-11 17:07:41,782 auto_trainer.py INFO 89: conf file
2022-04-11 17:07:41,782 auto_trainer.py INFO 90: {'para': {'train_batch_size': 100000, 'train_small_batch_size': 2500, 'test_size': 10000, 'full_iterations': 100, 'enc_train_iters': 5, 'dec_train_iters': 25, 'hidden_size': 32, 'lr': 1e-05, 'seed': 1, 'n': 3, 'r': 1, 'm': 4, 'code_length': 81, 'code_dimension': 9, 'enc_train_snr': 0, 'dec_train_snr': -2, 'data_type': 'n3_r1_m4', 'logger_name': 'C_n3_r1_m4_train', 'CUDA_VISIBLE_DEVICES': '1', 'train_save_path_dir': './save/{}/C_{}', 'train_save_path_encoder': './save/{}/C_{}/enc_{}.pth', 'train_save_path_decoder': './save/{}/C_{}/dec_{}.pth', 'retrain': False, 'retrain_day': 'Jan-05-2022', 'retrain_epoch_num': 21}, 'test': {'snr_list': '-10,-9,-8,-7,-6,-5,-4,-3,-2,-1,0', 'Boosting_number_list': '1,2,3', 'day': 'Apr-11-2022', 'epoch_num': 1, 'logger_name': 'C_n3_r1_m4_test', 'test_model_path_encoder': './save/{}/C_{}/enc_{}.pth', 'test_model_path_decoder': './save/{}/C_{}/dec_{}.pth'}}
2022-04-11 17:07:41,783 auto_trainer.py INFO 91: We are on!!!
2022-04-11 17:07:43,770 auto_trainer.py WARNING 229: Graceful Exit
2022-04-11 17:12:25,672 auto_trainer.py INFO 87: train_conf_name : c_n3_r1_m4
2022-04-11 17:12:25,672 auto_trainer.py INFO 88: Device : cuda
2022-04-11 17:12:25,672 auto_trainer.py INFO 89: conf file
2022-04-11 17:12:25,672 auto_trainer.py INFO 90: {'para': {'train_batch_size': 100000, 'train_small_batch_size': 2500, 'test_size': 10000, 'full_iterations': 100, 'enc_train_iters': 5, 'dec_train_iters': 25, 'hidden_size': 32, 'lr': 1e-05, 'seed': 1, 'n': 3, 'r': 1, 'm': 4, 'code_length': 81, 'code_dimension': 9, 'enc_train_snr': 0, 'dec_train_snr': -2, 'data_type': 'n3_r1_m4', 'logger_name': 'C_n3_r1_m4_train', 'CUDA_VISIBLE_DEVICES': '1', 'train_save_path_dir': './save/{}/C_{}', 'train_save_path_encoder': './save/{}/C_{}/enc_{}.pth', 'train_save_path_decoder': './save/{}/C_{}/dec_{}.pth', 'retrain': False, 'retrain_day': 'Jan-05-2022', 'retrain_epoch_num': 21}, 'test': {'snr_list': '-10,-9,-8,-7,-6,-5,-4,-3,-2,-1,0', 'Boosting_number_list': '1,2,3', 'day': 'Apr-11-2022', 'epoch_num': 1, 'logger_name': 'C_n3_r1_m4_test', 'test_model_path_encoder': './save/{}/C_{}/enc_{}.pth', 'test_model_path_decoder': './save/{}/C_{}/dec_{}.pth'}}
2022-04-11 17:12:25,672 auto_trainer.py INFO 91: We are on!!!
2022-04-11 17:13:00,172 auto_trainer.py INFO 87: train_conf_name : c_n3_r1_m4
2022-04-11 17:13:00,172 auto_trainer.py INFO 88: Device : cuda
2022-04-11 17:13:00,172 auto_trainer.py INFO 89: conf file
2022-04-11 17:13:00,172 auto_trainer.py INFO 90: {'para': {'train_batch_size': 100000, 'train_small_batch_size': 2500, 'test_size': 10000, 'full_iterations': 100, 'enc_train_iters': 5, 'dec_train_iters': 25, 'hidden_size': 32, 'lr': 1e-05, 'seed': 1, 'n': 3, 'r': 1, 'm': 4, 'code_length': 81, 'code_dimension': 9, 'enc_train_snr': 0, 'dec_train_snr': -2, 'data_type': 'n3_r1_m4', 'logger_name': 'C_n3_r1_m4_train', 'CUDA_VISIBLE_DEVICES': '1', 'train_save_path_dir': './save/{}/C_{}', 'train_save_path_encoder': './save/{}/C_{}/enc_{}.pth', 'train_save_path_decoder': './save/{}/C_{}/dec_{}.pth', 'retrain': False, 'retrain_day': 'Jan-05-2022', 'retrain_epoch_num': 21}, 'test': {'snr_list': '-10,-9,-8,-7,-6,-5,-4,-3,-2,-1,0', 'Boosting_number_list': '1,2,3', 'day': 'Apr-11-2022', 'epoch_num': 1, 'logger_name': 'C_n3_r1_m4_test', 'test_model_path_encoder': './save/{}/C_{}/enc_{}.pth', 'test_model_path_decoder': './save/{}/C_{}/dec_{}.pth'}}
2022-04-11 17:13:00,173 auto_trainer.py INFO 91: We are on!!!
2022-04-11 17:15:19,473 auto_trainer.py INFO 204: [1/100] At ENC SNR 0.000000 dB DEC SNR -2.000000 dB, Loss: 0.0079669924 BER: 0.0024000001
2022-04-11 17:15:19,473 auto_trainer.py INFO 205: Time for one full iteration is 2.2894 minutes
2022-04-11 17:15:26,402 auto_trainer.py WARNING 229: Graceful Exit
2022-04-11 17:28:53,864 auto_trainer.py INFO 87: train_conf_name : c_n3_r1_m4
2022-04-11 17:28:53,864 auto_trainer.py INFO 88: Device : cuda
2022-04-11 17:28:53,864 auto_trainer.py INFO 89: conf file
2022-04-11 17:28:53,865 auto_trainer.py INFO 90: {'para': {'train_batch_size': 100000, 'train_small_batch_size': 2500, 'test_size': 10000, 'full_iterations': 100, 'enc_train_iters': 5, 'dec_train_iters': 25, 'hidden_size': 32, 'lr': 1e-05, 'seed': 1, 'n': 3, 'r': 1, 'm': 4, 'code_length': 81, 'code_dimension': 9, 'enc_train_snr': 0, 'dec_train_snr': -2, 'data_type': 'n3_r1_m4', 'logger_name': 'C_n3_r1_m4_train', 'CUDA_VISIBLE_DEVICES': '1', 'train_save_path_dir': './save/{}/C_{}', 'train_save_path_encoder': './save/{}/C_{}/enc_{}.pth', 'train_save_path_decoder': './save/{}/C_{}/dec_{}.pth', 'retrain': False, 'retrain_day': 'Jan-05-2022', 'retrain_epoch_num': 21}, 'test': {'snr_list': '-10,-9,-8,-7,-6,-5,-4,-3,-2,-1,0', 'Boosting_number_list': '1,2,3', 'day': 'Apr-11-2022', 'epoch_num': 1, 'logger_name': 'C_n3_r1_m4_test', 'test_model_path_encoder': './save/{}/C_{}/enc_{}.pth', 'test_model_path_decoder': './save/{}/C_{}/dec_{}.pth'}}
2022-04-11 17:28:53,865 auto_trainer.py INFO 91: We are on!!!
2022-04-11 17:31:05,415 auto_trainer.py INFO 204: [1/100] At ENC SNR 0.000000 dB DEC SNR -2.000000 dB, Loss: 0.0079005240 BER: 0.0023555555
2022-04-11 17:31:05,415 auto_trainer.py INFO 205: Time for one full iteration is 2.1609 minutes
2022-04-11 17:31:07,907 auto_trainer.py WARNING 229: Graceful Exit
2022-04-11 17:38:18,438 auto_trainer.py INFO 87: train_conf_name : c_n3_r1_m4
2022-04-11 17:38:18,439 auto_trainer.py INFO 88: Device : cuda
2022-04-11 17:38:18,439 auto_trainer.py INFO 89: conf file
2022-04-11 17:38:18,439 auto_trainer.py INFO 90: {'para': {'train_batch_size': 100000, 'train_small_batch_size': 2500, 'test_size': 10000, 'full_iterations': 100, 'enc_train_iters': 5, 'dec_train_iters': 25, 'hidden_size': 64, 'lr': 1e-05, 'seed': 1, 'n': 3, 'r': 1, 'm': 4, 'code_length': 81, 'code_dimension': 9, 'enc_train_snr': 0, 'dec_train_snr': -2, 'data_type': 'n3_r1_m4', 'logger_name': 'C_n3_r1_m4_train', 'CUDA_VISIBLE_DEVICES': '1', 'train_save_path_dir': './save/{}/C_{}', 'train_save_path_encoder': './save/{}/C_{}/enc_{}.pth', 'train_save_path_decoder': './save/{}/C_{}/dec_{}.pth', 'retrain': False, 'retrain_day': 'Jan-05-2022', 'retrain_epoch_num': 21}, 'test': {'snr_list': '-10,-9,-8,-7,-6,-5,-4,-3,-2,-1,0', 'Boosting_number_list': '1,2,3', 'day': 'Apr-11-2022', 'epoch_num': 1, 'logger_name': 'C_n3_r1_m4_test', 'test_model_path_encoder': './save/{}/C_{}/enc_{}.pth', 'test_model_path_decoder': './save/{}/C_{}/dec_{}.pth'}}
2022-04-11 17:38:18,439 auto_trainer.py INFO 91: We are on!!!
2022-04-11 17:40:49,925 auto_trainer.py INFO 204: [1/100] At ENC SNR 0.000000 dB DEC SNR -2.000000 dB, Loss: 0.0078973500 BER: 0.0022666666
2022-04-11 17:40:49,926 auto_trainer.py INFO 205: Time for one full iteration is 2.4898 minutes
2022-04-11 17:40:52,973 auto_trainer.py WARNING 229: Graceful Exit
2022-04-11 17:43:57,675 auto_trainer.py INFO 87: train_conf_name : c_n3_r1_m4
2022-04-11 17:43:57,675 auto_trainer.py INFO 88: Device : cuda
2022-04-11 17:43:57,675 auto_trainer.py INFO 89: conf file
2022-04-11 17:43:57,675 auto_trainer.py INFO 90: {'para': {'train_batch_size': 100000, 'train_small_batch_size': 2500, 'test_size': 100000, 'full_iterations': 100, 'enc_train_iters': 5, 'dec_train_iters': 25, 'hidden_size': 32, 'lr': 1e-05, 'seed': 1, 'n': 3, 'r': 1, 'm': 4, 'code_length': 81, 'code_dimension': 9, 'enc_train_snr': 0, 'dec_train_snr': -2, 'data_type': 'n3_r1_m4', 'logger_name': 'C_n3_r1_m4_train', 'CUDA_VISIBLE_DEVICES': '1', 'train_save_path_dir': './save/{}/C_{}', 'train_save_path_encoder': './save/{}/C_{}/enc_{}.pth', 'train_save_path_decoder': './save/{}/C_{}/dec_{}.pth', 'retrain': False, 'retrain_day': 'Jan-05-2022', 'retrain_epoch_num': 21}, 'test': {'snr_list': '-10,-9,-8,-7,-6,-5,-4,-3,-2,-1,0', 'Boosting_number_list': '1,2,3', 'day': 'Apr-11-2022', 'epoch_num': 1, 'logger_name': 'C_n3_r1_m4_test', 'test_model_path_encoder': './save/{}/C_{}/enc_{}.pth', 'test_model_path_decoder': './save/{}/C_{}/dec_{}.pth'}}
2022-04-11 17:43:57,675 auto_trainer.py INFO 91: We are on!!!
2022-04-11 17:44:48,393 auto_trainer.py INFO 87: train_conf_name : c_n3_r1_m4
2022-04-11 17:44:48,393 auto_trainer.py INFO 88: Device : cuda
2022-04-11 17:44:48,393 auto_trainer.py INFO 89: conf file
2022-04-11 17:44:48,393 auto_trainer.py INFO 90: {'para': {'train_batch_size': 100000, 'train_small_batch_size': 2500, 'test_size': 100000, 'full_iterations': 100, 'enc_train_iters': 5, 'dec_train_iters': 25, 'hidden_size': 32, 'lr': 1e-05, 'seed': 1, 'n': 3, 'r': 1, 'm': 4, 'code_length': 81, 'code_dimension': 9, 'enc_train_snr': 0, 'dec_train_snr': -2, 'data_type': 'n3_r1_m4', 'logger_name': 'C_n3_r1_m4_train', 'CUDA_VISIBLE_DEVICES': '1', 'train_save_path_dir': './save/{}/C_{}', 'train_save_path_encoder': './save/{}/C_{}/enc_{}.pth', 'train_save_path_decoder': './save/{}/C_{}/dec_{}.pth', 'retrain': False, 'retrain_day': 'Jan-05-2022', 'retrain_epoch_num': 21}, 'test': {'snr_list': '-10,-9,-8,-7,-6,-5,-4,-3,-2,-1,0', 'Boosting_number_list': '1,2,3', 'day': 'Apr-11-2022', 'epoch_num': 1, 'logger_name': 'C_n3_r1_m4_test', 'test_model_path_encoder': './save/{}/C_{}/enc_{}.pth', 'test_model_path_decoder': './save/{}/C_{}/dec_{}.pth'}}
2022-04-11 17:44:48,393 auto_trainer.py INFO 91: We are on!!!
2022-04-11 17:47:01,481 auto_trainer.py INFO 204: [1/100] At ENC SNR 0.000000 dB DEC SNR -2.000000 dB, Loss: 0.0078490498 BER: 0.0003555556
2022-04-11 17:47:01,481 auto_trainer.py INFO 205: Time for one full iteration is 2.1853 minutes
2022-04-11 17:48:07,716 auto_trainer.py INFO 87: train_conf_name : c_n3_r1_m4
2022-04-11 17:48:07,716 auto_trainer.py INFO 88: Device : cuda
2022-04-11 17:48:07,716 auto_trainer.py INFO 89: conf file
2022-04-11 17:48:07,716 auto_trainer.py INFO 90: {'para': {'train_batch_size': 100000, 'train_small_batch_size': 2500, 'test_size': 100000, 'full_iterations': 100, 'enc_train_iters': 5, 'dec_train_iters': 25, 'hidden_size': 32, 'lr': 1e-05, 'seed': 1, 'n': 3, 'r': 1, 'm': 4, 'code_length': 81, 'code_dimension': 9, 'enc_train_snr': 0, 'dec_train_snr': -2, 'data_type': 'n3_r1_m4', 'logger_name': 'C_n3_r1_m4_train', 'CUDA_VISIBLE_DEVICES': '1', 'train_save_path_dir': './save/{}/C_{}', 'train_save_path_encoder': './save/{}/C_{}/enc_{}.pth', 'train_save_path_decoder': './save/{}/C_{}/dec_{}.pth', 'retrain': False, 'retrain_day': 'Jan-05-2022', 'retrain_epoch_num': 21}, 'test': {'snr_list': '-10,-9,-8,-7,-6,-5,-4,-3,-2,-1,0', 'Boosting_number_list': '1,2,3', 'day': 'Apr-11-2022', 'epoch_num': 100, 'logger_name': 'C_n3_r1_m4_test', 'test_model_path_encoder': './save/{}/C_{}/enc_{}.pth', 'test_model_path_decoder': './save/{}/C_{}/dec_{}.pth'}}
2022-04-11 17:48:07,716 auto_trainer.py INFO 91: We are on!!!
2022-04-11 17:50:23,197 auto_trainer.py INFO 204: [1/100] At ENC SNR 0.000000 dB DEC SNR -2.000000 dB, Loss: 0.0078490498 BER: 0.0003555556
2022-04-11 17:50:23,197 auto_trainer.py INFO 205: Time for one full iteration is 2.2269 minutes
2022-04-11 17:52:36,375 auto_trainer.py INFO 204: [2/100] At ENC SNR 0.000000 dB DEC SNR -2.000000 dB, Loss: 0.0078422204 BER: 0.0001777778
2022-04-11 17:52:36,375 auto_trainer.py INFO 205: Time for one full iteration is 2.2163 minutes
2022-04-11 17:54:49,024 auto_trainer.py INFO 204: [3/100] At ENC SNR 0.000000 dB DEC SNR -2.000000 dB, Loss: 0.0078459522 BER: 0.0002666667
2022-04-11 17:54:49,024 auto_trainer.py INFO 205: Time for one full iteration is 2.2108 minutes
2022-04-11 17:57:01,661 auto_trainer.py INFO 204: [4/100] At ENC SNR 0.000000 dB DEC SNR -2.000000 dB, Loss: 0.0078445487 BER: 0.0000888889
2022-04-11 17:57:01,662 auto_trainer.py INFO 205: Time for one full iteration is 2.2106 minutes
2022-04-11 17:59:14,386 auto_trainer.py INFO 204: [5/100] At ENC SNR 0.000000 dB DEC SNR -2.000000 dB, Loss: 0.0078477198 BER: 0.0003111111
2022-04-11 17:59:14,387 auto_trainer.py INFO 205: Time for one full iteration is 2.2121 minutes
2022-04-11 18:01:27,057 auto_trainer.py INFO 204: [6/100] At ENC SNR 0.000000 dB DEC SNR -2.000000 dB, Loss: 0.0078436537 BER: 0.0001777778
2022-04-11 18:01:27,058 auto_trainer.py INFO 205: Time for one full iteration is 2.2112 minutes
2022-04-11 18:03:39,799 auto_trainer.py INFO 204: [7/100] At ENC SNR 0.000000 dB DEC SNR -2.000000 dB, Loss: 0.0078447936 BER: 0.0001777778
2022-04-11 18:03:39,799 auto_trainer.py INFO 205: Time for one full iteration is 2.2124 minutes
2022-04-11 18:05:52,410 auto_trainer.py INFO 204: [8/100] At ENC SNR 0.000000 dB DEC SNR -2.000000 dB, Loss: 0.0078477776 BER: 0.0002666667
2022-04-11 18:05:52,411 auto_trainer.py INFO 205: Time for one full iteration is 2.2102 minutes
2022-04-11 18:08:05,206 auto_trainer.py INFO 204: [9/100] At ENC SNR 0.000000 dB DEC SNR -2.000000 dB, Loss: 0.0078435875 BER: 0.0001333333
2022-04-11 18:08:05,206 auto_trainer.py INFO 205: Time for one full iteration is 2.2133 minutes
2022-04-11 18:10:17,877 auto_trainer.py INFO 204: [10/100] At ENC SNR 0.000000 dB DEC SNR -2.000000 dB, Loss: 0.0078438334 BER: 0.0001333333
2022-04-11 18:10:17,878 auto_trainer.py INFO 205: Time for one full iteration is 2.2112 minutes
2022-04-11 18:12:30,646 auto_trainer.py INFO 204: [11/100] At ENC SNR 0.000000 dB DEC SNR -2.000000 dB, Loss: 0.0078481156 BER: 0.0003111111
2022-04-11 18:12:30,647 auto_trainer.py INFO 205: Time for one full iteration is 2.2128 minutes
2022-04-11 18:14:43,548 auto_trainer.py INFO 204: [12/100] At ENC SNR 0.000000 dB DEC SNR -2.000000 dB, Loss: 0.0078483867 BER: 0.0003111111
2022-04-11 18:14:43,549 auto_trainer.py INFO 205: Time for one full iteration is 2.2114 minutes
2022-04-11 18:16:56,191 auto_trainer.py INFO 204: [13/100] At ENC SNR 0.000000 dB DEC SNR -2.000000 dB, Loss: 0.0078418218 BER: 0.0000444444
2022-04-11 18:16:56,191 auto_trainer.py INFO 205: Time for one full iteration is 2.2107 minutes
2022-04-11 18:19:08,772 auto_trainer.py INFO 204: [14/100] At ENC SNR 0.000000 dB DEC SNR -2.000000 dB, Loss: 0.0078468183 BER: 0.0002222222
2022-04-11 18:19:08,773 auto_trainer.py INFO 205: Time for one full iteration is 2.2097 minutes
2022-04-11 18:21:21,465 auto_trainer.py INFO 204: [15/100] At ENC SNR 0.000000 dB DEC SNR -2.000000 dB, Loss: 0.0078493757 BER: 0.0002666667
2022-04-11 18:21:21,465 auto_trainer.py INFO 205: Time for one full iteration is 2.2115 minutes
2022-04-11 18:23:34,063 auto_trainer.py INFO 204: [16/100] At ENC SNR 0.000000 dB DEC SNR -2.000000 dB, Loss: 0.0078538414 BER: 0.0005777778
2022-04-11 18:23:34,063 auto_trainer.py INFO 205: Time for one full iteration is 2.2100 minutes
2022-04-11 18:25:46,670 auto_trainer.py INFO 204: [17/100] At ENC SNR 0.000000 dB DEC SNR -2.000000 dB, Loss: 0.0078507066 BER: 0.0003555556
2022-04-11 18:25:46,671 auto_trainer.py INFO 205: Time for one full iteration is 2.2101 minutes
2022-04-11 18:27:59,250 auto_trainer.py INFO 204: [18/100] At ENC SNR 0.000000 dB DEC SNR -2.000000 dB, Loss: 0.0078515075 BER: 0.0004444444
2022-04-11 18:27:59,251 auto_trainer.py INFO 205: Time for one full iteration is 2.2097 minutes
2022-04-11 18:30:11,889 auto_trainer.py INFO 204: [19/100] At ENC SNR 0.000000 dB DEC SNR -2.000000 dB, Loss: 0.0078415778 BER: 0.0000444444
2022-04-11 18:30:11,890 auto_trainer.py INFO 205: Time for one full iteration is 2.2106 minutes
2022-04-11 18:32:24,574 auto_trainer.py INFO 204: [20/100] At ENC SNR 0.000000 dB DEC SNR -2.000000 dB, Loss: 0.0078495815 BER: 0.0003111111
2022-04-11 18:32:24,575 auto_trainer.py INFO 205: Time for one full iteration is 2.2114 minutes
2022-04-11 18:34:37,242 auto_trainer.py INFO 204: [21/100] At ENC SNR 0.000000 dB DEC SNR -2.000000 dB, Loss: 0.0078495443 BER: 0.0004444444
2022-04-11 18:34:37,243 auto_trainer.py INFO 205: Time for one full iteration is 2.2111 minutes
2022-04-11 18:36:50,164 auto_trainer.py INFO 204: [22/100] At ENC SNR 0.000000 dB DEC SNR -2.000000 dB, Loss: 0.0078546833 BER: 0.0005777778
2022-04-11 18:36:50,165 auto_trainer.py INFO 205: Time for one full iteration is 2.2114 minutes
2022-04-11 18:39:02,944 auto_trainer.py INFO 204: [23/100] At ENC SNR 0.000000 dB DEC SNR -2.000000 dB, Loss: 0.0078533981 BER: 0.0004444444
2022-04-11 18:39:02,944 auto_trainer.py INFO 205: Time for one full iteration is 2.2130 minutes
2022-04-11 18:41:15,714 auto_trainer.py INFO 204: [24/100] At ENC SNR 0.000000 dB DEC SNR -2.000000 dB, Loss: 0.0078416122 BER: 0.0000888889
2022-04-11 18:41:15,714 auto_trainer.py INFO 205: Time for one full iteration is 2.2128 minutes
2022-04-11 18:43:28,601 auto_trainer.py INFO 204: [25/100] At ENC SNR 0.000000 dB DEC SNR -2.000000 dB, Loss: 0.0078424877 BER: 0.0000888889
2022-04-11 18:43:28,601 auto_trainer.py INFO 205: Time for one full iteration is 2.2148 minutes
2022-04-11 18:45:41,437 auto_trainer.py INFO 204: [26/100] At ENC SNR 0.000000 dB DEC SNR -2.000000 dB, Loss: 0.0078417901 BER: 0.0000444444
2022-04-11 18:45:41,438 auto_trainer.py INFO 205: Time for one full iteration is 2.2139 minutes
2022-04-11 18:47:54,210 auto_trainer.py INFO 204: [27/100] At ENC SNR 0.000000 dB DEC SNR -2.000000 dB, Loss: 0.0078448476 BER: 0.0001333333
2022-04-11 18:47:54,211 auto_trainer.py INFO 205: Time for one full iteration is 2.2129 minutes
2022-04-11 18:50:06,987 auto_trainer.py INFO 204: [28/100] At ENC SNR 0.000000 dB DEC SNR -2.000000 dB, Loss: 0.0078549599 BER: 0.0006222222
2022-04-11 18:50:06,987 auto_trainer.py INFO 205: Time for one full iteration is 2.2129 minutes
2022-04-11 18:52:19,840 auto_trainer.py INFO 204: [29/100] At ENC SNR 0.000000 dB DEC SNR -2.000000 dB, Loss: 0.0078429040 BER: 0.0001333333
2022-04-11 18:52:19,841 auto_trainer.py INFO 205: Time for one full iteration is 2.2142 minutes
2022-04-11 18:54:41,785 auto_trainer.py INFO 204: [30/100] At ENC SNR 0.000000 dB DEC SNR -2.000000 dB, Loss: 0.0078483522 BER: 0.0002666667
2022-04-11 18:54:41,786 auto_trainer.py INFO 205: Time for one full iteration is 2.3658 minutes
2022-04-11 18:57:03,181 auto_trainer.py INFO 204: [31/100] At ENC SNR 0.000000 dB DEC SNR -2.000000 dB, Loss: 0.0078458190 BER: 0.0001777778
2022-04-11 18:57:03,181 auto_trainer.py INFO 205: Time for one full iteration is 2.3566 minutes
2022-04-11 18:59:23,893 auto_trainer.py INFO 204: [32/100] At ENC SNR 0.000000 dB DEC SNR -2.000000 dB, Loss: 0.0078473454 BER: 0.0002666667
2022-04-11 18:59:23,894 auto_trainer.py INFO 205: Time for one full iteration is 2.3416 minutes
2022-04-11 19:01:45,912 auto_trainer.py INFO 204: [33/100] At ENC SNR 0.000000 dB DEC SNR -2.000000 dB, Loss: 0.0078452416 BER: 0.0000888889
2022-04-11 19:01:45,913 auto_trainer.py INFO 205: Time for one full iteration is 2.3670 minutes
2022-04-11 19:04:04,903 auto_trainer.py INFO 204: [34/100] At ENC SNR 0.000000 dB DEC SNR -2.000000 dB, Loss: 0.0078527713 BER: 0.0005333333
2022-04-11 19:04:04,903 auto_trainer.py INFO 205: Time for one full iteration is 2.3165 minutes
2022-04-11 19:06:31,288 auto_trainer.py INFO 204: [35/100] At ENC SNR 0.000000 dB DEC SNR -2.000000 dB, Loss: 0.0078452351 BER: 0.0002222222
2022-04-11 19:06:31,288 auto_trainer.py INFO 205: Time for one full iteration is 2.4397 minutes
2022-04-11 19:08:55,531 auto_trainer.py INFO 204: [36/100] At ENC SNR 0.000000 dB DEC SNR -2.000000 dB, Loss: 0.0078427177 BER: 0.0001777778
2022-04-11 19:08:55,532 auto_trainer.py INFO 205: Time for one full iteration is 2.4041 minutes
2022-04-11 19:11:17,360 auto_trainer.py INFO 204: [37/100] At ENC SNR 0.000000 dB DEC SNR -2.000000 dB, Loss: 0.0078464281 BER: 0.0001777778
2022-04-11 19:11:17,361 auto_trainer.py INFO 205: Time for one full iteration is 2.3638 minutes
2022-04-11 19:13:39,576 auto_trainer.py INFO 204: [38/100] At ENC SNR 0.000000 dB DEC SNR -2.000000 dB, Loss: 0.0078483913 BER: 0.0002222222
2022-04-11 19:13:39,577 auto_trainer.py INFO 205: Time for one full iteration is 2.3703 minutes
2022-04-11 19:15:56,175 auto_trainer.py INFO 204: [39/100] At ENC SNR 0.000000 dB DEC SNR -2.000000 dB, Loss: 0.0078418935 BER: 0.0000444444
2022-04-11 19:15:56,175 auto_trainer.py INFO 205: Time for one full iteration is 2.2766 minutes
2022-04-11 19:18:08,797 auto_trainer.py INFO 204: [40/100] At ENC SNR 0.000000 dB DEC SNR -2.000000 dB, Loss: 0.0078460537 BER: 0.0002666667
2022-04-11 19:18:08,798 auto_trainer.py INFO 205: Time for one full iteration is 2.2104 minutes
2022-04-11 19:20:21,192 auto_trainer.py INFO 204: [41/100] At ENC SNR 0.000000 dB DEC SNR -2.000000 dB, Loss: 0.0078433286 BER: 0.0000888889
2022-04-11 19:20:21,193 auto_trainer.py INFO 205: Time for one full iteration is 2.2066 minutes
2022-04-11 19:22:34,358 auto_trainer.py INFO 204: [42/100] At ENC SNR 0.000000 dB DEC SNR -2.000000 dB, Loss: 0.0078488952 BER: 0.0003111111
2022-04-11 19:22:34,358 auto_trainer.py INFO 205: Time for one full iteration is 2.2159 minutes
2022-04-11 19:24:47,405 auto_trainer.py INFO 204: [43/100] At ENC SNR 0.000000 dB DEC SNR -2.000000 dB, Loss: 0.0078439424 BER: 0.0000888889
2022-04-11 19:24:47,406 auto_trainer.py INFO 205: Time for one full iteration is 2.2175 minutes
2022-04-11 19:27:00,424 auto_trainer.py INFO 204: [44/100] At ENC SNR 0.000000 dB DEC SNR -2.000000 dB, Loss: 0.0078489427 BER: 0.0003555556
2022-04-11 19:27:00,425 auto_trainer.py INFO 205: Time for one full iteration is 2.2170 minutes
2022-04-11 19:29:13,459 auto_trainer.py INFO 204: [45/100] At ENC SNR 0.000000 dB DEC SNR -2.000000 dB, Loss: 0.0078445189 BER: 0.0001777778
2022-04-11 19:29:13,460 auto_trainer.py INFO 205: Time for one full iteration is 2.2172 minutes
2022-04-11 19:31:26,330 auto_trainer.py INFO 204: [46/100] At ENC SNR 0.000000 dB DEC SNR -2.000000 dB, Loss: 0.0078433231 BER: 0.0000888889
2022-04-11 19:31:26,330 auto_trainer.py INFO 205: Time for one full iteration is 2.2145 minutes
2022-04-11 19:33:39,097 auto_trainer.py INFO 204: [47/100] At ENC SNR 0.000000 dB DEC SNR -2.000000 dB, Loss: 0.0078436928 BER: 0.0002666667
2022-04-11 19:33:39,097 auto_trainer.py INFO 205: Time for one full iteration is 2.2128 minutes
2022-04-11 19:35:51,955 auto_trainer.py INFO 204: [48/100] At ENC SNR 0.000000 dB DEC SNR -2.000000 dB, Loss: 0.0078578470 BER: 0.0007111111
2022-04-11 19:35:51,955 auto_trainer.py INFO 205: Time for one full iteration is 2.2143 minutes
2022-04-11 19:38:04,728 auto_trainer.py INFO 204: [49/100] At ENC SNR 0.000000 dB DEC SNR -2.000000 dB, Loss: 0.0078433622 BER: 0.0001333333
2022-04-11 19:38:04,729 auto_trainer.py INFO 205: Time for one full iteration is 2.2129 minutes
2022-04-11 19:40:17,000 auto_trainer.py INFO 204: [50/100] At ENC SNR 0.000000 dB DEC SNR -2.000000 dB, Loss: 0.0078420015 BER: 0.0000888889
2022-04-11 19:40:17,000 auto_trainer.py INFO 205: Time for one full iteration is 2.2045 minutes
2022-04-11 19:42:29,453 auto_trainer.py INFO 204: [51/100] At ENC SNR 0.000000 dB DEC SNR -2.000000 dB, Loss: 0.0078439629 BER: 0.0001333333
2022-04-11 19:42:29,454 auto_trainer.py INFO 205: Time for one full iteration is 2.2076 minutes
2022-04-11 19:44:42,304 auto_trainer.py INFO 204: [52/100] At ENC SNR 0.000000 dB DEC SNR -2.000000 dB, Loss: 0.0078475541 BER: 0.0003555556
2022-04-11 19:44:42,304 auto_trainer.py INFO 205: Time for one full iteration is 2.2096 minutes
2022-04-11 19:46:55,227 auto_trainer.py INFO 204: [53/100] At ENC SNR 0.000000 dB DEC SNR -2.000000 dB, Loss: 0.0078428620 BER: 0.0000888889
2022-04-11 19:46:55,227 auto_trainer.py INFO 205: Time for one full iteration is 2.2154 minutes
2022-04-11 19:49:07,631 auto_trainer.py INFO 204: [54/100] At ENC SNR 0.000000 dB DEC SNR -2.000000 dB, Loss: 0.0078415079 BER: 0.0000444444
2022-04-11 19:49:07,631 auto_trainer.py INFO 205: Time for one full iteration is 2.2067 minutes
2022-04-11 19:51:19,891 auto_trainer.py INFO 204: [55/100] At ENC SNR 0.000000 dB DEC SNR -2.000000 dB, Loss: 0.0078461943 BER: 0.0002666667
2022-04-11 19:51:19,892 auto_trainer.py INFO 205: Time for one full iteration is 2.2043 minutes
2022-04-11 19:53:32,353 auto_trainer.py INFO 204: [56/100] At ENC SNR 0.000000 dB DEC SNR -2.000000 dB, Loss: 0.0078443922 BER: 0.0001777778
2022-04-11 19:53:32,353 auto_trainer.py INFO 205: Time for one full iteration is 2.2077 minutes
2022-04-11 19:55:44,137 auto_trainer.py INFO 204: [57/100] At ENC SNR 0.000000 dB DEC SNR -2.000000 dB, Loss: 0.0078452844 BER: 0.0002222222
2022-04-11 19:55:44,137 auto_trainer.py INFO 205: Time for one full iteration is 2.1964 minutes
2022-04-11 19:57:56,760 auto_trainer.py INFO 204: [58/100] At ENC SNR 0.000000 dB DEC SNR -2.000000 dB, Loss: 0.0078485906 BER: 0.0003555556
2022-04-11 19:57:56,761 auto_trainer.py INFO 205: Time for one full iteration is 2.2104 minutes
2022-04-11 20:00:09,518 auto_trainer.py INFO 204: [59/100] At ENC SNR 0.000000 dB DEC SNR -2.000000 dB, Loss: 0.0078465603 BER: 0.0002666667
2022-04-11 20:00:09,519 auto_trainer.py INFO 205: Time for one full iteration is 2.2126 minutes
2022-04-11 20:02:22,368 auto_trainer.py INFO 204: [60/100] At ENC SNR 0.000000 dB DEC SNR -2.000000 dB, Loss: 0.0078544943 BER: 0.0006222222
2022-04-11 20:02:22,368 auto_trainer.py INFO 205: Time for one full iteration is 2.2142 minutes
2022-04-11 20:04:35,118 auto_trainer.py INFO 204: [61/100] At ENC SNR 0.000000 dB DEC SNR -2.000000 dB, Loss: 0.0078465827 BER: 0.0002666667
2022-04-11 20:04:35,118 auto_trainer.py INFO 205: Time for one full iteration is 2.2125 minutes
2022-04-11 20:06:47,999 auto_trainer.py INFO 204: [62/100] At ENC SNR 0.000000 dB DEC SNR -2.000000 dB, Loss: 0.0078437096 BER: 0.0000888889
2022-04-11 20:06:48,000 auto_trainer.py INFO 205: Time for one full iteration is 2.2110 minutes
2022-04-11 20:09:00,742 auto_trainer.py INFO 204: [63/100] At ENC SNR 0.000000 dB DEC SNR -2.000000 dB, Loss: 0.0078495815 BER: 0.0004888889
2022-04-11 20:09:00,743 auto_trainer.py INFO 205: Time for one full iteration is 2.2124 minutes
2022-04-11 20:11:14,251 auto_trainer.py INFO 204: [64/100] At ENC SNR 0.000000 dB DEC SNR -2.000000 dB, Loss: 0.0078477301 BER: 0.0002666667
2022-04-11 20:11:14,252 auto_trainer.py INFO 205: Time for one full iteration is 2.2251 minutes
2022-04-11 20:13:27,301 auto_trainer.py INFO 204: [65/100] At ENC SNR 0.000000 dB DEC SNR -2.000000 dB, Loss: 0.0078415340 BER: 0.0000888889
2022-04-11 20:13:27,302 auto_trainer.py INFO 205: Time for one full iteration is 2.2175 minutes
2022-04-11 20:15:40,647 auto_trainer.py INFO 204: [66/100] At ENC SNR 0.000000 dB DEC SNR -2.000000 dB, Loss: 0.0078426637 BER: 0.0000444444
2022-04-11 20:15:40,648 auto_trainer.py INFO 205: Time for one full iteration is 2.2224 minutes
2022-04-11 20:17:54,597 auto_trainer.py INFO 204: [67/100] At ENC SNR 0.000000 dB DEC SNR -2.000000 dB, Loss: 0.0078507271 BER: 0.0004444444
2022-04-11 20:17:54,598 auto_trainer.py INFO 205: Time for one full iteration is 2.2325 minutes
2022-04-11 20:20:08,373 auto_trainer.py INFO 204: [68/100] At ENC SNR 0.000000 dB DEC SNR -2.000000 dB, Loss: 0.0078456001 BER: 0.0001333333
2022-04-11 20:20:08,374 auto_trainer.py INFO 205: Time for one full iteration is 2.2296 minutes
2022-04-11 20:22:21,813 auto_trainer.py INFO 204: [69/100] At ENC SNR 0.000000 dB DEC SNR -2.000000 dB, Loss: 0.0078465547 BER: 0.0002666667
2022-04-11 20:22:21,814 auto_trainer.py INFO 205: Time for one full iteration is 2.2240 minutes
2022-04-11 20:24:35,152 auto_trainer.py INFO 204: [70/100] At ENC SNR 0.000000 dB DEC SNR -2.000000 dB, Loss: 0.0078431433 BER: 0.0000444444
2022-04-11 20:24:35,152 auto_trainer.py INFO 205: Time for one full iteration is 2.2223 minutes
2022-04-11 20:26:48,494 auto_trainer.py INFO 204: [71/100] At ENC SNR 0.000000 dB DEC SNR -2.000000 dB, Loss: 0.0078417258 BER: 0.0000444444
2022-04-11 20:26:48,495 auto_trainer.py INFO 205: Time for one full iteration is 2.2224 minutes
2022-04-11 20:29:02,003 auto_trainer.py INFO 204: [72/100] At ENC SNR 0.000000 dB DEC SNR -2.000000 dB, Loss: 0.0078433184 BER: 0.0000888889
2022-04-11 20:29:02,003 auto_trainer.py INFO 205: Time for one full iteration is 2.2214 minutes
2022-04-11 20:31:15,688 auto_trainer.py INFO 204: [73/100] At ENC SNR 0.000000 dB DEC SNR -2.000000 dB, Loss: 0.0078440597 BER: 0.0000444444
2022-04-11 20:31:15,689 auto_trainer.py INFO 205: Time for one full iteration is 2.2281 minutes
2022-04-11 20:33:29,124 auto_trainer.py INFO 204: [74/100] At ENC SNR 0.000000 dB DEC SNR -2.000000 dB, Loss: 0.0078453561 BER: 0.0002222222
2022-04-11 20:33:29,125 auto_trainer.py INFO 205: Time for one full iteration is 2.2239 minutes
2022-04-11 20:35:42,439 auto_trainer.py INFO 204: [75/100] At ENC SNR 0.000000 dB DEC SNR -2.000000 dB, Loss: 0.0078494959 BER: 0.0003111111
2022-04-11 20:35:42,440 auto_trainer.py INFO 205: Time for one full iteration is 2.2219 minutes
2022-04-11 20:38:07,038 auto_trainer.py INFO 204: [76/100] At ENC SNR 0.000000 dB DEC SNR -2.000000 dB, Loss: 0.0078488551 BER: 0.0003555556
2022-04-11 20:38:07,038 auto_trainer.py INFO 205: Time for one full iteration is 2.4100 minutes
2022-04-11 20:40:33,324 auto_trainer.py INFO 204: [77/100] At ENC SNR 0.000000 dB DEC SNR -2.000000 dB, Loss: 0.0078479210 BER: 0.0003111111
2022-04-11 20:40:33,325 auto_trainer.py INFO 205: Time for one full iteration is 2.4381 minutes
2022-04-11 20:43:01,579 auto_trainer.py INFO 204: [78/100] At ENC SNR 0.000000 dB DEC SNR -2.000000 dB, Loss: 0.0078412537 BER: 0.0000888889
2022-04-11 20:43:01,579 auto_trainer.py INFO 205: Time for one full iteration is 2.4709 minutes
2022-04-11 20:45:31,437 auto_trainer.py INFO 204: [79/100] At ENC SNR 0.000000 dB DEC SNR -2.000000 dB, Loss: 0.0078479620 BER: 0.0003111111
2022-04-11 20:45:31,438 auto_trainer.py INFO 205: Time for one full iteration is 2.4976 minutes
2022-04-11 20:47:58,369 auto_trainer.py INFO 204: [80/100] At ENC SNR 0.000000 dB DEC SNR -2.000000 dB, Loss: 0.0078495163 BER: 0.0003111111
2022-04-11 20:47:58,369 auto_trainer.py INFO 205: Time for one full iteration is 2.4489 minutes
2022-04-11 20:50:20,464 auto_trainer.py INFO 204: [81/100] At ENC SNR 0.000000 dB DEC SNR -2.000000 dB, Loss: 0.0078420928 BER: 0.0000444444
2022-04-11 20:50:20,465 auto_trainer.py INFO 205: Time for one full iteration is 2.3683 minutes
2022-04-11 20:52:41,956 auto_trainer.py INFO 204: [82/100] At ENC SNR 0.000000 dB DEC SNR -2.000000 dB, Loss: 0.0078413738 BER: 0.0000000000
2022-04-11 20:52:41,957 auto_trainer.py INFO 205: Time for one full iteration is 2.3543 minutes
2022-04-11 20:54:56,321 auto_trainer.py INFO 204: [83/100] At ENC SNR 0.000000 dB DEC SNR -2.000000 dB, Loss: 0.0078421263 BER: 0.0000444444
2022-04-11 20:54:56,322 auto_trainer.py INFO 205: Time for one full iteration is 2.2394 minutes
2022-04-11 20:57:08,528 auto_trainer.py INFO 204: [84/100] At ENC SNR 0.000000 dB DEC SNR -2.000000 dB, Loss: 0.0078440085 BER: 0.0000888889
2022-04-11 20:57:08,529 auto_trainer.py INFO 205: Time for one full iteration is 2.2034 minutes
2022-04-11 20:59:20,713 auto_trainer.py INFO 204: [85/100] At ENC SNR 0.000000 dB DEC SNR -2.000000 dB, Loss: 0.0078535061 BER: 0.0005333333
2022-04-11 20:59:20,714 auto_trainer.py INFO 205: Time for one full iteration is 2.2031 minutes
2022-04-11 21:01:32,932 auto_trainer.py INFO 204: [86/100] At ENC SNR 0.000000 dB DEC SNR -2.000000 dB, Loss: 0.0078417053 BER: 0.0000000000
2022-04-11 21:01:32,932 auto_trainer.py INFO 205: Time for one full iteration is 2.2036 minutes
2022-04-11 21:03:45,199 auto_trainer.py INFO 204: [87/100] At ENC SNR 0.000000 dB DEC SNR -2.000000 dB, Loss: 0.0078421049 BER: 0.0000888889
2022-04-11 21:03:45,200 auto_trainer.py INFO 205: Time for one full iteration is 2.2045 minutes
2022-04-11 21:05:57,423 auto_trainer.py INFO 204: [88/100] At ENC SNR 0.000000 dB DEC SNR -2.000000 dB, Loss: 0.0078455787 BER: 0.0002666667
2022-04-11 21:05:57,424 auto_trainer.py INFO 205: Time for one full iteration is 2.2037 minutes
2022-04-11 21:08:09,700 auto_trainer.py INFO 204: [89/100] At ENC SNR 0.000000 dB DEC SNR -2.000000 dB, Loss: 0.0078435326 BER: 0.0000888889
2022-04-11 21:08:09,701 auto_trainer.py INFO 205: Time for one full iteration is 2.2046 minutes
2022-04-11 21:10:21,954 auto_trainer.py INFO 204: [90/100] At ENC SNR 0.000000 dB DEC SNR -2.000000 dB, Loss: 0.0078400671 BER: 0.0000444444
2022-04-11 21:10:21,955 auto_trainer.py INFO 205: Time for one full iteration is 2.2042 minutes
2022-04-11 21:12:34,195 auto_trainer.py INFO 204: [91/100] At ENC SNR 0.000000 dB DEC SNR -2.000000 dB, Loss: 0.0078441370 BER: 0.0000888889
2022-04-11 21:12:34,196 auto_trainer.py INFO 205: Time for one full iteration is 2.2040 minutes
2022-04-11 21:14:46,892 auto_trainer.py INFO 204: [92/100] At ENC SNR 0.000000 dB DEC SNR -2.000000 dB, Loss: 0.0078405766 BER: 0.0000000000
2022-04-11 21:14:46,893 auto_trainer.py INFO 205: Time for one full iteration is 2.2082 minutes
2022-04-11 21:16:59,571 auto_trainer.py INFO 204: [93/100] At ENC SNR 0.000000 dB DEC SNR -2.000000 dB, Loss: 0.0078439871 BER: 0.0001333333
2022-04-11 21:16:59,572 auto_trainer.py INFO 205: Time for one full iteration is 2.2113 minutes
2022-04-11 21:19:12,227 auto_trainer.py INFO 204: [94/100] At ENC SNR 0.000000 dB DEC SNR -2.000000 dB, Loss: 0.0078467270 BER: 0.0003111111
2022-04-11 21:19:12,228 auto_trainer.py INFO 205: Time for one full iteration is 2.2109 minutes
2022-04-11 21:21:24,852 auto_trainer.py INFO 204: [95/100] At ENC SNR 0.000000 dB DEC SNR -2.000000 dB, Loss: 0.0078427456 BER: 0.0001333333
2022-04-11 21:21:24,853 auto_trainer.py INFO 205: Time for one full iteration is 2.2104 minutes
2022-04-11 21:23:37,467 auto_trainer.py INFO 204: [96/100] At ENC SNR 0.000000 dB DEC SNR -2.000000 dB, Loss: 0.0078405831 BER: 0.0000000000
2022-04-11 21:23:37,468 auto_trainer.py INFO 205: Time for one full iteration is 2.2102 minutes
2022-04-11 21:25:50,140 auto_trainer.py INFO 204: [97/100] At ENC SNR 0.000000 dB DEC SNR -2.000000 dB, Loss: 0.0078421226 BER: 0.0000444444
2022-04-11 21:25:50,140 auto_trainer.py INFO 205: Time for one full iteration is 2.2112 minutes
2022-04-11 21:28:02,591 auto_trainer.py INFO 204: [98/100] At ENC SNR 0.000000 dB DEC SNR -2.000000 dB, Loss: 0.0078444816 BER: 0.0000888889
2022-04-11 21:28:02,592 auto_trainer.py INFO 205: Time for one full iteration is 2.2075 minutes
2022-04-11 21:30:14,846 auto_trainer.py INFO 204: [99/100] At ENC SNR 0.000000 dB DEC SNR -2.000000 dB, Loss: 0.0078432243 BER: 0.0001333333
2022-04-11 21:30:14,847 auto_trainer.py INFO 205: Time for one full iteration is 2.2042 minutes
2022-04-11 21:32:27,081 auto_trainer.py INFO 204: [100/100] At ENC SNR 0.000000 dB DEC SNR -2.000000 dB, Loss: 0.0078441901 BER: 0.0001333333
2022-04-11 21:32:27,081 auto_trainer.py INFO 205: Time for one full iteration is 2.2039 minutes
2022-04-11 21:32:27,081 auto_trainer.py WARNING 232: Finished
