2022-04-11 16:27:38,564 auto_trainer.py INFO 87: train_conf_name : c_n4_r1_m3
2022-04-11 16:27:38,564 auto_trainer.py INFO 88: Device : cuda
2022-04-11 16:27:38,565 auto_trainer.py INFO 89: conf file
2022-04-11 16:27:38,565 auto_trainer.py INFO 90: {'para': {'train_batch_size': 100000, 'train_small_batch_size': 2500, 'test_size': 10000, 'full_iterations': 100, 'enc_train_iters': 5, 'dec_train_iters': 25, 'hidden_size': 32, 'lr': 1e-05, 'seed': 1, 'n': 4, 'r': 1, 'm': 3, 'code_length': 64, 'code_dimension': 10, 'enc_train_snr': 0, 'dec_train_snr': -2, 'data_type': 'n4_r1_m3', 'logger_name': 'C_n4_r1_m3_train', 'CUDA_VISIBLE_DEVICES': '1', 'train_save_path_dir': './save/{}/C_{}', 'train_save_path_encoder': './save/{}/C_{}/enc_{}.pth', 'train_save_path_decoder': './save/{}/C_{}/dec_{}.pth', 'retrain': False, 'retrain_day': 'Jan-05-2022', 'retrain_epoch_num': 21}, 'test': {'snr_list': '-10,-9,-8,-7,-6,-5,-4,-3,-2,-1,0', 'Boosting_number_list': '1,2,3', 'day': 'Apr-11-2022', 'epoch_num': 1, 'logger_name': 'C_n4_r1_m3_test', 'test_model_path_encoder': './save/{}/C_{}/enc_{}.pth', 'test_model_path_decoder': './save/{}/C_{}/dec_{}.pth'}}
2022-04-11 16:27:38,565 auto_trainer.py INFO 91: We are on!!!
2022-04-11 16:46:58,192 auto_trainer.py INFO 204: [1/100] At ENC SNR 0.000000 dB DEC SNR -2.000000 dB, Loss: 0.0081446217 BER: 0.0087599996
2022-04-11 16:46:58,193 auto_trainer.py INFO 205: Time for one full iteration is 19.2771 minutes
2022-04-11 16:48:23,080 auto_trainer.py WARNING 229: Graceful Exit
2022-04-11 17:16:19,442 auto_trainer.py INFO 87: train_conf_name : c_n4_r1_m3
2022-04-11 17:16:19,442 auto_trainer.py INFO 88: Device : cuda
2022-04-11 17:16:19,447 auto_trainer.py INFO 89: conf file
2022-04-11 17:16:19,447 auto_trainer.py INFO 90: {'para': {'train_batch_size': 100000, 'train_small_batch_size': 2500, 'test_size': 10000, 'full_iterations': 100, 'enc_train_iters': 5, 'dec_train_iters': 25, 'hidden_size': 32, 'lr': 1e-05, 'seed': 1, 'n': 4, 'r': 1, 'm': 3, 'code_length': 64, 'code_dimension': 10, 'enc_train_snr': 0, 'dec_train_snr': -2, 'data_type': 'n4_r1_m3', 'logger_name': 'C_n4_r1_m3_train', 'CUDA_VISIBLE_DEVICES': '1', 'train_save_path_dir': './save/{}/C_{}', 'train_save_path_encoder': './save/{}/C_{}/enc_{}.pth', 'train_save_path_decoder': './save/{}/C_{}/dec_{}.pth', 'retrain': False, 'retrain_day': 'Jan-05-2022', 'retrain_epoch_num': 21}, 'test': {'snr_list': '-10,-9,-8,-7,-6,-5,-4,-3,-2,-1,0', 'Boosting_number_list': '1,2,3', 'day': 'Apr-11-2022', 'epoch_num': 1, 'logger_name': 'C_n4_r1_m3_test', 'test_model_path_encoder': './save/{}/C_{}/enc_{}.pth', 'test_model_path_decoder': './save/{}/C_{}/dec_{}.pth'}}
2022-04-11 17:16:19,447 auto_trainer.py INFO 91: We are on!!!
2022-04-11 17:18:23,429 auto_trainer.py INFO 204: [1/100] At ENC SNR 0.000000 dB DEC SNR -2.000000 dB, Loss: 0.0088704964 BER: 0.0201199986
2022-04-11 17:18:23,429 auto_trainer.py INFO 205: Time for one full iteration is 2.0318 minutes
2022-04-11 17:18:27,218 auto_trainer.py WARNING 229: Graceful Exit
2022-04-11 17:20:16,767 auto_trainer.py INFO 87: train_conf_name : c_n4_r1_m3
2022-04-11 17:20:16,767 auto_trainer.py INFO 88: Device : cuda
2022-04-11 17:20:16,767 auto_trainer.py INFO 89: conf file
2022-04-11 17:20:16,767 auto_trainer.py INFO 90: {'para': {'train_batch_size': 100000, 'train_small_batch_size': 2500, 'test_size': 10000, 'full_iterations': 100, 'enc_train_iters': 5, 'dec_train_iters': 25, 'hidden_size': 32, 'lr': 1e-05, 'seed': 1, 'n': 4, 'r': 1, 'm': 3, 'code_length': 64, 'code_dimension': 10, 'enc_train_snr': 0, 'dec_train_snr': -2, 'data_type': 'n4_r1_m3', 'logger_name': 'C_n4_r1_m3_train', 'CUDA_VISIBLE_DEVICES': '1', 'train_save_path_dir': './save/{}/C_{}', 'train_save_path_encoder': './save/{}/C_{}/enc_{}.pth', 'train_save_path_decoder': './save/{}/C_{}/dec_{}.pth', 'retrain': False, 'retrain_day': 'Jan-05-2022', 'retrain_epoch_num': 21}, 'test': {'snr_list': '-10,-9,-8,-7,-6,-5,-4,-3,-2,-1,0', 'Boosting_number_list': '1,2,3', 'day': 'Apr-11-2022', 'epoch_num': 1, 'logger_name': 'C_n4_r1_m3_test', 'test_model_path_encoder': './save/{}/C_{}/enc_{}.pth', 'test_model_path_decoder': './save/{}/C_{}/dec_{}.pth'}}
2022-04-11 17:20:16,768 auto_trainer.py INFO 91: We are on!!!
2022-04-11 17:22:18,882 auto_trainer.py INFO 204: [1/100] At ENC SNR 0.000000 dB DEC SNR -2.000000 dB, Loss: 0.0080417031 BER: 0.0049600000
2022-04-11 17:22:18,882 auto_trainer.py INFO 205: Time for one full iteration is 2.0029 minutes
2022-04-11 17:22:21,573 auto_trainer.py WARNING 229: Graceful Exit
2022-04-11 17:24:42,373 auto_trainer.py INFO 87: train_conf_name : c_n4_r1_m3
2022-04-11 17:24:42,373 auto_trainer.py INFO 88: Device : cuda
2022-04-11 17:24:42,374 auto_trainer.py INFO 89: conf file
2022-04-11 17:24:42,374 auto_trainer.py INFO 90: {'para': {'train_batch_size': 100000, 'train_small_batch_size': 2500, 'test_size': 10000, 'full_iterations': 100, 'enc_train_iters': 5, 'dec_train_iters': 25, 'hidden_size': 32, 'lr': 1e-05, 'seed': 1, 'n': 4, 'r': 1, 'm': 3, 'code_length': 64, 'code_dimension': 10, 'enc_train_snr': 0, 'dec_train_snr': -2, 'data_type': 'n4_r1_m3', 'logger_name': 'C_n4_r1_m3_train', 'CUDA_VISIBLE_DEVICES': '1', 'train_save_path_dir': './save/{}/C_{}', 'train_save_path_encoder': './save/{}/C_{}/enc_{}.pth', 'train_save_path_decoder': './save/{}/C_{}/dec_{}.pth', 'retrain': False, 'retrain_day': 'Jan-05-2022', 'retrain_epoch_num': 21}, 'test': {'snr_list': '-10,-9,-8,-7,-6,-5,-4,-3,-2,-1,0', 'Boosting_number_list': '1,2,3', 'day': 'Apr-11-2022', 'epoch_num': 1, 'logger_name': 'C_n4_r1_m3_test', 'test_model_path_encoder': './save/{}/C_{}/enc_{}.pth', 'test_model_path_decoder': './save/{}/C_{}/dec_{}.pth'}}
2022-04-11 17:24:42,374 auto_trainer.py INFO 91: We are on!!!
2022-04-11 17:25:09,039 auto_trainer.py INFO 87: train_conf_name : c_n4_r1_m3
2022-04-11 17:25:09,039 auto_trainer.py INFO 88: Device : cuda
2022-04-11 17:25:09,039 auto_trainer.py INFO 89: conf file
2022-04-11 17:25:09,039 auto_trainer.py INFO 90: {'para': {'train_batch_size': 100000, 'train_small_batch_size': 2500, 'test_size': 10000, 'full_iterations': 100, 'enc_train_iters': 5, 'dec_train_iters': 25, 'hidden_size': 32, 'lr': 1e-05, 'seed': 1, 'n': 4, 'r': 1, 'm': 3, 'code_length': 64, 'code_dimension': 10, 'enc_train_snr': 0, 'dec_train_snr': -2, 'data_type': 'n4_r1_m3', 'logger_name': 'C_n4_r1_m3_train', 'CUDA_VISIBLE_DEVICES': '1', 'train_save_path_dir': './save/{}/C_{}', 'train_save_path_encoder': './save/{}/C_{}/enc_{}.pth', 'train_save_path_decoder': './save/{}/C_{}/dec_{}.pth', 'retrain': False, 'retrain_day': 'Jan-05-2022', 'retrain_epoch_num': 21}, 'test': {'snr_list': '-10,-9,-8,-7,-6,-5,-4,-3,-2,-1,0', 'Boosting_number_list': '1,2,3', 'day': 'Apr-11-2022', 'epoch_num': 1, 'logger_name': 'C_n4_r1_m3_test', 'test_model_path_encoder': './save/{}/C_{}/enc_{}.pth', 'test_model_path_decoder': './save/{}/C_{}/dec_{}.pth'}}
2022-04-11 17:25:09,040 auto_trainer.py INFO 91: We are on!!!
2022-04-11 17:27:05,349 auto_trainer.py INFO 204: [1/100] At ENC SNR 0.000000 dB DEC SNR -2.000000 dB, Loss: 0.0083999280 BER: 0.0193200000
2022-04-11 17:27:05,350 auto_trainer.py INFO 205: Time for one full iteration is 1.9066 minutes
2022-04-11 17:27:11,911 auto_trainer.py WARNING 229: Graceful Exit
